12/17 10:44:08 PM | TRAINING: Epoch: 1, Batch: 0/1743, Loss: 0.707, perc_uncertainty: 0.792, nOnes_target: 19816, nOnes_pred: 36760, TPR[ HumanFC: 0.494 ], TNR[ HumanFC: 0.500 ], roc[ HumanFC: 0.494 ], accuracy[ HumanFC: 0.498 ]
12/17 10:44:49 PM | TRAINING: Epoch: 1, Batch: 50/1743, Loss: 0.402, perc_uncertainty: 0.085, nOnes_target: 18119, nOnes_pred: 12140, TPR[ HumanFC: 0.486 ], TNR[ HumanFC: 0.940 ], roc[ HumanFC: 0.794 ], accuracy[ HumanFC: 0.848 ]
12/17 10:45:31 PM | TRAINING: Epoch: 1, Batch: 100/1743, Loss: 0.397, perc_uncertainty: 0.118, nOnes_target: 18345, nOnes_pred: 14199, TPR[ HumanFC: 0.536 ], TNR[ HumanFC: 0.921 ], roc[ HumanFC: 0.810 ], accuracy[ HumanFC: 0.836 ]
12/17 10:46:13 PM | TRAINING: Epoch: 1, Batch: 150/1743, Loss: 0.428, perc_uncertainty: 0.072, nOnes_target: 17783, nOnes_pred: 11847, TPR[ HumanFC: 0.450 ], TNR[ HumanFC: 0.931 ], roc[ HumanFC: 0.753 ], accuracy[ HumanFC: 0.820 ]
12/17 10:46:56 PM | TRAINING: Epoch: 1, Batch: 200/1743, Loss: 0.398, perc_uncertainty: 0.080, nOnes_target: 19036, nOnes_pred: 12221, TPR[ HumanFC: 0.491 ], TNR[ HumanFC: 0.947 ], roc[ HumanFC: 0.815 ], accuracy[ HumanFC: 0.848 ]
12/17 10:47:38 PM | TRAINING: Epoch: 1, Batch: 250/1743, Loss: 0.377, perc_uncertainty: 0.091, nOnes_target: 17285, nOnes_pred: 11949, TPR[ HumanFC: 0.499 ], TNR[ HumanFC: 0.941 ], roc[ HumanFC: 0.830 ], accuracy[ HumanFC: 0.844 ]
12/17 10:48:20 PM | TRAINING: Epoch: 1, Batch: 300/1743, Loss: 0.381, perc_uncertainty: 0.082, nOnes_target: 19598, nOnes_pred: 14374, TPR[ HumanFC: 0.544 ], TNR[ HumanFC: 0.932 ], roc[ HumanFC: 0.855 ], accuracy[ HumanFC: 0.828 ]
12/17 10:49:02 PM | TRAINING: Epoch: 1, Batch: 350/1743, Loss: 0.413, perc_uncertainty: 0.071, nOnes_target: 18498, nOnes_pred: 12584, TPR[ HumanFC: 0.484 ], TNR[ HumanFC: 0.934 ], roc[ HumanFC: 0.794 ], accuracy[ HumanFC: 0.824 ]
12/17 10:49:44 PM | TRAINING: Epoch: 1, Batch: 400/1743, Loss: 0.378, perc_uncertainty: 0.077, nOnes_target: 19640, nOnes_pred: 12834, TPR[ HumanFC: 0.528 ], TNR[ HumanFC: 0.955 ], roc[ HumanFC: 0.843 ], accuracy[ HumanFC: 0.857 ]
12/17 10:50:26 PM | TRAINING: Epoch: 1, Batch: 450/1743, Loss: 0.423, perc_uncertainty: 0.089, nOnes_target: 19808, nOnes_pred: 15538, TPR[ HumanFC: 0.533 ], TNR[ HumanFC: 0.908 ], roc[ HumanFC: 0.794 ], accuracy[ HumanFC: 0.812 ]
12/17 10:51:09 PM | TRAINING: Epoch: 1, Batch: 500/1743, Loss: 0.392, perc_uncertainty: 0.091, nOnes_target: 17807, nOnes_pred: 13878, TPR[ HumanFC: 0.533 ], TNR[ HumanFC: 0.922 ], roc[ HumanFC: 0.822 ], accuracy[ HumanFC: 0.830 ]
12/17 10:51:51 PM | TRAINING: Epoch: 1, Batch: 550/1743, Loss: 0.380, perc_uncertainty: 0.100, nOnes_target: 17709, nOnes_pred: 11485, TPR[ HumanFC: 0.497 ], TNR[ HumanFC: 0.952 ], roc[ HumanFC: 0.822 ], accuracy[ HumanFC: 0.852 ]
12/17 10:52:33 PM | TRAINING: Epoch: 1, Batch: 600/1743, Loss: 0.380, perc_uncertainty: 0.073, nOnes_target: 17757, nOnes_pred: 13426, TPR[ HumanFC: 0.549 ], TNR[ HumanFC: 0.934 ], roc[ HumanFC: 0.824 ], accuracy[ HumanFC: 0.855 ]
12/17 10:53:14 PM | TRAINING: Epoch: 1, Batch: 650/1743, Loss: 0.385, perc_uncertainty: 0.084, nOnes_target: 21235, nOnes_pred: 13453, TPR[ HumanFC: 0.526 ], TNR[ HumanFC: 0.957 ], roc[ HumanFC: 0.856 ], accuracy[ HumanFC: 0.844 ]
12/17 10:53:56 PM | TRAINING: Epoch: 1, Batch: 700/1743, Loss: 0.371, perc_uncertainty: 0.075, nOnes_target: 17094, nOnes_pred: 11576, TPR[ HumanFC: 0.488 ], TNR[ HumanFC: 0.943 ], roc[ HumanFC: 0.835 ], accuracy[ HumanFC: 0.848 ]
12/17 10:54:39 PM | TRAINING: Epoch: 1, Batch: 750/1743, Loss: 0.355, perc_uncertainty: 0.076, nOnes_target: 17837, nOnes_pred: 14923, TPR[ HumanFC: 0.597 ], TNR[ HumanFC: 0.923 ], roc[ HumanFC: 0.864 ], accuracy[ HumanFC: 0.855 ]
12/17 10:55:21 PM | TRAINING: Epoch: 1, Batch: 800/1743, Loss: 0.381, perc_uncertainty: 0.079, nOnes_target: 19666, nOnes_pred: 15127, TPR[ HumanFC: 0.579 ], TNR[ HumanFC: 0.931 ], roc[ HumanFC: 0.824 ], accuracy[ HumanFC: 0.844 ]
12/17 10:56:03 PM | TRAINING: Epoch: 1, Batch: 850/1743, Loss: 0.395, perc_uncertainty: 0.090, nOnes_target: 20425, nOnes_pred: 16713, TPR[ HumanFC: 0.600 ], TNR[ HumanFC: 0.916 ], roc[ HumanFC: 0.832 ], accuracy[ HumanFC: 0.832 ]
12/17 10:56:45 PM | TRAINING: Epoch: 1, Batch: 900/1743, Loss: 0.435, perc_uncertainty: 0.148, nOnes_target: 18525, nOnes_pred: 8945, TPR[ HumanFC: 0.341 ], TNR[ HumanFC: 0.953 ], roc[ HumanFC: 0.790 ], accuracy[ HumanFC: 0.801 ]
12/17 10:57:27 PM | TRAINING: Epoch: 1, Batch: 950/1743, Loss: 0.391, perc_uncertainty: 0.084, nOnes_target: 15819, nOnes_pred: 12341, TPR[ HumanFC: 0.511 ], TNR[ HumanFC: 0.926 ], roc[ HumanFC: 0.774 ], accuracy[ HumanFC: 0.840 ]
12/17 10:58:09 PM | TRAINING: Epoch: 1, Batch: 1000/1743, Loss: 0.376, perc_uncertainty: 0.069, nOnes_target: 18206, nOnes_pred: 11201, TPR[ HumanFC: 0.474 ], TNR[ HumanFC: 0.954 ], roc[ HumanFC: 0.860 ], accuracy[ HumanFC: 0.840 ]
12/17 10:58:51 PM | TRAINING: Epoch: 1, Batch: 1050/1743, Loss: 0.362, perc_uncertainty: 0.095, nOnes_target: 18528, nOnes_pred: 14105, TPR[ HumanFC: 0.585 ], TNR[ HumanFC: 0.941 ], roc[ HumanFC: 0.855 ], accuracy[ HumanFC: 0.863 ]
12/17 10:59:33 PM | TRAINING: Epoch: 1, Batch: 1100/1743, Loss: 0.434, perc_uncertainty: 0.079, nOnes_target: 18767, nOnes_pred: 15636, TPR[ HumanFC: 0.523 ], TNR[ HumanFC: 0.894 ], roc[ HumanFC: 0.781 ], accuracy[ HumanFC: 0.801 ]
12/17 11:00:15 PM | TRAINING: Epoch: 1, Batch: 1150/1743, Loss: 0.396, perc_uncertainty: 0.094, nOnes_target: 18100, nOnes_pred: 11595, TPR[ HumanFC: 0.476 ], TNR[ HumanFC: 0.947 ], roc[ HumanFC: 0.806 ], accuracy[ HumanFC: 0.840 ]
12/17 11:00:55 PM | TRAINING: Epoch: 1, Batch: 1200/1743, Loss: 0.409, perc_uncertainty: 0.079, nOnes_target: 19401, nOnes_pred: 14012, TPR[ HumanFC: 0.516 ], TNR[ HumanFC: 0.926 ], roc[ HumanFC: 0.824 ], accuracy[ HumanFC: 0.816 ]
12/17 11:01:31 PM | TRAINING: Epoch: 1, Batch: 1250/1743, Loss: 0.372, perc_uncertainty: 0.082, nOnes_target: 20340, nOnes_pred: 13553, TPR[ HumanFC: 0.542 ], TNR[ HumanFC: 0.953 ], roc[ HumanFC: 0.870 ], accuracy[ HumanFC: 0.852 ]
12/17 11:02:07 PM | TRAINING: Epoch: 1, Batch: 1300/1743, Loss: 0.371, perc_uncertainty: 0.069, nOnes_target: 16593, nOnes_pred: 13721, TPR[ HumanFC: 0.555 ], TNR[ HumanFC: 0.921 ], roc[ HumanFC: 0.833 ], accuracy[ HumanFC: 0.842 ]
12/17 11:02:42 PM | TRAINING: Epoch: 1, Batch: 1350/1743, Loss: 0.380, perc_uncertainty: 0.076, nOnes_target: 14964, nOnes_pred: 12522, TPR[ HumanFC: 0.507 ], TNR[ HumanFC: 0.916 ], roc[ HumanFC: 0.811 ], accuracy[ HumanFC: 0.844 ]
12/17 11:03:24 PM | TRAINING: Epoch: 1, Batch: 1400/1743, Loss: 0.374, perc_uncertainty: 0.077, nOnes_target: 17742, nOnes_pred: 14747, TPR[ HumanFC: 0.572 ], TNR[ HumanFC: 0.918 ], roc[ HumanFC: 0.842 ], accuracy[ HumanFC: 0.840 ]
12/17 11:04:06 PM | TRAINING: Epoch: 1, Batch: 1450/1743, Loss: 0.384, perc_uncertainty: 0.076, nOnes_target: 19732, nOnes_pred: 14138, TPR[ HumanFC: 0.544 ], TNR[ HumanFC: 0.937 ], roc[ HumanFC: 0.835 ], accuracy[ HumanFC: 0.832 ]
12/17 11:04:48 PM | TRAINING: Epoch: 1, Batch: 1500/1743, Loss: 0.392, perc_uncertainty: 0.080, nOnes_target: 19291, nOnes_pred: 13512, TPR[ HumanFC: 0.528 ], TNR[ HumanFC: 0.939 ], roc[ HumanFC: 0.829 ], accuracy[ HumanFC: 0.836 ]
12/17 11:05:30 PM | TRAINING: Epoch: 1, Batch: 1550/1743, Loss: 0.411, perc_uncertainty: 0.083, nOnes_target: 21413, nOnes_pred: 14680, TPR[ HumanFC: 0.529 ], TNR[ HumanFC: 0.936 ], roc[ HumanFC: 0.827 ], accuracy[ HumanFC: 0.824 ]
12/17 11:06:12 PM | TRAINING: Epoch: 1, Batch: 1600/1743, Loss: 0.420, perc_uncertainty: 0.076, nOnes_target: 19644, nOnes_pred: 12783, TPR[ HumanFC: 0.492 ], TNR[ HumanFC: 0.942 ], roc[ HumanFC: 0.809 ], accuracy[ HumanFC: 0.824 ]
12/17 11:06:54 PM | TRAINING: Epoch: 1, Batch: 1650/1743, Loss: 0.436, perc_uncertainty: 0.072, nOnes_target: 21475, nOnes_pred: 13835, TPR[ HumanFC: 0.489 ], TNR[ HumanFC: 0.936 ], roc[ HumanFC: 0.818 ], accuracy[ HumanFC: 0.805 ]
12/17 11:07:36 PM | TRAINING: Epoch: 1, Batch: 1700/1743, Loss: 0.353, perc_uncertainty: 0.086, nOnes_target: 17193, nOnes_pred: 11826, TPR[ HumanFC: 0.521 ], TNR[ HumanFC: 0.949 ], roc[ HumanFC: 0.856 ], accuracy[ HumanFC: 0.869 ]
12/17 11:08:12 PM | TRAINING: Epoch: 1, Batch: 1743/1743, Loss: 0.393, perc_uncertainty: 0.086, nOnes_target: 9171, nOnes_pred: 7196, TPR[ HumanFC: 0.518 ], TNR[ HumanFC: 0.919 ], roc[ HumanFC: 0.799 ], accuracy[ HumanFC: 0.825 ]
12/17 11:08:13 PM | VALIDATION: Epoch: 1, Batch: 0/170, Loss: 0.472, perc_uncertainty: 0.131, nOnes_target: 20287, nOnes_pred: 22381, TPR[ HumanFC: 0.673 ], TNR[ HumanFC: 0.837 ], roc[ HumanFC: 0.812 ], accuracy[ HumanFC: 0.787 ]
12/17 11:08:42 PM | VALIDATION: Epoch: 1, Batch: 50/170, Loss: 0.367, perc_uncertainty: 0.085, nOnes_target: 12684, nOnes_pred: 9672, TPR[ HumanFC: 0.408 ], TNR[ HumanFC: 0.926 ], roc[ HumanFC: 0.733 ], accuracy[ HumanFC: 0.840 ]
12/17 11:09:11 PM | VALIDATION: Epoch: 1, Batch: 100/170, Loss: 0.448, perc_uncertainty: 0.142, nOnes_target: 24010, nOnes_pred: 18758, TPR[ HumanFC: 0.559 ], TNR[ HumanFC: 0.893 ], roc[ HumanFC: 0.816 ], accuracy[ HumanFC: 0.773 ]
12/17 11:09:39 PM | VALIDATION: Epoch: 1, Batch: 150/170, Loss: 0.352, perc_uncertainty: 0.083, nOnes_target: 24015, nOnes_pred: 14378, TPR[ HumanFC: 0.567 ], TNR[ HumanFC: 0.985 ], roc[ HumanFC: 0.929 ], accuracy[ HumanFC: 0.852 ]
12/17 11:09:50 PM | VALIDATION: Epoch: 1, Batch: 170/170, Loss: 0.458, perc_uncertainty: 0.108, nOnes_target: 18710, nOnes_pred: 12781, TPR[ HumanFC: 0.640 ], TNR[ HumanFC: 0.954 ], roc[ HumanFC: 0.899 ], accuracy[ HumanFC: 0.802 ]
12/17 11:09:52 PM | TRAINING: Epoch: 2, Batch: 0/1743, Loss: 0.374, perc_uncertainty: 0.076, nOnes_target: 18596, nOnes_pred: 11924, TPR[ HumanFC: 0.498 ], TNR[ HumanFC: 0.952 ], roc[ HumanFC: 0.834 ], accuracy[ HumanFC: 0.844 ]
12/17 11:10:32 PM | TRAINING: Epoch: 2, Batch: 50/1743, Loss: 0.367, perc_uncertainty: 0.091, nOnes_target: 18539, nOnes_pred: 14831, TPR[ HumanFC: 0.595 ], TNR[ HumanFC: 0.931 ], roc[ HumanFC: 0.858 ], accuracy[ HumanFC: 0.859 ]
12/17 11:11:14 PM | TRAINING: Epoch: 2, Batch: 100/1743, Loss: 0.370, perc_uncertainty: 0.086, nOnes_target: 19827, nOnes_pred: 13112, TPR[ HumanFC: 0.535 ], TNR[ HumanFC: 0.954 ], roc[ HumanFC: 0.860 ], accuracy[ HumanFC: 0.863 ]
12/17 11:11:56 PM | TRAINING: Epoch: 2, Batch: 150/1743, Loss: 0.329, perc_uncertainty: 0.076, nOnes_target: 15640, nOnes_pred: 10789, TPR[ HumanFC: 0.532 ], TNR[ HumanFC: 0.958 ], roc[ HumanFC: 0.854 ], accuracy[ HumanFC: 0.887 ]
12/17 11:12:38 PM | TRAINING: Epoch: 2, Batch: 200/1743, Loss: 0.387, perc_uncertainty: 0.072, nOnes_target: 18087, nOnes_pred: 14241, TPR[ HumanFC: 0.545 ], TNR[ HumanFC: 0.921 ], roc[ HumanFC: 0.819 ], accuracy[ HumanFC: 0.828 ]
12/17 11:13:20 PM | TRAINING: Epoch: 2, Batch: 250/1743, Loss: 0.378, perc_uncertainty: 0.082, nOnes_target: 19052, nOnes_pred: 14407, TPR[ HumanFC: 0.560 ], TNR[ HumanFC: 0.932 ], roc[ HumanFC: 0.840 ], accuracy[ HumanFC: 0.840 ]
12/17 11:14:03 PM | TRAINING: Epoch: 2, Batch: 300/1743, Loss: 0.363, perc_uncertainty: 0.094, nOnes_target: 17871, nOnes_pred: 14925, TPR[ HumanFC: 0.597 ], TNR[ HumanFC: 0.924 ], roc[ HumanFC: 0.853 ], accuracy[ HumanFC: 0.854 ]
12/17 11:14:45 PM | TRAINING: Epoch: 2, Batch: 350/1743, Loss: 0.433, perc_uncertainty: 0.105, nOnes_target: 18870, nOnes_pred: 13397, TPR[ HumanFC: 0.477 ], TNR[ HumanFC: 0.920 ], roc[ HumanFC: 0.767 ], accuracy[ HumanFC: 0.805 ]
12/17 11:15:27 PM | TRAINING: Epoch: 2, Batch: 400/1743, Loss: 0.413, perc_uncertainty: 0.085, nOnes_target: 17288, nOnes_pred: 11995, TPR[ HumanFC: 0.470 ], TNR[ HumanFC: 0.931 ], roc[ HumanFC: 0.788 ], accuracy[ HumanFC: 0.830 ]
12/17 11:16:09 PM | TRAINING: Epoch: 2, Batch: 450/1743, Loss: 0.367, perc_uncertainty: 0.085, nOnes_target: 20914, nOnes_pred: 15014, TPR[ HumanFC: 0.579 ], TNR[ HumanFC: 0.945 ], roc[ HumanFC: 0.875 ], accuracy[ HumanFC: 0.844 ]
12/17 11:16:51 PM | TRAINING: Epoch: 2, Batch: 500/1743, Loss: 0.368, perc_uncertainty: 0.094, nOnes_target: 18555, nOnes_pred: 13578, TPR[ HumanFC: 0.555 ], TNR[ HumanFC: 0.940 ], roc[ HumanFC: 0.845 ], accuracy[ HumanFC: 0.852 ]
12/17 11:17:34 PM | TRAINING: Epoch: 2, Batch: 550/1743, Loss: 0.392, perc_uncertainty: 0.079, nOnes_target: 20103, nOnes_pred: 13225, TPR[ HumanFC: 0.512 ], TNR[ HumanFC: 0.945 ], roc[ HumanFC: 0.836 ], accuracy[ HumanFC: 0.832 ]
12/17 11:18:16 PM | TRAINING: Epoch: 2, Batch: 600/1743, Loss: 0.351, perc_uncertainty: 0.083, nOnes_target: 19717, nOnes_pred: 15599, TPR[ HumanFC: 0.637 ], TNR[ HumanFC: 0.944 ], roc[ HumanFC: 0.865 ], accuracy[ HumanFC: 0.879 ]
12/17 11:18:58 PM | TRAINING: Epoch: 2, Batch: 650/1743, Loss: 0.364, perc_uncertainty: 0.090, nOnes_target: 16619, nOnes_pred: 12864, TPR[ HumanFC: 0.548 ], TNR[ HumanFC: 0.934 ], roc[ HumanFC: 0.833 ], accuracy[ HumanFC: 0.859 ]
12/17 11:19:40 PM | TRAINING: Epoch: 2, Batch: 700/1743, Loss: 0.378, perc_uncertainty: 0.080, nOnes_target: 18300, nOnes_pred: 12738, TPR[ HumanFC: 0.514 ], TNR[ HumanFC: 0.940 ], roc[ HumanFC: 0.823 ], accuracy[ HumanFC: 0.830 ]
12/17 11:20:22 PM | TRAINING: Epoch: 2, Batch: 750/1743, Loss: 0.350, perc_uncertainty: 0.084, nOnes_target: 17997, nOnes_pred: 12972, TPR[ HumanFC: 0.561 ], TNR[ HumanFC: 0.948 ], roc[ HumanFC: 0.857 ], accuracy[ HumanFC: 0.863 ]
12/17 11:21:05 PM | TRAINING: Epoch: 2, Batch: 800/1743, Loss: 0.342, perc_uncertainty: 0.089, nOnes_target: 17127, nOnes_pred: 14211, TPR[ HumanFC: 0.592 ], TNR[ HumanFC: 0.928 ], roc[ HumanFC: 0.877 ], accuracy[ HumanFC: 0.855 ]
12/17 11:21:47 PM | TRAINING: Epoch: 2, Batch: 850/1743, Loss: 0.381, perc_uncertainty: 0.082, nOnes_target: 17162, nOnes_pred: 16587, TPR[ HumanFC: 0.626 ], TNR[ HumanFC: 0.897 ], roc[ HumanFC: 0.843 ], accuracy[ HumanFC: 0.832 ]
12/17 11:22:29 PM | TRAINING: Epoch: 2, Batch: 900/1743, Loss: 0.345, perc_uncertainty: 0.084, nOnes_target: 17403, nOnes_pred: 12796, TPR[ HumanFC: 0.557 ], TNR[ HumanFC: 0.945 ], roc[ HumanFC: 0.866 ], accuracy[ HumanFC: 0.855 ]
12/17 11:23:11 PM | TRAINING: Epoch: 2, Batch: 950/1743, Loss: 0.393, perc_uncertainty: 0.071, nOnes_target: 19150, nOnes_pred: 12800, TPR[ HumanFC: 0.522 ], TNR[ HumanFC: 0.949 ], roc[ HumanFC: 0.797 ], accuracy[ HumanFC: 0.855 ]
12/17 11:23:53 PM | TRAINING: Epoch: 2, Batch: 1000/1743, Loss: 0.341, perc_uncertainty: 0.093, nOnes_target: 18581, nOnes_pred: 12974, TPR[ HumanFC: 0.562 ], TNR[ HumanFC: 0.954 ], roc[ HumanFC: 0.878 ], accuracy[ HumanFC: 0.861 ]
12/17 11:24:36 PM | TRAINING: Epoch: 2, Batch: 1050/1743, Loss: 0.373, perc_uncertainty: 0.074, nOnes_target: 16495, nOnes_pred: 13129, TPR[ HumanFC: 0.540 ], TNR[ HumanFC: 0.926 ], roc[ HumanFC: 0.838 ], accuracy[ HumanFC: 0.844 ]
12/17 11:25:18 PM | TRAINING: Epoch: 2, Batch: 1100/1743, Loss: 0.384, perc_uncertainty: 0.083, nOnes_target: 17838, nOnes_pred: 13613, TPR[ HumanFC: 0.528 ], TNR[ HumanFC: 0.925 ], roc[ HumanFC: 0.830 ], accuracy[ HumanFC: 0.828 ]
12/17 11:26:00 PM | TRAINING: Epoch: 2, Batch: 1150/1743, Loss: 0.374, perc_uncertainty: 0.082, nOnes_target: 19243, nOnes_pred: 13740, TPR[ HumanFC: 0.557 ], TNR[ HumanFC: 0.944 ], roc[ HumanFC: 0.842 ], accuracy[ HumanFC: 0.848 ]
12/17 11:26:43 PM | TRAINING: Epoch: 2, Batch: 1200/1743, Loss: 0.391, perc_uncertainty: 0.089, nOnes_target: 18621, nOnes_pred: 13593, TPR[ HumanFC: 0.533 ], TNR[ HumanFC: 0.933 ], roc[ HumanFC: 0.813 ], accuracy[ HumanFC: 0.840 ]
12/17 11:27:19 PM | TRAINING: Epoch: 2, Batch: 1250/1743, Loss: 0.366, perc_uncertainty: 0.085, nOnes_target: 20399, nOnes_pred: 13457, TPR[ HumanFC: 0.556 ], TNR[ HumanFC: 0.960 ], roc[ HumanFC: 0.864 ], accuracy[ HumanFC: 0.859 ]
12/17 11:27:55 PM | TRAINING: Epoch: 2, Batch: 1300/1743, Loss: 0.380, perc_uncertainty: 0.092, nOnes_target: 19279, nOnes_pred: 12688, TPR[ HumanFC: 0.519 ], TNR[ HumanFC: 0.951 ], roc[ HumanFC: 0.827 ], accuracy[ HumanFC: 0.848 ]
12/17 11:28:30 PM | TRAINING: Epoch: 2, Batch: 1350/1743, Loss: 0.389, perc_uncertainty: 0.080, nOnes_target: 19125, nOnes_pred: 12723, TPR[ HumanFC: 0.498 ], TNR[ HumanFC: 0.941 ], roc[ HumanFC: 0.841 ], accuracy[ HumanFC: 0.836 ]
12/17 11:29:11 PM | TRAINING: Epoch: 2, Batch: 1400/1743, Loss: 0.372, perc_uncertainty: 0.084, nOnes_target: 18310, nOnes_pred: 12838, TPR[ HumanFC: 0.554 ], TNR[ HumanFC: 0.951 ], roc[ HumanFC: 0.819 ], accuracy[ HumanFC: 0.863 ]
12/17 11:29:53 PM | TRAINING: Epoch: 2, Batch: 1450/1743, Loss: 0.355, perc_uncertainty: 0.094, nOnes_target: 19232, nOnes_pred: 14698, TPR[ HumanFC: 0.597 ], TNR[ HumanFC: 0.941 ], roc[ HumanFC: 0.863 ], accuracy[ HumanFC: 0.863 ]
12/17 11:30:35 PM | TRAINING: Epoch: 2, Batch: 1500/1743, Loss: 0.354, perc_uncertainty: 0.092, nOnes_target: 19020, nOnes_pred: 13621, TPR[ HumanFC: 0.560 ], TNR[ HumanFC: 0.946 ], roc[ HumanFC: 0.869 ], accuracy[ HumanFC: 0.859 ]
12/17 11:31:17 PM | TRAINING: Epoch: 2, Batch: 1550/1743, Loss: 0.353, perc_uncertainty: 0.084, nOnes_target: 18880, nOnes_pred: 11734, TPR[ HumanFC: 0.509 ], TNR[ HumanFC: 0.961 ], roc[ HumanFC: 0.874 ], accuracy[ HumanFC: 0.855 ]
12/17 11:31:59 PM | TRAINING: Epoch: 2, Batch: 1600/1743, Loss: 0.397, perc_uncertainty: 0.088, nOnes_target: 18540, nOnes_pred: 11945, TPR[ HumanFC: 0.479 ], TNR[ HumanFC: 0.945 ], roc[ HumanFC: 0.811 ], accuracy[ HumanFC: 0.824 ]
12/17 11:32:41 PM | TRAINING: Epoch: 2, Batch: 1650/1743, Loss: 0.371, perc_uncertainty: 0.076, nOnes_target: 18565, nOnes_pred: 13220, TPR[ HumanFC: 0.547 ], TNR[ HumanFC: 0.944 ], roc[ HumanFC: 0.845 ], accuracy[ HumanFC: 0.852 ]
12/17 11:33:23 PM | TRAINING: Epoch: 2, Batch: 1700/1743, Loss: 0.347, perc_uncertainty: 0.096, nOnes_target: 19494, nOnes_pred: 14797, TPR[ HumanFC: 0.597 ], TNR[ HumanFC: 0.942 ], roc[ HumanFC: 0.890 ], accuracy[ HumanFC: 0.867 ]
12/17 11:33:59 PM | TRAINING: Epoch: 2, Batch: 1743/1743, Loss: 0.378, perc_uncertainty: 0.101, nOnes_target: 9926, nOnes_pred: 7961, TPR[ HumanFC: 0.568 ], TNR[ HumanFC: 0.921 ], roc[ HumanFC: 0.846 ], accuracy[ HumanFC: 0.839 ]
12/17 11:34:00 PM | VALIDATION: Epoch: 2, Batch: 0/170, Loss: 0.515, perc_uncertainty: 0.127, nOnes_target: 20287, nOnes_pred: 27181, TPR[ HumanFC: 0.737 ], TNR[ HumanFC: 0.771 ], roc[ HumanFC: 0.830 ], accuracy[ HumanFC: 0.758 ]
12/17 11:34:29 PM | VALIDATION: Epoch: 2, Batch: 50/170, Loss: 0.369, perc_uncertainty: 0.064, nOnes_target: 12684, nOnes_pred: 11315, TPR[ HumanFC: 0.430 ], TNR[ HumanFC: 0.904 ], roc[ HumanFC: 0.785 ], accuracy[ HumanFC: 0.820 ]
12/17 11:34:57 PM | VALIDATION: Epoch: 2, Batch: 100/170, Loss: 0.447, perc_uncertainty: 0.134, nOnes_target: 24010, nOnes_pred: 25156, TPR[ HumanFC: 0.699 ], TNR[ HumanFC: 0.832 ], roc[ HumanFC: 0.828 ], accuracy[ HumanFC: 0.785 ]
12/17 11:35:26 PM | VALIDATION: Epoch: 2, Batch: 150/170, Loss: 0.323, perc_uncertainty: 0.065, nOnes_target: 24015, nOnes_pred: 16087, TPR[ HumanFC: 0.626 ], TNR[ HumanFC: 0.979 ], roc[ HumanFC: 0.932 ], accuracy[ HumanFC: 0.875 ]
12/17 11:35:38 PM | VALIDATION: Epoch: 2, Batch: 170/170, Loss: 0.407, perc_uncertainty: 0.096, nOnes_target: 18710, nOnes_pred: 14403, TPR[ HumanFC: 0.723 ], TNR[ HumanFC: 0.950 ], roc[ HumanFC: 0.909 ], accuracy[ HumanFC: 0.841 ]
12/17 11:35:41 PM | TRAINING: Epoch: 3, Batch: 0/1743, Loss: 0.352, perc_uncertainty: 0.096, nOnes_target: 19127, nOnes_pred: 14214, TPR[ HumanFC: 0.575 ], TNR[ HumanFC: 0.941 ], roc[ HumanFC: 0.874 ], accuracy[ HumanFC: 0.852 ]
12/17 11:36:23 PM | TRAINING: Epoch: 3, Batch: 50/1743, Loss: 0.389, perc_uncertainty: 0.084, nOnes_target: 20555, nOnes_pred: 14339, TPR[ HumanFC: 0.538 ], TNR[ HumanFC: 0.938 ], roc[ HumanFC: 0.846 ], accuracy[ HumanFC: 0.824 ]
12/17 11:37:05 PM | TRAINING: Epoch: 3, Batch: 100/1743, Loss: 0.353, perc_uncertainty: 0.084, nOnes_target: 19092, nOnes_pred: 15328, TPR[ HumanFC: 0.612 ], TNR[ HumanFC: 0.933 ], roc[ HumanFC: 0.865 ], accuracy[ HumanFC: 0.855 ]
12/17 11:37:47 PM | TRAINING: Epoch: 3, Batch: 150/1743, Loss: 0.405, perc_uncertainty: 0.097, nOnes_target: 18817, nOnes_pred: 13918, TPR[ HumanFC: 0.519 ], TNR[ HumanFC: 0.925 ], roc[ HumanFC: 0.814 ], accuracy[ HumanFC: 0.824 ]
12/17 11:38:29 PM | TRAINING: Epoch: 3, Batch: 200/1743, Loss: 0.357, perc_uncertainty: 0.087, nOnes_target: 20741, nOnes_pred: 13500, TPR[ HumanFC: 0.539 ], TNR[ HumanFC: 0.956 ], roc[ HumanFC: 0.895 ], accuracy[ HumanFC: 0.844 ]
12/17 11:39:11 PM | TRAINING: Epoch: 3, Batch: 250/1743, Loss: 0.427, perc_uncertainty: 0.085, nOnes_target: 17493, nOnes_pred: 14256, TPR[ HumanFC: 0.500 ], TNR[ HumanFC: 0.902 ], roc[ HumanFC: 0.785 ], accuracy[ HumanFC: 0.797 ]
12/17 11:39:53 PM | TRAINING: Epoch: 3, Batch: 300/1743, Loss: 0.377, perc_uncertainty: 0.086, nOnes_target: 18180, nOnes_pred: 13435, TPR[ HumanFC: 0.534 ], TNR[ HumanFC: 0.933 ], roc[ HumanFC: 0.829 ], accuracy[ HumanFC: 0.840 ]
12/17 11:40:35 PM | TRAINING: Epoch: 3, Batch: 350/1743, Loss: 0.385, perc_uncertainty: 0.082, nOnes_target: 19160, nOnes_pred: 13768, TPR[ HumanFC: 0.531 ], TNR[ HumanFC: 0.934 ], roc[ HumanFC: 0.834 ], accuracy[ HumanFC: 0.824 ]
12/17 11:41:17 PM | TRAINING: Epoch: 3, Batch: 400/1743, Loss: 0.347, perc_uncertainty: 0.088, nOnes_target: 21727, nOnes_pred: 14290, TPR[ HumanFC: 0.566 ], TNR[ HumanFC: 0.962 ], roc[ HumanFC: 0.900 ], accuracy[ HumanFC: 0.844 ]
12/17 11:41:59 PM | TRAINING: Epoch: 3, Batch: 450/1743, Loss: 0.335, perc_uncertainty: 0.078, nOnes_target: 15828, nOnes_pred: 12406, TPR[ HumanFC: 0.567 ], TNR[ HumanFC: 0.941 ], roc[ HumanFC: 0.867 ], accuracy[ HumanFC: 0.871 ]
12/17 11:42:41 PM | TRAINING: Epoch: 3, Batch: 500/1743, Loss: 0.346, perc_uncertainty: 0.082, nOnes_target: 17809, nOnes_pred: 13190, TPR[ HumanFC: 0.575 ], TNR[ HumanFC: 0.947 ], roc[ HumanFC: 0.853 ], accuracy[ HumanFC: 0.867 ]
12/17 11:43:23 PM | TRAINING: Epoch: 3, Batch: 550/1743, Loss: 0.370, perc_uncertainty: 0.089, nOnes_target: 18118, nOnes_pred: 13014, TPR[ HumanFC: 0.527 ], TNR[ HumanFC: 0.938 ], roc[ HumanFC: 0.840 ], accuracy[ HumanFC: 0.848 ]
12/17 11:44:05 PM | TRAINING: Epoch: 3, Batch: 600/1743, Loss: 0.351, perc_uncertainty: 0.080, nOnes_target: 18724, nOnes_pred: 12788, TPR[ HumanFC: 0.539 ], TNR[ HumanFC: 0.951 ], roc[ HumanFC: 0.884 ], accuracy[ HumanFC: 0.848 ]
12/17 11:44:48 PM | TRAINING: Epoch: 3, Batch: 650/1743, Loss: 0.340, perc_uncertainty: 0.093, nOnes_target: 17022, nOnes_pred: 13470, TPR[ HumanFC: 0.583 ], TNR[ HumanFC: 0.938 ], roc[ HumanFC: 0.866 ], accuracy[ HumanFC: 0.871 ]
12/17 11:45:30 PM | TRAINING: Epoch: 3, Batch: 700/1743, Loss: 0.358, perc_uncertainty: 0.082, nOnes_target: 19119, nOnes_pred: 11552, TPR[ HumanFC: 0.512 ], TNR[ HumanFC: 0.968 ], roc[ HumanFC: 0.863 ], accuracy[ HumanFC: 0.859 ]
12/17 11:46:12 PM | TRAINING: Epoch: 3, Batch: 750/1743, Loss: 0.404, perc_uncertainty: 0.083, nOnes_target: 21036, nOnes_pred: 14980, TPR[ HumanFC: 0.544 ], TNR[ HumanFC: 0.933 ], roc[ HumanFC: 0.836 ], accuracy[ HumanFC: 0.832 ]
12/17 11:46:54 PM | TRAINING: Epoch: 3, Batch: 800/1743, Loss: 0.359, perc_uncertainty: 0.101, nOnes_target: 19659, nOnes_pred: 13721, TPR[ HumanFC: 0.552 ], TNR[ HumanFC: 0.947 ], roc[ HumanFC: 0.878 ], accuracy[ HumanFC: 0.844 ]
12/17 11:47:36 PM | TRAINING: Epoch: 3, Batch: 850/1743, Loss: 0.367, perc_uncertainty: 0.077, nOnes_target: 18279, nOnes_pred: 14273, TPR[ HumanFC: 0.567 ], TNR[ HumanFC: 0.930 ], roc[ HumanFC: 0.852 ], accuracy[ HumanFC: 0.852 ]
12/17 11:48:18 PM | TRAINING: Epoch: 3, Batch: 900/1743, Loss: 0.370, perc_uncertainty: 0.077, nOnes_target: 16593, nOnes_pred: 13439, TPR[ HumanFC: 0.547 ], TNR[ HumanFC: 0.924 ], roc[ HumanFC: 0.833 ], accuracy[ HumanFC: 0.848 ]
12/17 11:49:00 PM | TRAINING: Epoch: 3, Batch: 950/1743, Loss: 0.354, perc_uncertainty: 0.072, nOnes_target: 17632, nOnes_pred: 11959, TPR[ HumanFC: 0.518 ], TNR[ HumanFC: 0.950 ], roc[ HumanFC: 0.862 ], accuracy[ HumanFC: 0.852 ]
12/17 11:49:42 PM | TRAINING: Epoch: 3, Batch: 1000/1743, Loss: 0.349, perc_uncertainty: 0.085, nOnes_target: 17759, nOnes_pred: 12555, TPR[ HumanFC: 0.544 ], TNR[ HumanFC: 0.948 ], roc[ HumanFC: 0.859 ], accuracy[ HumanFC: 0.865 ]
12/17 11:50:24 PM | TRAINING: Epoch: 3, Batch: 1050/1743, Loss: 0.371, perc_uncertainty: 0.081, nOnes_target: 20168, nOnes_pred: 14747, TPR[ HumanFC: 0.570 ], TNR[ HumanFC: 0.939 ], roc[ HumanFC: 0.854 ], accuracy[ HumanFC: 0.848 ]
12/17 11:51:06 PM | TRAINING: Epoch: 3, Batch: 1100/1743, Loss: 0.356, perc_uncertainty: 0.085, nOnes_target: 15552, nOnes_pred: 12963, TPR[ HumanFC: 0.551 ], TNR[ HumanFC: 0.925 ], roc[ HumanFC: 0.836 ], accuracy[ HumanFC: 0.855 ]
12/17 11:51:48 PM | TRAINING: Epoch: 3, Batch: 1150/1743, Loss: 0.346, perc_uncertainty: 0.085, nOnes_target: 17700, nOnes_pred: 14113, TPR[ HumanFC: 0.601 ], TNR[ HumanFC: 0.938 ], roc[ HumanFC: 0.860 ], accuracy[ HumanFC: 0.875 ]
12/17 11:52:30 PM | TRAINING: Epoch: 3, Batch: 1200/1743, Loss: 0.359, perc_uncertainty: 0.084, nOnes_target: 19742, nOnes_pred: 13328, TPR[ HumanFC: 0.550 ], TNR[ HumanFC: 0.954 ], roc[ HumanFC: 0.870 ], accuracy[ HumanFC: 0.859 ]
12/17 11:53:08 PM | TRAINING: Epoch: 3, Batch: 1250/1743, Loss: 0.355, perc_uncertainty: 0.085, nOnes_target: 18306, nOnes_pred: 12028, TPR[ HumanFC: 0.524 ], TNR[ HumanFC: 0.956 ], roc[ HumanFC: 0.856 ], accuracy[ HumanFC: 0.859 ]
12/17 11:53:43 PM | TRAINING: Epoch: 3, Batch: 1300/1743, Loss: 0.337, perc_uncertainty: 0.096, nOnes_target: 17051, nOnes_pred: 14646, TPR[ HumanFC: 0.621 ], TNR[ HumanFC: 0.928 ], roc[ HumanFC: 0.870 ], accuracy[ HumanFC: 0.871 ]
12/17 11:54:18 PM | TRAINING: Epoch: 3, Batch: 1350/1743, Loss: 0.412, perc_uncertainty: 0.086, nOnes_target: 21005, nOnes_pred: 13897, TPR[ HumanFC: 0.506 ], TNR[ HumanFC: 0.938 ], roc[ HumanFC: 0.837 ], accuracy[ HumanFC: 0.816 ]
12/17 11:55:00 PM | TRAINING: Epoch: 3, Batch: 1400/1743, Loss: 0.393, perc_uncertainty: 0.081, nOnes_target: 18443, nOnes_pred: 12785, TPR[ HumanFC: 0.506 ], TNR[ HumanFC: 0.937 ], roc[ HumanFC: 0.817 ], accuracy[ HumanFC: 0.840 ]
12/17 11:55:42 PM | TRAINING: Epoch: 3, Batch: 1450/1743, Loss: 0.379, perc_uncertainty: 0.079, nOnes_target: 18868, nOnes_pred: 11375, TPR[ HumanFC: 0.472 ], TNR[ HumanFC: 0.955 ], roc[ HumanFC: 0.833 ], accuracy[ HumanFC: 0.840 ]
12/17 11:56:24 PM | TRAINING: Epoch: 3, Batch: 1500/1743, Loss: 0.358, perc_uncertainty: 0.094, nOnes_target: 20114, nOnes_pred: 13548, TPR[ HumanFC: 0.561 ], TNR[ HumanFC: 0.958 ], roc[ HumanFC: 0.869 ], accuracy[ HumanFC: 0.848 ]
12/17 11:57:06 PM | TRAINING: Epoch: 3, Batch: 1550/1743, Loss: 0.321, perc_uncertainty: 0.081, nOnes_target: 18571, nOnes_pred: 12682, TPR[ HumanFC: 0.563 ], TNR[ HumanFC: 0.960 ], roc[ HumanFC: 0.899 ], accuracy[ HumanFC: 0.867 ]
12/17 11:57:48 PM | TRAINING: Epoch: 3, Batch: 1600/1743, Loss: 0.329, perc_uncertainty: 0.095, nOnes_target: 15658, nOnes_pred: 14166, TPR[ HumanFC: 0.623 ], TNR[ HumanFC: 0.924 ], roc[ HumanFC: 0.877 ], accuracy[ HumanFC: 0.875 ]
12/17 11:58:30 PM | TRAINING: Epoch: 3, Batch: 1650/1743, Loss: 0.396, perc_uncertainty: 0.079, nOnes_target: 21985, nOnes_pred: 14397, TPR[ HumanFC: 0.535 ], TNR[ HumanFC: 0.949 ], roc[ HumanFC: 0.833 ], accuracy[ HumanFC: 0.834 ]
12/17 11:59:12 PM | TRAINING: Epoch: 3, Batch: 1700/1743, Loss: 0.352, perc_uncertainty: 0.078, nOnes_target: 19262, nOnes_pred: 13260, TPR[ HumanFC: 0.555 ], TNR[ HumanFC: 0.953 ], roc[ HumanFC: 0.866 ], accuracy[ HumanFC: 0.855 ]
12/17 11:59:48 PM | TRAINING: Epoch: 3, Batch: 1743/1743, Loss: 0.373, perc_uncertainty: 0.082, nOnes_target: 9951, nOnes_pred: 6685, TPR[ HumanFC: 0.508 ], TNR[ HumanFC: 0.945 ], roc[ HumanFC: 0.849 ], accuracy[ HumanFC: 0.847 ]
12/17 11:59:49 PM | VALIDATION: Epoch: 3, Batch: 0/170, Loss: 0.430, perc_uncertainty: 0.110, nOnes_target: 20287, nOnes_pred: 20233, TPR[ HumanFC: 0.652 ], TNR[ HumanFC: 0.869 ], roc[ HumanFC: 0.843 ], accuracy[ HumanFC: 0.809 ]
12/18 12:00:18 AM | VALIDATION: Epoch: 3, Batch: 50/170, Loss: 0.347, perc_uncertainty: 0.089, nOnes_target: 12684, nOnes_pred: 9620, TPR[ HumanFC: 0.435 ], TNR[ HumanFC: 0.933 ], roc[ HumanFC: 0.780 ], accuracy[ HumanFC: 0.852 ]
12/18 12:00:47 AM | VALIDATION: Epoch: 3, Batch: 100/170, Loss: 0.429, perc_uncertainty: 0.126, nOnes_target: 24010, nOnes_pred: 20069, TPR[ HumanFC: 0.603 ], TNR[ HumanFC: 0.888 ], roc[ HumanFC: 0.831 ], accuracy[ HumanFC: 0.793 ]
12/18 12:01:17 AM | VALIDATION: Epoch: 3, Batch: 150/170, Loss: 0.341, perc_uncertainty: 0.073, nOnes_target: 24015, nOnes_pred: 14578, TPR[ HumanFC: 0.572 ], TNR[ HumanFC: 0.983 ], roc[ HumanFC: 0.926 ], accuracy[ HumanFC: 0.859 ]
12/18 12:01:28 AM | VALIDATION: Epoch: 3, Batch: 170/170, Loss: 0.415, perc_uncertainty: 0.083, nOnes_target: 18710, nOnes_pred: 12968, TPR[ HumanFC: 0.671 ], TNR[ HumanFC: 0.976 ], roc[ HumanFC: 0.913 ], accuracy[ HumanFC: 0.825 ]
12/18 12:01:31 AM | TRAINING: Epoch: 4, Batch: 0/1743, Loss: 0.330, perc_uncertainty: 0.078, nOnes_target: 17711, nOnes_pred: 13463, TPR[ HumanFC: 0.609 ], TNR[ HumanFC: 0.952 ], roc[ HumanFC: 0.877 ], accuracy[ HumanFC: 0.883 ]
12/18 12:02:13 AM | TRAINING: Epoch: 4, Batch: 50/1743, Loss: 0.348, perc_uncertainty: 0.084, nOnes_target: 17444, nOnes_pred: 13324, TPR[ HumanFC: 0.573 ], TNR[ HumanFC: 0.941 ], roc[ HumanFC: 0.855 ], accuracy[ HumanFC: 0.867 ]
12/18 12:02:55 AM | TRAINING: Epoch: 4, Batch: 100/1743, Loss: 0.356, perc_uncertainty: 0.082, nOnes_target: 17436, nOnes_pred: 11746, TPR[ HumanFC: 0.517 ], TNR[ HumanFC: 0.952 ], roc[ HumanFC: 0.826 ], accuracy[ HumanFC: 0.863 ]
12/18 12:03:37 AM | TRAINING: Epoch: 4, Batch: 150/1743, Loss: 0.361, perc_uncertainty: 0.070, nOnes_target: 18060, nOnes_pred: 13152, TPR[ HumanFC: 0.555 ], TNR[ HumanFC: 0.944 ], roc[ HumanFC: 0.847 ], accuracy[ HumanFC: 0.863 ]
12/18 12:04:19 AM | TRAINING: Epoch: 4, Batch: 200/1743, Loss: 0.350, perc_uncertainty: 0.085, nOnes_target: 18569, nOnes_pred: 13585, TPR[ HumanFC: 0.563 ], TNR[ HumanFC: 0.943 ], roc[ HumanFC: 0.867 ], accuracy[ HumanFC: 0.852 ]
12/18 12:05:02 AM | TRAINING: Epoch: 4, Batch: 250/1743, Loss: 0.384, perc_uncertainty: 0.078, nOnes_target: 18797, nOnes_pred: 13753, TPR[ HumanFC: 0.533 ], TNR[ HumanFC: 0.932 ], roc[ HumanFC: 0.837 ], accuracy[ HumanFC: 0.840 ]
12/18 12:05:44 AM | TRAINING: Epoch: 4, Batch: 300/1743, Loss: 0.342, perc_uncertainty: 0.085, nOnes_target: 18252, nOnes_pred: 13818, TPR[ HumanFC: 0.572 ], TNR[ HumanFC: 0.939 ], roc[ HumanFC: 0.874 ], accuracy[ HumanFC: 0.854 ]
12/18 12:06:26 AM | TRAINING: Epoch: 4, Batch: 350/1743, Loss: 0.339, perc_uncertainty: 0.086, nOnes_target: 16596, nOnes_pred: 13694, TPR[ HumanFC: 0.587 ], TNR[ HumanFC: 0.931 ], roc[ HumanFC: 0.878 ], accuracy[ HumanFC: 0.871 ]
12/18 12:07:08 AM | TRAINING: Epoch: 4, Batch: 400/1743, Loss: 0.330, perc_uncertainty: 0.077, nOnes_target: 16657, nOnes_pred: 11731, TPR[ HumanFC: 0.546 ], TNR[ HumanFC: 0.954 ], roc[ HumanFC: 0.859 ], accuracy[ HumanFC: 0.883 ]
12/18 12:07:50 AM | TRAINING: Epoch: 4, Batch: 450/1743, Loss: 0.379, perc_uncertainty: 0.083, nOnes_target: 16773, nOnes_pred: 12636, TPR[ HumanFC: 0.504 ], TNR[ HumanFC: 0.927 ], roc[ HumanFC: 0.823 ], accuracy[ HumanFC: 0.836 ]
12/18 12:08:32 AM | TRAINING: Epoch: 4, Batch: 500/1743, Loss: 0.361, perc_uncertainty: 0.075, nOnes_target: 19702, nOnes_pred: 13486, TPR[ HumanFC: 0.544 ], TNR[ HumanFC: 0.949 ], roc[ HumanFC: 0.866 ], accuracy[ HumanFC: 0.844 ]
12/18 12:09:14 AM | TRAINING: Epoch: 4, Batch: 550/1743, Loss: 0.356, perc_uncertainty: 0.081, nOnes_target: 16945, nOnes_pred: 12734, TPR[ HumanFC: 0.544 ], TNR[ HumanFC: 0.938 ], roc[ HumanFC: 0.845 ], accuracy[ HumanFC: 0.863 ]
12/18 12:09:56 AM | TRAINING: Epoch: 4, Batch: 600/1743, Loss: 0.339, perc_uncertainty: 0.092, nOnes_target: 17887, nOnes_pred: 12352, TPR[ HumanFC: 0.544 ], TNR[ HumanFC: 0.953 ], roc[ HumanFC: 0.874 ], accuracy[ HumanFC: 0.859 ]
12/18 12:10:38 AM | TRAINING: Epoch: 4, Batch: 650/1743, Loss: 0.352, perc_uncertainty: 0.081, nOnes_target: 18004, nOnes_pred: 14498, TPR[ HumanFC: 0.586 ], TNR[ HumanFC: 0.929 ], roc[ HumanFC: 0.860 ], accuracy[ HumanFC: 0.852 ]
12/18 12:11:20 AM | TRAINING: Epoch: 4, Batch: 700/1743, Loss: 0.386, perc_uncertainty: 0.091, nOnes_target: 19490, nOnes_pred: 13816, TPR[ HumanFC: 0.532 ], TNR[ HumanFC: 0.936 ], roc[ HumanFC: 0.836 ], accuracy[ HumanFC: 0.832 ]
12/18 12:12:03 AM | TRAINING: Epoch: 4, Batch: 750/1743, Loss: 0.343, perc_uncertainty: 0.088, nOnes_target: 17766, nOnes_pred: 12464, TPR[ HumanFC: 0.535 ], TNR[ HumanFC: 0.947 ], roc[ HumanFC: 0.873 ], accuracy[ HumanFC: 0.861 ]
12/18 12:12:45 AM | TRAINING: Epoch: 4, Batch: 800/1743, Loss: 0.351, perc_uncertainty: 0.080, nOnes_target: 19689, nOnes_pred: 13181, TPR[ HumanFC: 0.552 ], TNR[ HumanFC: 0.957 ], roc[ HumanFC: 0.866 ], accuracy[ HumanFC: 0.855 ]
12/18 12:13:27 AM | TRAINING: Epoch: 4, Batch: 850/1743, Loss: 0.386, perc_uncertainty: 0.077, nOnes_target: 19510, nOnes_pred: 12686, TPR[ HumanFC: 0.518 ], TNR[ HumanFC: 0.952 ], roc[ HumanFC: 0.832 ], accuracy[ HumanFC: 0.850 ]
12/18 12:14:09 AM | TRAINING: Epoch: 4, Batch: 900/1743, Loss: 0.332, perc_uncertainty: 0.080, nOnes_target: 18830, nOnes_pred: 14667, TPR[ HumanFC: 0.613 ], TNR[ HumanFC: 0.943 ], roc[ HumanFC: 0.882 ], accuracy[ HumanFC: 0.875 ]
12/18 12:14:51 AM | TRAINING: Epoch: 4, Batch: 950/1743, Loss: 0.325, perc_uncertainty: 0.077, nOnes_target: 19324, nOnes_pred: 13634, TPR[ HumanFC: 0.590 ], TNR[ HumanFC: 0.959 ], roc[ HumanFC: 0.901 ], accuracy[ HumanFC: 0.871 ]
12/18 12:15:33 AM | TRAINING: Epoch: 4, Batch: 1000/1743, Loss: 0.352, perc_uncertainty: 0.072, nOnes_target: 17801, nOnes_pred: 12102, TPR[ HumanFC: 0.525 ], TNR[ HumanFC: 0.951 ], roc[ HumanFC: 0.849 ], accuracy[ HumanFC: 0.859 ]
12/18 12:16:15 AM | TRAINING: Epoch: 4, Batch: 1050/1743, Loss: 0.346, perc_uncertainty: 0.093, nOnes_target: 15834, nOnes_pred: 12861, TPR[ HumanFC: 0.564 ], TNR[ HumanFC: 0.932 ], roc[ HumanFC: 0.852 ], accuracy[ HumanFC: 0.854 ]
12/18 12:16:57 AM | TRAINING: Epoch: 4, Batch: 1100/1743, Loss: 0.363, perc_uncertainty: 0.096, nOnes_target: 17820, nOnes_pred: 14670, TPR[ HumanFC: 0.586 ], TNR[ HumanFC: 0.925 ], roc[ HumanFC: 0.846 ], accuracy[ HumanFC: 0.848 ]
12/18 12:17:39 AM | TRAINING: Epoch: 4, Batch: 1150/1743, Loss: 0.317, perc_uncertainty: 0.074, nOnes_target: 17649, nOnes_pred: 14645, TPR[ HumanFC: 0.642 ], TNR[ HumanFC: 0.941 ], roc[ HumanFC: 0.885 ], accuracy[ HumanFC: 0.887 ]
12/18 12:18:22 AM | TRAINING: Epoch: 4, Batch: 1200/1743, Loss: 0.380, perc_uncertainty: 0.068, nOnes_target: 20971, nOnes_pred: 12643, TPR[ HumanFC: 0.504 ], TNR[ HumanFC: 0.961 ], roc[ HumanFC: 0.867 ], accuracy[ HumanFC: 0.836 ]
12/18 12:18:59 AM | TRAINING: Epoch: 4, Batch: 1250/1743, Loss: 0.333, perc_uncertainty: 0.077, nOnes_target: 17636, nOnes_pred: 13198, TPR[ HumanFC: 0.576 ], TNR[ HumanFC: 0.946 ], roc[ HumanFC: 0.875 ], accuracy[ HumanFC: 0.867 ]
12/18 12:19:35 AM | TRAINING: Epoch: 4, Batch: 1300/1743, Loss: 0.378, perc_uncertainty: 0.077, nOnes_target: 19289, nOnes_pred: 14799, TPR[ HumanFC: 0.577 ], TNR[ HumanFC: 0.933 ], roc[ HumanFC: 0.840 ], accuracy[ HumanFC: 0.848 ]
12/18 12:20:09 AM | TRAINING: Epoch: 4, Batch: 1350/1743, Loss: 0.335, perc_uncertainty: 0.084, nOnes_target: 17646, nOnes_pred: 12565, TPR[ HumanFC: 0.561 ], TNR[ HumanFC: 0.953 ], roc[ HumanFC: 0.860 ], accuracy[ HumanFC: 0.871 ]
12/18 12:20:52 AM | TRAINING: Epoch: 4, Batch: 1400/1743, Loss: 0.397, perc_uncertainty: 0.084, nOnes_target: 21730, nOnes_pred: 12178, TPR[ HumanFC: 0.476 ], TNR[ HumanFC: 0.965 ], roc[ HumanFC: 0.849 ], accuracy[ HumanFC: 0.824 ]
12/18 12:21:34 AM | TRAINING: Epoch: 4, Batch: 1450/1743, Loss: 0.365, perc_uncertainty: 0.081, nOnes_target: 19566, nOnes_pred: 11991, TPR[ HumanFC: 0.496 ], TNR[ HumanFC: 0.958 ], roc[ HumanFC: 0.858 ], accuracy[ HumanFC: 0.848 ]
12/18 12:22:16 AM | TRAINING: Epoch: 4, Batch: 1500/1743, Loss: 0.343, perc_uncertainty: 0.076, nOnes_target: 20132, nOnes_pred: 12989, TPR[ HumanFC: 0.561 ], TNR[ HumanFC: 0.968 ], roc[ HumanFC: 0.874 ], accuracy[ HumanFC: 0.879 ]
12/18 12:22:58 AM | TRAINING: Epoch: 4, Batch: 1550/1743, Loss: 0.358, perc_uncertainty: 0.076, nOnes_target: 19443, nOnes_pred: 12117, TPR[ HumanFC: 0.513 ], TNR[ HumanFC: 0.961 ], roc[ HumanFC: 0.866 ], accuracy[ HumanFC: 0.852 ]
12/18 12:23:41 AM | TRAINING: Epoch: 4, Batch: 1600/1743, Loss: 0.347, perc_uncertainty: 0.081, nOnes_target: 19722, nOnes_pred: 13873, TPR[ HumanFC: 0.584 ], TNR[ HumanFC: 0.956 ], roc[ HumanFC: 0.873 ], accuracy[ HumanFC: 0.871 ]
12/18 12:24:23 AM | TRAINING: Epoch: 4, Batch: 1650/1743, Loss: 0.377, perc_uncertainty: 0.074, nOnes_target: 19545, nOnes_pred: 10429, TPR[ HumanFC: 0.445 ], TNR[ HumanFC: 0.968 ], roc[ HumanFC: 0.855 ], accuracy[ HumanFC: 0.826 ]
12/18 12:25:05 AM | TRAINING: Epoch: 4, Batch: 1700/1743, Loss: 0.357, perc_uncertainty: 0.078, nOnes_target: 20160, nOnes_pred: 14372, TPR[ HumanFC: 0.581 ], TNR[ HumanFC: 0.950 ], roc[ HumanFC: 0.868 ], accuracy[ HumanFC: 0.859 ]
12/18 12:25:41 AM | TRAINING: Epoch: 4, Batch: 1743/1743, Loss: 0.343, perc_uncertainty: 0.086, nOnes_target: 8794, nOnes_pred: 7061, TPR[ HumanFC: 0.588 ], TNR[ HumanFC: 0.938 ], roc[ HumanFC: 0.839 ], accuracy[ HumanFC: 0.869 ]
12/18 12:25:42 AM | VALIDATION: Epoch: 4, Batch: 0/170, Loss: 0.559, perc_uncertainty: 0.093, nOnes_target: 20287, nOnes_pred: 26352, TPR[ HumanFC: 0.707 ], TNR[ HumanFC: 0.775 ], roc[ HumanFC: 0.813 ], accuracy[ HumanFC: 0.750 ]
12/18 12:26:11 AM | VALIDATION: Epoch: 4, Batch: 50/170, Loss: 0.348, perc_uncertainty: 0.068, nOnes_target: 12684, nOnes_pred: 10648, TPR[ HumanFC: 0.448 ], TNR[ HumanFC: 0.919 ], roc[ HumanFC: 0.802 ], accuracy[ HumanFC: 0.832 ]
12/18 12:26:40 AM | VALIDATION: Epoch: 4, Batch: 100/170, Loss: 0.451, perc_uncertainty: 0.102, nOnes_target: 24010, nOnes_pred: 22316, TPR[ HumanFC: 0.649 ], TNR[ HumanFC: 0.865 ], roc[ HumanFC: 0.832 ], accuracy[ HumanFC: 0.787 ]
12/18 12:27:09 AM | VALIDATION: Epoch: 4, Batch: 150/170, Loss: 0.322, perc_uncertainty: 0.058, nOnes_target: 24015, nOnes_pred: 15128, TPR[ HumanFC: 0.597 ], TNR[ HumanFC: 0.984 ], roc[ HumanFC: 0.939 ], accuracy[ HumanFC: 0.871 ]
12/18 12:27:20 AM | VALIDATION: Epoch: 4, Batch: 170/170, Loss: 0.438, perc_uncertainty: 0.086, nOnes_target: 18710, nOnes_pred: 14364, TPR[ HumanFC: 0.702 ], TNR[ HumanFC: 0.930 ], roc[ HumanFC: 0.915 ], accuracy[ HumanFC: 0.825 ]
12/18 12:27:23 AM | TRAINING: Epoch: 5, Batch: 0/1743, Loss: 0.366, perc_uncertainty: 0.083, nOnes_target: 17882, nOnes_pred: 13407, TPR[ HumanFC: 0.567 ], TNR[ HumanFC: 0.942 ], roc[ HumanFC: 0.856 ], accuracy[ HumanFC: 0.867 ]
12/18 12:28:05 AM | TRAINING: Epoch: 5, Batch: 50/1743, Loss: 0.302, perc_uncertainty: 0.077, nOnes_target: 18366, nOnes_pred: 14184, TPR[ HumanFC: 0.638 ], TNR[ HumanFC: 0.955 ], roc[ HumanFC: 0.902 ], accuracy[ HumanFC: 0.898 ]
12/18 12:28:47 AM | TRAINING: Epoch: 5, Batch: 100/1743, Loss: 0.374, perc_uncertainty: 0.081, nOnes_target: 21213, nOnes_pred: 14869, TPR[ HumanFC: 0.570 ], TNR[ HumanFC: 0.947 ], roc[ HumanFC: 0.863 ], accuracy[ HumanFC: 0.850 ]
12/18 12:29:29 AM | TRAINING: Epoch: 5, Batch: 150/1743, Loss: 0.351, perc_uncertainty: 0.074, nOnes_target: 17631, nOnes_pred: 13163, TPR[ HumanFC: 0.561 ], TNR[ HumanFC: 0.942 ], roc[ HumanFC: 0.858 ], accuracy[ HumanFC: 0.857 ]
12/18 12:30:11 AM | TRAINING: Epoch: 5, Batch: 200/1743, Loss: 0.334, perc_uncertainty: 0.072, nOnes_target: 18529, nOnes_pred: 13284, TPR[ HumanFC: 0.585 ], TNR[ HumanFC: 0.956 ], roc[ HumanFC: 0.859 ], accuracy[ HumanFC: 0.875 ]
12/18 12:30:53 AM | TRAINING: Epoch: 5, Batch: 250/1743, Loss: 0.356, perc_uncertainty: 0.071, nOnes_target: 18824, nOnes_pred: 14668, TPR[ HumanFC: 0.595 ], TNR[ HumanFC: 0.937 ], roc[ HumanFC: 0.866 ], accuracy[ HumanFC: 0.861 ]
12/18 12:31:36 AM | TRAINING: Epoch: 5, Batch: 300/1743, Loss: 0.331, perc_uncertainty: 0.081, nOnes_target: 18656, nOnes_pred: 14045, TPR[ HumanFC: 0.596 ], TNR[ HumanFC: 0.947 ], roc[ HumanFC: 0.883 ], accuracy[ HumanFC: 0.871 ]
12/18 12:32:18 AM | TRAINING: Epoch: 5, Batch: 350/1743, Loss: 0.353, perc_uncertainty: 0.070, nOnes_target: 19515, nOnes_pred: 14161, TPR[ HumanFC: 0.570 ], TNR[ HumanFC: 0.944 ], roc[ HumanFC: 0.862 ], accuracy[ HumanFC: 0.859 ]
12/18 12:33:00 AM | TRAINING: Epoch: 5, Batch: 400/1743, Loss: 0.332, perc_uncertainty: 0.069, nOnes_target: 19051, nOnes_pred: 13080, TPR[ HumanFC: 0.577 ], TNR[ HumanFC: 0.962 ], roc[ HumanFC: 0.878 ], accuracy[ HumanFC: 0.873 ]
12/18 12:33:42 AM | TRAINING: Epoch: 5, Batch: 450/1743, Loss: 0.367, perc_uncertainty: 0.073, nOnes_target: 20621, nOnes_pred: 15078, TPR[ HumanFC: 0.571 ], TNR[ HumanFC: 0.938 ], roc[ HumanFC: 0.868 ], accuracy[ HumanFC: 0.840 ]
12/18 12:34:24 AM | TRAINING: Epoch: 5, Batch: 500/1743, Loss: 0.366, perc_uncertainty: 0.062, nOnes_target: 19477, nOnes_pred: 15167, TPR[ HumanFC: 0.596 ], TNR[ HumanFC: 0.935 ], roc[ HumanFC: 0.877 ], accuracy[ HumanFC: 0.854 ]
12/18 12:35:07 AM | TRAINING: Epoch: 5, Batch: 550/1743, Loss: 0.313, perc_uncertainty: 0.074, nOnes_target: 18774, nOnes_pred: 13630, TPR[ HumanFC: 0.604 ], TNR[ HumanFC: 0.958 ], roc[ HumanFC: 0.894 ], accuracy[ HumanFC: 0.887 ]
12/18 12:35:49 AM | TRAINING: Epoch: 5, Batch: 600/1743, Loss: 0.310, perc_uncertainty: 0.081, nOnes_target: 18522, nOnes_pred: 14182, TPR[ HumanFC: 0.631 ], TNR[ HumanFC: 0.955 ], roc[ HumanFC: 0.899 ], accuracy[ HumanFC: 0.883 ]
12/18 12:36:31 AM | TRAINING: Epoch: 5, Batch: 650/1743, Loss: 0.302, perc_uncertainty: 0.077, nOnes_target: 17970, nOnes_pred: 14054, TPR[ HumanFC: 0.636 ], TNR[ HumanFC: 0.953 ], roc[ HumanFC: 0.899 ], accuracy[ HumanFC: 0.889 ]
12/18 12:37:13 AM | TRAINING: Epoch: 5, Batch: 700/1743, Loss: 0.372, perc_uncertainty: 0.075, nOnes_target: 22232, nOnes_pred: 14773, TPR[ HumanFC: 0.560 ], TNR[ HumanFC: 0.955 ], roc[ HumanFC: 0.875 ], accuracy[ HumanFC: 0.840 ]
12/18 12:37:56 AM | TRAINING: Epoch: 5, Batch: 750/1743, Loss: 0.359, perc_uncertainty: 0.075, nOnes_target: 18996, nOnes_pred: 13315, TPR[ HumanFC: 0.547 ], TNR[ HumanFC: 0.946 ], roc[ HumanFC: 0.857 ], accuracy[ HumanFC: 0.846 ]
12/18 12:38:38 AM | TRAINING: Epoch: 5, Batch: 800/1743, Loss: 0.325, perc_uncertainty: 0.068, nOnes_target: 17100, nOnes_pred: 13236, TPR[ HumanFC: 0.593 ], TNR[ HumanFC: 0.945 ], roc[ HumanFC: 0.866 ], accuracy[ HumanFC: 0.875 ]
12/18 12:39:20 AM | TRAINING: Epoch: 5, Batch: 850/1743, Loss: 0.326, perc_uncertainty: 0.063, nOnes_target: 18331, nOnes_pred: 13215, TPR[ HumanFC: 0.579 ], TNR[ HumanFC: 0.953 ], roc[ HumanFC: 0.895 ], accuracy[ HumanFC: 0.871 ]
12/18 12:40:03 AM | TRAINING: Epoch: 5, Batch: 900/1743, Loss: 0.326, perc_uncertainty: 0.063, nOnes_target: 17116, nOnes_pred: 13122, TPR[ HumanFC: 0.589 ], TNR[ HumanFC: 0.946 ], roc[ HumanFC: 0.866 ], accuracy[ HumanFC: 0.871 ]
12/18 12:40:45 AM | TRAINING: Epoch: 5, Batch: 950/1743, Loss: 0.311, perc_uncertainty: 0.066, nOnes_target: 16998, nOnes_pred: 12839, TPR[ HumanFC: 0.597 ], TNR[ HumanFC: 0.952 ], roc[ HumanFC: 0.881 ], accuracy[ HumanFC: 0.887 ]
12/18 12:41:27 AM | TRAINING: Epoch: 5, Batch: 1000/1743, Loss: 0.323, perc_uncertainty: 0.070, nOnes_target: 17618, nOnes_pred: 13270, TPR[ HumanFC: 0.590 ], TNR[ HumanFC: 0.949 ], roc[ HumanFC: 0.866 ], accuracy[ HumanFC: 0.883 ]
12/18 12:42:09 AM | TRAINING: Epoch: 5, Batch: 1050/1743, Loss: 0.342, perc_uncertainty: 0.066, nOnes_target: 20021, nOnes_pred: 13439, TPR[ HumanFC: 0.563 ], TNR[ HumanFC: 0.960 ], roc[ HumanFC: 0.883 ], accuracy[ HumanFC: 0.855 ]
12/18 12:42:51 AM | TRAINING: Epoch: 5, Batch: 1100/1743, Loss: 0.314, perc_uncertainty: 0.070, nOnes_target: 19063, nOnes_pred: 14678, TPR[ HumanFC: 0.627 ], TNR[ HumanFC: 0.950 ], roc[ HumanFC: 0.891 ], accuracy[ HumanFC: 0.871 ]
12/18 12:43:34 AM | TRAINING: Epoch: 5, Batch: 1150/1743, Loss: 0.332, perc_uncertainty: 0.068, nOnes_target: 20873, nOnes_pred: 13955, TPR[ HumanFC: 0.594 ], TNR[ HumanFC: 0.971 ], roc[ HumanFC: 0.891 ], accuracy[ HumanFC: 0.877 ]
12/18 12:44:16 AM | TRAINING: Epoch: 5, Batch: 1200/1743, Loss: 0.293, perc_uncertainty: 0.075, nOnes_target: 18720, nOnes_pred: 14704, TPR[ HumanFC: 0.661 ], TNR[ HumanFC: 0.958 ], roc[ HumanFC: 0.916 ], accuracy[ HumanFC: 0.895 ]
12/18 12:44:52 AM | TRAINING: Epoch: 5, Batch: 1250/1743, Loss: 0.323, perc_uncertainty: 0.070, nOnes_target: 17265, nOnes_pred: 12143, TPR[ HumanFC: 0.562 ], TNR[ HumanFC: 0.957 ], roc[ HumanFC: 0.880 ], accuracy[ HumanFC: 0.879 ]
12/18 12:45:28 AM | TRAINING: Epoch: 5, Batch: 1300/1743, Loss: 0.344, perc_uncertainty: 0.083, nOnes_target: 18840, nOnes_pred: 14272, TPR[ HumanFC: 0.583 ], TNR[ HumanFC: 0.940 ], roc[ HumanFC: 0.873 ], accuracy[ HumanFC: 0.852 ]
12/18 12:46:03 AM | TRAINING: Epoch: 5, Batch: 1350/1743, Loss: 0.354, perc_uncertainty: 0.080, nOnes_target: 18435, nOnes_pred: 13900, TPR[ HumanFC: 0.569 ], TNR[ HumanFC: 0.938 ], roc[ HumanFC: 0.856 ], accuracy[ HumanFC: 0.852 ]
12/18 12:46:44 AM | TRAINING: Epoch: 5, Batch: 1400/1743, Loss: 0.340, perc_uncertainty: 0.069, nOnes_target: 18033, nOnes_pred: 14082, TPR[ HumanFC: 0.588 ], TNR[ HumanFC: 0.937 ], roc[ HumanFC: 0.870 ], accuracy[ HumanFC: 0.863 ]
12/18 12:47:27 AM | TRAINING: Epoch: 5, Batch: 1450/1743, Loss: 0.309, perc_uncertainty: 0.071, nOnes_target: 18183, nOnes_pred: 13725, TPR[ HumanFC: 0.620 ], TNR[ HumanFC: 0.956 ], roc[ HumanFC: 0.884 ], accuracy[ HumanFC: 0.895 ]
12/18 12:48:09 AM | TRAINING: Epoch: 5, Batch: 1500/1743, Loss: 0.350, perc_uncertainty: 0.072, nOnes_target: 22128, nOnes_pred: 15124, TPR[ HumanFC: 0.595 ], TNR[ HumanFC: 0.962 ], roc[ HumanFC: 0.886 ], accuracy[ HumanFC: 0.863 ]
12/18 12:48:51 AM | TRAINING: Epoch: 5, Batch: 1550/1743, Loss: 0.320, perc_uncertainty: 0.064, nOnes_target: 19282, nOnes_pred: 13478, TPR[ HumanFC: 0.598 ], TNR[ HumanFC: 0.964 ], roc[ HumanFC: 0.887 ], accuracy[ HumanFC: 0.879 ]
12/18 12:49:33 AM | TRAINING: Epoch: 5, Batch: 1600/1743, Loss: 0.320, perc_uncertainty: 0.058, nOnes_target: 17268, nOnes_pred: 11837, TPR[ HumanFC: 0.554 ], TNR[ HumanFC: 0.960 ], roc[ HumanFC: 0.873 ], accuracy[ HumanFC: 0.883 ]
12/18 12:50:16 AM | TRAINING: Epoch: 5, Batch: 1650/1743, Loss: 0.318, perc_uncertainty: 0.066, nOnes_target: 20571, nOnes_pred: 14299, TPR[ HumanFC: 0.598 ], TNR[ HumanFC: 0.962 ], roc[ HumanFC: 0.907 ], accuracy[ HumanFC: 0.879 ]
12/18 12:50:58 AM | TRAINING: Epoch: 5, Batch: 1700/1743, Loss: 0.350, perc_uncertainty: 0.073, nOnes_target: 18622, nOnes_pred: 13304, TPR[ HumanFC: 0.555 ], TNR[ HumanFC: 0.946 ], roc[ HumanFC: 0.860 ], accuracy[ HumanFC: 0.848 ]
12/18 12:51:34 AM | TRAINING: Epoch: 5, Batch: 1743/1743, Loss: 0.294, perc_uncertainty: 0.076, nOnes_target: 8207, nOnes_pred: 7041, TPR[ HumanFC: 0.640 ], TNR[ HumanFC: 0.943 ], roc[ HumanFC: 0.884 ], accuracy[ HumanFC: 0.912 ]
12/18 12:51:35 AM | VALIDATION: Epoch: 5, Batch: 0/170, Loss: 0.473, perc_uncertainty: 0.097, nOnes_target: 20287, nOnes_pred: 15988, TPR[ HumanFC: 0.518 ], TNR[ HumanFC: 0.898 ], roc[ HumanFC: 0.798 ], accuracy[ HumanFC: 0.777 ]
12/18 12:52:04 AM | VALIDATION: Epoch: 5, Batch: 50/170, Loss: 0.319, perc_uncertainty: 0.087, nOnes_target: 12684, nOnes_pred: 9078, TPR[ HumanFC: 0.453 ], TNR[ HumanFC: 0.945 ], roc[ HumanFC: 0.806 ], accuracy[ HumanFC: 0.850 ]
12/18 12:52:33 AM | VALIDATION: Epoch: 5, Batch: 100/170, Loss: 0.427, perc_uncertainty: 0.112, nOnes_target: 24010, nOnes_pred: 18189, TPR[ HumanFC: 0.573 ], TNR[ HumanFC: 0.911 ], roc[ HumanFC: 0.835 ], accuracy[ HumanFC: 0.793 ]
12/18 12:53:01 AM | VALIDATION: Epoch: 5, Batch: 150/170, Loss: 0.367, perc_uncertainty: 0.071, nOnes_target: 24015, nOnes_pred: 14054, TPR[ HumanFC: 0.544 ], TNR[ HumanFC: 0.980 ], roc[ HumanFC: 0.928 ], accuracy[ HumanFC: 0.848 ]
12/18 12:53:12 AM | VALIDATION: Epoch: 5, Batch: 170/170, Loss: 0.564, perc_uncertainty: 0.085, nOnes_target: 18710, nOnes_pred: 11603, TPR[ HumanFC: 0.567 ], TNR[ HumanFC: 0.943 ], roc[ HumanFC: 0.896 ], accuracy[ HumanFC: 0.754 ]
12/18 12:53:15 AM | TRAINING: Epoch: 6, Batch: 0/1743, Loss: 0.299, perc_uncertainty: 0.072, nOnes_target: 17719, nOnes_pred: 13655, TPR[ HumanFC: 0.641 ], TNR[ HumanFC: 0.959 ], roc[ HumanFC: 0.888 ], accuracy[ HumanFC: 0.898 ]
12/18 12:53:57 AM | TRAINING: Epoch: 6, Batch: 50/1743, Loss: 0.274, perc_uncertainty: 0.066, nOnes_target: 19675, nOnes_pred: 15094, TPR[ HumanFC: 0.670 ], TNR[ HumanFC: 0.965 ], roc[ HumanFC: 0.932 ], accuracy[ HumanFC: 0.891 ]
12/18 12:54:39 AM | TRAINING: Epoch: 6, Batch: 100/1743, Loss: 0.293, perc_uncertainty: 0.060, nOnes_target: 18333, nOnes_pred: 15446, TPR[ HumanFC: 0.674 ], TNR[ HumanFC: 0.944 ], roc[ HumanFC: 0.904 ], accuracy[ HumanFC: 0.891 ]
12/18 12:55:21 AM | TRAINING: Epoch: 6, Batch: 150/1743, Loss: 0.303, perc_uncertainty: 0.068, nOnes_target: 18438, nOnes_pred: 15169, TPR[ HumanFC: 0.656 ], TNR[ HumanFC: 0.944 ], roc[ HumanFC: 0.901 ], accuracy[ HumanFC: 0.881 ]
12/18 12:56:04 AM | TRAINING: Epoch: 6, Batch: 200/1743, Loss: 0.307, perc_uncertainty: 0.056, nOnes_target: 19313, nOnes_pred: 14438, TPR[ HumanFC: 0.625 ], TNR[ HumanFC: 0.957 ], roc[ HumanFC: 0.907 ], accuracy[ HumanFC: 0.887 ]
12/18 12:56:46 AM | TRAINING: Epoch: 6, Batch: 250/1743, Loss: 0.302, perc_uncertainty: 0.059, nOnes_target: 19470, nOnes_pred: 14349, TPR[ HumanFC: 0.628 ], TNR[ HumanFC: 0.961 ], roc[ HumanFC: 0.905 ], accuracy[ HumanFC: 0.891 ]
12/18 12:57:28 AM | TRAINING: Epoch: 6, Batch: 300/1743, Loss: 0.263, perc_uncertainty: 0.053, nOnes_target: 18647, nOnes_pred: 14538, TPR[ HumanFC: 0.684 ], TNR[ HumanFC: 0.967 ], roc[ HumanFC: 0.921 ], accuracy[ HumanFC: 0.914 ]
12/18 12:58:11 AM | TRAINING: Epoch: 6, Batch: 350/1743, Loss: 0.289, perc_uncertainty: 0.061, nOnes_target: 17515, nOnes_pred: 13679, TPR[ HumanFC: 0.644 ], TNR[ HumanFC: 0.957 ], roc[ HumanFC: 0.904 ], accuracy[ HumanFC: 0.898 ]
12/18 12:58:53 AM | TRAINING: Epoch: 6, Batch: 400/1743, Loss: 0.309, perc_uncertainty: 0.062, nOnes_target: 20889, nOnes_pred: 14774, TPR[ HumanFC: 0.610 ], TNR[ HumanFC: 0.962 ], roc[ HumanFC: 0.917 ], accuracy[ HumanFC: 0.871 ]
12/18 12:59:35 AM | TRAINING: Epoch: 6, Batch: 450/1743, Loss: 0.283, perc_uncertainty: 0.060, nOnes_target: 17293, nOnes_pred: 14672, TPR[ HumanFC: 0.674 ], TNR[ HumanFC: 0.947 ], roc[ HumanFC: 0.918 ], accuracy[ HumanFC: 0.893 ]
12/18 01:00:18 AM | TRAINING: Epoch: 6, Batch: 500/1743, Loss: 0.277, perc_uncertainty: 0.059, nOnes_target: 18015, nOnes_pred: 14113, TPR[ HumanFC: 0.656 ], TNR[ HumanFC: 0.959 ], roc[ HumanFC: 0.915 ], accuracy[ HumanFC: 0.902 ]
12/18 01:01:00 AM | TRAINING: Epoch: 6, Batch: 550/1743, Loss: 0.279, perc_uncertainty: 0.055, nOnes_target: 19997, nOnes_pred: 15679, TPR[ HumanFC: 0.679 ], TNR[ HumanFC: 0.961 ], roc[ HumanFC: 0.922 ], accuracy[ HumanFC: 0.898 ]
12/18 01:01:42 AM | TRAINING: Epoch: 6, Batch: 600/1743, Loss: 0.275, perc_uncertainty: 0.054, nOnes_target: 21432, nOnes_pred: 15768, TPR[ HumanFC: 0.668 ], TNR[ HumanFC: 0.972 ], roc[ HumanFC: 0.936 ], accuracy[ HumanFC: 0.898 ]
12/18 01:02:25 AM | TRAINING: Epoch: 6, Batch: 650/1743, Loss: 0.292, perc_uncertainty: 0.055, nOnes_target: 19834, nOnes_pred: 15026, TPR[ HumanFC: 0.656 ], TNR[ HumanFC: 0.963 ], roc[ HumanFC: 0.909 ], accuracy[ HumanFC: 0.895 ]
12/18 01:03:07 AM | TRAINING: Epoch: 6, Batch: 700/1743, Loss: 0.273, perc_uncertainty: 0.055, nOnes_target: 17767, nOnes_pred: 14993, TPR[ HumanFC: 0.692 ], TNR[ HumanFC: 0.952 ], roc[ HumanFC: 0.924 ], accuracy[ HumanFC: 0.902 ]
12/18 01:03:49 AM | TRAINING: Epoch: 6, Batch: 750/1743, Loss: 0.290, perc_uncertainty: 0.049, nOnes_target: 17596, nOnes_pred: 13749, TPR[ HumanFC: 0.651 ], TNR[ HumanFC: 0.959 ], roc[ HumanFC: 0.887 ], accuracy[ HumanFC: 0.904 ]
12/18 01:04:32 AM | TRAINING: Epoch: 6, Batch: 800/1743, Loss: 0.286, perc_uncertainty: 0.055, nOnes_target: 19882, nOnes_pred: 15218, TPR[ HumanFC: 0.667 ], TNR[ HumanFC: 0.964 ], roc[ HumanFC: 0.911 ], accuracy[ HumanFC: 0.898 ]
12/18 01:05:14 AM | TRAINING: Epoch: 6, Batch: 850/1743, Loss: 0.288, perc_uncertainty: 0.056, nOnes_target: 19641, nOnes_pred: 15367, TPR[ HumanFC: 0.668 ], TNR[ HumanFC: 0.958 ], roc[ HumanFC: 0.921 ], accuracy[ HumanFC: 0.887 ]
12/18 01:05:56 AM | TRAINING: Epoch: 6, Batch: 900/1743, Loss: 0.284, perc_uncertainty: 0.062, nOnes_target: 18343, nOnes_pred: 14852, TPR[ HumanFC: 0.670 ], TNR[ HumanFC: 0.954 ], roc[ HumanFC: 0.914 ], accuracy[ HumanFC: 0.895 ]
12/18 01:06:38 AM | TRAINING: Epoch: 6, Batch: 950/1743, Loss: 0.289, perc_uncertainty: 0.058, nOnes_target: 19528, nOnes_pred: 15416, TPR[ HumanFC: 0.672 ], TNR[ HumanFC: 0.958 ], roc[ HumanFC: 0.915 ], accuracy[ HumanFC: 0.891 ]
12/18 01:07:20 AM | TRAINING: Epoch: 6, Batch: 1000/1743, Loss: 0.312, perc_uncertainty: 0.059, nOnes_target: 19519, nOnes_pred: 15204, TPR[ HumanFC: 0.641 ], TNR[ HumanFC: 0.950 ], roc[ HumanFC: 0.902 ], accuracy[ HumanFC: 0.871 ]
12/18 01:08:03 AM | TRAINING: Epoch: 6, Batch: 1050/1743, Loss: 0.314, perc_uncertainty: 0.057, nOnes_target: 18028, nOnes_pred: 14028, TPR[ HumanFC: 0.631 ], TNR[ HumanFC: 0.952 ], roc[ HumanFC: 0.891 ], accuracy[ HumanFC: 0.891 ]
12/18 01:08:45 AM | TRAINING: Epoch: 6, Batch: 1100/1743, Loss: 0.301, perc_uncertainty: 0.061, nOnes_target: 20418, nOnes_pred: 15244, TPR[ HumanFC: 0.649 ], TNR[ HumanFC: 0.963 ], roc[ HumanFC: 0.905 ], accuracy[ HumanFC: 0.883 ]
12/18 01:09:27 AM | TRAINING: Epoch: 6, Batch: 1150/1743, Loss: 0.262, perc_uncertainty: 0.057, nOnes_target: 18262, nOnes_pred: 14916, TPR[ HumanFC: 0.687 ], TNR[ HumanFC: 0.957 ], roc[ HumanFC: 0.930 ], accuracy[ HumanFC: 0.910 ]
12/18 01:10:10 AM | TRAINING: Epoch: 6, Batch: 1200/1743, Loss: 0.284, perc_uncertainty: 0.052, nOnes_target: 17984, nOnes_pred: 13420, TPR[ HumanFC: 0.642 ], TNR[ HumanFC: 0.966 ], roc[ HumanFC: 0.903 ], accuracy[ HumanFC: 0.902 ]
12/18 01:10:47 AM | TRAINING: Epoch: 6, Batch: 1250/1743, Loss: 0.286, perc_uncertainty: 0.060, nOnes_target: 18421, nOnes_pred: 14991, TPR[ HumanFC: 0.674 ], TNR[ HumanFC: 0.954 ], roc[ HumanFC: 0.915 ], accuracy[ HumanFC: 0.896 ]
12/18 01:11:23 AM | TRAINING: Epoch: 6, Batch: 1300/1743, Loss: 0.251, perc_uncertainty: 0.053, nOnes_target: 17194, nOnes_pred: 14686, TPR[ HumanFC: 0.718 ], TNR[ HumanFC: 0.959 ], roc[ HumanFC: 0.932 ], accuracy[ HumanFC: 0.918 ]
12/18 01:11:59 AM | TRAINING: Epoch: 6, Batch: 1350/1743, Loss: 0.298, perc_uncertainty: 0.051, nOnes_target: 20794, nOnes_pred: 16146, TPR[ HumanFC: 0.677 ], TNR[ HumanFC: 0.961 ], roc[ HumanFC: 0.908 ], accuracy[ HumanFC: 0.891 ]
12/18 01:12:39 AM | TRAINING: Epoch: 6, Batch: 1400/1743, Loss: 0.264, perc_uncertainty: 0.058, nOnes_target: 18554, nOnes_pred: 15615, TPR[ HumanFC: 0.702 ], TNR[ HumanFC: 0.953 ], roc[ HumanFC: 0.928 ], accuracy[ HumanFC: 0.898 ]
12/18 01:13:21 AM | TRAINING: Epoch: 6, Batch: 1450/1743, Loss: 0.265, perc_uncertainty: 0.053, nOnes_target: 15036, nOnes_pred: 13534, TPR[ HumanFC: 0.690 ], TNR[ HumanFC: 0.946 ], roc[ HumanFC: 0.914 ], accuracy[ HumanFC: 0.914 ]
12/18 01:14:03 AM | TRAINING: Epoch: 6, Batch: 1500/1743, Loss: 0.276, perc_uncertainty: 0.057, nOnes_target: 17759, nOnes_pred: 13874, TPR[ HumanFC: 0.661 ], TNR[ HumanFC: 0.962 ], roc[ HumanFC: 0.915 ], accuracy[ HumanFC: 0.906 ]
12/18 01:14:46 AM | TRAINING: Epoch: 6, Batch: 1550/1743, Loss: 0.280, perc_uncertainty: 0.056, nOnes_target: 19345, nOnes_pred: 15407, TPR[ HumanFC: 0.679 ], TNR[ HumanFC: 0.958 ], roc[ HumanFC: 0.918 ], accuracy[ HumanFC: 0.891 ]
12/18 01:15:28 AM | TRAINING: Epoch: 6, Batch: 1600/1743, Loss: 0.282, perc_uncertainty: 0.053, nOnes_target: 19989, nOnes_pred: 15240, TPR[ HumanFC: 0.667 ], TNR[ HumanFC: 0.965 ], roc[ HumanFC: 0.914 ], accuracy[ HumanFC: 0.902 ]
12/18 01:16:10 AM | TRAINING: Epoch: 6, Batch: 1650/1743, Loss: 0.284, perc_uncertainty: 0.051, nOnes_target: 20135, nOnes_pred: 16193, TPR[ HumanFC: 0.688 ], TNR[ HumanFC: 0.956 ], roc[ HumanFC: 0.924 ], accuracy[ HumanFC: 0.891 ]
12/18 01:16:52 AM | TRAINING: Epoch: 6, Batch: 1700/1743, Loss: 0.275, perc_uncertainty: 0.049, nOnes_target: 19388, nOnes_pred: 15769, TPR[ HumanFC: 0.698 ], TNR[ HumanFC: 0.959 ], roc[ HumanFC: 0.919 ], accuracy[ HumanFC: 0.902 ]
12/18 01:17:28 AM | TRAINING: Epoch: 6, Batch: 1743/1743, Loss: 0.284, perc_uncertainty: 0.053, nOnes_target: 10597, nOnes_pred: 8465, TPR[ HumanFC: 0.670 ], TNR[ HumanFC: 0.953 ], roc[ HumanFC: 0.930 ], accuracy[ HumanFC: 0.887 ]
12/18 01:17:29 AM | VALIDATION: Epoch: 6, Batch: 0/170, Loss: 0.480, perc_uncertainty: 0.078, nOnes_target: 20287, nOnes_pred: 21445, TPR[ HumanFC: 0.667 ], TNR[ HumanFC: 0.852 ], roc[ HumanFC: 0.835 ], accuracy[ HumanFC: 0.795 ]
12/18 01:17:58 AM | VALIDATION: Epoch: 6, Batch: 50/170, Loss: 0.375, perc_uncertainty: 0.048, nOnes_target: 12684, nOnes_pred: 9274, TPR[ HumanFC: 0.415 ], TNR[ HumanFC: 0.934 ], roc[ HumanFC: 0.742 ], accuracy[ HumanFC: 0.844 ]
12/18 01:18:28 AM | VALIDATION: Epoch: 6, Batch: 100/170, Loss: 0.487, perc_uncertainty: 0.073, nOnes_target: 24010, nOnes_pred: 19771, TPR[ HumanFC: 0.580 ], TNR[ HumanFC: 0.883 ], roc[ HumanFC: 0.832 ], accuracy[ HumanFC: 0.771 ]
12/18 01:18:57 AM | VALIDATION: Epoch: 6, Batch: 150/170, Loss: 0.370, perc_uncertainty: 0.049, nOnes_target: 24015, nOnes_pred: 14550, TPR[ HumanFC: 0.564 ], TNR[ HumanFC: 0.980 ], roc[ HumanFC: 0.916 ], accuracy[ HumanFC: 0.848 ]
12/18 01:19:08 AM | VALIDATION: Epoch: 6, Batch: 170/170, Loss: 0.607, perc_uncertainty: 0.056, nOnes_target: 18710, nOnes_pred: 12856, TPR[ HumanFC: 0.610 ], TNR[ HumanFC: 0.917 ], roc[ HumanFC: 0.874 ], accuracy[ HumanFC: 0.762 ]
12/18 01:19:11 AM | TRAINING: Epoch: 7, Batch: 0/1743, Loss: 0.258, perc_uncertainty: 0.052, nOnes_target: 18887, nOnes_pred: 14680, TPR[ HumanFC: 0.684 ], TNR[ HumanFC: 0.968 ], roc[ HumanFC: 0.934 ], accuracy[ HumanFC: 0.914 ]
12/18 01:19:53 AM | TRAINING: Epoch: 7, Batch: 50/1743, Loss: 0.285, perc_uncertainty: 0.051, nOnes_target: 19210, nOnes_pred: 15884, TPR[ HumanFC: 0.690 ], TNR[ HumanFC: 0.952 ], roc[ HumanFC: 0.914 ], accuracy[ HumanFC: 0.902 ]
12/18 01:20:36 AM | TRAINING: Epoch: 7, Batch: 100/1743, Loss: 0.257, perc_uncertainty: 0.046, nOnes_target: 20291, nOnes_pred: 16336, TPR[ HumanFC: 0.713 ], TNR[ HumanFC: 0.965 ], roc[ HumanFC: 0.933 ], accuracy[ HumanFC: 0.906 ]
12/18 01:21:18 AM | TRAINING: Epoch: 7, Batch: 150/1743, Loss: 0.262, perc_uncertainty: 0.052, nOnes_target: 16354, nOnes_pred: 15099, TPR[ HumanFC: 0.723 ], TNR[ HumanFC: 0.943 ], roc[ HumanFC: 0.923 ], accuracy[ HumanFC: 0.906 ]
12/18 01:22:00 AM | TRAINING: Epoch: 7, Batch: 200/1743, Loss: 0.237, perc_uncertainty: 0.049, nOnes_target: 17970, nOnes_pred: 14773, TPR[ HumanFC: 0.719 ], TNR[ HumanFC: 0.967 ], roc[ HumanFC: 0.934 ], accuracy[ HumanFC: 0.922 ]
12/18 01:22:43 AM | TRAINING: Epoch: 7, Batch: 250/1743, Loss: 0.253, perc_uncertainty: 0.059, nOnes_target: 15461, nOnes_pred: 14589, TPR[ HumanFC: 0.732 ], TNR[ HumanFC: 0.944 ], roc[ HumanFC: 0.920 ], accuracy[ HumanFC: 0.918 ]
12/18 01:23:25 AM | TRAINING: Epoch: 7, Batch: 300/1743, Loss: 0.252, perc_uncertainty: 0.050, nOnes_target: 18494, nOnes_pred: 15185, TPR[ HumanFC: 0.712 ], TNR[ HumanFC: 0.963 ], roc[ HumanFC: 0.929 ], accuracy[ HumanFC: 0.910 ]
12/18 01:24:07 AM | TRAINING: Epoch: 7, Batch: 350/1743, Loss: 0.245, perc_uncertainty: 0.046, nOnes_target: 18828, nOnes_pred: 15607, TPR[ HumanFC: 0.724 ], TNR[ HumanFC: 0.964 ], roc[ HumanFC: 0.936 ], accuracy[ HumanFC: 0.910 ]
12/18 01:24:50 AM | TRAINING: Epoch: 7, Batch: 400/1743, Loss: 0.246, perc_uncertainty: 0.047, nOnes_target: 17224, nOnes_pred: 14361, TPR[ HumanFC: 0.713 ], TNR[ HumanFC: 0.963 ], roc[ HumanFC: 0.927 ], accuracy[ HumanFC: 0.916 ]
12/18 01:25:32 AM | TRAINING: Epoch: 7, Batch: 450/1743, Loss: 0.257, perc_uncertainty: 0.050, nOnes_target: 17054, nOnes_pred: 15109, TPR[ HumanFC: 0.720 ], TNR[ HumanFC: 0.950 ], roc[ HumanFC: 0.929 ], accuracy[ HumanFC: 0.918 ]
12/18 01:26:14 AM | TRAINING: Epoch: 7, Batch: 500/1743, Loss: 0.268, perc_uncertainty: 0.045, nOnes_target: 22174, nOnes_pred: 16771, TPR[ HumanFC: 0.696 ], TNR[ HumanFC: 0.974 ], roc[ HumanFC: 0.940 ], accuracy[ HumanFC: 0.906 ]
12/18 01:26:57 AM | TRAINING: Epoch: 7, Batch: 550/1743, Loss: 0.258, perc_uncertainty: 0.046, nOnes_target: 18332, nOnes_pred: 15479, TPR[ HumanFC: 0.711 ], TNR[ HumanFC: 0.956 ], roc[ HumanFC: 0.936 ], accuracy[ HumanFC: 0.906 ]
12/18 01:27:39 AM | TRAINING: Epoch: 7, Batch: 600/1743, Loss: 0.237, perc_uncertainty: 0.045, nOnes_target: 20167, nOnes_pred: 15673, TPR[ HumanFC: 0.713 ], TNR[ HumanFC: 0.976 ], roc[ HumanFC: 0.950 ], accuracy[ HumanFC: 0.918 ]
12/18 01:28:21 AM | TRAINING: Epoch: 7, Batch: 650/1743, Loss: 0.245, perc_uncertainty: 0.048, nOnes_target: 18656, nOnes_pred: 16504, TPR[ HumanFC: 0.749 ], TNR[ HumanFC: 0.954 ], roc[ HumanFC: 0.943 ], accuracy[ HumanFC: 0.910 ]
12/18 01:29:03 AM | TRAINING: Epoch: 7, Batch: 700/1743, Loss: 0.255, perc_uncertainty: 0.049, nOnes_target: 17331, nOnes_pred: 14678, TPR[ HumanFC: 0.708 ], TNR[ HumanFC: 0.957 ], roc[ HumanFC: 0.923 ], accuracy[ HumanFC: 0.906 ]
12/18 01:29:45 AM | TRAINING: Epoch: 7, Batch: 750/1743, Loss: 0.232, perc_uncertainty: 0.045, nOnes_target: 19549, nOnes_pred: 15972, TPR[ HumanFC: 0.735 ], TNR[ HumanFC: 0.971 ], roc[ HumanFC: 0.941 ], accuracy[ HumanFC: 0.926 ]
12/18 01:30:28 AM | TRAINING: Epoch: 7, Batch: 800/1743, Loss: 0.257, perc_uncertainty: 0.043, nOnes_target: 18573, nOnes_pred: 15316, TPR[ HumanFC: 0.708 ], TNR[ HumanFC: 0.961 ], roc[ HumanFC: 0.928 ], accuracy[ HumanFC: 0.912 ]
12/18 01:31:10 AM | TRAINING: Epoch: 7, Batch: 850/1743, Loss: 0.240, perc_uncertainty: 0.050, nOnes_target: 18581, nOnes_pred: 15184, TPR[ HumanFC: 0.716 ], TNR[ HumanFC: 0.966 ], roc[ HumanFC: 0.943 ], accuracy[ HumanFC: 0.914 ]
12/18 01:31:52 AM | TRAINING: Epoch: 7, Batch: 900/1743, Loss: 0.226, perc_uncertainty: 0.043, nOnes_target: 16128, nOnes_pred: 14471, TPR[ HumanFC: 0.748 ], TNR[ HumanFC: 0.958 ], roc[ HumanFC: 0.931 ], accuracy[ HumanFC: 0.930 ]
12/18 01:32:35 AM | TRAINING: Epoch: 7, Batch: 950/1743, Loss: 0.237, perc_uncertainty: 0.046, nOnes_target: 17343, nOnes_pred: 14729, TPR[ HumanFC: 0.727 ], TNR[ HumanFC: 0.962 ], roc[ HumanFC: 0.939 ], accuracy[ HumanFC: 0.922 ]
12/18 01:33:17 AM | TRAINING: Epoch: 7, Batch: 1000/1743, Loss: 0.253, perc_uncertainty: 0.049, nOnes_target: 18119, nOnes_pred: 15621, TPR[ HumanFC: 0.723 ], TNR[ HumanFC: 0.955 ], roc[ HumanFC: 0.933 ], accuracy[ HumanFC: 0.902 ]
12/18 01:33:59 AM | TRAINING: Epoch: 7, Batch: 1050/1743, Loss: 0.251, perc_uncertainty: 0.042, nOnes_target: 18271, nOnes_pred: 15063, TPR[ HumanFC: 0.711 ], TNR[ HumanFC: 0.962 ], roc[ HumanFC: 0.929 ], accuracy[ HumanFC: 0.914 ]
12/18 01:34:42 AM | TRAINING: Epoch: 7, Batch: 1100/1743, Loss: 0.248, perc_uncertainty: 0.047, nOnes_target: 17601, nOnes_pred: 15281, TPR[ HumanFC: 0.727 ], TNR[ HumanFC: 0.956 ], roc[ HumanFC: 0.935 ], accuracy[ HumanFC: 0.908 ]
12/18 01:35:24 AM | TRAINING: Epoch: 7, Batch: 1150/1743, Loss: 0.238, perc_uncertainty: 0.039, nOnes_target: 19282, nOnes_pred: 15576, TPR[ HumanFC: 0.723 ], TNR[ HumanFC: 0.970 ], roc[ HumanFC: 0.943 ], accuracy[ HumanFC: 0.922 ]
12/18 01:36:07 AM | TRAINING: Epoch: 7, Batch: 1200/1743, Loss: 0.245, perc_uncertainty: 0.045, nOnes_target: 17211, nOnes_pred: 14792, TPR[ HumanFC: 0.718 ], TNR[ HumanFC: 0.957 ], roc[ HumanFC: 0.938 ], accuracy[ HumanFC: 0.910 ]
12/18 01:36:44 AM | TRAINING: Epoch: 7, Batch: 1250/1743, Loss: 0.246, perc_uncertainty: 0.049, nOnes_target: 18934, nOnes_pred: 16033, TPR[ HumanFC: 0.734 ], TNR[ HumanFC: 0.961 ], roc[ HumanFC: 0.935 ], accuracy[ HumanFC: 0.910 ]
12/18 01:37:21 AM | TRAINING: Epoch: 7, Batch: 1300/1743, Loss: 0.252, perc_uncertainty: 0.050, nOnes_target: 19776, nOnes_pred: 16505, TPR[ HumanFC: 0.724 ], TNR[ HumanFC: 0.960 ], roc[ HumanFC: 0.940 ], accuracy[ HumanFC: 0.906 ]
12/18 01:37:56 AM | TRAINING: Epoch: 7, Batch: 1350/1743, Loss: 0.251, perc_uncertainty: 0.048, nOnes_target: 19365, nOnes_pred: 15702, TPR[ HumanFC: 0.711 ], TNR[ HumanFC: 0.964 ], roc[ HumanFC: 0.934 ], accuracy[ HumanFC: 0.906 ]
12/18 01:38:35 AM | TRAINING: Epoch: 7, Batch: 1400/1743, Loss: 0.258, perc_uncertainty: 0.046, nOnes_target: 19983, nOnes_pred: 16981, TPR[ HumanFC: 0.734 ], TNR[ HumanFC: 0.957 ], roc[ HumanFC: 0.937 ], accuracy[ HumanFC: 0.906 ]
12/18 01:39:17 AM | TRAINING: Epoch: 7, Batch: 1450/1743, Loss: 0.235, perc_uncertainty: 0.046, nOnes_target: 17548, nOnes_pred: 15753, TPR[ HumanFC: 0.751 ], TNR[ HumanFC: 0.954 ], roc[ HumanFC: 0.941 ], accuracy[ HumanFC: 0.922 ]
12/18 01:39:59 AM | TRAINING: Epoch: 7, Batch: 1500/1743, Loss: 0.252, perc_uncertainty: 0.046, nOnes_target: 19624, nOnes_pred: 16397, TPR[ HumanFC: 0.725 ], TNR[ HumanFC: 0.960 ], roc[ HumanFC: 0.939 ], accuracy[ HumanFC: 0.902 ]
12/18 01:40:42 AM | TRAINING: Epoch: 7, Batch: 1550/1743, Loss: 0.238, perc_uncertainty: 0.050, nOnes_target: 16721, nOnes_pred: 14770, TPR[ HumanFC: 0.728 ], TNR[ HumanFC: 0.955 ], roc[ HumanFC: 0.940 ], accuracy[ HumanFC: 0.918 ]
12/18 01:41:24 AM | TRAINING: Epoch: 7, Batch: 1600/1743, Loss: 0.246, perc_uncertainty: 0.050, nOnes_target: 19347, nOnes_pred: 16612, TPR[ HumanFC: 0.740 ], TNR[ HumanFC: 0.958 ], roc[ HumanFC: 0.943 ], accuracy[ HumanFC: 0.906 ]
12/18 01:42:06 AM | TRAINING: Epoch: 7, Batch: 1650/1743, Loss: 0.242, perc_uncertainty: 0.049, nOnes_target: 22032, nOnes_pred: 17437, TPR[ HumanFC: 0.727 ], TNR[ HumanFC: 0.973 ], roc[ HumanFC: 0.952 ], accuracy[ HumanFC: 0.906 ]
12/18 01:42:48 AM | TRAINING: Epoch: 7, Batch: 1700/1743, Loss: 0.266, perc_uncertainty: 0.048, nOnes_target: 22878, nOnes_pred: 16961, TPR[ HumanFC: 0.694 ], TNR[ HumanFC: 0.979 ], roc[ HumanFC: 0.949 ], accuracy[ HumanFC: 0.902 ]
12/18 01:43:25 AM | TRAINING: Epoch: 7, Batch: 1743/1743, Loss: 0.254, perc_uncertainty: 0.057, nOnes_target: 7761, nOnes_pred: 7994, TPR[ HumanFC: 0.755 ], TNR[ HumanFC: 0.933 ], roc[ HumanFC: 0.926 ], accuracy[ HumanFC: 0.905 ]
12/18 01:43:26 AM | VALIDATION: Epoch: 7, Batch: 0/170, Loss: 0.586, perc_uncertainty: 0.072, nOnes_target: 20287, nOnes_pred: 25372, TPR[ HumanFC: 0.738 ], TNR[ HumanFC: 0.805 ], roc[ HumanFC: 0.836 ], accuracy[ HumanFC: 0.777 ]
12/18 01:43:55 AM | VALIDATION: Epoch: 7, Batch: 50/170, Loss: 0.395, perc_uncertainty: 0.051, nOnes_target: 12684, nOnes_pred: 10612, TPR[ HumanFC: 0.458 ], TNR[ HumanFC: 0.921 ], roc[ HumanFC: 0.748 ], accuracy[ HumanFC: 0.836 ]
12/18 01:44:24 AM | VALIDATION: Epoch: 7, Batch: 100/170, Loss: 0.513, perc_uncertainty: 0.070, nOnes_target: 24010, nOnes_pred: 22411, TPR[ HumanFC: 0.647 ], TNR[ HumanFC: 0.862 ], roc[ HumanFC: 0.836 ], accuracy[ HumanFC: 0.785 ]
12/18 01:44:54 AM | VALIDATION: Epoch: 7, Batch: 150/170, Loss: 0.346, perc_uncertainty: 0.046, nOnes_target: 24015, nOnes_pred: 15653, TPR[ HumanFC: 0.609 ], TNR[ HumanFC: 0.979 ], roc[ HumanFC: 0.922 ], accuracy[ HumanFC: 0.871 ]
12/18 01:45:05 AM | VALIDATION: Epoch: 7, Batch: 170/170, Loss: 0.468, perc_uncertainty: 0.049, nOnes_target: 18710, nOnes_pred: 14103, TPR[ HumanFC: 0.706 ], TNR[ HumanFC: 0.949 ], roc[ HumanFC: 0.909 ], accuracy[ HumanFC: 0.833 ]
12/18 01:45:07 AM | TRAINING: Epoch: 8, Batch: 0/1743, Loss: 0.228, perc_uncertainty: 0.048, nOnes_target: 19257, nOnes_pred: 16384, TPR[ HumanFC: 0.750 ], TNR[ HumanFC: 0.964 ], roc[ HumanFC: 0.948 ], accuracy[ HumanFC: 0.918 ]
12/18 01:45:50 AM | TRAINING: Epoch: 8, Batch: 50/1743, Loss: 0.232, perc_uncertainty: 0.052, nOnes_target: 18418, nOnes_pred: 15510, TPR[ HumanFC: 0.731 ], TNR[ HumanFC: 0.963 ], roc[ HumanFC: 0.947 ], accuracy[ HumanFC: 0.910 ]
12/18 01:46:32 AM | TRAINING: Epoch: 8, Batch: 100/1743, Loss: 0.243, perc_uncertainty: 0.045, nOnes_target: 16724, nOnes_pred: 15601, TPR[ HumanFC: 0.749 ], TNR[ HumanFC: 0.946 ], roc[ HumanFC: 0.937 ], accuracy[ HumanFC: 0.910 ]
12/18 01:47:14 AM | TRAINING: Epoch: 8, Batch: 150/1743, Loss: 0.231, perc_uncertainty: 0.044, nOnes_target: 18363, nOnes_pred: 16330, TPR[ HumanFC: 0.760 ], TNR[ HumanFC: 0.957 ], roc[ HumanFC: 0.950 ], accuracy[ HumanFC: 0.918 ]
12/18 01:47:57 AM | TRAINING: Epoch: 8, Batch: 200/1743, Loss: 0.240, perc_uncertainty: 0.045, nOnes_target: 19131, nOnes_pred: 15814, TPR[ HumanFC: 0.730 ], TNR[ HumanFC: 0.966 ], roc[ HumanFC: 0.938 ], accuracy[ HumanFC: 0.914 ]
12/18 01:48:39 AM | TRAINING: Epoch: 8, Batch: 250/1743, Loss: 0.237, perc_uncertainty: 0.047, nOnes_target: 17894, nOnes_pred: 15261, TPR[ HumanFC: 0.731 ], TNR[ HumanFC: 0.961 ], roc[ HumanFC: 0.943 ], accuracy[ HumanFC: 0.914 ]
12/18 01:49:21 AM | TRAINING: Epoch: 8, Batch: 300/1743, Loss: 0.205, perc_uncertainty: 0.040, nOnes_target: 17134, nOnes_pred: 15524, TPR[ HumanFC: 0.784 ], TNR[ HumanFC: 0.963 ], roc[ HumanFC: 0.955 ], accuracy[ HumanFC: 0.934 ]
12/18 01:50:04 AM | TRAINING: Epoch: 8, Batch: 350/1743, Loss: 0.223, perc_uncertainty: 0.039, nOnes_target: 19084, nOnes_pred: 15995, TPR[ HumanFC: 0.751 ], TNR[ HumanFC: 0.969 ], roc[ HumanFC: 0.951 ], accuracy[ HumanFC: 0.926 ]
12/18 01:50:46 AM | TRAINING: Epoch: 8, Batch: 400/1743, Loss: 0.231, perc_uncertainty: 0.046, nOnes_target: 16818, nOnes_pred: 15191, TPR[ HumanFC: 0.753 ], TNR[ HumanFC: 0.956 ], roc[ HumanFC: 0.945 ], accuracy[ HumanFC: 0.918 ]
12/18 01:51:29 AM | TRAINING: Epoch: 8, Batch: 450/1743, Loss: 0.220, perc_uncertainty: 0.043, nOnes_target: 19653, nOnes_pred: 16465, TPR[ HumanFC: 0.754 ], TNR[ HumanFC: 0.970 ], roc[ HumanFC: 0.957 ], accuracy[ HumanFC: 0.926 ]
12/18 01:52:11 AM | TRAINING: Epoch: 8, Batch: 500/1743, Loss: 0.230, perc_uncertainty: 0.051, nOnes_target: 15867, nOnes_pred: 14581, TPR[ HumanFC: 0.746 ], TNR[ HumanFC: 0.953 ], roc[ HumanFC: 0.941 ], accuracy[ HumanFC: 0.924 ]
12/18 01:52:53 AM | TRAINING: Epoch: 8, Batch: 550/1743, Loss: 0.217, perc_uncertainty: 0.048, nOnes_target: 16879, nOnes_pred: 15486, TPR[ HumanFC: 0.768 ], TNR[ HumanFC: 0.956 ], roc[ HumanFC: 0.955 ], accuracy[ HumanFC: 0.922 ]
12/18 01:53:36 AM | TRAINING: Epoch: 8, Batch: 600/1743, Loss: 0.242, perc_uncertainty: 0.042, nOnes_target: 19734, nOnes_pred: 15823, TPR[ HumanFC: 0.719 ], TNR[ HumanFC: 0.970 ], roc[ HumanFC: 0.947 ], accuracy[ HumanFC: 0.914 ]
12/18 01:54:18 AM | TRAINING: Epoch: 8, Batch: 650/1743, Loss: 0.226, perc_uncertainty: 0.041, nOnes_target: 18859, nOnes_pred: 15626, TPR[ HumanFC: 0.741 ], TNR[ HumanFC: 0.970 ], roc[ HumanFC: 0.952 ], accuracy[ HumanFC: 0.926 ]
12/18 01:55:01 AM | TRAINING: Epoch: 8, Batch: 700/1743, Loss: 0.227, perc_uncertainty: 0.045, nOnes_target: 18620, nOnes_pred: 16724, TPR[ HumanFC: 0.769 ], TNR[ HumanFC: 0.956 ], roc[ HumanFC: 0.949 ], accuracy[ HumanFC: 0.914 ]
12/18 01:55:43 AM | TRAINING: Epoch: 8, Batch: 750/1743, Loss: 0.236, perc_uncertainty: 0.046, nOnes_target: 18247, nOnes_pred: 15925, TPR[ HumanFC: 0.742 ], TNR[ HumanFC: 0.957 ], roc[ HumanFC: 0.941 ], accuracy[ HumanFC: 0.918 ]
12/18 01:56:26 AM | TRAINING: Epoch: 8, Batch: 800/1743, Loss: 0.233, perc_uncertainty: 0.045, nOnes_target: 18744, nOnes_pred: 16153, TPR[ HumanFC: 0.746 ], TNR[ HumanFC: 0.961 ], roc[ HumanFC: 0.946 ], accuracy[ HumanFC: 0.918 ]
12/18 01:57:08 AM | TRAINING: Epoch: 8, Batch: 850/1743, Loss: 0.227, perc_uncertainty: 0.041, nOnes_target: 18540, nOnes_pred: 15586, TPR[ HumanFC: 0.739 ], TNR[ HumanFC: 0.966 ], roc[ HumanFC: 0.949 ], accuracy[ HumanFC: 0.918 ]
12/18 01:57:51 AM | TRAINING: Epoch: 8, Batch: 900/1743, Loss: 0.223, perc_uncertainty: 0.048, nOnes_target: 16970, nOnes_pred: 15332, TPR[ HumanFC: 0.758 ], TNR[ HumanFC: 0.956 ], roc[ HumanFC: 0.948 ], accuracy[ HumanFC: 0.924 ]
12/18 01:58:33 AM | TRAINING: Epoch: 8, Batch: 950/1743, Loss: 0.239, perc_uncertainty: 0.049, nOnes_target: 18940, nOnes_pred: 16429, TPR[ HumanFC: 0.743 ], TNR[ HumanFC: 0.957 ], roc[ HumanFC: 0.943 ], accuracy[ HumanFC: 0.914 ]
12/18 01:59:16 AM | TRAINING: Epoch: 8, Batch: 1000/1743, Loss: 0.227, perc_uncertainty: 0.043, nOnes_target: 18968, nOnes_pred: 16712, TPR[ HumanFC: 0.760 ], TNR[ HumanFC: 0.958 ], roc[ HumanFC: 0.951 ], accuracy[ HumanFC: 0.922 ]
12/18 01:59:58 AM | TRAINING: Epoch: 8, Batch: 1050/1743, Loss: 0.251, perc_uncertainty: 0.046, nOnes_target: 16338, nOnes_pred: 15466, TPR[ HumanFC: 0.748 ], TNR[ HumanFC: 0.943 ], roc[ HumanFC: 0.928 ], accuracy[ HumanFC: 0.904 ]
12/18 02:00:40 AM | TRAINING: Epoch: 8, Batch: 1100/1743, Loss: 0.251, perc_uncertainty: 0.041, nOnes_target: 20537, nOnes_pred: 16368, TPR[ HumanFC: 0.719 ], TNR[ HumanFC: 0.970 ], roc[ HumanFC: 0.941 ], accuracy[ HumanFC: 0.910 ]
12/18 02:01:22 AM | TRAINING: Epoch: 8, Batch: 1150/1743, Loss: 0.211, perc_uncertainty: 0.043, nOnes_target: 16946, nOnes_pred: 15674, TPR[ HumanFC: 0.785 ], TNR[ HumanFC: 0.958 ], roc[ HumanFC: 0.954 ], accuracy[ HumanFC: 0.938 ]
12/18 02:02:05 AM | TRAINING: Epoch: 8, Batch: 1200/1743, Loss: 0.227, perc_uncertainty: 0.039, nOnes_target: 17792, nOnes_pred: 15154, TPR[ HumanFC: 0.734 ], TNR[ HumanFC: 0.963 ], roc[ HumanFC: 0.946 ], accuracy[ HumanFC: 0.918 ]
12/18 02:02:43 AM | TRAINING: Epoch: 8, Batch: 1250/1743, Loss: 0.212, perc_uncertainty: 0.044, nOnes_target: 16321, nOnes_pred: 14223, TPR[ HumanFC: 0.752 ], TNR[ HumanFC: 0.966 ], roc[ HumanFC: 0.953 ], accuracy[ HumanFC: 0.930 ]
12/18 02:03:18 AM | TRAINING: Epoch: 8, Batch: 1300/1743, Loss: 0.231, perc_uncertainty: 0.045, nOnes_target: 18153, nOnes_pred: 16384, TPR[ HumanFC: 0.763 ], TNR[ HumanFC: 0.954 ], roc[ HumanFC: 0.948 ], accuracy[ HumanFC: 0.918 ]
12/18 02:03:54 AM | TRAINING: Epoch: 8, Batch: 1350/1743, Loss: 0.228, perc_uncertainty: 0.051, nOnes_target: 16239, nOnes_pred: 14924, TPR[ HumanFC: 0.748 ], TNR[ HumanFC: 0.952 ], roc[ HumanFC: 0.948 ], accuracy[ HumanFC: 0.918 ]
12/18 02:04:33 AM | TRAINING: Epoch: 8, Batch: 1400/1743, Loss: 0.207, perc_uncertainty: 0.038, nOnes_target: 17940, nOnes_pred: 15261, TPR[ HumanFC: 0.756 ], TNR[ HumanFC: 0.969 ], roc[ HumanFC: 0.960 ], accuracy[ HumanFC: 0.928 ]
12/18 02:05:15 AM | TRAINING: Epoch: 8, Batch: 1450/1743, Loss: 0.198, perc_uncertainty: 0.041, nOnes_target: 16717, nOnes_pred: 14858, TPR[ HumanFC: 0.776 ], TNR[ HumanFC: 0.967 ], roc[ HumanFC: 0.962 ], accuracy[ HumanFC: 0.938 ]
12/18 02:05:58 AM | TRAINING: Epoch: 8, Batch: 1500/1743, Loss: 0.218, perc_uncertainty: 0.041, nOnes_target: 17787, nOnes_pred: 16051, TPR[ HumanFC: 0.773 ], TNR[ HumanFC: 0.959 ], roc[ HumanFC: 0.953 ], accuracy[ HumanFC: 0.930 ]
12/18 02:06:40 AM | TRAINING: Epoch: 8, Batch: 1550/1743, Loss: 0.199, perc_uncertainty: 0.041, nOnes_target: 18106, nOnes_pred: 15532, TPR[ HumanFC: 0.770 ], TNR[ HumanFC: 0.971 ], roc[ HumanFC: 0.963 ], accuracy[ HumanFC: 0.938 ]
12/18 02:07:22 AM | TRAINING: Epoch: 8, Batch: 1600/1743, Loss: 0.235, perc_uncertainty: 0.048, nOnes_target: 19272, nOnes_pred: 16282, TPR[ HumanFC: 0.743 ], TNR[ HumanFC: 0.964 ], roc[ HumanFC: 0.944 ], accuracy[ HumanFC: 0.914 ]
12/18 02:08:04 AM | TRAINING: Epoch: 8, Batch: 1650/1743, Loss: 0.228, perc_uncertainty: 0.046, nOnes_target: 17013, nOnes_pred: 16342, TPR[ HumanFC: 0.779 ], TNR[ HumanFC: 0.946 ], roc[ HumanFC: 0.952 ], accuracy[ HumanFC: 0.918 ]
12/18 02:08:46 AM | TRAINING: Epoch: 8, Batch: 1700/1743, Loss: 0.206, perc_uncertainty: 0.042, nOnes_target: 19824, nOnes_pred: 16596, TPR[ HumanFC: 0.768 ], TNR[ HumanFC: 0.975 ], roc[ HumanFC: 0.963 ], accuracy[ HumanFC: 0.930 ]
12/18 02:09:22 AM | TRAINING: Epoch: 8, Batch: 1743/1743, Loss: 0.227, perc_uncertainty: 0.046, nOnes_target: 9748, nOnes_pred: 8453, TPR[ HumanFC: 0.750 ], TNR[ HumanFC: 0.961 ], roc[ HumanFC: 0.951 ], accuracy[ HumanFC: 0.912 ]
12/18 02:09:23 AM | VALIDATION: Epoch: 8, Batch: 0/170, Loss: 0.520, perc_uncertainty: 0.065, nOnes_target: 20287, nOnes_pred: 23234, TPR[ HumanFC: 0.708 ], TNR[ HumanFC: 0.834 ], roc[ HumanFC: 0.846 ], accuracy[ HumanFC: 0.789 ]
12/18 02:09:52 AM | VALIDATION: Epoch: 8, Batch: 50/170, Loss: 0.381, perc_uncertainty: 0.048, nOnes_target: 12684, nOnes_pred: 10264, TPR[ HumanFC: 0.466 ], TNR[ HumanFC: 0.929 ], roc[ HumanFC: 0.750 ], accuracy[ HumanFC: 0.842 ]
12/18 02:10:21 AM | VALIDATION: Epoch: 8, Batch: 100/170, Loss: 0.516, perc_uncertainty: 0.063, nOnes_target: 24010, nOnes_pred: 20106, TPR[ HumanFC: 0.601 ], TNR[ HumanFC: 0.886 ], roc[ HumanFC: 0.831 ], accuracy[ HumanFC: 0.785 ]
12/18 02:10:51 AM | VALIDATION: Epoch: 8, Batch: 150/170, Loss: 0.398, perc_uncertainty: 0.047, nOnes_target: 24015, nOnes_pred: 14324, TPR[ HumanFC: 0.558 ], TNR[ HumanFC: 0.982 ], roc[ HumanFC: 0.909 ], accuracy[ HumanFC: 0.848 ]
12/18 02:11:02 AM | VALIDATION: Epoch: 8, Batch: 170/170, Loss: 0.547, perc_uncertainty: 0.053, nOnes_target: 18710, nOnes_pred: 13309, TPR[ HumanFC: 0.662 ], TNR[ HumanFC: 0.948 ], roc[ HumanFC: 0.894 ], accuracy[ HumanFC: 0.810 ]
12/18 02:11:05 AM | TRAINING: Epoch: 9, Batch: 0/1743, Loss: 0.231, perc_uncertainty: 0.045, nOnes_target: 20621, nOnes_pred: 16827, TPR[ HumanFC: 0.739 ], TNR[ HumanFC: 0.970 ], roc[ HumanFC: 0.955 ], accuracy[ HumanFC: 0.914 ]
12/18 02:11:47 AM | TRAINING: Epoch: 9, Batch: 50/1743, Loss: 0.212, perc_uncertainty: 0.046, nOnes_target: 18960, nOnes_pred: 16265, TPR[ HumanFC: 0.762 ], TNR[ HumanFC: 0.967 ], roc[ HumanFC: 0.960 ], accuracy[ HumanFC: 0.922 ]
12/18 02:12:29 AM | TRAINING: Epoch: 9, Batch: 100/1743, Loss: 0.223, perc_uncertainty: 0.043, nOnes_target: 18117, nOnes_pred: 16589, TPR[ HumanFC: 0.776 ], TNR[ HumanFC: 0.955 ], roc[ HumanFC: 0.951 ], accuracy[ HumanFC: 0.918 ]
12/18 02:13:12 AM | TRAINING: Epoch: 9, Batch: 150/1743, Loss: 0.243, perc_uncertainty: 0.045, nOnes_target: 21332, nOnes_pred: 17072, TPR[ HumanFC: 0.728 ], TNR[ HumanFC: 0.970 ], roc[ HumanFC: 0.950 ], accuracy[ HumanFC: 0.910 ]
12/18 02:13:54 AM | TRAINING: Epoch: 9, Batch: 200/1743, Loss: 0.218, perc_uncertainty: 0.041, nOnes_target: 18916, nOnes_pred: 16518, TPR[ HumanFC: 0.768 ], TNR[ HumanFC: 0.964 ], roc[ HumanFC: 0.956 ], accuracy[ HumanFC: 0.924 ]
12/18 02:14:36 AM | TRAINING: Epoch: 9, Batch: 250/1743, Loss: 0.215, perc_uncertainty: 0.045, nOnes_target: 17380, nOnes_pred: 15379, TPR[ HumanFC: 0.761 ], TNR[ HumanFC: 0.962 ], roc[ HumanFC: 0.950 ], accuracy[ HumanFC: 0.930 ]
12/18 02:15:19 AM | TRAINING: Epoch: 9, Batch: 300/1743, Loss: 0.228, perc_uncertainty: 0.043, nOnes_target: 18030, nOnes_pred: 16383, TPR[ HumanFC: 0.768 ], TNR[ HumanFC: 0.954 ], roc[ HumanFC: 0.950 ], accuracy[ HumanFC: 0.918 ]
12/18 02:16:01 AM | TRAINING: Epoch: 9, Batch: 350/1743, Loss: 0.205, perc_uncertainty: 0.038, nOnes_target: 19065, nOnes_pred: 16585, TPR[ HumanFC: 0.779 ], TNR[ HumanFC: 0.968 ], roc[ HumanFC: 0.961 ], accuracy[ HumanFC: 0.930 ]
12/18 02:16:44 AM | TRAINING: Epoch: 9, Batch: 400/1743, Loss: 0.219, perc_uncertainty: 0.045, nOnes_target: 19786, nOnes_pred: 17268, TPR[ HumanFC: 0.770 ], TNR[ HumanFC: 0.962 ], roc[ HumanFC: 0.955 ], accuracy[ HumanFC: 0.918 ]
12/18 02:17:26 AM | TRAINING: Epoch: 9, Batch: 450/1743, Loss: 0.204, perc_uncertainty: 0.042, nOnes_target: 18766, nOnes_pred: 17004, TPR[ HumanFC: 0.796 ], TNR[ HumanFC: 0.962 ], roc[ HumanFC: 0.963 ], accuracy[ HumanFC: 0.926 ]
12/18 02:18:08 AM | TRAINING: Epoch: 9, Batch: 500/1743, Loss: 0.212, perc_uncertainty: 0.044, nOnes_target: 17529, nOnes_pred: 15771, TPR[ HumanFC: 0.775 ], TNR[ HumanFC: 0.961 ], roc[ HumanFC: 0.955 ], accuracy[ HumanFC: 0.928 ]
12/18 02:18:50 AM | TRAINING: Epoch: 9, Batch: 550/1743, Loss: 0.218, perc_uncertainty: 0.042, nOnes_target: 18078, nOnes_pred: 15917, TPR[ HumanFC: 0.762 ], TNR[ HumanFC: 0.961 ], roc[ HumanFC: 0.956 ], accuracy[ HumanFC: 0.922 ]
12/18 02:19:32 AM | TRAINING: Epoch: 9, Batch: 600/1743, Loss: 0.204, perc_uncertainty: 0.042, nOnes_target: 18418, nOnes_pred: 16135, TPR[ HumanFC: 0.777 ], TNR[ HumanFC: 0.967 ], roc[ HumanFC: 0.961 ], accuracy[ HumanFC: 0.932 ]
12/18 02:20:15 AM | TRAINING: Epoch: 9, Batch: 650/1743, Loss: 0.211, perc_uncertainty: 0.041, nOnes_target: 17957, nOnes_pred: 16121, TPR[ HumanFC: 0.773 ], TNR[ HumanFC: 0.960 ], roc[ HumanFC: 0.953 ], accuracy[ HumanFC: 0.926 ]
12/18 02:20:57 AM | TRAINING: Epoch: 9, Batch: 700/1743, Loss: 0.215, perc_uncertainty: 0.042, nOnes_target: 20013, nOnes_pred: 16578, TPR[ HumanFC: 0.758 ], TNR[ HumanFC: 0.974 ], roc[ HumanFC: 0.956 ], accuracy[ HumanFC: 0.926 ]
12/18 02:21:39 AM | TRAINING: Epoch: 9, Batch: 750/1743, Loss: 0.211, perc_uncertainty: 0.042, nOnes_target: 17983, nOnes_pred: 15754, TPR[ HumanFC: 0.767 ], TNR[ HumanFC: 0.965 ], roc[ HumanFC: 0.958 ], accuracy[ HumanFC: 0.930 ]
12/18 02:22:22 AM | TRAINING: Epoch: 9, Batch: 800/1743, Loss: 0.220, perc_uncertainty: 0.040, nOnes_target: 20841, nOnes_pred: 17143, TPR[ HumanFC: 0.754 ], TNR[ HumanFC: 0.973 ], roc[ HumanFC: 0.959 ], accuracy[ HumanFC: 0.922 ]
12/18 02:23:04 AM | TRAINING: Epoch: 9, Batch: 850/1743, Loss: 0.217, perc_uncertainty: 0.042, nOnes_target: 17534, nOnes_pred: 15842, TPR[ HumanFC: 0.770 ], TNR[ HumanFC: 0.958 ], roc[ HumanFC: 0.950 ], accuracy[ HumanFC: 0.918 ]
12/18 02:23:46 AM | TRAINING: Epoch: 9, Batch: 900/1743, Loss: 0.229, perc_uncertainty: 0.044, nOnes_target: 17385, nOnes_pred: 15947, TPR[ HumanFC: 0.757 ], TNR[ HumanFC: 0.951 ], roc[ HumanFC: 0.949 ], accuracy[ HumanFC: 0.906 ]
12/18 02:24:29 AM | TRAINING: Epoch: 9, Batch: 950/1743, Loss: 0.217, perc_uncertainty: 0.047, nOnes_target: 16644, nOnes_pred: 15147, TPR[ HumanFC: 0.761 ], TNR[ HumanFC: 0.956 ], roc[ HumanFC: 0.953 ], accuracy[ HumanFC: 0.924 ]
12/18 02:25:11 AM | TRAINING: Epoch: 9, Batch: 1000/1743, Loss: 0.228, perc_uncertainty: 0.049, nOnes_target: 16079, nOnes_pred: 14954, TPR[ HumanFC: 0.753 ], TNR[ HumanFC: 0.950 ], roc[ HumanFC: 0.946 ], accuracy[ HumanFC: 0.918 ]
12/18 02:25:53 AM | TRAINING: Epoch: 9, Batch: 1050/1743, Loss: 0.225, perc_uncertainty: 0.046, nOnes_target: 18607, nOnes_pred: 16106, TPR[ HumanFC: 0.753 ], TNR[ HumanFC: 0.962 ], roc[ HumanFC: 0.948 ], accuracy[ HumanFC: 0.918 ]
12/18 02:26:35 AM | TRAINING: Epoch: 9, Batch: 1100/1743, Loss: 0.219, perc_uncertainty: 0.043, nOnes_target: 17690, nOnes_pred: 15399, TPR[ HumanFC: 0.757 ], TNR[ HumanFC: 0.964 ], roc[ HumanFC: 0.947 ], accuracy[ HumanFC: 0.922 ]
12/18 02:27:18 AM | TRAINING: Epoch: 9, Batch: 1150/1743, Loss: 0.217, perc_uncertainty: 0.045, nOnes_target: 16683, nOnes_pred: 15255, TPR[ HumanFC: 0.770 ], TNR[ HumanFC: 0.958 ], roc[ HumanFC: 0.951 ], accuracy[ HumanFC: 0.926 ]
12/18 02:28:00 AM | TRAINING: Epoch: 9, Batch: 1200/1743, Loss: 0.222, perc_uncertainty: 0.041, nOnes_target: 18465, nOnes_pred: 16744, TPR[ HumanFC: 0.774 ], TNR[ HumanFC: 0.956 ], roc[ HumanFC: 0.956 ], accuracy[ HumanFC: 0.918 ]
12/18 02:28:39 AM | TRAINING: Epoch: 9, Batch: 1250/1743, Loss: 0.217, perc_uncertainty: 0.041, nOnes_target: 18861, nOnes_pred: 16177, TPR[ HumanFC: 0.760 ], TNR[ HumanFC: 0.966 ], roc[ HumanFC: 0.952 ], accuracy[ HumanFC: 0.930 ]
12/18 02:29:14 AM | TRAINING: Epoch: 9, Batch: 1300/1743, Loss: 0.217, perc_uncertainty: 0.043, nOnes_target: 19085, nOnes_pred: 16633, TPR[ HumanFC: 0.764 ], TNR[ HumanFC: 0.963 ], roc[ HumanFC: 0.958 ], accuracy[ HumanFC: 0.922 ]
12/18 02:29:50 AM | TRAINING: Epoch: 9, Batch: 1350/1743, Loss: 0.222, perc_uncertainty: 0.043, nOnes_target: 19243, nOnes_pred: 16660, TPR[ HumanFC: 0.760 ], TNR[ HumanFC: 0.963 ], roc[ HumanFC: 0.954 ], accuracy[ HumanFC: 0.918 ]
12/18 02:30:30 AM | TRAINING: Epoch: 9, Batch: 1400/1743, Loss: 0.223, perc_uncertainty: 0.043, nOnes_target: 19436, nOnes_pred: 16235, TPR[ HumanFC: 0.744 ], TNR[ HumanFC: 0.967 ], roc[ HumanFC: 0.955 ], accuracy[ HumanFC: 0.918 ]
12/18 02:31:12 AM | TRAINING: Epoch: 9, Batch: 1450/1743, Loss: 0.215, perc_uncertainty: 0.039, nOnes_target: 19273, nOnes_pred: 16309, TPR[ HumanFC: 0.759 ], TNR[ HumanFC: 0.969 ], roc[ HumanFC: 0.957 ], accuracy[ HumanFC: 0.926 ]
12/18 02:31:54 AM | TRAINING: Epoch: 9, Batch: 1500/1743, Loss: 0.210, perc_uncertainty: 0.040, nOnes_target: 19451, nOnes_pred: 16404, TPR[ HumanFC: 0.761 ], TNR[ HumanFC: 0.970 ], roc[ HumanFC: 0.962 ], accuracy[ HumanFC: 0.926 ]
12/18 02:32:36 AM | TRAINING: Epoch: 9, Batch: 1550/1743, Loss: 0.213, perc_uncertainty: 0.044, nOnes_target: 18828, nOnes_pred: 16164, TPR[ HumanFC: 0.764 ], TNR[ HumanFC: 0.968 ], roc[ HumanFC: 0.954 ], accuracy[ HumanFC: 0.926 ]
12/18 02:33:18 AM | TRAINING: Epoch: 9, Batch: 1600/1743, Loss: 0.198, perc_uncertainty: 0.041, nOnes_target: 19167, nOnes_pred: 16310, TPR[ HumanFC: 0.778 ], TNR[ HumanFC: 0.974 ], roc[ HumanFC: 0.966 ], accuracy[ HumanFC: 0.934 ]
12/18 02:34:00 AM | TRAINING: Epoch: 9, Batch: 1650/1743, Loss: 0.216, perc_uncertainty: 0.039, nOnes_target: 21309, nOnes_pred: 17343, TPR[ HumanFC: 0.758 ], TNR[ HumanFC: 0.977 ], roc[ HumanFC: 0.964 ], accuracy[ HumanFC: 0.924 ]
12/18 02:34:42 AM | TRAINING: Epoch: 9, Batch: 1700/1743, Loss: 0.230, perc_uncertainty: 0.043, nOnes_target: 17567, nOnes_pred: 16318, TPR[ HumanFC: 0.771 ], TNR[ HumanFC: 0.951 ], roc[ HumanFC: 0.945 ], accuracy[ HumanFC: 0.918 ]
12/18 02:35:18 AM | TRAINING: Epoch: 9, Batch: 1743/1743, Loss: 0.242, perc_uncertainty: 0.056, nOnes_target: 7693, nOnes_pred: 8026, TPR[ HumanFC: 0.770 ], TNR[ HumanFC: 0.934 ], roc[ HumanFC: 0.937 ], accuracy[ HumanFC: 0.905 ]
12/18 02:35:19 AM | VALIDATION: Epoch: 9, Batch: 0/170, Loss: 0.547, perc_uncertainty: 0.066, nOnes_target: 20287, nOnes_pred: 24827, TPR[ HumanFC: 0.741 ], TNR[ HumanFC: 0.817 ], roc[ HumanFC: 0.849 ], accuracy[ HumanFC: 0.785 ]
12/18 02:35:48 AM | VALIDATION: Epoch: 9, Batch: 50/170, Loss: 0.397, perc_uncertainty: 0.045, nOnes_target: 12684, nOnes_pred: 10564, TPR[ HumanFC: 0.471 ], TNR[ HumanFC: 0.925 ], roc[ HumanFC: 0.748 ], accuracy[ HumanFC: 0.844 ]
12/18 02:36:17 AM | VALIDATION: Epoch: 9, Batch: 100/170, Loss: 0.530, perc_uncertainty: 0.061, nOnes_target: 24010, nOnes_pred: 21361, TPR[ HumanFC: 0.627 ], TNR[ HumanFC: 0.873 ], roc[ HumanFC: 0.833 ], accuracy[ HumanFC: 0.789 ]
12/18 02:36:46 AM | VALIDATION: Epoch: 9, Batch: 150/170, Loss: 0.385, perc_uncertainty: 0.045, nOnes_target: 24015, nOnes_pred: 14781, TPR[ HumanFC: 0.576 ], TNR[ HumanFC: 0.981 ], roc[ HumanFC: 0.918 ], accuracy[ HumanFC: 0.854 ]
12/18 02:36:57 AM | VALIDATION: Epoch: 9, Batch: 170/170, Loss: 0.541, perc_uncertainty: 0.048, nOnes_target: 18710, nOnes_pred: 13810, TPR[ HumanFC: 0.685 ], TNR[ HumanFC: 0.944 ], roc[ HumanFC: 0.895 ], accuracy[ HumanFC: 0.825 ]
12/18 02:37:00 AM | TRAINING: Epoch: 10, Batch: 0/1743, Loss: 0.211, perc_uncertainty: 0.043, nOnes_target: 16786, nOnes_pred: 15879, TPR[ HumanFC: 0.788 ], TNR[ HumanFC: 0.954 ], roc[ HumanFC: 0.954 ], accuracy[ HumanFC: 0.922 ]
12/18 02:37:41 AM | TRAINING: Epoch: 10, Batch: 50/1743, Loss: 0.215, perc_uncertainty: 0.043, nOnes_target: 17639, nOnes_pred: 16500, TPR[ HumanFC: 0.788 ], TNR[ HumanFC: 0.953 ], roc[ HumanFC: 0.955 ], accuracy[ HumanFC: 0.922 ]
12/18 02:38:24 AM | TRAINING: Epoch: 10, Batch: 100/1743, Loss: 0.228, perc_uncertainty: 0.050, nOnes_target: 17570, nOnes_pred: 15917, TPR[ HumanFC: 0.756 ], TNR[ HumanFC: 0.953 ], roc[ HumanFC: 0.946 ], accuracy[ HumanFC: 0.918 ]
12/18 02:39:06 AM | TRAINING: Epoch: 10, Batch: 150/1743, Loss: 0.216, perc_uncertainty: 0.045, nOnes_target: 20646, nOnes_pred: 17243, TPR[ HumanFC: 0.763 ], TNR[ HumanFC: 0.972 ], roc[ HumanFC: 0.960 ], accuracy[ HumanFC: 0.922 ]
12/18 02:39:48 AM | TRAINING: Epoch: 10, Batch: 200/1743, Loss: 0.194, perc_uncertainty: 0.039, nOnes_target: 18754, nOnes_pred: 15975, TPR[ HumanFC: 0.774 ], TNR[ HumanFC: 0.973 ], roc[ HumanFC: 0.968 ], accuracy[ HumanFC: 0.938 ]
12/18 02:40:30 AM | TRAINING: Epoch: 10, Batch: 250/1743, Loss: 0.214, perc_uncertainty: 0.044, nOnes_target: 18555, nOnes_pred: 16531, TPR[ HumanFC: 0.777 ], TNR[ HumanFC: 0.962 ], roc[ HumanFC: 0.953 ], accuracy[ HumanFC: 0.922 ]
12/18 02:41:12 AM | TRAINING: Epoch: 10, Batch: 300/1743, Loss: 0.210, perc_uncertainty: 0.041, nOnes_target: 17796, nOnes_pred: 16057, TPR[ HumanFC: 0.774 ], TNR[ HumanFC: 0.959 ], roc[ HumanFC: 0.960 ], accuracy[ HumanFC: 0.926 ]
12/18 02:41:54 AM | TRAINING: Epoch: 10, Batch: 350/1743, Loss: 0.224, perc_uncertainty: 0.041, nOnes_target: 20468, nOnes_pred: 16736, TPR[ HumanFC: 0.748 ], TNR[ HumanFC: 0.973 ], roc[ HumanFC: 0.949 ], accuracy[ HumanFC: 0.918 ]
12/18 02:42:36 AM | TRAINING: Epoch: 10, Batch: 400/1743, Loss: 0.222, perc_uncertainty: 0.045, nOnes_target: 16872, nOnes_pred: 15684, TPR[ HumanFC: 0.769 ], TNR[ HumanFC: 0.952 ], roc[ HumanFC: 0.952 ], accuracy[ HumanFC: 0.914 ]
12/18 02:43:18 AM | TRAINING: Epoch: 10, Batch: 450/1743, Loss: 0.221, perc_uncertainty: 0.046, nOnes_target: 18916, nOnes_pred: 16574, TPR[ HumanFC: 0.762 ], TNR[ HumanFC: 0.961 ], roc[ HumanFC: 0.953 ], accuracy[ HumanFC: 0.914 ]
12/18 02:44:01 AM | TRAINING: Epoch: 10, Batch: 500/1743, Loss: 0.224, perc_uncertainty: 0.040, nOnes_target: 18901, nOnes_pred: 16796, TPR[ HumanFC: 0.770 ], TNR[ HumanFC: 0.959 ], roc[ HumanFC: 0.953 ], accuracy[ HumanFC: 0.918 ]
12/18 02:44:43 AM | TRAINING: Epoch: 10, Batch: 550/1743, Loss: 0.225, perc_uncertainty: 0.043, nOnes_target: 20496, nOnes_pred: 16913, TPR[ HumanFC: 0.749 ], TNR[ HumanFC: 0.971 ], roc[ HumanFC: 0.952 ], accuracy[ HumanFC: 0.914 ]
12/18 02:45:25 AM | TRAINING: Epoch: 10, Batch: 600/1743, Loss: 0.201, perc_uncertainty: 0.042, nOnes_target: 18274, nOnes_pred: 16218, TPR[ HumanFC: 0.785 ], TNR[ HumanFC: 0.966 ], roc[ HumanFC: 0.963 ], accuracy[ HumanFC: 0.934 ]
12/18 02:46:07 AM | TRAINING: Epoch: 10, Batch: 650/1743, Loss: 0.220, perc_uncertainty: 0.042, nOnes_target: 19668, nOnes_pred: 16873, TPR[ HumanFC: 0.765 ], TNR[ HumanFC: 0.966 ], roc[ HumanFC: 0.953 ], accuracy[ HumanFC: 0.918 ]
12/18 02:46:49 AM | TRAINING: Epoch: 10, Batch: 700/1743, Loss: 0.203, perc_uncertainty: 0.039, nOnes_target: 18869, nOnes_pred: 16397, TPR[ HumanFC: 0.780 ], TNR[ HumanFC: 0.969 ], roc[ HumanFC: 0.961 ], accuracy[ HumanFC: 0.938 ]
12/18 02:47:32 AM | TRAINING: Epoch: 10, Batch: 750/1743, Loss: 0.238, perc_uncertainty: 0.043, nOnes_target: 18456, nOnes_pred: 16623, TPR[ HumanFC: 0.756 ], TNR[ HumanFC: 0.952 ], roc[ HumanFC: 0.943 ], accuracy[ HumanFC: 0.906 ]
12/18 02:48:14 AM | TRAINING: Epoch: 10, Batch: 800/1743, Loss: 0.220, perc_uncertainty: 0.044, nOnes_target: 20767, nOnes_pred: 17035, TPR[ HumanFC: 0.755 ], TNR[ HumanFC: 0.974 ], roc[ HumanFC: 0.956 ], accuracy[ HumanFC: 0.922 ]
12/18 02:48:56 AM | TRAINING: Epoch: 10, Batch: 850/1743, Loss: 0.219, perc_uncertainty: 0.041, nOnes_target: 18979, nOnes_pred: 15586, TPR[ HumanFC: 0.742 ], TNR[ HumanFC: 0.972 ], roc[ HumanFC: 0.954 ], accuracy[ HumanFC: 0.922 ]
12/18 02:49:38 AM | TRAINING: Epoch: 10, Batch: 900/1743, Loss: 0.232, perc_uncertainty: 0.045, nOnes_target: 19884, nOnes_pred: 16485, TPR[ HumanFC: 0.737 ], TNR[ HumanFC: 0.966 ], roc[ HumanFC: 0.949 ], accuracy[ HumanFC: 0.914 ]
12/18 02:50:20 AM | TRAINING: Epoch: 10, Batch: 950/1743, Loss: 0.207, perc_uncertainty: 0.038, nOnes_target: 18817, nOnes_pred: 17241, TPR[ HumanFC: 0.801 ], TNR[ HumanFC: 0.961 ], roc[ HumanFC: 0.957 ], accuracy[ HumanFC: 0.930 ]
12/18 02:51:02 AM | TRAINING: Epoch: 10, Batch: 1000/1743, Loss: 0.214, perc_uncertainty: 0.044, nOnes_target: 19994, nOnes_pred: 16489, TPR[ HumanFC: 0.753 ], TNR[ HumanFC: 0.973 ], roc[ HumanFC: 0.961 ], accuracy[ HumanFC: 0.918 ]
12/18 02:51:44 AM | TRAINING: Epoch: 10, Batch: 1050/1743, Loss: 0.202, perc_uncertainty: 0.040, nOnes_target: 18898, nOnes_pred: 16085, TPR[ HumanFC: 0.771 ], TNR[ HumanFC: 0.972 ], roc[ HumanFC: 0.964 ], accuracy[ HumanFC: 0.930 ]
12/18 02:52:26 AM | TRAINING: Epoch: 10, Batch: 1100/1743, Loss: 0.211, perc_uncertainty: 0.046, nOnes_target: 17564, nOnes_pred: 15719, TPR[ HumanFC: 0.772 ], TNR[ HumanFC: 0.962 ], roc[ HumanFC: 0.955 ], accuracy[ HumanFC: 0.922 ]
12/18 02:53:09 AM | TRAINING: Epoch: 10, Batch: 1150/1743, Loss: 0.217, perc_uncertainty: 0.048, nOnes_target: 18154, nOnes_pred: 16118, TPR[ HumanFC: 0.764 ], TNR[ HumanFC: 0.959 ], roc[ HumanFC: 0.956 ], accuracy[ HumanFC: 0.922 ]
12/18 02:53:51 AM | TRAINING: Epoch: 10, Batch: 1200/1743, Loss: 0.214, perc_uncertainty: 0.041, nOnes_target: 18184, nOnes_pred: 15934, TPR[ HumanFC: 0.766 ], TNR[ HumanFC: 0.964 ], roc[ HumanFC: 0.957 ], accuracy[ HumanFC: 0.922 ]
12/18 02:54:29 AM | TRAINING: Epoch: 10, Batch: 1250/1743, Loss: 0.217, perc_uncertainty: 0.045, nOnes_target: 19700, nOnes_pred: 16504, TPR[ HumanFC: 0.755 ], TNR[ HumanFC: 0.970 ], roc[ HumanFC: 0.954 ], accuracy[ HumanFC: 0.922 ]
12/18 02:55:04 AM | TRAINING: Epoch: 10, Batch: 1300/1743, Loss: 0.197, perc_uncertainty: 0.038, nOnes_target: 18410, nOnes_pred: 16441, TPR[ HumanFC: 0.793 ], TNR[ HumanFC: 0.967 ], roc[ HumanFC: 0.965 ], accuracy[ HumanFC: 0.930 ]
12/18 02:55:39 AM | TRAINING: Epoch: 10, Batch: 1350/1743, Loss: 0.230, perc_uncertainty: 0.041, nOnes_target: 20986, nOnes_pred: 17527, TPR[ HumanFC: 0.757 ], TNR[ HumanFC: 0.969 ], roc[ HumanFC: 0.951 ], accuracy[ HumanFC: 0.916 ]
12/18 02:56:11 AM | TRAINING: Epoch: 10, Batch: 1400/1743, Loss: 0.225, perc_uncertainty: 0.044, nOnes_target: 20148, nOnes_pred: 17229, TPR[ HumanFC: 0.765 ], TNR[ HumanFC: 0.966 ], roc[ HumanFC: 0.954 ], accuracy[ HumanFC: 0.918 ]
12/18 02:56:41 AM | TRAINING: Epoch: 10, Batch: 1450/1743, Loss: 0.220, perc_uncertainty: 0.043, nOnes_target: 19004, nOnes_pred: 17034, TPR[ HumanFC: 0.775 ], TNR[ HumanFC: 0.958 ], roc[ HumanFC: 0.957 ], accuracy[ HumanFC: 0.914 ]
12/18 02:57:11 AM | TRAINING: Epoch: 10, Batch: 1500/1743, Loss: 0.222, perc_uncertainty: 0.046, nOnes_target: 16783, nOnes_pred: 16093, TPR[ HumanFC: 0.784 ], TNR[ HumanFC: 0.949 ], roc[ HumanFC: 0.949 ], accuracy[ HumanFC: 0.920 ]
12/18 02:57:40 AM | TRAINING: Epoch: 10, Batch: 1550/1743, Loss: 0.222, perc_uncertainty: 0.044, nOnes_target: 15350, nOnes_pred: 14882, TPR[ HumanFC: 0.770 ], TNR[ HumanFC: 0.948 ], roc[ HumanFC: 0.950 ], accuracy[ HumanFC: 0.918 ]
12/18 02:58:10 AM | TRAINING: Epoch: 10, Batch: 1600/1743, Loss: 0.212, perc_uncertainty: 0.042, nOnes_target: 18028, nOnes_pred: 15397, TPR[ HumanFC: 0.755 ], TNR[ HumanFC: 0.968 ], roc[ HumanFC: 0.955 ], accuracy[ HumanFC: 0.926 ]
12/18 02:58:40 AM | TRAINING: Epoch: 10, Batch: 1650/1743, Loss: 0.203, perc_uncertainty: 0.038, nOnes_target: 18620, nOnes_pred: 16487, TPR[ HumanFC: 0.784 ], TNR[ HumanFC: 0.966 ], roc[ HumanFC: 0.962 ], accuracy[ HumanFC: 0.926 ]
12/18 02:59:10 AM | TRAINING: Epoch: 10, Batch: 1700/1743, Loss: 0.216, perc_uncertainty: 0.040, nOnes_target: 20235, nOnes_pred: 16629, TPR[ HumanFC: 0.749 ], TNR[ HumanFC: 0.973 ], roc[ HumanFC: 0.960 ], accuracy[ HumanFC: 0.918 ]
12/18 02:59:35 AM | TRAINING: Epoch: 10, Batch: 1743/1743, Loss: 0.220, perc_uncertainty: 0.038, nOnes_target: 11806, nOnes_pred: 9415, TPR[ HumanFC: 0.753 ], TNR[ HumanFC: 0.981 ], roc[ HumanFC: 0.965 ], accuracy[ HumanFC: 0.920 ]
12/18 02:59:36 AM | VALIDATION: Epoch: 10, Batch: 0/170, Loss: 0.523, perc_uncertainty: 0.065, nOnes_target: 20287, nOnes_pred: 23565, TPR[ HumanFC: 0.719 ], TNR[ HumanFC: 0.832 ], roc[ HumanFC: 0.850 ], accuracy[ HumanFC: 0.793 ]
12/18 03:00:01 AM | VALIDATION: Epoch: 10, Batch: 50/170, Loss: 0.389, perc_uncertainty: 0.045, nOnes_target: 12684, nOnes_pred: 10082, TPR[ HumanFC: 0.461 ], TNR[ HumanFC: 0.931 ], roc[ HumanFC: 0.743 ], accuracy[ HumanFC: 0.850 ]
12/18 03:00:25 AM | VALIDATION: Epoch: 10, Batch: 100/170, Loss: 0.532, perc_uncertainty: 0.059, nOnes_target: 24010, nOnes_pred: 20269, TPR[ HumanFC: 0.600 ], TNR[ HumanFC: 0.882 ], roc[ HumanFC: 0.830 ], accuracy[ HumanFC: 0.781 ]
12/18 03:00:50 AM | VALIDATION: Epoch: 10, Batch: 150/170, Loss: 0.400, perc_uncertainty: 0.045, nOnes_target: 24015, nOnes_pred: 14360, TPR[ HumanFC: 0.560 ], TNR[ HumanFC: 0.981 ], roc[ HumanFC: 0.913 ], accuracy[ HumanFC: 0.848 ]
12/18 03:00:59 AM | VALIDATION: Epoch: 10, Batch: 170/170, Loss: 0.561, perc_uncertainty: 0.049, nOnes_target: 18710, nOnes_pred: 13532, TPR[ HumanFC: 0.670 ], TNR[ HumanFC: 0.943 ], roc[ HumanFC: 0.892 ], accuracy[ HumanFC: 0.810 ]
