12/17 10:38:45 PM | TRAINING: Epoch: 1, Batch: 0/1743, Loss: 2.184, perc_uncertainty: 0.792, nOnes_target: 19816, nOnes_pred: 36760, TPR[ HumanFC: 0.494 ], TNR[ HumanFC: 0.500 ], roc[ HumanFC: 0.494 ], accuracy[ HumanFC: 0.498 ]
12/17 10:39:16 PM | TRAINING: Epoch: 1, Batch: 50/1743, Loss: 2.144, perc_uncertainty: 0.806, nOnes_target: 18119, nOnes_pred: 35564, TPR[ HumanFC: 0.617 ], TNR[ HumanFC: 0.562 ], roc[ HumanFC: 0.644 ], accuracy[ HumanFC: 0.586 ]
12/17 10:39:46 PM | TRAINING: Epoch: 1, Batch: 100/1743, Loss: 2.116, perc_uncertainty: 0.764, nOnes_target: 18345, nOnes_pred: 32933, TPR[ HumanFC: 0.639 ], TNR[ HumanFC: 0.617 ], roc[ HumanFC: 0.694 ], accuracy[ HumanFC: 0.629 ]
12/17 10:40:16 PM | TRAINING: Epoch: 1, Batch: 150/1743, Loss: 2.078, perc_uncertainty: 0.712, nOnes_target: 17783, nOnes_pred: 27790, TPR[ HumanFC: 0.635 ], TNR[ HumanFC: 0.705 ], roc[ HumanFC: 0.744 ], accuracy[ HumanFC: 0.699 ]
12/17 10:40:46 PM | TRAINING: Epoch: 1, Batch: 200/1743, Loss: 2.031, perc_uncertainty: 0.513, nOnes_target: 19036, nOnes_pred: 24876, TPR[ HumanFC: 0.641 ], TNR[ HumanFC: 0.768 ], roc[ HumanFC: 0.778 ], accuracy[ HumanFC: 0.742 ]
12/17 10:41:16 PM | TRAINING: Epoch: 1, Batch: 250/1743, Loss: 2.013, perc_uncertainty: 0.442, nOnes_target: 17285, nOnes_pred: 23441, TPR[ HumanFC: 0.654 ], TNR[ HumanFC: 0.785 ], roc[ HumanFC: 0.803 ], accuracy[ HumanFC: 0.766 ]
12/17 10:41:46 PM | TRAINING: Epoch: 1, Batch: 300/1743, Loss: 1.969, perc_uncertainty: 0.264, nOnes_target: 19598, nOnes_pred: 23833, TPR[ HumanFC: 0.691 ], TNR[ HumanFC: 0.810 ], roc[ HumanFC: 0.828 ], accuracy[ HumanFC: 0.789 ]
12/17 10:42:16 PM | TRAINING: Epoch: 1, Batch: 350/1743, Loss: 1.963, perc_uncertainty: 0.271, nOnes_target: 18498, nOnes_pred: 20902, TPR[ HumanFC: 0.597 ], TNR[ HumanFC: 0.822 ], roc[ HumanFC: 0.785 ], accuracy[ HumanFC: 0.773 ]
12/17 10:42:46 PM | TRAINING: Epoch: 1, Batch: 400/1743, Loss: 1.905, perc_uncertainty: 0.206, nOnes_target: 19640, nOnes_pred: 21009, TPR[ HumanFC: 0.652 ], TNR[ HumanFC: 0.848 ], roc[ HumanFC: 0.829 ], accuracy[ HumanFC: 0.812 ]
12/17 10:43:16 PM | TRAINING: Epoch: 1, Batch: 450/1743, Loss: 1.932, perc_uncertainty: 0.170, nOnes_target: 19808, nOnes_pred: 21123, TPR[ HumanFC: 0.592 ], TNR[ HumanFC: 0.826 ], roc[ HumanFC: 0.801 ], accuracy[ HumanFC: 0.777 ]
12/17 10:43:46 PM | TRAINING: Epoch: 1, Batch: 500/1743, Loss: 1.906, perc_uncertainty: 0.186, nOnes_target: 17807, nOnes_pred: 17711, TPR[ HumanFC: 0.561 ], TNR[ HumanFC: 0.862 ], roc[ HumanFC: 0.800 ], accuracy[ HumanFC: 0.805 ]
12/17 10:44:19 PM | TRAINING: Epoch: 1, Batch: 550/1743, Loss: 1.866, perc_uncertainty: 0.232, nOnes_target: 17709, nOnes_pred: 19600, TPR[ HumanFC: 0.671 ], TNR[ HumanFC: 0.862 ], roc[ HumanFC: 0.825 ], accuracy[ HumanFC: 0.828 ]
12/17 10:45:01 PM | TRAINING: Epoch: 1, Batch: 600/1743, Loss: 1.844, perc_uncertainty: 0.149, nOnes_target: 17757, nOnes_pred: 18815, TPR[ HumanFC: 0.623 ], TNR[ HumanFC: 0.862 ], roc[ HumanFC: 0.812 ], accuracy[ HumanFC: 0.820 ]
12/17 10:45:43 PM | TRAINING: Epoch: 1, Batch: 650/1743, Loss: 1.806, perc_uncertainty: 0.125, nOnes_target: 21235, nOnes_pred: 19879, TPR[ HumanFC: 0.625 ], TNR[ HumanFC: 0.874 ], roc[ HumanFC: 0.844 ], accuracy[ HumanFC: 0.812 ]
12/17 10:46:25 PM | TRAINING: Epoch: 1, Batch: 700/1743, Loss: 1.817, perc_uncertainty: 0.161, nOnes_target: 17094, nOnes_pred: 17941, TPR[ HumanFC: 0.602 ], TNR[ HumanFC: 0.865 ], roc[ HumanFC: 0.818 ], accuracy[ HumanFC: 0.816 ]
12/17 10:47:07 PM | TRAINING: Epoch: 1, Batch: 750/1743, Loss: 1.781, perc_uncertainty: 0.105, nOnes_target: 17837, nOnes_pred: 18502, TPR[ HumanFC: 0.624 ], TNR[ HumanFC: 0.868 ], roc[ HumanFC: 0.851 ], accuracy[ HumanFC: 0.824 ]
12/17 10:47:50 PM | TRAINING: Epoch: 1, Batch: 800/1743, Loss: 1.750, perc_uncertainty: 0.100, nOnes_target: 19666, nOnes_pred: 20046, TPR[ HumanFC: 0.654 ], TNR[ HumanFC: 0.867 ], roc[ HumanFC: 0.858 ], accuracy[ HumanFC: 0.820 ]
12/17 10:48:32 PM | TRAINING: Epoch: 1, Batch: 850/1743, Loss: 1.748, perc_uncertainty: 0.113, nOnes_target: 20425, nOnes_pred: 20225, TPR[ HumanFC: 0.631 ], TNR[ HumanFC: 0.862 ], roc[ HumanFC: 0.834 ], accuracy[ HumanFC: 0.809 ]
12/17 10:49:14 PM | TRAINING: Epoch: 1, Batch: 900/1743, Loss: 1.713, perc_uncertainty: 0.122, nOnes_target: 18525, nOnes_pred: 16803, TPR[ HumanFC: 0.607 ], TNR[ HumanFC: 0.899 ], roc[ HumanFC: 0.833 ], accuracy[ HumanFC: 0.844 ]
12/17 10:49:56 PM | TRAINING: Epoch: 1, Batch: 950/1743, Loss: 1.733, perc_uncertainty: 0.111, nOnes_target: 15819, nOnes_pred: 16527, TPR[ HumanFC: 0.587 ], TNR[ HumanFC: 0.875 ], roc[ HumanFC: 0.792 ], accuracy[ HumanFC: 0.828 ]
12/17 10:50:38 PM | TRAINING: Epoch: 1, Batch: 1000/1743, Loss: 1.688, perc_uncertainty: 0.094, nOnes_target: 18206, nOnes_pred: 16647, TPR[ HumanFC: 0.606 ], TNR[ HumanFC: 0.899 ], roc[ HumanFC: 0.843 ], accuracy[ HumanFC: 0.844 ]
12/17 10:51:20 PM | TRAINING: Epoch: 1, Batch: 1050/1743, Loss: 1.657, perc_uncertainty: 0.115, nOnes_target: 18528, nOnes_pred: 17833, TPR[ HumanFC: 0.660 ], TNR[ HumanFC: 0.898 ], roc[ HumanFC: 0.868 ], accuracy[ HumanFC: 0.855 ]
12/17 10:52:03 PM | TRAINING: Epoch: 1, Batch: 1100/1743, Loss: 1.687, perc_uncertainty: 0.081, nOnes_target: 18767, nOnes_pred: 18216, TPR[ HumanFC: 0.573 ], TNR[ HumanFC: 0.864 ], roc[ HumanFC: 0.805 ], accuracy[ HumanFC: 0.801 ]
12/17 10:52:45 PM | TRAINING: Epoch: 1, Batch: 1150/1743, Loss: 1.649, perc_uncertainty: 0.109, nOnes_target: 18100, nOnes_pred: 15676, TPR[ HumanFC: 0.573 ], TNR[ HumanFC: 0.905 ], roc[ HumanFC: 0.816 ], accuracy[ HumanFC: 0.840 ]
12/17 10:53:26 PM | TRAINING: Epoch: 1, Batch: 1200/1743, Loss: 1.633, perc_uncertainty: 0.089, nOnes_target: 19401, nOnes_pred: 17396, TPR[ HumanFC: 0.595 ], TNR[ HumanFC: 0.892 ], roc[ HumanFC: 0.821 ], accuracy[ HumanFC: 0.824 ]
12/17 10:54:08 PM | TRAINING: Epoch: 1, Batch: 1250/1743, Loss: 1.580, perc_uncertainty: 0.080, nOnes_target: 20340, nOnes_pred: 19008, TPR[ HumanFC: 0.656 ], TNR[ HumanFC: 0.894 ], roc[ HumanFC: 0.872 ], accuracy[ HumanFC: 0.840 ]
12/17 10:54:50 PM | TRAINING: Epoch: 1, Batch: 1300/1743, Loss: 1.588, perc_uncertainty: 0.068, nOnes_target: 16593, nOnes_pred: 15196, TPR[ HumanFC: 0.574 ], TNR[ HumanFC: 0.901 ], roc[ HumanFC: 0.824 ], accuracy[ HumanFC: 0.844 ]
12/17 10:55:32 PM | TRAINING: Epoch: 1, Batch: 1350/1743, Loss: 1.591, perc_uncertainty: 0.109, nOnes_target: 14964, nOnes_pred: 13452, TPR[ HumanFC: 0.516 ], TNR[ HumanFC: 0.903 ], roc[ HumanFC: 0.805 ], accuracy[ HumanFC: 0.842 ]
12/17 10:56:14 PM | TRAINING: Epoch: 1, Batch: 1400/1743, Loss: 1.552, perc_uncertainty: 0.073, nOnes_target: 17742, nOnes_pred: 16144, TPR[ HumanFC: 0.588 ], TNR[ HumanFC: 0.898 ], roc[ HumanFC: 0.843 ], accuracy[ HumanFC: 0.842 ]
12/17 10:56:57 PM | TRAINING: Epoch: 1, Batch: 1450/1743, Loss: 1.531, perc_uncertainty: 0.093, nOnes_target: 19732, nOnes_pred: 16178, TPR[ HumanFC: 0.592 ], TNR[ HumanFC: 0.917 ], roc[ HumanFC: 0.846 ], accuracy[ HumanFC: 0.836 ]
12/17 10:57:39 PM | TRAINING: Epoch: 1, Batch: 1500/1743, Loss: 1.524, perc_uncertainty: 0.078, nOnes_target: 19291, nOnes_pred: 15854, TPR[ HumanFC: 0.586 ], TNR[ HumanFC: 0.916 ], roc[ HumanFC: 0.837 ], accuracy[ HumanFC: 0.844 ]
12/17 10:58:21 PM | TRAINING: Epoch: 1, Batch: 1550/1743, Loss: 1.527, perc_uncertainty: 0.089, nOnes_target: 21413, nOnes_pred: 16798, TPR[ HumanFC: 0.571 ], TNR[ HumanFC: 0.913 ], roc[ HumanFC: 0.822 ], accuracy[ HumanFC: 0.820 ]
12/17 10:59:03 PM | TRAINING: Epoch: 1, Batch: 1600/1743, Loss: 1.525, perc_uncertainty: 0.096, nOnes_target: 19644, nOnes_pred: 14151, TPR[ HumanFC: 0.514 ], TNR[ HumanFC: 0.925 ], roc[ HumanFC: 0.806 ], accuracy[ HumanFC: 0.820 ]
12/17 10:59:45 PM | TRAINING: Epoch: 1, Batch: 1650/1743, Loss: 1.519, perc_uncertainty: 0.076, nOnes_target: 21475, nOnes_pred: 15728, TPR[ HumanFC: 0.521 ], TNR[ HumanFC: 0.913 ], roc[ HumanFC: 0.817 ], accuracy[ HumanFC: 0.805 ]
12/17 11:00:27 PM | TRAINING: Epoch: 1, Batch: 1700/1743, Loss: 1.440, perc_uncertainty: 0.098, nOnes_target: 17193, nOnes_pred: 14022, TPR[ HumanFC: 0.570 ], TNR[ HumanFC: 0.925 ], roc[ HumanFC: 0.869 ], accuracy[ HumanFC: 0.859 ]
12/17 11:01:00 PM | TRAINING: Epoch: 1, Batch: 1743/1743, Loss: 1.465, perc_uncertainty: 0.093, nOnes_target: 9171, nOnes_pred: 7649, TPR[ HumanFC: 0.541 ], TNR[ HumanFC: 0.911 ], roc[ HumanFC: 0.794 ], accuracy[ HumanFC: 0.832 ]
12/17 11:01:01 PM | VALIDATION: Epoch: 1, Batch: 0/170, Loss: 0.722, perc_uncertainty: 0.088, nOnes_target: 20287, nOnes_pred: 31890, TPR[ HumanFC: 0.765 ], TNR[ HumanFC: 0.694 ], roc[ HumanFC: 0.814 ], accuracy[ HumanFC: 0.715 ]
12/17 11:01:31 PM | VALIDATION: Epoch: 1, Batch: 50/170, Loss: 0.485, perc_uncertainty: 0.043, nOnes_target: 12684, nOnes_pred: 12202, TPR[ HumanFC: 0.403 ], TNR[ HumanFC: 0.884 ], roc[ HumanFC: 0.722 ], accuracy[ HumanFC: 0.812 ]
12/17 11:02:00 PM | VALIDATION: Epoch: 1, Batch: 100/170, Loss: 0.555, perc_uncertainty: 0.096, nOnes_target: 24010, nOnes_pred: 26197, TPR[ HumanFC: 0.674 ], TNR[ HumanFC: 0.798 ], roc[ HumanFC: 0.817 ], accuracy[ HumanFC: 0.758 ]
12/17 11:02:28 PM | VALIDATION: Epoch: 1, Batch: 150/170, Loss: 0.340, perc_uncertainty: 0.045, nOnes_target: 24015, nOnes_pred: 17793, TPR[ HumanFC: 0.684 ], TNR[ HumanFC: 0.973 ], roc[ HumanFC: 0.928 ], accuracy[ HumanFC: 0.898 ]
12/17 11:02:40 PM | VALIDATION: Epoch: 1, Batch: 170/170, Loss: 0.390, perc_uncertainty: 0.055, nOnes_target: 18710, nOnes_pred: 15953, TPR[ HumanFC: 0.766 ], TNR[ HumanFC: 0.907 ], roc[ HumanFC: 0.900 ], accuracy[ HumanFC: 0.841 ]
12/17 11:02:41 PM | TRAINING: Epoch: 2, Batch: 0/1743, Loss: 1.438, perc_uncertainty: 0.070, nOnes_target: 18596, nOnes_pred: 13799, TPR[ HumanFC: 0.544 ], TNR[ HumanFC: 0.933 ], roc[ HumanFC: 0.841 ], accuracy[ HumanFC: 0.848 ]
12/17 11:03:24 PM | TRAINING: Epoch: 2, Batch: 50/1743, Loss: 1.421, perc_uncertainty: 0.090, nOnes_target: 18539, nOnes_pred: 15903, TPR[ HumanFC: 0.616 ], TNR[ HumanFC: 0.919 ], roc[ HumanFC: 0.864 ], accuracy[ HumanFC: 0.852 ]
12/17 11:04:06 PM | TRAINING: Epoch: 2, Batch: 100/1743, Loss: 1.391, perc_uncertainty: 0.082, nOnes_target: 19827, nOnes_pred: 14475, TPR[ HumanFC: 0.597 ], TNR[ HumanFC: 0.951 ], roc[ HumanFC: 0.885 ], accuracy[ HumanFC: 0.875 ]
12/17 11:04:48 PM | TRAINING: Epoch: 2, Batch: 150/1743, Loss: 1.379, perc_uncertainty: 0.079, nOnes_target: 15640, nOnes_pred: 11543, TPR[ HumanFC: 0.549 ], TNR[ HumanFC: 0.949 ], roc[ HumanFC: 0.836 ], accuracy[ HumanFC: 0.887 ]
12/17 11:05:30 PM | TRAINING: Epoch: 2, Batch: 200/1743, Loss: 1.404, perc_uncertainty: 0.077, nOnes_target: 18087, nOnes_pred: 15258, TPR[ HumanFC: 0.577 ], TNR[ HumanFC: 0.913 ], roc[ HumanFC: 0.818 ], accuracy[ HumanFC: 0.840 ]
12/17 11:06:12 PM | TRAINING: Epoch: 2, Batch: 250/1743, Loss: 1.376, perc_uncertainty: 0.080, nOnes_target: 19052, nOnes_pred: 15206, TPR[ HumanFC: 0.589 ], TNR[ HumanFC: 0.927 ], roc[ HumanFC: 0.854 ], accuracy[ HumanFC: 0.848 ]
12/17 11:06:54 PM | TRAINING: Epoch: 2, Batch: 300/1743, Loss: 1.349, perc_uncertainty: 0.089, nOnes_target: 17871, nOnes_pred: 13823, TPR[ HumanFC: 0.583 ], TNR[ HumanFC: 0.939 ], roc[ HumanFC: 0.856 ], accuracy[ HumanFC: 0.863 ]
12/17 11:07:36 PM | TRAINING: Epoch: 2, Batch: 350/1743, Loss: 1.398, perc_uncertainty: 0.083, nOnes_target: 18870, nOnes_pred: 13411, TPR[ HumanFC: 0.493 ], TNR[ HumanFC: 0.925 ], roc[ HumanFC: 0.789 ], accuracy[ HumanFC: 0.822 ]
12/17 11:08:17 PM | TRAINING: Epoch: 2, Batch: 400/1743, Loss: 1.373, perc_uncertainty: 0.089, nOnes_target: 17288, nOnes_pred: 11706, TPR[ HumanFC: 0.475 ], TNR[ HumanFC: 0.938 ], roc[ HumanFC: 0.794 ], accuracy[ HumanFC: 0.836 ]
12/17 11:08:53 PM | TRAINING: Epoch: 2, Batch: 450/1743, Loss: 1.327, perc_uncertainty: 0.091, nOnes_target: 20914, nOnes_pred: 14284, TPR[ HumanFC: 0.567 ], TNR[ HumanFC: 0.954 ], roc[ HumanFC: 0.883 ], accuracy[ HumanFC: 0.852 ]
12/17 11:09:28 PM | TRAINING: Epoch: 2, Batch: 500/1743, Loss: 1.326, perc_uncertainty: 0.077, nOnes_target: 18555, nOnes_pred: 13080, TPR[ HumanFC: 0.534 ], TNR[ HumanFC: 0.943 ], roc[ HumanFC: 0.843 ], accuracy[ HumanFC: 0.852 ]
12/17 11:10:04 PM | TRAINING: Epoch: 2, Batch: 550/1743, Loss: 1.333, perc_uncertainty: 0.087, nOnes_target: 20103, nOnes_pred: 13575, TPR[ HumanFC: 0.532 ], TNR[ HumanFC: 0.946 ], roc[ HumanFC: 0.823 ], accuracy[ HumanFC: 0.846 ]
12/17 11:10:46 PM | TRAINING: Epoch: 2, Batch: 600/1743, Loss: 1.269, perc_uncertainty: 0.074, nOnes_target: 19717, nOnes_pred: 15255, TPR[ HumanFC: 0.633 ], TNR[ HumanFC: 0.949 ], roc[ HumanFC: 0.883 ], accuracy[ HumanFC: 0.883 ]
12/17 11:11:28 PM | TRAINING: Epoch: 2, Batch: 650/1743, Loss: 1.277, perc_uncertainty: 0.084, nOnes_target: 16619, nOnes_pred: 13213, TPR[ HumanFC: 0.564 ], TNR[ HumanFC: 0.933 ], roc[ HumanFC: 0.848 ], accuracy[ HumanFC: 0.859 ]
12/17 11:12:11 PM | TRAINING: Epoch: 2, Batch: 700/1743, Loss: 1.295, perc_uncertainty: 0.076, nOnes_target: 18300, nOnes_pred: 13696, TPR[ HumanFC: 0.539 ], TNR[ HumanFC: 0.931 ], roc[ HumanFC: 0.825 ], accuracy[ HumanFC: 0.832 ]
12/17 11:12:53 PM | TRAINING: Epoch: 2, Batch: 750/1743, Loss: 1.244, perc_uncertainty: 0.082, nOnes_target: 17997, nOnes_pred: 13382, TPR[ HumanFC: 0.578 ], TNR[ HumanFC: 0.946 ], roc[ HumanFC: 0.870 ], accuracy[ HumanFC: 0.863 ]
12/17 11:13:35 PM | TRAINING: Epoch: 2, Batch: 800/1743, Loss: 1.245, perc_uncertainty: 0.086, nOnes_target: 17127, nOnes_pred: 14345, TPR[ HumanFC: 0.594 ], TNR[ HumanFC: 0.926 ], roc[ HumanFC: 0.876 ], accuracy[ HumanFC: 0.855 ]
12/17 11:14:17 PM | TRAINING: Epoch: 2, Batch: 850/1743, Loss: 1.254, perc_uncertainty: 0.077, nOnes_target: 17162, nOnes_pred: 15858, TPR[ HumanFC: 0.613 ], TNR[ HumanFC: 0.906 ], roc[ HumanFC: 0.849 ], accuracy[ HumanFC: 0.844 ]
12/17 11:14:59 PM | TRAINING: Epoch: 2, Batch: 900/1743, Loss: 1.211, perc_uncertainty: 0.078, nOnes_target: 17403, nOnes_pred: 13124, TPR[ HumanFC: 0.582 ], TNR[ HumanFC: 0.947 ], roc[ HumanFC: 0.879 ], accuracy[ HumanFC: 0.863 ]
12/17 11:15:41 PM | TRAINING: Epoch: 2, Batch: 950/1743, Loss: 1.243, perc_uncertainty: 0.070, nOnes_target: 19150, nOnes_pred: 13522, TPR[ HumanFC: 0.551 ], TNR[ HumanFC: 0.946 ], roc[ HumanFC: 0.814 ], accuracy[ HumanFC: 0.863 ]
12/17 11:16:24 PM | TRAINING: Epoch: 2, Batch: 1000/1743, Loss: 1.192, perc_uncertainty: 0.081, nOnes_target: 18581, nOnes_pred: 13703, TPR[ HumanFC: 0.586 ], TNR[ HumanFC: 0.949 ], roc[ HumanFC: 0.891 ], accuracy[ HumanFC: 0.867 ]
12/17 11:17:06 PM | TRAINING: Epoch: 2, Batch: 1050/1743, Loss: 1.209, perc_uncertainty: 0.071, nOnes_target: 16495, nOnes_pred: 13310, TPR[ HumanFC: 0.562 ], TNR[ HumanFC: 0.929 ], roc[ HumanFC: 0.853 ], accuracy[ HumanFC: 0.852 ]
12/17 11:17:48 PM | TRAINING: Epoch: 2, Batch: 1100/1743, Loss: 1.221, perc_uncertainty: 0.080, nOnes_target: 17838, nOnes_pred: 13644, TPR[ HumanFC: 0.540 ], TNR[ HumanFC: 0.928 ], roc[ HumanFC: 0.828 ], accuracy[ HumanFC: 0.848 ]
12/17 11:18:30 PM | TRAINING: Epoch: 2, Batch: 1150/1743, Loss: 1.185, perc_uncertainty: 0.082, nOnes_target: 19243, nOnes_pred: 14121, TPR[ HumanFC: 0.589 ], TNR[ HumanFC: 0.949 ], roc[ HumanFC: 0.853 ], accuracy[ HumanFC: 0.867 ]
12/17 11:19:12 PM | TRAINING: Epoch: 2, Batch: 1200/1743, Loss: 1.196, perc_uncertainty: 0.089, nOnes_target: 18621, nOnes_pred: 13623, TPR[ HumanFC: 0.549 ], TNR[ HumanFC: 0.938 ], roc[ HumanFC: 0.835 ], accuracy[ HumanFC: 0.848 ]
12/17 11:19:55 PM | TRAINING: Epoch: 2, Batch: 1250/1743, Loss: 1.180, perc_uncertainty: 0.072, nOnes_target: 20399, nOnes_pred: 14289, TPR[ HumanFC: 0.566 ], TNR[ HumanFC: 0.949 ], roc[ HumanFC: 0.872 ], accuracy[ HumanFC: 0.855 ]
12/17 11:20:37 PM | TRAINING: Epoch: 2, Batch: 1300/1743, Loss: 1.172, perc_uncertainty: 0.082, nOnes_target: 19279, nOnes_pred: 12428, TPR[ HumanFC: 0.525 ], TNR[ HumanFC: 0.958 ], roc[ HumanFC: 0.847 ], accuracy[ HumanFC: 0.855 ]
12/17 11:21:19 PM | TRAINING: Epoch: 2, Batch: 1350/1743, Loss: 1.159, perc_uncertainty: 0.080, nOnes_target: 19125, nOnes_pred: 13148, TPR[ HumanFC: 0.546 ], TNR[ HumanFC: 0.951 ], roc[ HumanFC: 0.861 ], accuracy[ HumanFC: 0.855 ]
12/17 11:22:01 PM | TRAINING: Epoch: 2, Batch: 1400/1743, Loss: 1.147, perc_uncertainty: 0.080, nOnes_target: 18310, nOnes_pred: 14057, TPR[ HumanFC: 0.580 ], TNR[ HumanFC: 0.938 ], roc[ HumanFC: 0.857 ], accuracy[ HumanFC: 0.857 ]
12/17 11:22:43 PM | TRAINING: Epoch: 2, Batch: 1450/1743, Loss: 1.139, perc_uncertainty: 0.079, nOnes_target: 19232, nOnes_pred: 13564, TPR[ HumanFC: 0.574 ], TNR[ HumanFC: 0.954 ], roc[ HumanFC: 0.858 ], accuracy[ HumanFC: 0.871 ]
12/17 11:23:26 PM | TRAINING: Epoch: 2, Batch: 1500/1743, Loss: 1.128, perc_uncertainty: 0.092, nOnes_target: 19020, nOnes_pred: 13267, TPR[ HumanFC: 0.553 ], TNR[ HumanFC: 0.950 ], roc[ HumanFC: 0.871 ], accuracy[ HumanFC: 0.863 ]
12/17 11:24:08 PM | TRAINING: Epoch: 2, Batch: 1550/1743, Loss: 1.119, perc_uncertainty: 0.092, nOnes_target: 18880, nOnes_pred: 12663, TPR[ HumanFC: 0.545 ], TNR[ HumanFC: 0.957 ], roc[ HumanFC: 0.861 ], accuracy[ HumanFC: 0.863 ]
12/17 11:24:50 PM | TRAINING: Epoch: 2, Batch: 1600/1743, Loss: 1.148, perc_uncertainty: 0.092, nOnes_target: 18540, nOnes_pred: 12028, TPR[ HumanFC: 0.486 ], TNR[ HumanFC: 0.945 ], roc[ HumanFC: 0.815 ], accuracy[ HumanFC: 0.820 ]
12/17 11:25:32 PM | TRAINING: Epoch: 2, Batch: 1650/1743, Loss: 1.123, perc_uncertainty: 0.076, nOnes_target: 18565, nOnes_pred: 13495, TPR[ HumanFC: 0.558 ], TNR[ HumanFC: 0.943 ], roc[ HumanFC: 0.851 ], accuracy[ HumanFC: 0.855 ]
12/17 11:26:15 PM | TRAINING: Epoch: 2, Batch: 1700/1743, Loss: 1.075, perc_uncertainty: 0.074, nOnes_target: 19494, nOnes_pred: 14509, TPR[ HumanFC: 0.603 ], TNR[ HumanFC: 0.949 ], roc[ HumanFC: 0.904 ], accuracy[ HumanFC: 0.871 ]
12/17 11:26:51 PM | TRAINING: Epoch: 2, Batch: 1743/1743, Loss: 1.115, perc_uncertainty: 0.085, nOnes_target: 9926, nOnes_pred: 8008, TPR[ HumanFC: 0.573 ], TNR[ HumanFC: 0.921 ], roc[ HumanFC: 0.856 ], accuracy[ HumanFC: 0.832 ]
12/17 11:26:52 PM | VALIDATION: Epoch: 2, Batch: 0/170, Loss: 0.471, perc_uncertainty: 0.101, nOnes_target: 20287, nOnes_pred: 24276, TPR[ HumanFC: 0.706 ], TNR[ HumanFC: 0.814 ], roc[ HumanFC: 0.828 ], accuracy[ HumanFC: 0.777 ]
12/17 11:27:21 PM | VALIDATION: Epoch: 2, Batch: 50/170, Loss: 0.375, perc_uncertainty: 0.058, nOnes_target: 12684, nOnes_pred: 10665, TPR[ HumanFC: 0.422 ], TNR[ HumanFC: 0.913 ], roc[ HumanFC: 0.768 ], accuracy[ HumanFC: 0.828 ]
12/17 11:27:50 PM | VALIDATION: Epoch: 2, Batch: 100/170, Loss: 0.458, perc_uncertainty: 0.100, nOnes_target: 24010, nOnes_pred: 22989, TPR[ HumanFC: 0.649 ], TNR[ HumanFC: 0.851 ], roc[ HumanFC: 0.825 ], accuracy[ HumanFC: 0.777 ]
12/17 11:28:19 PM | VALIDATION: Epoch: 2, Batch: 150/170, Loss: 0.331, perc_uncertainty: 0.053, nOnes_target: 24015, nOnes_pred: 15421, TPR[ HumanFC: 0.608 ], TNR[ HumanFC: 0.984 ], roc[ HumanFC: 0.937 ], accuracy[ HumanFC: 0.875 ]
12/17 11:28:30 PM | VALIDATION: Epoch: 2, Batch: 170/170, Loss: 0.432, perc_uncertainty: 0.071, nOnes_target: 18710, nOnes_pred: 14827, TPR[ HumanFC: 0.720 ], TNR[ HumanFC: 0.923 ], roc[ HumanFC: 0.900 ], accuracy[ HumanFC: 0.825 ]
12/17 11:28:34 PM | TRAINING: Epoch: 3, Batch: 0/1743, Loss: 1.071, perc_uncertainty: 0.075, nOnes_target: 19127, nOnes_pred: 14569, TPR[ HumanFC: 0.612 ], TNR[ HumanFC: 0.947 ], roc[ HumanFC: 0.886 ], accuracy[ HumanFC: 0.873 ]
12/17 11:29:16 PM | TRAINING: Epoch: 3, Batch: 50/1743, Loss: 1.095, perc_uncertainty: 0.092, nOnes_target: 20555, nOnes_pred: 14884, TPR[ HumanFC: 0.571 ], TNR[ HumanFC: 0.941 ], roc[ HumanFC: 0.877 ], accuracy[ HumanFC: 0.834 ]
12/17 11:29:58 PM | TRAINING: Epoch: 3, Batch: 100/1743, Loss: 1.060, perc_uncertainty: 0.080, nOnes_target: 19092, nOnes_pred: 14924, TPR[ HumanFC: 0.629 ], TNR[ HumanFC: 0.947 ], roc[ HumanFC: 0.875 ], accuracy[ HumanFC: 0.875 ]
12/17 11:30:40 PM | TRAINING: Epoch: 3, Batch: 150/1743, Loss: 1.100, perc_uncertainty: 0.080, nOnes_target: 18817, nOnes_pred: 13147, TPR[ HumanFC: 0.523 ], TNR[ HumanFC: 0.940 ], roc[ HumanFC: 0.843 ], accuracy[ HumanFC: 0.836 ]
12/17 11:31:22 PM | TRAINING: Epoch: 3, Batch: 200/1743, Loss: 1.048, perc_uncertainty: 0.080, nOnes_target: 20741, nOnes_pred: 14166, TPR[ HumanFC: 0.584 ], TNR[ HumanFC: 0.961 ], roc[ HumanFC: 0.904 ], accuracy[ HumanFC: 0.863 ]
12/17 11:32:04 PM | TRAINING: Epoch: 3, Batch: 250/1743, Loss: 1.110, perc_uncertainty: 0.081, nOnes_target: 17493, nOnes_pred: 14386, TPR[ HumanFC: 0.534 ], TNR[ HumanFC: 0.910 ], roc[ HumanFC: 0.814 ], accuracy[ HumanFC: 0.816 ]
12/17 11:32:46 PM | TRAINING: Epoch: 3, Batch: 300/1743, Loss: 1.075, perc_uncertainty: 0.076, nOnes_target: 18180, nOnes_pred: 13006, TPR[ HumanFC: 0.539 ], TNR[ HumanFC: 0.942 ], roc[ HumanFC: 0.829 ], accuracy[ HumanFC: 0.852 ]
12/17 11:33:28 PM | TRAINING: Epoch: 3, Batch: 350/1743, Loss: 1.064, perc_uncertainty: 0.084, nOnes_target: 19160, nOnes_pred: 13662, TPR[ HumanFC: 0.557 ], TNR[ HumanFC: 0.945 ], roc[ HumanFC: 0.849 ], accuracy[ HumanFC: 0.852 ]
12/17 11:34:08 PM | TRAINING: Epoch: 3, Batch: 400/1743, Loss: 1.028, perc_uncertainty: 0.085, nOnes_target: 21727, nOnes_pred: 14977, TPR[ HumanFC: 0.604 ], TNR[ HumanFC: 0.964 ], roc[ HumanFC: 0.906 ], accuracy[ HumanFC: 0.859 ]
12/17 11:34:44 PM | TRAINING: Epoch: 3, Batch: 450/1743, Loss: 1.009, perc_uncertainty: 0.075, nOnes_target: 15828, nOnes_pred: 13308, TPR[ HumanFC: 0.613 ], TNR[ HumanFC: 0.938 ], roc[ HumanFC: 0.872 ], accuracy[ HumanFC: 0.879 ]
12/17 11:35:21 PM | TRAINING: Epoch: 3, Batch: 500/1743, Loss: 1.017, perc_uncertainty: 0.085, nOnes_target: 17809, nOnes_pred: 12942, TPR[ HumanFC: 0.582 ], TNR[ HumanFC: 0.954 ], roc[ HumanFC: 0.871 ], accuracy[ HumanFC: 0.875 ]
12/17 11:35:58 PM | TRAINING: Epoch: 3, Batch: 550/1743, Loss: 1.010, perc_uncertainty: 0.083, nOnes_target: 18118, nOnes_pred: 13193, TPR[ HumanFC: 0.574 ], TNR[ HumanFC: 0.950 ], roc[ HumanFC: 0.882 ], accuracy[ HumanFC: 0.867 ]
12/17 11:36:40 PM | TRAINING: Epoch: 3, Batch: 600/1743, Loss: 1.001, perc_uncertainty: 0.076, nOnes_target: 18724, nOnes_pred: 13916, TPR[ HumanFC: 0.587 ], TNR[ HumanFC: 0.947 ], roc[ HumanFC: 0.899 ], accuracy[ HumanFC: 0.855 ]
12/17 11:37:22 PM | TRAINING: Epoch: 3, Batch: 650/1743, Loss: 0.996, perc_uncertainty: 0.093, nOnes_target: 17022, nOnes_pred: 12736, TPR[ HumanFC: 0.586 ], TNR[ HumanFC: 0.951 ], roc[ HumanFC: 0.872 ], accuracy[ HumanFC: 0.883 ]
12/17 11:38:04 PM | TRAINING: Epoch: 3, Batch: 700/1743, Loss: 1.003, perc_uncertainty: 0.080, nOnes_target: 19119, nOnes_pred: 13698, TPR[ HumanFC: 0.588 ], TNR[ HumanFC: 0.955 ], roc[ HumanFC: 0.875 ], accuracy[ HumanFC: 0.873 ]
12/17 11:38:46 PM | TRAINING: Epoch: 3, Batch: 750/1743, Loss: 1.045, perc_uncertainty: 0.065, nOnes_target: 21036, nOnes_pred: 14574, TPR[ HumanFC: 0.553 ], TNR[ HumanFC: 0.944 ], roc[ HumanFC: 0.851 ], accuracy[ HumanFC: 0.844 ]
12/17 11:39:28 PM | TRAINING: Epoch: 3, Batch: 800/1743, Loss: 0.996, perc_uncertainty: 0.089, nOnes_target: 19659, nOnes_pred: 14246, TPR[ HumanFC: 0.594 ], TNR[ HumanFC: 0.952 ], roc[ HumanFC: 0.885 ], accuracy[ HumanFC: 0.859 ]
12/17 11:40:10 PM | TRAINING: Epoch: 3, Batch: 850/1743, Loss: 1.004, perc_uncertainty: 0.074, nOnes_target: 18279, nOnes_pred: 14260, TPR[ HumanFC: 0.585 ], TNR[ HumanFC: 0.936 ], roc[ HumanFC: 0.859 ], accuracy[ HumanFC: 0.859 ]
12/17 11:40:52 PM | TRAINING: Epoch: 3, Batch: 900/1743, Loss: 0.990, perc_uncertainty: 0.079, nOnes_target: 16593, nOnes_pred: 13924, TPR[ HumanFC: 0.580 ], TNR[ HumanFC: 0.925 ], roc[ HumanFC: 0.863 ], accuracy[ HumanFC: 0.855 ]
12/17 11:41:34 PM | TRAINING: Epoch: 3, Batch: 950/1743, Loss: 0.967, perc_uncertainty: 0.077, nOnes_target: 17632, nOnes_pred: 13785, TPR[ HumanFC: 0.600 ], TNR[ HumanFC: 0.943 ], roc[ HumanFC: 0.891 ], accuracy[ HumanFC: 0.867 ]
12/17 11:42:16 PM | TRAINING: Epoch: 3, Batch: 1000/1743, Loss: 0.976, perc_uncertainty: 0.072, nOnes_target: 17759, nOnes_pred: 12799, TPR[ HumanFC: 0.564 ], TNR[ HumanFC: 0.950 ], roc[ HumanFC: 0.873 ], accuracy[ HumanFC: 0.871 ]
12/17 11:42:58 PM | TRAINING: Epoch: 3, Batch: 1050/1743, Loss: 0.992, perc_uncertainty: 0.075, nOnes_target: 20168, nOnes_pred: 14731, TPR[ HumanFC: 0.573 ], TNR[ HumanFC: 0.941 ], roc[ HumanFC: 0.873 ], accuracy[ HumanFC: 0.852 ]
12/17 11:43:40 PM | TRAINING: Epoch: 3, Batch: 1100/1743, Loss: 0.948, perc_uncertainty: 0.083, nOnes_target: 15552, nOnes_pred: 13005, TPR[ HumanFC: 0.597 ], TNR[ HumanFC: 0.936 ], roc[ HumanFC: 0.861 ], accuracy[ HumanFC: 0.883 ]
12/17 11:44:22 PM | TRAINING: Epoch: 3, Batch: 1150/1743, Loss: 0.944, perc_uncertainty: 0.079, nOnes_target: 17700, nOnes_pred: 13853, TPR[ HumanFC: 0.609 ], TNR[ HumanFC: 0.945 ], roc[ HumanFC: 0.881 ], accuracy[ HumanFC: 0.879 ]
12/17 11:45:04 PM | TRAINING: Epoch: 3, Batch: 1200/1743, Loss: 0.946, perc_uncertainty: 0.074, nOnes_target: 19742, nOnes_pred: 13981, TPR[ HumanFC: 0.599 ], TNR[ HumanFC: 0.960 ], roc[ HumanFC: 0.893 ], accuracy[ HumanFC: 0.879 ]
12/17 11:45:46 PM | TRAINING: Epoch: 3, Batch: 1250/1743, Loss: 0.941, perc_uncertainty: 0.079, nOnes_target: 18306, nOnes_pred: 12830, TPR[ HumanFC: 0.576 ], TNR[ HumanFC: 0.959 ], roc[ HumanFC: 0.884 ], accuracy[ HumanFC: 0.883 ]
12/17 11:46:28 PM | TRAINING: Epoch: 3, Batch: 1300/1743, Loss: 0.923, perc_uncertainty: 0.079, nOnes_target: 17051, nOnes_pred: 13854, TPR[ HumanFC: 0.614 ], TNR[ HumanFC: 0.940 ], roc[ HumanFC: 0.889 ], accuracy[ HumanFC: 0.883 ]
12/17 11:47:10 PM | TRAINING: Epoch: 3, Batch: 1350/1743, Loss: 0.992, perc_uncertainty: 0.072, nOnes_target: 21005, nOnes_pred: 13822, TPR[ HumanFC: 0.526 ], TNR[ HumanFC: 0.947 ], roc[ HumanFC: 0.851 ], accuracy[ HumanFC: 0.832 ]
12/17 11:47:53 PM | TRAINING: Epoch: 3, Batch: 1400/1743, Loss: 0.962, perc_uncertainty: 0.087, nOnes_target: 18443, nOnes_pred: 13210, TPR[ HumanFC: 0.542 ], TNR[ HumanFC: 0.942 ], roc[ HumanFC: 0.848 ], accuracy[ HumanFC: 0.844 ]
12/17 11:48:35 PM | TRAINING: Epoch: 3, Batch: 1450/1743, Loss: 0.953, perc_uncertainty: 0.083, nOnes_target: 18868, nOnes_pred: 12145, TPR[ HumanFC: 0.522 ], TNR[ HumanFC: 0.958 ], roc[ HumanFC: 0.857 ], accuracy[ HumanFC: 0.855 ]
12/17 11:49:17 PM | TRAINING: Epoch: 3, Batch: 1500/1743, Loss: 0.918, perc_uncertainty: 0.086, nOnes_target: 20114, nOnes_pred: 13725, TPR[ HumanFC: 0.591 ], TNR[ HumanFC: 0.966 ], roc[ HumanFC: 0.898 ], accuracy[ HumanFC: 0.867 ]
12/17 11:49:59 PM | TRAINING: Epoch: 3, Batch: 1550/1743, Loss: 0.901, perc_uncertainty: 0.079, nOnes_target: 18571, nOnes_pred: 13854, TPR[ HumanFC: 0.617 ], TNR[ HumanFC: 0.957 ], roc[ HumanFC: 0.898 ], accuracy[ HumanFC: 0.891 ]
12/17 11:50:41 PM | TRAINING: Epoch: 3, Batch: 1600/1743, Loss: 0.893, perc_uncertainty: 0.083, nOnes_target: 15658, nOnes_pred: 13641, TPR[ HumanFC: 0.624 ], TNR[ HumanFC: 0.933 ], roc[ HumanFC: 0.887 ], accuracy[ HumanFC: 0.875 ]
12/17 11:51:23 PM | TRAINING: Epoch: 3, Batch: 1650/1743, Loss: 0.959, perc_uncertainty: 0.079, nOnes_target: 21985, nOnes_pred: 14659, TPR[ HumanFC: 0.554 ], TNR[ HumanFC: 0.952 ], roc[ HumanFC: 0.861 ], accuracy[ HumanFC: 0.840 ]
12/17 11:52:05 PM | TRAINING: Epoch: 3, Batch: 1700/1743, Loss: 0.888, perc_uncertainty: 0.072, nOnes_target: 19262, nOnes_pred: 15052, TPR[ HumanFC: 0.643 ], TNR[ HumanFC: 0.951 ], roc[ HumanFC: 0.899 ], accuracy[ HumanFC: 0.879 ]
12/17 11:52:41 PM | TRAINING: Epoch: 3, Batch: 1743/1743, Loss: 0.928, perc_uncertainty: 0.070, nOnes_target: 9951, nOnes_pred: 6724, TPR[ HumanFC: 0.536 ], TNR[ HumanFC: 0.953 ], roc[ HumanFC: 0.855 ], accuracy[ HumanFC: 0.858 ]
12/17 11:52:42 PM | VALIDATION: Epoch: 3, Batch: 0/170, Loss: 0.657, perc_uncertainty: 0.083, nOnes_target: 20287, nOnes_pred: 30811, TPR[ HumanFC: 0.786 ], TNR[ HumanFC: 0.722 ], roc[ HumanFC: 0.818 ], accuracy[ HumanFC: 0.738 ]
12/17 11:53:11 PM | VALIDATION: Epoch: 3, Batch: 50/170, Loss: 0.494, perc_uncertainty: 0.053, nOnes_target: 12684, nOnes_pred: 12933, TPR[ HumanFC: 0.438 ], TNR[ HumanFC: 0.879 ], roc[ HumanFC: 0.733 ], accuracy[ HumanFC: 0.809 ]
12/17 11:53:40 PM | VALIDATION: Epoch: 3, Batch: 100/170, Loss: 0.580, perc_uncertainty: 0.078, nOnes_target: 24010, nOnes_pred: 27683, TPR[ HumanFC: 0.727 ], TNR[ HumanFC: 0.794 ], roc[ HumanFC: 0.815 ], accuracy[ HumanFC: 0.770 ]
12/17 11:54:09 PM | VALIDATION: Epoch: 3, Batch: 150/170, Loss: 0.298, perc_uncertainty: 0.042, nOnes_target: 24015, nOnes_pred: 17368, TPR[ HumanFC: 0.674 ], TNR[ HumanFC: 0.976 ], roc[ HumanFC: 0.933 ], accuracy[ HumanFC: 0.898 ]
12/17 11:54:20 PM | VALIDATION: Epoch: 3, Batch: 170/170, Loss: 0.382, perc_uncertainty: 0.039, nOnes_target: 18710, nOnes_pred: 15422, TPR[ HumanFC: 0.769 ], TNR[ HumanFC: 0.941 ], roc[ HumanFC: 0.917 ], accuracy[ HumanFC: 0.865 ]
12/17 11:54:22 PM | TRAINING: Epoch: 4, Batch: 0/1743, Loss: 0.880, perc_uncertainty: 0.067, nOnes_target: 17711, nOnes_pred: 14334, TPR[ HumanFC: 0.652 ], TNR[ HumanFC: 0.950 ], roc[ HumanFC: 0.891 ], accuracy[ HumanFC: 0.883 ]
12/17 11:55:04 PM | TRAINING: Epoch: 4, Batch: 50/1743, Loss: 0.879, perc_uncertainty: 0.062, nOnes_target: 17444, nOnes_pred: 14139, TPR[ HumanFC: 0.632 ], TNR[ HumanFC: 0.945 ], roc[ HumanFC: 0.896 ], accuracy[ HumanFC: 0.875 ]
12/17 11:55:46 PM | TRAINING: Epoch: 4, Batch: 100/1743, Loss: 0.880, perc_uncertainty: 0.071, nOnes_target: 17436, nOnes_pred: 13002, TPR[ HumanFC: 0.589 ], TNR[ HumanFC: 0.951 ], roc[ HumanFC: 0.886 ], accuracy[ HumanFC: 0.879 ]
12/17 11:56:28 PM | TRAINING: Epoch: 4, Batch: 150/1743, Loss: 0.897, perc_uncertainty: 0.074, nOnes_target: 18060, nOnes_pred: 13643, TPR[ HumanFC: 0.590 ], TNR[ HumanFC: 0.946 ], roc[ HumanFC: 0.871 ], accuracy[ HumanFC: 0.867 ]
12/17 11:57:10 PM | TRAINING: Epoch: 4, Batch: 200/1743, Loss: 0.877, perc_uncertainty: 0.074, nOnes_target: 18569, nOnes_pred: 14539, TPR[ HumanFC: 0.629 ], TNR[ HumanFC: 0.948 ], roc[ HumanFC: 0.897 ], accuracy[ HumanFC: 0.871 ]
12/17 11:57:52 PM | TRAINING: Epoch: 4, Batch: 250/1743, Loss: 0.908, perc_uncertainty: 0.065, nOnes_target: 18797, nOnes_pred: 14878, TPR[ HumanFC: 0.603 ], TNR[ HumanFC: 0.935 ], roc[ HumanFC: 0.860 ], accuracy[ HumanFC: 0.871 ]
12/17 11:58:34 PM | TRAINING: Epoch: 4, Batch: 300/1743, Loss: 0.869, perc_uncertainty: 0.072, nOnes_target: 18252, nOnes_pred: 14727, TPR[ HumanFC: 0.636 ], TNR[ HumanFC: 0.944 ], roc[ HumanFC: 0.899 ], accuracy[ HumanFC: 0.879 ]
12/17 11:59:16 PM | TRAINING: Epoch: 4, Batch: 350/1743, Loss: 0.859, perc_uncertainty: 0.063, nOnes_target: 16596, nOnes_pred: 14383, TPR[ HumanFC: 0.642 ], TNR[ HumanFC: 0.935 ], roc[ HumanFC: 0.899 ], accuracy[ HumanFC: 0.881 ]
12/17 11:59:56 PM | TRAINING: Epoch: 4, Batch: 400/1743, Loss: 0.845, perc_uncertainty: 0.075, nOnes_target: 16657, nOnes_pred: 13199, TPR[ HumanFC: 0.631 ], TNR[ HumanFC: 0.953 ], roc[ HumanFC: 0.889 ], accuracy[ HumanFC: 0.902 ]
12/18 12:00:32 AM | TRAINING: Epoch: 4, Batch: 450/1743, Loss: 0.893, perc_uncertainty: 0.071, nOnes_target: 16773, nOnes_pred: 14730, TPR[ HumanFC: 0.615 ], TNR[ HumanFC: 0.922 ], roc[ HumanFC: 0.856 ], accuracy[ HumanFC: 0.867 ]
12/18 12:01:07 AM | TRAINING: Epoch: 4, Batch: 500/1743, Loss: 0.869, perc_uncertainty: 0.062, nOnes_target: 19702, nOnes_pred: 15007, TPR[ HumanFC: 0.616 ], TNR[ HumanFC: 0.947 ], roc[ HumanFC: 0.889 ], accuracy[ HumanFC: 0.869 ]
12/18 12:01:44 AM | TRAINING: Epoch: 4, Batch: 550/1743, Loss: 0.842, perc_uncertainty: 0.072, nOnes_target: 16945, nOnes_pred: 13939, TPR[ HumanFC: 0.634 ], TNR[ HumanFC: 0.944 ], roc[ HumanFC: 0.893 ], accuracy[ HumanFC: 0.887 ]
12/18 12:02:26 AM | TRAINING: Epoch: 4, Batch: 600/1743, Loss: 0.828, perc_uncertainty: 0.074, nOnes_target: 17887, nOnes_pred: 13979, TPR[ HumanFC: 0.644 ], TNR[ HumanFC: 0.956 ], roc[ HumanFC: 0.920 ], accuracy[ HumanFC: 0.883 ]
12/18 12:03:08 AM | TRAINING: Epoch: 4, Batch: 650/1743, Loss: 0.850, perc_uncertainty: 0.070, nOnes_target: 18004, nOnes_pred: 14740, TPR[ HumanFC: 0.641 ], TNR[ HumanFC: 0.942 ], roc[ HumanFC: 0.875 ], accuracy[ HumanFC: 0.881 ]
12/18 12:03:51 AM | TRAINING: Epoch: 4, Batch: 700/1743, Loss: 0.862, perc_uncertainty: 0.071, nOnes_target: 19490, nOnes_pred: 14227, TPR[ HumanFC: 0.594 ], TNR[ HumanFC: 0.951 ], roc[ HumanFC: 0.894 ], accuracy[ HumanFC: 0.859 ]
12/18 12:04:33 AM | TRAINING: Epoch: 4, Batch: 750/1743, Loss: 0.834, perc_uncertainty: 0.077, nOnes_target: 17766, nOnes_pred: 13532, TPR[ HumanFC: 0.618 ], TNR[ HumanFC: 0.954 ], roc[ HumanFC: 0.903 ], accuracy[ HumanFC: 0.895 ]
12/18 12:05:15 AM | TRAINING: Epoch: 4, Batch: 800/1743, Loss: 0.845, perc_uncertainty: 0.065, nOnes_target: 19689, nOnes_pred: 14166, TPR[ HumanFC: 0.606 ], TNR[ HumanFC: 0.959 ], roc[ HumanFC: 0.892 ], accuracy[ HumanFC: 0.875 ]
12/18 12:05:57 AM | TRAINING: Epoch: 4, Batch: 850/1743, Loss: 0.868, perc_uncertainty: 0.075, nOnes_target: 19510, nOnes_pred: 13704, TPR[ HumanFC: 0.570 ], TNR[ HumanFC: 0.952 ], roc[ HumanFC: 0.869 ], accuracy[ HumanFC: 0.863 ]
12/18 12:06:40 AM | TRAINING: Epoch: 4, Batch: 900/1743, Loss: 0.808, perc_uncertainty: 0.067, nOnes_target: 18830, nOnes_pred: 14611, TPR[ HumanFC: 0.656 ], TNR[ HumanFC: 0.959 ], roc[ HumanFC: 0.922 ], accuracy[ HumanFC: 0.902 ]
12/18 12:07:22 AM | TRAINING: Epoch: 4, Batch: 950/1743, Loss: 0.809, perc_uncertainty: 0.066, nOnes_target: 19324, nOnes_pred: 14944, TPR[ HumanFC: 0.656 ], TNR[ HumanFC: 0.958 ], roc[ HumanFC: 0.922 ], accuracy[ HumanFC: 0.891 ]
12/18 12:08:04 AM | TRAINING: Epoch: 4, Batch: 1000/1743, Loss: 0.831, perc_uncertainty: 0.065, nOnes_target: 17801, nOnes_pred: 13920, TPR[ HumanFC: 0.615 ], TNR[ HumanFC: 0.947 ], roc[ HumanFC: 0.887 ], accuracy[ HumanFC: 0.881 ]
12/18 12:08:46 AM | TRAINING: Epoch: 4, Batch: 1050/1743, Loss: 0.815, perc_uncertainty: 0.078, nOnes_target: 15834, nOnes_pred: 14258, TPR[ HumanFC: 0.651 ], TNR[ HumanFC: 0.932 ], roc[ HumanFC: 0.896 ], accuracy[ HumanFC: 0.879 ]
12/18 12:09:28 AM | TRAINING: Epoch: 4, Batch: 1100/1743, Loss: 0.824, perc_uncertainty: 0.068, nOnes_target: 17820, nOnes_pred: 14409, TPR[ HumanFC: 0.629 ], TNR[ HumanFC: 0.943 ], roc[ HumanFC: 0.885 ], accuracy[ HumanFC: 0.883 ]
12/18 12:10:10 AM | TRAINING: Epoch: 4, Batch: 1150/1743, Loss: 0.791, perc_uncertainty: 0.058, nOnes_target: 17649, nOnes_pred: 14896, TPR[ HumanFC: 0.682 ], TNR[ HumanFC: 0.949 ], roc[ HumanFC: 0.913 ], accuracy[ HumanFC: 0.906 ]
12/18 12:10:52 AM | TRAINING: Epoch: 4, Batch: 1200/1743, Loss: 0.827, perc_uncertainty: 0.074, nOnes_target: 20971, nOnes_pred: 15098, TPR[ HumanFC: 0.616 ], TNR[ HumanFC: 0.959 ], roc[ HumanFC: 0.913 ], accuracy[ HumanFC: 0.871 ]
12/18 12:11:34 AM | TRAINING: Epoch: 4, Batch: 1250/1743, Loss: 0.809, perc_uncertainty: 0.070, nOnes_target: 17636, nOnes_pred: 14686, TPR[ HumanFC: 0.642 ], TNR[ HumanFC: 0.940 ], roc[ HumanFC: 0.893 ], accuracy[ HumanFC: 0.879 ]
12/18 12:12:16 AM | TRAINING: Epoch: 4, Batch: 1300/1743, Loss: 0.837, perc_uncertainty: 0.065, nOnes_target: 19289, nOnes_pred: 15266, TPR[ HumanFC: 0.613 ], TNR[ HumanFC: 0.937 ], roc[ HumanFC: 0.883 ], accuracy[ HumanFC: 0.855 ]
12/18 12:12:58 AM | TRAINING: Epoch: 4, Batch: 1350/1743, Loss: 0.785, perc_uncertainty: 0.060, nOnes_target: 17646, nOnes_pred: 13377, TPR[ HumanFC: 0.639 ], TNR[ HumanFC: 0.963 ], roc[ HumanFC: 0.900 ], accuracy[ HumanFC: 0.896 ]
12/18 12:13:40 AM | TRAINING: Epoch: 4, Batch: 1400/1743, Loss: 0.845, perc_uncertainty: 0.070, nOnes_target: 21730, nOnes_pred: 13728, TPR[ HumanFC: 0.552 ], TNR[ HumanFC: 0.967 ], roc[ HumanFC: 0.892 ], accuracy[ HumanFC: 0.850 ]
12/18 12:14:22 AM | TRAINING: Epoch: 4, Batch: 1450/1743, Loss: 0.808, perc_uncertainty: 0.068, nOnes_target: 19566, nOnes_pred: 14646, TPR[ HumanFC: 0.616 ], TNR[ HumanFC: 0.952 ], roc[ HumanFC: 0.890 ], accuracy[ HumanFC: 0.887 ]
12/18 12:15:04 AM | TRAINING: Epoch: 4, Batch: 1500/1743, Loss: 0.790, perc_uncertainty: 0.063, nOnes_target: 20132, nOnes_pred: 14474, TPR[ HumanFC: 0.632 ], TNR[ HumanFC: 0.967 ], roc[ HumanFC: 0.913 ], accuracy[ HumanFC: 0.895 ]
12/18 12:15:46 AM | TRAINING: Epoch: 4, Batch: 1550/1743, Loss: 0.778, perc_uncertainty: 0.062, nOnes_target: 19443, nOnes_pred: 14696, TPR[ HumanFC: 0.655 ], TNR[ HumanFC: 0.964 ], roc[ HumanFC: 0.913 ], accuracy[ HumanFC: 0.891 ]
12/18 12:16:28 AM | TRAINING: Epoch: 4, Batch: 1600/1743, Loss: 0.790, perc_uncertainty: 0.065, nOnes_target: 19722, nOnes_pred: 14541, TPR[ HumanFC: 0.629 ], TNR[ HumanFC: 0.960 ], roc[ HumanFC: 0.913 ], accuracy[ HumanFC: 0.891 ]
12/18 12:17:11 AM | TRAINING: Epoch: 4, Batch: 1650/1743, Loss: 0.795, perc_uncertainty: 0.074, nOnes_target: 19545, nOnes_pred: 13637, TPR[ HumanFC: 0.582 ], TNR[ HumanFC: 0.958 ], roc[ HumanFC: 0.910 ], accuracy[ HumanFC: 0.859 ]
12/18 12:17:53 AM | TRAINING: Epoch: 4, Batch: 1700/1743, Loss: 0.784, perc_uncertainty: 0.064, nOnes_target: 20160, nOnes_pred: 15565, TPR[ HumanFC: 0.649 ], TNR[ HumanFC: 0.954 ], roc[ HumanFC: 0.912 ], accuracy[ HumanFC: 0.879 ]
12/18 12:18:29 AM | TRAINING: Epoch: 4, Batch: 1743/1743, Loss: 0.798, perc_uncertainty: 0.072, nOnes_target: 8794, nOnes_pred: 7657, TPR[ HumanFC: 0.622 ], TNR[ HumanFC: 0.929 ], roc[ HumanFC: 0.878 ], accuracy[ HumanFC: 0.869 ]
12/18 12:18:30 AM | VALIDATION: Epoch: 4, Batch: 0/170, Loss: 0.441, perc_uncertainty: 0.105, nOnes_target: 20287, nOnes_pred: 20400, TPR[ HumanFC: 0.625 ], TNR[ HumanFC: 0.855 ], roc[ HumanFC: 0.821 ], accuracy[ HumanFC: 0.777 ]
12/18 12:18:59 AM | VALIDATION: Epoch: 4, Batch: 50/170, Loss: 0.394, perc_uncertainty: 0.047, nOnes_target: 12684, nOnes_pred: 10931, TPR[ HumanFC: 0.439 ], TNR[ HumanFC: 0.912 ], roc[ HumanFC: 0.747 ], accuracy[ HumanFC: 0.824 ]
12/18 12:19:28 AM | VALIDATION: Epoch: 4, Batch: 100/170, Loss: 0.498, perc_uncertainty: 0.082, nOnes_target: 24010, nOnes_pred: 19746, TPR[ HumanFC: 0.557 ], TNR[ HumanFC: 0.872 ], roc[ HumanFC: 0.786 ], accuracy[ HumanFC: 0.754 ]
12/18 12:19:57 AM | VALIDATION: Epoch: 4, Batch: 150/170, Loss: 0.370, perc_uncertainty: 0.041, nOnes_target: 24015, nOnes_pred: 14160, TPR[ HumanFC: 0.562 ], TNR[ HumanFC: 0.987 ], roc[ HumanFC: 0.910 ], accuracy[ HumanFC: 0.855 ]
12/18 12:20:09 AM | VALIDATION: Epoch: 4, Batch: 170/170, Loss: 0.508, perc_uncertainty: 0.048, nOnes_target: 18710, nOnes_pred: 12480, TPR[ HumanFC: 0.645 ], TNR[ HumanFC: 0.977 ], roc[ HumanFC: 0.897 ], accuracy[ HumanFC: 0.817 ]
12/18 12:20:11 AM | TRAINING: Epoch: 5, Batch: 0/1743, Loss: 0.762, perc_uncertainty: 0.067, nOnes_target: 17882, nOnes_pred: 14121, TPR[ HumanFC: 0.649 ], TNR[ HumanFC: 0.955 ], roc[ HumanFC: 0.916 ], accuracy[ HumanFC: 0.898 ]
12/18 12:20:53 AM | TRAINING: Epoch: 5, Batch: 50/1743, Loss: 0.743, perc_uncertainty: 0.054, nOnes_target: 18366, nOnes_pred: 15160, TPR[ HumanFC: 0.698 ], TNR[ HumanFC: 0.958 ], roc[ HumanFC: 0.921 ], accuracy[ HumanFC: 0.910 ]
12/18 12:21:35 AM | TRAINING: Epoch: 5, Batch: 100/1743, Loss: 0.779, perc_uncertainty: 0.066, nOnes_target: 21213, nOnes_pred: 16036, TPR[ HumanFC: 0.657 ], TNR[ HumanFC: 0.960 ], roc[ HumanFC: 0.914 ], accuracy[ HumanFC: 0.887 ]
12/18 12:22:18 AM | TRAINING: Epoch: 5, Batch: 150/1743, Loss: 0.754, perc_uncertainty: 0.063, nOnes_target: 17631, nOnes_pred: 14543, TPR[ HumanFC: 0.669 ], TNR[ HumanFC: 0.951 ], roc[ HumanFC: 0.916 ], accuracy[ HumanFC: 0.900 ]
12/18 12:23:00 AM | TRAINING: Epoch: 5, Batch: 200/1743, Loss: 0.750, perc_uncertainty: 0.057, nOnes_target: 18529, nOnes_pred: 13804, TPR[ HumanFC: 0.649 ], TNR[ HumanFC: 0.968 ], roc[ HumanFC: 0.917 ], accuracy[ HumanFC: 0.902 ]
12/18 12:23:42 AM | TRAINING: Epoch: 5, Batch: 250/1743, Loss: 0.752, perc_uncertainty: 0.066, nOnes_target: 18824, nOnes_pred: 15258, TPR[ HumanFC: 0.674 ], TNR[ HumanFC: 0.953 ], roc[ HumanFC: 0.919 ], accuracy[ HumanFC: 0.895 ]
12/18 12:24:25 AM | TRAINING: Epoch: 5, Batch: 300/1743, Loss: 0.733, perc_uncertainty: 0.055, nOnes_target: 18656, nOnes_pred: 14563, TPR[ HumanFC: 0.679 ], TNR[ HumanFC: 0.966 ], roc[ HumanFC: 0.933 ], accuracy[ HumanFC: 0.906 ]
12/18 12:25:07 AM | TRAINING: Epoch: 5, Batch: 350/1743, Loss: 0.738, perc_uncertainty: 0.060, nOnes_target: 19515, nOnes_pred: 15757, TPR[ HumanFC: 0.689 ], TNR[ HumanFC: 0.957 ], roc[ HumanFC: 0.923 ], accuracy[ HumanFC: 0.891 ]
12/18 12:25:48 AM | TRAINING: Epoch: 5, Batch: 400/1743, Loss: 0.735, perc_uncertainty: 0.059, nOnes_target: 19051, nOnes_pred: 14475, TPR[ HumanFC: 0.660 ], TNR[ HumanFC: 0.965 ], roc[ HumanFC: 0.932 ], accuracy[ HumanFC: 0.895 ]
12/18 12:26:24 AM | TRAINING: Epoch: 5, Batch: 450/1743, Loss: 0.752, perc_uncertainty: 0.057, nOnes_target: 20621, nOnes_pred: 15933, TPR[ HumanFC: 0.661 ], TNR[ HumanFC: 0.957 ], roc[ HumanFC: 0.926 ], accuracy[ HumanFC: 0.875 ]
12/18 12:27:00 AM | TRAINING: Epoch: 5, Batch: 500/1743, Loss: 0.739, perc_uncertainty: 0.059, nOnes_target: 19477, nOnes_pred: 15639, TPR[ HumanFC: 0.673 ], TNR[ HumanFC: 0.953 ], roc[ HumanFC: 0.928 ], accuracy[ HumanFC: 0.891 ]
12/18 12:27:38 AM | TRAINING: Epoch: 5, Batch: 550/1743, Loss: 0.722, perc_uncertainty: 0.055, nOnes_target: 18774, nOnes_pred: 14936, TPR[ HumanFC: 0.681 ], TNR[ HumanFC: 0.961 ], roc[ HumanFC: 0.929 ], accuracy[ HumanFC: 0.902 ]
12/18 12:28:20 AM | TRAINING: Epoch: 5, Batch: 600/1743, Loss: 0.711, perc_uncertainty: 0.052, nOnes_target: 18522, nOnes_pred: 15505, TPR[ HumanFC: 0.715 ], TNR[ HumanFC: 0.959 ], roc[ HumanFC: 0.933 ], accuracy[ HumanFC: 0.914 ]
12/18 12:29:02 AM | TRAINING: Epoch: 5, Batch: 650/1743, Loss: 0.700, perc_uncertainty: 0.057, nOnes_target: 17970, nOnes_pred: 15388, TPR[ HumanFC: 0.728 ], TNR[ HumanFC: 0.959 ], roc[ HumanFC: 0.937 ], accuracy[ HumanFC: 0.914 ]
12/18 12:29:44 AM | TRAINING: Epoch: 5, Batch: 700/1743, Loss: 0.766, perc_uncertainty: 0.062, nOnes_target: 22232, nOnes_pred: 16578, TPR[ HumanFC: 0.642 ], TNR[ HumanFC: 0.955 ], roc[ HumanFC: 0.919 ], accuracy[ HumanFC: 0.867 ]
12/18 12:30:26 AM | TRAINING: Epoch: 5, Batch: 750/1743, Loss: 0.736, perc_uncertainty: 0.062, nOnes_target: 18996, nOnes_pred: 14799, TPR[ HumanFC: 0.658 ], TNR[ HumanFC: 0.958 ], roc[ HumanFC: 0.916 ], accuracy[ HumanFC: 0.895 ]
12/18 12:31:09 AM | TRAINING: Epoch: 5, Batch: 800/1743, Loss: 0.725, perc_uncertainty: 0.056, nOnes_target: 17100, nOnes_pred: 14037, TPR[ HumanFC: 0.662 ], TNR[ HumanFC: 0.952 ], roc[ HumanFC: 0.911 ], accuracy[ HumanFC: 0.895 ]
12/18 12:31:51 AM | TRAINING: Epoch: 5, Batch: 850/1743, Loss: 0.700, perc_uncertainty: 0.056, nOnes_target: 18331, nOnes_pred: 15358, TPR[ HumanFC: 0.715 ], TNR[ HumanFC: 0.959 ], roc[ HumanFC: 0.936 ], accuracy[ HumanFC: 0.908 ]
12/18 12:32:33 AM | TRAINING: Epoch: 5, Batch: 900/1743, Loss: 0.723, perc_uncertainty: 0.054, nOnes_target: 17116, nOnes_pred: 14946, TPR[ HumanFC: 0.690 ], TNR[ HumanFC: 0.945 ], roc[ HumanFC: 0.910 ], accuracy[ HumanFC: 0.898 ]
12/18 12:33:15 AM | TRAINING: Epoch: 5, Batch: 950/1743, Loss: 0.715, perc_uncertainty: 0.061, nOnes_target: 16998, nOnes_pred: 13974, TPR[ HumanFC: 0.665 ], TNR[ HumanFC: 0.953 ], roc[ HumanFC: 0.916 ], accuracy[ HumanFC: 0.906 ]
12/18 12:33:57 AM | TRAINING: Epoch: 5, Batch: 1000/1743, Loss: 0.708, perc_uncertainty: 0.059, nOnes_target: 17618, nOnes_pred: 14368, TPR[ HumanFC: 0.673 ], TNR[ HumanFC: 0.955 ], roc[ HumanFC: 0.921 ], accuracy[ HumanFC: 0.906 ]
12/18 12:34:40 AM | TRAINING: Epoch: 5, Batch: 1050/1743, Loss: 0.733, perc_uncertainty: 0.057, nOnes_target: 20021, nOnes_pred: 14986, TPR[ HumanFC: 0.644 ], TNR[ HumanFC: 0.961 ], roc[ HumanFC: 0.920 ], accuracy[ HumanFC: 0.879 ]
12/18 12:35:22 AM | TRAINING: Epoch: 5, Batch: 1100/1743, Loss: 0.714, perc_uncertainty: 0.060, nOnes_target: 19063, nOnes_pred: 15167, TPR[ HumanFC: 0.677 ], TNR[ HumanFC: 0.959 ], roc[ HumanFC: 0.922 ], accuracy[ HumanFC: 0.893 ]
12/18 12:36:04 AM | TRAINING: Epoch: 5, Batch: 1150/1743, Loss: 0.718, perc_uncertainty: 0.059, nOnes_target: 20873, nOnes_pred: 15866, TPR[ HumanFC: 0.678 ], TNR[ HumanFC: 0.968 ], roc[ HumanFC: 0.927 ], accuracy[ HumanFC: 0.898 ]
12/18 12:36:46 AM | TRAINING: Epoch: 5, Batch: 1200/1743, Loss: 0.670, perc_uncertainty: 0.049, nOnes_target: 18720, nOnes_pred: 15529, TPR[ HumanFC: 0.735 ], TNR[ HumanFC: 0.968 ], roc[ HumanFC: 0.948 ], accuracy[ HumanFC: 0.922 ]
12/18 12:37:29 AM | TRAINING: Epoch: 5, Batch: 1250/1743, Loss: 0.719, perc_uncertainty: 0.060, nOnes_target: 17265, nOnes_pred: 14180, TPR[ HumanFC: 0.662 ], TNR[ HumanFC: 0.951 ], roc[ HumanFC: 0.904 ], accuracy[ HumanFC: 0.902 ]
12/18 12:38:11 AM | TRAINING: Epoch: 5, Batch: 1300/1743, Loss: 0.710, perc_uncertainty: 0.064, nOnes_target: 18840, nOnes_pred: 15340, TPR[ HumanFC: 0.683 ], TNR[ HumanFC: 0.955 ], roc[ HumanFC: 0.926 ], accuracy[ HumanFC: 0.895 ]
12/18 12:38:53 AM | TRAINING: Epoch: 5, Batch: 1350/1743, Loss: 0.726, perc_uncertainty: 0.064, nOnes_target: 18435, nOnes_pred: 14296, TPR[ HumanFC: 0.637 ], TNR[ HumanFC: 0.954 ], roc[ HumanFC: 0.908 ], accuracy[ HumanFC: 0.887 ]
12/18 12:39:35 AM | TRAINING: Epoch: 5, Batch: 1400/1743, Loss: 0.697, perc_uncertainty: 0.059, nOnes_target: 18033, nOnes_pred: 14572, TPR[ HumanFC: 0.675 ], TNR[ HumanFC: 0.957 ], roc[ HumanFC: 0.921 ], accuracy[ HumanFC: 0.906 ]
12/18 12:40:18 AM | TRAINING: Epoch: 5, Batch: 1450/1743, Loss: 0.695, perc_uncertainty: 0.055, nOnes_target: 18183, nOnes_pred: 14684, TPR[ HumanFC: 0.671 ], TNR[ HumanFC: 0.955 ], roc[ HumanFC: 0.931 ], accuracy[ HumanFC: 0.895 ]
12/18 12:41:00 AM | TRAINING: Epoch: 5, Batch: 1500/1743, Loss: 0.707, perc_uncertainty: 0.061, nOnes_target: 22128, nOnes_pred: 15906, TPR[ HumanFC: 0.665 ], TNR[ HumanFC: 0.977 ], roc[ HumanFC: 0.939 ], accuracy[ HumanFC: 0.898 ]
12/18 12:41:42 AM | TRAINING: Epoch: 5, Batch: 1550/1743, Loss: 0.684, perc_uncertainty: 0.053, nOnes_target: 19282, nOnes_pred: 16106, TPR[ HumanFC: 0.718 ], TNR[ HumanFC: 0.958 ], roc[ HumanFC: 0.931 ], accuracy[ HumanFC: 0.906 ]
12/18 12:42:24 AM | TRAINING: Epoch: 5, Batch: 1600/1743, Loss: 0.694, perc_uncertainty: 0.061, nOnes_target: 17268, nOnes_pred: 14145, TPR[ HumanFC: 0.671 ], TNR[ HumanFC: 0.955 ], roc[ HumanFC: 0.918 ], accuracy[ HumanFC: 0.898 ]
12/18 12:43:07 AM | TRAINING: Epoch: 5, Batch: 1650/1743, Loss: 0.705, perc_uncertainty: 0.066, nOnes_target: 20571, nOnes_pred: 15837, TPR[ HumanFC: 0.665 ], TNR[ HumanFC: 0.959 ], roc[ HumanFC: 0.926 ], accuracy[ HumanFC: 0.885 ]
12/18 12:43:49 AM | TRAINING: Epoch: 5, Batch: 1700/1743, Loss: 0.712, perc_uncertainty: 0.058, nOnes_target: 18622, nOnes_pred: 14843, TPR[ HumanFC: 0.645 ], TNR[ HumanFC: 0.949 ], roc[ HumanFC: 0.917 ], accuracy[ HumanFC: 0.867 ]
12/18 12:44:25 AM | TRAINING: Epoch: 5, Batch: 1743/1743, Loss: 0.655, perc_uncertainty: 0.058, nOnes_target: 8207, nOnes_pred: 7731, TPR[ HumanFC: 0.745 ], TNR[ HumanFC: 0.948 ], roc[ HumanFC: 0.939 ], accuracy[ HumanFC: 0.920 ]
12/18 12:44:26 AM | VALIDATION: Epoch: 5, Batch: 0/170, Loss: 0.574, perc_uncertainty: 0.092, nOnes_target: 20287, nOnes_pred: 29321, TPR[ HumanFC: 0.743 ], TNR[ HumanFC: 0.733 ], roc[ HumanFC: 0.793 ], accuracy[ HumanFC: 0.711 ]
12/18 12:44:55 AM | VALIDATION: Epoch: 5, Batch: 50/170, Loss: 0.452, perc_uncertainty: 0.070, nOnes_target: 12684, nOnes_pred: 15546, TPR[ HumanFC: 0.554 ], TNR[ HumanFC: 0.861 ], roc[ HumanFC: 0.736 ], accuracy[ HumanFC: 0.797 ]
12/18 12:45:24 AM | VALIDATION: Epoch: 5, Batch: 100/170, Loss: 0.531, perc_uncertainty: 0.087, nOnes_target: 24010, nOnes_pred: 29061, TPR[ HumanFC: 0.748 ], TNR[ HumanFC: 0.777 ], roc[ HumanFC: 0.815 ], accuracy[ HumanFC: 0.762 ]
12/18 12:45:54 AM | VALIDATION: Epoch: 5, Batch: 150/170, Loss: 0.316, perc_uncertainty: 0.045, nOnes_target: 24015, nOnes_pred: 17054, TPR[ HumanFC: 0.658 ], TNR[ HumanFC: 0.975 ], roc[ HumanFC: 0.925 ], accuracy[ HumanFC: 0.891 ]
12/18 12:46:05 AM | VALIDATION: Epoch: 5, Batch: 170/170, Loss: 0.440, perc_uncertainty: 0.047, nOnes_target: 18710, nOnes_pred: 15260, TPR[ HumanFC: 0.735 ], TNR[ HumanFC: 0.914 ], roc[ HumanFC: 0.916 ], accuracy[ HumanFC: 0.833 ]
12/18 12:46:07 AM | TRAINING: Epoch: 6, Batch: 0/1743, Loss: 0.677, perc_uncertainty: 0.055, nOnes_target: 17719, nOnes_pred: 15336, TPR[ HumanFC: 0.720 ], TNR[ HumanFC: 0.954 ], roc[ HumanFC: 0.924 ], accuracy[ HumanFC: 0.906 ]
12/18 12:46:49 AM | TRAINING: Epoch: 6, Batch: 50/1743, Loss: 0.668, perc_uncertainty: 0.053, nOnes_target: 19675, nOnes_pred: 16405, TPR[ HumanFC: 0.721 ], TNR[ HumanFC: 0.959 ], roc[ HumanFC: 0.938 ], accuracy[ HumanFC: 0.902 ]
12/18 12:47:32 AM | TRAINING: Epoch: 6, Batch: 100/1743, Loss: 0.682, perc_uncertainty: 0.056, nOnes_target: 18333, nOnes_pred: 16426, TPR[ HumanFC: 0.721 ], TNR[ HumanFC: 0.942 ], roc[ HumanFC: 0.932 ], accuracy[ HumanFC: 0.896 ]
12/18 12:48:14 AM | TRAINING: Epoch: 6, Batch: 150/1743, Loss: 0.660, perc_uncertainty: 0.053, nOnes_target: 18438, nOnes_pred: 15673, TPR[ HumanFC: 0.721 ], TNR[ HumanFC: 0.957 ], roc[ HumanFC: 0.939 ], accuracy[ HumanFC: 0.910 ]
12/18 12:48:56 AM | TRAINING: Epoch: 6, Batch: 200/1743, Loss: 0.663, perc_uncertainty: 0.050, nOnes_target: 19313, nOnes_pred: 15799, TPR[ HumanFC: 0.720 ], TNR[ HumanFC: 0.965 ], roc[ HumanFC: 0.937 ], accuracy[ HumanFC: 0.914 ]
12/18 12:49:38 AM | TRAINING: Epoch: 6, Batch: 250/1743, Loss: 0.660, perc_uncertainty: 0.051, nOnes_target: 19470, nOnes_pred: 15661, TPR[ HumanFC: 0.714 ], TNR[ HumanFC: 0.968 ], roc[ HumanFC: 0.936 ], accuracy[ HumanFC: 0.914 ]
12/18 12:50:21 AM | TRAINING: Epoch: 6, Batch: 300/1743, Loss: 0.646, perc_uncertainty: 0.049, nOnes_target: 18647, nOnes_pred: 16569, TPR[ HumanFC: 0.756 ], TNR[ HumanFC: 0.955 ], roc[ HumanFC: 0.945 ], accuracy[ HumanFC: 0.918 ]
12/18 12:51:03 AM | TRAINING: Epoch: 6, Batch: 350/1743, Loss: 0.661, perc_uncertainty: 0.050, nOnes_target: 17515, nOnes_pred: 15298, TPR[ HumanFC: 0.725 ], TNR[ HumanFC: 0.954 ], roc[ HumanFC: 0.933 ], accuracy[ HumanFC: 0.910 ]
12/18 12:51:44 AM | TRAINING: Epoch: 6, Batch: 400/1743, Loss: 0.666, perc_uncertainty: 0.051, nOnes_target: 20889, nOnes_pred: 16353, TPR[ HumanFC: 0.697 ], TNR[ HumanFC: 0.966 ], roc[ HumanFC: 0.943 ], accuracy[ HumanFC: 0.898 ]
12/18 12:52:20 AM | TRAINING: Epoch: 6, Batch: 450/1743, Loss: 0.658, perc_uncertainty: 0.051, nOnes_target: 17293, nOnes_pred: 15479, TPR[ HumanFC: 0.730 ], TNR[ HumanFC: 0.950 ], roc[ HumanFC: 0.935 ], accuracy[ HumanFC: 0.906 ]
12/18 12:52:56 AM | TRAINING: Epoch: 6, Batch: 500/1743, Loss: 0.648, perc_uncertainty: 0.049, nOnes_target: 18015, nOnes_pred: 15625, TPR[ HumanFC: 0.738 ], TNR[ HumanFC: 0.958 ], roc[ HumanFC: 0.934 ], accuracy[ HumanFC: 0.922 ]
12/18 12:53:34 AM | TRAINING: Epoch: 6, Batch: 550/1743, Loss: 0.653, perc_uncertainty: 0.049, nOnes_target: 19997, nOnes_pred: 17055, TPR[ HumanFC: 0.741 ], TNR[ HumanFC: 0.958 ], roc[ HumanFC: 0.943 ], accuracy[ HumanFC: 0.906 ]
12/18 12:54:16 AM | TRAINING: Epoch: 6, Batch: 600/1743, Loss: 0.654, perc_uncertainty: 0.050, nOnes_target: 21432, nOnes_pred: 16629, TPR[ HumanFC: 0.709 ], TNR[ HumanFC: 0.973 ], roc[ HumanFC: 0.949 ], accuracy[ HumanFC: 0.906 ]
12/18 12:54:59 AM | TRAINING: Epoch: 6, Batch: 650/1743, Loss: 0.648, perc_uncertainty: 0.054, nOnes_target: 19834, nOnes_pred: 16003, TPR[ HumanFC: 0.716 ], TNR[ HumanFC: 0.967 ], roc[ HumanFC: 0.942 ], accuracy[ HumanFC: 0.914 ]
12/18 12:55:41 AM | TRAINING: Epoch: 6, Batch: 700/1743, Loss: 0.635, perc_uncertainty: 0.052, nOnes_target: 17767, nOnes_pred: 15697, TPR[ HumanFC: 0.744 ], TNR[ HumanFC: 0.956 ], roc[ HumanFC: 0.950 ], accuracy[ HumanFC: 0.914 ]
12/18 12:56:23 AM | TRAINING: Epoch: 6, Batch: 750/1743, Loss: 0.637, perc_uncertainty: 0.050, nOnes_target: 17596, nOnes_pred: 15006, TPR[ HumanFC: 0.730 ], TNR[ HumanFC: 0.962 ], roc[ HumanFC: 0.936 ], accuracy[ HumanFC: 0.926 ]
12/18 12:57:05 AM | TRAINING: Epoch: 6, Batch: 800/1743, Loss: 0.647, perc_uncertainty: 0.051, nOnes_target: 19882, nOnes_pred: 15876, TPR[ HumanFC: 0.713 ], TNR[ HumanFC: 0.968 ], roc[ HumanFC: 0.944 ], accuracy[ HumanFC: 0.914 ]
12/18 12:57:48 AM | TRAINING: Epoch: 6, Batch: 850/1743, Loss: 0.652, perc_uncertainty: 0.051, nOnes_target: 19641, nOnes_pred: 16218, TPR[ HumanFC: 0.713 ], TNR[ HumanFC: 0.959 ], roc[ HumanFC: 0.941 ], accuracy[ HumanFC: 0.898 ]
12/18 12:58:30 AM | TRAINING: Epoch: 6, Batch: 900/1743, Loss: 0.645, perc_uncertainty: 0.048, nOnes_target: 18343, nOnes_pred: 16136, TPR[ HumanFC: 0.735 ], TNR[ HumanFC: 0.952 ], roc[ HumanFC: 0.944 ], accuracy[ HumanFC: 0.902 ]
12/18 12:59:13 AM | TRAINING: Epoch: 6, Batch: 950/1743, Loss: 0.645, perc_uncertainty: 0.052, nOnes_target: 19528, nOnes_pred: 16448, TPR[ HumanFC: 0.728 ], TNR[ HumanFC: 0.959 ], roc[ HumanFC: 0.946 ], accuracy[ HumanFC: 0.904 ]
12/18 12:59:55 AM | TRAINING: Epoch: 6, Batch: 1000/1743, Loss: 0.658, perc_uncertainty: 0.048, nOnes_target: 19519, nOnes_pred: 16442, TPR[ HumanFC: 0.714 ], TNR[ HumanFC: 0.954 ], roc[ HumanFC: 0.933 ], accuracy[ HumanFC: 0.895 ]
12/18 01:00:37 AM | TRAINING: Epoch: 6, Batch: 1050/1743, Loss: 0.648, perc_uncertainty: 0.052, nOnes_target: 18028, nOnes_pred: 15336, TPR[ HumanFC: 0.711 ], TNR[ HumanFC: 0.955 ], roc[ HumanFC: 0.936 ], accuracy[ HumanFC: 0.910 ]
12/18 01:01:20 AM | TRAINING: Epoch: 6, Batch: 1100/1743, Loss: 0.650, perc_uncertainty: 0.051, nOnes_target: 20418, nOnes_pred: 16555, TPR[ HumanFC: 0.712 ], TNR[ HumanFC: 0.962 ], roc[ HumanFC: 0.941 ], accuracy[ HumanFC: 0.900 ]
12/18 01:02:02 AM | TRAINING: Epoch: 6, Batch: 1150/1743, Loss: 0.636, perc_uncertainty: 0.054, nOnes_target: 18262, nOnes_pred: 15752, TPR[ HumanFC: 0.727 ], TNR[ HumanFC: 0.955 ], roc[ HumanFC: 0.941 ], accuracy[ HumanFC: 0.914 ]
12/18 01:02:44 AM | TRAINING: Epoch: 6, Batch: 1200/1743, Loss: 0.634, perc_uncertainty: 0.048, nOnes_target: 17984, nOnes_pred: 15692, TPR[ HumanFC: 0.740 ], TNR[ HumanFC: 0.957 ], roc[ HumanFC: 0.938 ], accuracy[ HumanFC: 0.910 ]
12/18 01:03:27 AM | TRAINING: Epoch: 6, Batch: 1250/1743, Loss: 0.626, perc_uncertainty: 0.049, nOnes_target: 18421, nOnes_pred: 15917, TPR[ HumanFC: 0.739 ], TNR[ HumanFC: 0.958 ], roc[ HumanFC: 0.948 ], accuracy[ HumanFC: 0.906 ]
12/18 01:04:09 AM | TRAINING: Epoch: 6, Batch: 1300/1743, Loss: 0.606, perc_uncertainty: 0.044, nOnes_target: 17194, nOnes_pred: 14873, TPR[ HumanFC: 0.757 ], TNR[ HumanFC: 0.967 ], roc[ HumanFC: 0.949 ], accuracy[ HumanFC: 0.930 ]
12/18 01:04:51 AM | TRAINING: Epoch: 6, Batch: 1350/1743, Loss: 0.647, perc_uncertainty: 0.047, nOnes_target: 20794, nOnes_pred: 17017, TPR[ HumanFC: 0.727 ], TNR[ HumanFC: 0.964 ], roc[ HumanFC: 0.935 ], accuracy[ HumanFC: 0.906 ]
12/18 01:05:33 AM | TRAINING: Epoch: 6, Batch: 1400/1743, Loss: 0.622, perc_uncertainty: 0.048, nOnes_target: 18554, nOnes_pred: 15591, TPR[ HumanFC: 0.735 ], TNR[ HumanFC: 0.965 ], roc[ HumanFC: 0.947 ], accuracy[ HumanFC: 0.918 ]
12/18 01:06:15 AM | TRAINING: Epoch: 6, Batch: 1450/1743, Loss: 0.625, perc_uncertainty: 0.050, nOnes_target: 15036, nOnes_pred: 13737, TPR[ HumanFC: 0.720 ], TNR[ HumanFC: 0.950 ], roc[ HumanFC: 0.932 ], accuracy[ HumanFC: 0.922 ]
12/18 01:06:58 AM | TRAINING: Epoch: 6, Batch: 1500/1743, Loss: 0.625, perc_uncertainty: 0.050, nOnes_target: 17759, nOnes_pred: 14330, TPR[ HumanFC: 0.702 ], TNR[ HumanFC: 0.967 ], roc[ HumanFC: 0.938 ], accuracy[ HumanFC: 0.912 ]
12/18 01:07:40 AM | TRAINING: Epoch: 6, Batch: 1550/1743, Loss: 0.643, perc_uncertainty: 0.053, nOnes_target: 19345, nOnes_pred: 15922, TPR[ HumanFC: 0.708 ], TNR[ HumanFC: 0.959 ], roc[ HumanFC: 0.934 ], accuracy[ HumanFC: 0.898 ]
12/18 01:08:22 AM | TRAINING: Epoch: 6, Batch: 1600/1743, Loss: 0.634, perc_uncertainty: 0.048, nOnes_target: 19989, nOnes_pred: 16095, TPR[ HumanFC: 0.718 ], TNR[ HumanFC: 0.968 ], roc[ HumanFC: 0.937 ], accuracy[ HumanFC: 0.910 ]
12/18 01:09:05 AM | TRAINING: Epoch: 6, Batch: 1650/1743, Loss: 0.642, perc_uncertainty: 0.048, nOnes_target: 20135, nOnes_pred: 16940, TPR[ HumanFC: 0.727 ], TNR[ HumanFC: 0.957 ], roc[ HumanFC: 0.935 ], accuracy[ HumanFC: 0.902 ]
12/18 01:09:47 AM | TRAINING: Epoch: 6, Batch: 1700/1743, Loss: 0.624, perc_uncertainty: 0.045, nOnes_target: 19388, nOnes_pred: 16557, TPR[ HumanFC: 0.737 ], TNR[ HumanFC: 0.958 ], roc[ HumanFC: 0.941 ], accuracy[ HumanFC: 0.906 ]
12/18 01:10:23 AM | TRAINING: Epoch: 6, Batch: 1743/1743, Loss: 0.632, perc_uncertainty: 0.054, nOnes_target: 10597, nOnes_pred: 8899, TPR[ HumanFC: 0.727 ], TNR[ HumanFC: 0.959 ], roc[ HumanFC: 0.947 ], accuracy[ HumanFC: 0.912 ]
12/18 01:10:24 AM | VALIDATION: Epoch: 6, Batch: 0/170, Loss: 0.483, perc_uncertainty: 0.078, nOnes_target: 20287, nOnes_pred: 22623, TPR[ HumanFC: 0.665 ], TNR[ HumanFC: 0.829 ], roc[ HumanFC: 0.818 ], accuracy[ HumanFC: 0.764 ]
12/18 01:10:53 AM | VALIDATION: Epoch: 6, Batch: 50/170, Loss: 0.414, perc_uncertainty: 0.063, nOnes_target: 12684, nOnes_pred: 13168, TPR[ HumanFC: 0.527 ], TNR[ HumanFC: 0.894 ], roc[ HumanFC: 0.737 ], accuracy[ HumanFC: 0.832 ]
12/18 01:11:22 AM | VALIDATION: Epoch: 6, Batch: 100/170, Loss: 0.511, perc_uncertainty: 0.079, nOnes_target: 24010, nOnes_pred: 26506, TPR[ HumanFC: 0.710 ], TNR[ HumanFC: 0.810 ], roc[ HumanFC: 0.809 ], accuracy[ HumanFC: 0.770 ]
12/18 01:11:52 AM | VALIDATION: Epoch: 6, Batch: 150/170, Loss: 0.346, perc_uncertainty: 0.042, nOnes_target: 24015, nOnes_pred: 15942, TPR[ HumanFC: 0.620 ], TNR[ HumanFC: 0.979 ], roc[ HumanFC: 0.911 ], accuracy[ HumanFC: 0.871 ]
12/18 01:12:03 AM | VALIDATION: Epoch: 6, Batch: 170/170, Loss: 0.414, perc_uncertainty: 0.040, nOnes_target: 18710, nOnes_pred: 15330, TPR[ HumanFC: 0.757 ], TNR[ HumanFC: 0.934 ], roc[ HumanFC: 0.925 ], accuracy[ HumanFC: 0.849 ]
12/18 01:12:07 AM | TRAINING: Epoch: 7, Batch: 0/1743, Loss: 0.611, perc_uncertainty: 0.045, nOnes_target: 18887, nOnes_pred: 15516, TPR[ HumanFC: 0.731 ], TNR[ HumanFC: 0.969 ], roc[ HumanFC: 0.951 ], accuracy[ HumanFC: 0.924 ]
12/18 01:12:49 AM | TRAINING: Epoch: 7, Batch: 50/1743, Loss: 0.627, perc_uncertainty: 0.050, nOnes_target: 19210, nOnes_pred: 16563, TPR[ HumanFC: 0.729 ], TNR[ HumanFC: 0.953 ], roc[ HumanFC: 0.945 ], accuracy[ HumanFC: 0.902 ]
12/18 01:13:31 AM | TRAINING: Epoch: 7, Batch: 100/1743, Loss: 0.607, perc_uncertainty: 0.045, nOnes_target: 20291, nOnes_pred: 16661, TPR[ HumanFC: 0.744 ], TNR[ HumanFC: 0.971 ], roc[ HumanFC: 0.955 ], accuracy[ HumanFC: 0.914 ]
12/18 01:14:14 AM | TRAINING: Epoch: 7, Batch: 150/1743, Loss: 0.625, perc_uncertainty: 0.052, nOnes_target: 16354, nOnes_pred: 15844, TPR[ HumanFC: 0.758 ], TNR[ HumanFC: 0.940 ], roc[ HumanFC: 0.939 ], accuracy[ HumanFC: 0.910 ]
12/18 01:14:56 AM | TRAINING: Epoch: 7, Batch: 200/1743, Loss: 0.600, perc_uncertainty: 0.054, nOnes_target: 17970, nOnes_pred: 15107, TPR[ HumanFC: 0.742 ], TNR[ HumanFC: 0.968 ], roc[ HumanFC: 0.951 ], accuracy[ HumanFC: 0.926 ]
12/18 01:15:38 AM | TRAINING: Epoch: 7, Batch: 250/1743, Loss: 0.601, perc_uncertainty: 0.049, nOnes_target: 15461, nOnes_pred: 15038, TPR[ HumanFC: 0.765 ], TNR[ HumanFC: 0.945 ], roc[ HumanFC: 0.950 ], accuracy[ HumanFC: 0.914 ]
12/18 01:16:20 AM | TRAINING: Epoch: 7, Batch: 300/1743, Loss: 0.599, perc_uncertainty: 0.049, nOnes_target: 18494, nOnes_pred: 15833, TPR[ HumanFC: 0.755 ], TNR[ HumanFC: 0.966 ], roc[ HumanFC: 0.952 ], accuracy[ HumanFC: 0.922 ]
12/18 01:17:03 AM | TRAINING: Epoch: 7, Batch: 350/1743, Loss: 0.595, perc_uncertainty: 0.047, nOnes_target: 18828, nOnes_pred: 15914, TPR[ HumanFC: 0.750 ], TNR[ HumanFC: 0.967 ], roc[ HumanFC: 0.956 ], accuracy[ HumanFC: 0.922 ]
12/18 01:17:42 AM | TRAINING: Epoch: 7, Batch: 400/1743, Loss: 0.604, perc_uncertainty: 0.049, nOnes_target: 17224, nOnes_pred: 15189, TPR[ HumanFC: 0.746 ], TNR[ HumanFC: 0.958 ], roc[ HumanFC: 0.944 ], accuracy[ HumanFC: 0.918 ]
12/18 01:18:18 AM | TRAINING: Epoch: 7, Batch: 450/1743, Loss: 0.612, perc_uncertainty: 0.052, nOnes_target: 17054, nOnes_pred: 15879, TPR[ HumanFC: 0.751 ], TNR[ HumanFC: 0.946 ], roc[ HumanFC: 0.944 ], accuracy[ HumanFC: 0.906 ]
12/18 01:18:55 AM | TRAINING: Epoch: 7, Batch: 500/1743, Loss: 0.631, perc_uncertainty: 0.047, nOnes_target: 22174, nOnes_pred: 16878, TPR[ HumanFC: 0.699 ], TNR[ HumanFC: 0.973 ], roc[ HumanFC: 0.951 ], accuracy[ HumanFC: 0.906 ]
12/18 01:19:33 AM | TRAINING: Epoch: 7, Batch: 550/1743, Loss: 0.609, perc_uncertainty: 0.048, nOnes_target: 18332, nOnes_pred: 15955, TPR[ HumanFC: 0.742 ], TNR[ HumanFC: 0.957 ], roc[ HumanFC: 0.951 ], accuracy[ HumanFC: 0.914 ]
12/18 01:20:15 AM | TRAINING: Epoch: 7, Batch: 600/1743, Loss: 0.594, perc_uncertainty: 0.042, nOnes_target: 20167, nOnes_pred: 16759, TPR[ HumanFC: 0.756 ], TNR[ HumanFC: 0.972 ], roc[ HumanFC: 0.958 ], accuracy[ HumanFC: 0.926 ]
12/18 01:20:58 AM | TRAINING: Epoch: 7, Batch: 650/1743, Loss: 0.595, perc_uncertainty: 0.050, nOnes_target: 18656, nOnes_pred: 16598, TPR[ HumanFC: 0.766 ], TNR[ HumanFC: 0.958 ], roc[ HumanFC: 0.958 ], accuracy[ HumanFC: 0.918 ]
12/18 01:21:40 AM | TRAINING: Epoch: 7, Batch: 700/1743, Loss: 0.605, perc_uncertainty: 0.046, nOnes_target: 17331, nOnes_pred: 15477, TPR[ HumanFC: 0.744 ], TNR[ HumanFC: 0.954 ], roc[ HumanFC: 0.940 ], accuracy[ HumanFC: 0.910 ]
12/18 01:22:22 AM | TRAINING: Epoch: 7, Batch: 750/1743, Loss: 0.594, perc_uncertainty: 0.046, nOnes_target: 19549, nOnes_pred: 16367, TPR[ HumanFC: 0.754 ], TNR[ HumanFC: 0.970 ], roc[ HumanFC: 0.956 ], accuracy[ HumanFC: 0.922 ]
12/18 01:23:05 AM | TRAINING: Epoch: 7, Batch: 800/1743, Loss: 0.609, perc_uncertainty: 0.047, nOnes_target: 18573, nOnes_pred: 16103, TPR[ HumanFC: 0.742 ], TNR[ HumanFC: 0.958 ], roc[ HumanFC: 0.948 ], accuracy[ HumanFC: 0.918 ]
12/18 01:23:47 AM | TRAINING: Epoch: 7, Batch: 850/1743, Loss: 0.598, perc_uncertainty: 0.045, nOnes_target: 18581, nOnes_pred: 16137, TPR[ HumanFC: 0.754 ], TNR[ HumanFC: 0.961 ], roc[ HumanFC: 0.950 ], accuracy[ HumanFC: 0.922 ]
12/18 01:24:29 AM | TRAINING: Epoch: 7, Batch: 900/1743, Loss: 0.585, perc_uncertainty: 0.047, nOnes_target: 16128, nOnes_pred: 14758, TPR[ HumanFC: 0.763 ], TNR[ HumanFC: 0.957 ], roc[ HumanFC: 0.953 ], accuracy[ HumanFC: 0.934 ]
12/18 01:25:12 AM | TRAINING: Epoch: 7, Batch: 950/1743, Loss: 0.595, perc_uncertainty: 0.045, nOnes_target: 17343, nOnes_pred: 15476, TPR[ HumanFC: 0.754 ], TNR[ HumanFC: 0.957 ], roc[ HumanFC: 0.948 ], accuracy[ HumanFC: 0.918 ]
12/18 01:25:54 AM | TRAINING: Epoch: 7, Batch: 1000/1743, Loss: 0.603, perc_uncertainty: 0.052, nOnes_target: 18119, nOnes_pred: 15541, TPR[ HumanFC: 0.734 ], TNR[ HumanFC: 0.960 ], roc[ HumanFC: 0.944 ], accuracy[ HumanFC: 0.902 ]
12/18 01:26:36 AM | TRAINING: Epoch: 7, Batch: 1050/1743, Loss: 0.599, perc_uncertainty: 0.053, nOnes_target: 18271, nOnes_pred: 15586, TPR[ HumanFC: 0.737 ], TNR[ HumanFC: 0.962 ], roc[ HumanFC: 0.944 ], accuracy[ HumanFC: 0.922 ]
12/18 01:27:18 AM | TRAINING: Epoch: 7, Batch: 1100/1743, Loss: 0.593, perc_uncertainty: 0.044, nOnes_target: 17601, nOnes_pred: 16014, TPR[ HumanFC: 0.767 ], TNR[ HumanFC: 0.955 ], roc[ HumanFC: 0.953 ], accuracy[ HumanFC: 0.918 ]
12/18 01:28:01 AM | TRAINING: Epoch: 7, Batch: 1150/1743, Loss: 0.588, perc_uncertainty: 0.044, nOnes_target: 19282, nOnes_pred: 16258, TPR[ HumanFC: 0.756 ], TNR[ HumanFC: 0.969 ], roc[ HumanFC: 0.957 ], accuracy[ HumanFC: 0.926 ]
12/18 01:28:43 AM | TRAINING: Epoch: 7, Batch: 1200/1743, Loss: 0.597, perc_uncertainty: 0.047, nOnes_target: 17211, nOnes_pred: 15246, TPR[ HumanFC: 0.738 ], TNR[ HumanFC: 0.955 ], roc[ HumanFC: 0.951 ], accuracy[ HumanFC: 0.910 ]
12/18 01:29:25 AM | TRAINING: Epoch: 7, Batch: 1250/1743, Loss: 0.592, perc_uncertainty: 0.045, nOnes_target: 18934, nOnes_pred: 16635, TPR[ HumanFC: 0.761 ], TNR[ HumanFC: 0.960 ], roc[ HumanFC: 0.954 ], accuracy[ HumanFC: 0.918 ]
12/18 01:30:07 AM | TRAINING: Epoch: 7, Batch: 1300/1743, Loss: 0.611, perc_uncertainty: 0.049, nOnes_target: 19776, nOnes_pred: 16515, TPR[ HumanFC: 0.732 ], TNR[ HumanFC: 0.962 ], roc[ HumanFC: 0.944 ], accuracy[ HumanFC: 0.910 ]
12/18 01:30:50 AM | TRAINING: Epoch: 7, Batch: 1350/1743, Loss: 0.597, perc_uncertainty: 0.045, nOnes_target: 19365, nOnes_pred: 16516, TPR[ HumanFC: 0.746 ], TNR[ HumanFC: 0.962 ], roc[ HumanFC: 0.953 ], accuracy[ HumanFC: 0.914 ]
12/18 01:31:32 AM | TRAINING: Epoch: 7, Batch: 1400/1743, Loss: 0.589, perc_uncertainty: 0.047, nOnes_target: 19983, nOnes_pred: 17505, TPR[ HumanFC: 0.773 ], TNR[ HumanFC: 0.962 ], roc[ HumanFC: 0.957 ], accuracy[ HumanFC: 0.916 ]
12/18 01:32:14 AM | TRAINING: Epoch: 7, Batch: 1450/1743, Loss: 0.583, perc_uncertainty: 0.053, nOnes_target: 17548, nOnes_pred: 15973, TPR[ HumanFC: 0.768 ], TNR[ HumanFC: 0.956 ], roc[ HumanFC: 0.955 ], accuracy[ HumanFC: 0.922 ]
12/18 01:32:57 AM | TRAINING: Epoch: 7, Batch: 1500/1743, Loss: 0.602, perc_uncertainty: 0.047, nOnes_target: 19624, nOnes_pred: 16708, TPR[ HumanFC: 0.743 ], TNR[ HumanFC: 0.961 ], roc[ HumanFC: 0.946 ], accuracy[ HumanFC: 0.906 ]
12/18 01:33:39 AM | TRAINING: Epoch: 7, Batch: 1550/1743, Loss: 0.588, perc_uncertainty: 0.048, nOnes_target: 16721, nOnes_pred: 15646, TPR[ HumanFC: 0.768 ], TNR[ HumanFC: 0.951 ], roc[ HumanFC: 0.949 ], accuracy[ HumanFC: 0.924 ]
12/18 01:34:21 AM | TRAINING: Epoch: 7, Batch: 1600/1743, Loss: 0.607, perc_uncertainty: 0.050, nOnes_target: 19347, nOnes_pred: 17457, TPR[ HumanFC: 0.761 ], TNR[ HumanFC: 0.950 ], roc[ HumanFC: 0.945 ], accuracy[ HumanFC: 0.904 ]
12/18 01:35:04 AM | TRAINING: Epoch: 7, Batch: 1650/1743, Loss: 0.595, perc_uncertainty: 0.050, nOnes_target: 22032, nOnes_pred: 18009, TPR[ HumanFC: 0.749 ], TNR[ HumanFC: 0.971 ], roc[ HumanFC: 0.957 ], accuracy[ HumanFC: 0.910 ]
12/18 01:35:46 AM | TRAINING: Epoch: 7, Batch: 1700/1743, Loss: 0.608, perc_uncertainty: 0.048, nOnes_target: 22878, nOnes_pred: 17612, TPR[ HumanFC: 0.722 ], TNR[ HumanFC: 0.978 ], roc[ HumanFC: 0.958 ], accuracy[ HumanFC: 0.914 ]
12/18 01:36:23 AM | TRAINING: Epoch: 7, Batch: 1743/1743, Loss: 0.611, perc_uncertainty: 0.053, nOnes_target: 7761, nOnes_pred: 8126, TPR[ HumanFC: 0.768 ], TNR[ HumanFC: 0.932 ], roc[ HumanFC: 0.937 ], accuracy[ HumanFC: 0.905 ]
12/18 01:36:24 AM | VALIDATION: Epoch: 7, Batch: 0/170, Loss: 0.517, perc_uncertainty: 0.078, nOnes_target: 20287, nOnes_pred: 25394, TPR[ HumanFC: 0.721 ], TNR[ HumanFC: 0.799 ], roc[ HumanFC: 0.825 ], accuracy[ HumanFC: 0.762 ]
12/18 01:36:53 AM | VALIDATION: Epoch: 7, Batch: 50/170, Loss: 0.455, perc_uncertainty: 0.074, nOnes_target: 12684, nOnes_pred: 15765, TPR[ HumanFC: 0.582 ], TNR[ HumanFC: 0.863 ], roc[ HumanFC: 0.734 ], accuracy[ HumanFC: 0.812 ]
12/18 01:37:22 AM | VALIDATION: Epoch: 7, Batch: 100/170, Loss: 0.551, perc_uncertainty: 0.079, nOnes_target: 24010, nOnes_pred: 27357, TPR[ HumanFC: 0.709 ], TNR[ HumanFC: 0.792 ], roc[ HumanFC: 0.796 ], accuracy[ HumanFC: 0.756 ]
12/18 01:37:51 AM | VALIDATION: Epoch: 7, Batch: 150/170, Loss: 0.333, perc_uncertainty: 0.054, nOnes_target: 24015, nOnes_pred: 17998, TPR[ HumanFC: 0.673 ], TNR[ HumanFC: 0.963 ], roc[ HumanFC: 0.909 ], accuracy[ HumanFC: 0.881 ]
12/18 01:38:02 AM | VALIDATION: Epoch: 7, Batch: 170/170, Loss: 0.405, perc_uncertainty: 0.040, nOnes_target: 18710, nOnes_pred: 15885, TPR[ HumanFC: 0.770 ], TNR[ HumanFC: 0.916 ], roc[ HumanFC: 0.928 ], accuracy[ HumanFC: 0.857 ]
12/18 01:38:04 AM | TRAINING: Epoch: 8, Batch: 0/1743, Loss: 0.576, perc_uncertainty: 0.043, nOnes_target: 19257, nOnes_pred: 17279, TPR[ HumanFC: 0.787 ], TNR[ HumanFC: 0.961 ], roc[ HumanFC: 0.954 ], accuracy[ HumanFC: 0.926 ]
12/18 01:38:45 AM | TRAINING: Epoch: 8, Batch: 50/1743, Loss: 0.588, perc_uncertainty: 0.048, nOnes_target: 18418, nOnes_pred: 16517, TPR[ HumanFC: 0.762 ], TNR[ HumanFC: 0.955 ], roc[ HumanFC: 0.949 ], accuracy[ HumanFC: 0.914 ]
12/18 01:39:27 AM | TRAINING: Epoch: 8, Batch: 100/1743, Loss: 0.590, perc_uncertainty: 0.049, nOnes_target: 16724, nOnes_pred: 15920, TPR[ HumanFC: 0.768 ], TNR[ HumanFC: 0.946 ], roc[ HumanFC: 0.947 ], accuracy[ HumanFC: 0.914 ]
12/18 01:40:09 AM | TRAINING: Epoch: 8, Batch: 150/1743, Loss: 0.587, perc_uncertainty: 0.047, nOnes_target: 18363, nOnes_pred: 16498, TPR[ HumanFC: 0.768 ], TNR[ HumanFC: 0.957 ], roc[ HumanFC: 0.954 ], accuracy[ HumanFC: 0.922 ]
12/18 01:40:52 AM | TRAINING: Epoch: 8, Batch: 200/1743, Loss: 0.587, perc_uncertainty: 0.046, nOnes_target: 19131, nOnes_pred: 16696, TPR[ HumanFC: 0.757 ], TNR[ HumanFC: 0.960 ], roc[ HumanFC: 0.952 ], accuracy[ HumanFC: 0.910 ]
12/18 01:41:34 AM | TRAINING: Epoch: 8, Batch: 250/1743, Loss: 0.579, perc_uncertainty: 0.045, nOnes_target: 17894, nOnes_pred: 16165, TPR[ HumanFC: 0.772 ], TNR[ HumanFC: 0.958 ], roc[ HumanFC: 0.956 ], accuracy[ HumanFC: 0.918 ]
12/18 01:42:16 AM | TRAINING: Epoch: 8, Batch: 300/1743, Loss: 0.560, perc_uncertainty: 0.042, nOnes_target: 17134, nOnes_pred: 15670, TPR[ HumanFC: 0.791 ], TNR[ HumanFC: 0.963 ], roc[ HumanFC: 0.962 ], accuracy[ HumanFC: 0.934 ]
12/18 01:42:59 AM | TRAINING: Epoch: 8, Batch: 350/1743, Loss: 0.576, perc_uncertainty: 0.044, nOnes_target: 19084, nOnes_pred: 16430, TPR[ HumanFC: 0.765 ], TNR[ HumanFC: 0.966 ], roc[ HumanFC: 0.955 ], accuracy[ HumanFC: 0.926 ]
12/18 01:43:38 AM | TRAINING: Epoch: 8, Batch: 400/1743, Loss: 0.581, perc_uncertainty: 0.048, nOnes_target: 16818, nOnes_pred: 15533, TPR[ HumanFC: 0.764 ], TNR[ HumanFC: 0.953 ], roc[ HumanFC: 0.955 ], accuracy[ HumanFC: 0.918 ]
12/18 01:44:14 AM | TRAINING: Epoch: 8, Batch: 450/1743, Loss: 0.572, perc_uncertainty: 0.045, nOnes_target: 19653, nOnes_pred: 16705, TPR[ HumanFC: 0.771 ], TNR[ HumanFC: 0.971 ], roc[ HumanFC: 0.957 ], accuracy[ HumanFC: 0.930 ]
12/18 01:44:49 AM | TRAINING: Epoch: 8, Batch: 500/1743, Loss: 0.583, perc_uncertainty: 0.047, nOnes_target: 15867, nOnes_pred: 14622, TPR[ HumanFC: 0.753 ], TNR[ HumanFC: 0.954 ], roc[ HumanFC: 0.950 ], accuracy[ HumanFC: 0.922 ]
12/18 01:45:29 AM | TRAINING: Epoch: 8, Batch: 550/1743, Loss: 0.568, perc_uncertainty: 0.042, nOnes_target: 16879, nOnes_pred: 15515, TPR[ HumanFC: 0.782 ], TNR[ HumanFC: 0.959 ], roc[ HumanFC: 0.956 ], accuracy[ HumanFC: 0.930 ]
12/18 01:46:11 AM | TRAINING: Epoch: 8, Batch: 600/1743, Loss: 0.580, perc_uncertainty: 0.045, nOnes_target: 19734, nOnes_pred: 16251, TPR[ HumanFC: 0.743 ], TNR[ HumanFC: 0.971 ], roc[ HumanFC: 0.962 ], accuracy[ HumanFC: 0.918 ]
12/18 01:46:53 AM | TRAINING: Epoch: 8, Batch: 650/1743, Loss: 0.579, perc_uncertainty: 0.042, nOnes_target: 18859, nOnes_pred: 15928, TPR[ HumanFC: 0.750 ], TNR[ HumanFC: 0.967 ], roc[ HumanFC: 0.959 ], accuracy[ HumanFC: 0.926 ]
12/18 01:47:36 AM | TRAINING: Epoch: 8, Batch: 700/1743, Loss: 0.575, perc_uncertainty: 0.047, nOnes_target: 18620, nOnes_pred: 16603, TPR[ HumanFC: 0.773 ], TNR[ HumanFC: 0.960 ], roc[ HumanFC: 0.958 ], accuracy[ HumanFC: 0.922 ]
12/18 01:48:18 AM | TRAINING: Epoch: 8, Batch: 750/1743, Loss: 0.583, perc_uncertainty: 0.048, nOnes_target: 18247, nOnes_pred: 16022, TPR[ HumanFC: 0.756 ], TNR[ HumanFC: 0.960 ], roc[ HumanFC: 0.950 ], accuracy[ HumanFC: 0.918 ]
12/18 01:49:00 AM | TRAINING: Epoch: 8, Batch: 800/1743, Loss: 0.579, perc_uncertainty: 0.045, nOnes_target: 18744, nOnes_pred: 16845, TPR[ HumanFC: 0.774 ], TNR[ HumanFC: 0.957 ], roc[ HumanFC: 0.957 ], accuracy[ HumanFC: 0.926 ]
12/18 01:49:43 AM | TRAINING: Epoch: 8, Batch: 850/1743, Loss: 0.572, perc_uncertainty: 0.044, nOnes_target: 18540, nOnes_pred: 16105, TPR[ HumanFC: 0.764 ], TNR[ HumanFC: 0.965 ], roc[ HumanFC: 0.955 ], accuracy[ HumanFC: 0.926 ]
12/18 01:50:25 AM | TRAINING: Epoch: 8, Batch: 900/1743, Loss: 0.589, perc_uncertainty: 0.045, nOnes_target: 16970, nOnes_pred: 15622, TPR[ HumanFC: 0.752 ], TNR[ HumanFC: 0.950 ], roc[ HumanFC: 0.946 ], accuracy[ HumanFC: 0.918 ]
12/18 01:51:07 AM | TRAINING: Epoch: 8, Batch: 950/1743, Loss: 0.589, perc_uncertainty: 0.048, nOnes_target: 18940, nOnes_pred: 16546, TPR[ HumanFC: 0.748 ], TNR[ HumanFC: 0.957 ], roc[ HumanFC: 0.950 ], accuracy[ HumanFC: 0.914 ]
12/18 01:51:50 AM | TRAINING: Epoch: 8, Batch: 1000/1743, Loss: 0.580, perc_uncertainty: 0.045, nOnes_target: 18968, nOnes_pred: 16626, TPR[ HumanFC: 0.766 ], TNR[ HumanFC: 0.962 ], roc[ HumanFC: 0.953 ], accuracy[ HumanFC: 0.922 ]
12/18 01:52:32 AM | TRAINING: Epoch: 8, Batch: 1050/1743, Loss: 0.591, perc_uncertainty: 0.048, nOnes_target: 16338, nOnes_pred: 15526, TPR[ HumanFC: 0.764 ], TNR[ HumanFC: 0.947 ], roc[ HumanFC: 0.944 ], accuracy[ HumanFC: 0.910 ]
12/18 01:53:14 AM | TRAINING: Epoch: 8, Batch: 1100/1743, Loss: 0.597, perc_uncertainty: 0.043, nOnes_target: 20537, nOnes_pred: 16666, TPR[ HumanFC: 0.731 ], TNR[ HumanFC: 0.969 ], roc[ HumanFC: 0.952 ], accuracy[ HumanFC: 0.914 ]
12/18 01:53:57 AM | TRAINING: Epoch: 8, Batch: 1150/1743, Loss: 0.552, perc_uncertainty: 0.044, nOnes_target: 16946, nOnes_pred: 15762, TPR[ HumanFC: 0.802 ], TNR[ HumanFC: 0.962 ], roc[ HumanFC: 0.966 ], accuracy[ HumanFC: 0.938 ]
12/18 01:54:39 AM | TRAINING: Epoch: 8, Batch: 1200/1743, Loss: 0.576, perc_uncertainty: 0.045, nOnes_target: 17792, nOnes_pred: 15558, TPR[ HumanFC: 0.752 ], TNR[ HumanFC: 0.961 ], roc[ HumanFC: 0.956 ], accuracy[ HumanFC: 0.922 ]
12/18 01:55:22 AM | TRAINING: Epoch: 8, Batch: 1250/1743, Loss: 0.559, perc_uncertainty: 0.045, nOnes_target: 16321, nOnes_pred: 15069, TPR[ HumanFC: 0.785 ], TNR[ HumanFC: 0.961 ], roc[ HumanFC: 0.962 ], accuracy[ HumanFC: 0.934 ]
12/18 01:56:04 AM | TRAINING: Epoch: 8, Batch: 1300/1743, Loss: 0.583, perc_uncertainty: 0.049, nOnes_target: 18153, nOnes_pred: 16224, TPR[ HumanFC: 0.758 ], TNR[ HumanFC: 0.956 ], roc[ HumanFC: 0.949 ], accuracy[ HumanFC: 0.918 ]
12/18 01:56:47 AM | TRAINING: Epoch: 8, Batch: 1350/1743, Loss: 0.590, perc_uncertainty: 0.048, nOnes_target: 16239, nOnes_pred: 14973, TPR[ HumanFC: 0.745 ], TNR[ HumanFC: 0.950 ], roc[ HumanFC: 0.946 ], accuracy[ HumanFC: 0.914 ]
12/18 01:57:29 AM | TRAINING: Epoch: 8, Batch: 1400/1743, Loss: 0.558, perc_uncertainty: 0.042, nOnes_target: 17940, nOnes_pred: 15618, TPR[ HumanFC: 0.778 ], TNR[ HumanFC: 0.970 ], roc[ HumanFC: 0.959 ], accuracy[ HumanFC: 0.934 ]
12/18 01:58:12 AM | TRAINING: Epoch: 8, Batch: 1450/1743, Loss: 0.549, perc_uncertainty: 0.041, nOnes_target: 16717, nOnes_pred: 15274, TPR[ HumanFC: 0.795 ], TNR[ HumanFC: 0.965 ], roc[ HumanFC: 0.965 ], accuracy[ HumanFC: 0.941 ]
12/18 01:58:54 AM | TRAINING: Epoch: 8, Batch: 1500/1743, Loss: 0.565, perc_uncertainty: 0.049, nOnes_target: 17787, nOnes_pred: 16392, TPR[ HumanFC: 0.788 ], TNR[ HumanFC: 0.958 ], roc[ HumanFC: 0.959 ], accuracy[ HumanFC: 0.930 ]
12/18 01:59:37 AM | TRAINING: Epoch: 8, Batch: 1550/1743, Loss: 0.551, perc_uncertainty: 0.039, nOnes_target: 18106, nOnes_pred: 16276, TPR[ HumanFC: 0.793 ], TNR[ HumanFC: 0.966 ], roc[ HumanFC: 0.964 ], accuracy[ HumanFC: 0.936 ]
12/18 02:00:19 AM | TRAINING: Epoch: 8, Batch: 1600/1743, Loss: 0.581, perc_uncertainty: 0.047, nOnes_target: 19272, nOnes_pred: 16146, TPR[ HumanFC: 0.743 ], TNR[ HumanFC: 0.966 ], roc[ HumanFC: 0.956 ], accuracy[ HumanFC: 0.918 ]
12/18 02:01:01 AM | TRAINING: Epoch: 8, Batch: 1650/1743, Loss: 0.580, perc_uncertainty: 0.043, nOnes_target: 17013, nOnes_pred: 16261, TPR[ HumanFC: 0.779 ], TNR[ HumanFC: 0.947 ], roc[ HumanFC: 0.953 ], accuracy[ HumanFC: 0.918 ]
12/18 02:01:43 AM | TRAINING: Epoch: 8, Batch: 1700/1743, Loss: 0.563, perc_uncertainty: 0.042, nOnes_target: 19824, nOnes_pred: 17013, TPR[ HumanFC: 0.776 ], TNR[ HumanFC: 0.970 ], roc[ HumanFC: 0.964 ], accuracy[ HumanFC: 0.930 ]
12/18 02:02:19 AM | TRAINING: Epoch: 8, Batch: 1743/1743, Loss: 0.569, perc_uncertainty: 0.048, nOnes_target: 9748, nOnes_pred: 8714, TPR[ HumanFC: 0.775 ], TNR[ HumanFC: 0.961 ], roc[ HumanFC: 0.957 ], accuracy[ HumanFC: 0.916 ]
12/18 02:02:20 AM | VALIDATION: Epoch: 8, Batch: 0/170, Loss: 0.488, perc_uncertainty: 0.074, nOnes_target: 20287, nOnes_pred: 22926, TPR[ HumanFC: 0.676 ], TNR[ HumanFC: 0.827 ], roc[ HumanFC: 0.822 ], accuracy[ HumanFC: 0.766 ]
12/18 02:02:50 AM | VALIDATION: Epoch: 8, Batch: 50/170, Loss: 0.415, perc_uncertainty: 0.065, nOnes_target: 12684, nOnes_pred: 13659, TPR[ HumanFC: 0.537 ], TNR[ HumanFC: 0.888 ], roc[ HumanFC: 0.747 ], accuracy[ HumanFC: 0.824 ]
12/18 02:03:20 AM | VALIDATION: Epoch: 8, Batch: 100/170, Loss: 0.528, perc_uncertainty: 0.077, nOnes_target: 24010, nOnes_pred: 25304, TPR[ HumanFC: 0.674 ], TNR[ HumanFC: 0.817 ], roc[ HumanFC: 0.794 ], accuracy[ HumanFC: 0.762 ]
12/18 02:03:50 AM | VALIDATION: Epoch: 8, Batch: 150/170, Loss: 0.355, perc_uncertainty: 0.044, nOnes_target: 24015, nOnes_pred: 15814, TPR[ HumanFC: 0.609 ], TNR[ HumanFC: 0.976 ], roc[ HumanFC: 0.914 ], accuracy[ HumanFC: 0.867 ]
12/18 02:04:01 AM | VALIDATION: Epoch: 8, Batch: 170/170, Loss: 0.421, perc_uncertainty: 0.042, nOnes_target: 18710, nOnes_pred: 14974, TPR[ HumanFC: 0.741 ], TNR[ HumanFC: 0.937 ], roc[ HumanFC: 0.930 ], accuracy[ HumanFC: 0.841 ]
12/18 02:04:03 AM | TRAINING: Epoch: 9, Batch: 0/1743, Loss: 0.583, perc_uncertainty: 0.045, nOnes_target: 20621, nOnes_pred: 17413, TPR[ HumanFC: 0.754 ], TNR[ HumanFC: 0.965 ], roc[ HumanFC: 0.955 ], accuracy[ HumanFC: 0.914 ]
12/18 02:04:45 AM | TRAINING: Epoch: 9, Batch: 50/1743, Loss: 0.559, perc_uncertainty: 0.042, nOnes_target: 18960, nOnes_pred: 16905, TPR[ HumanFC: 0.789 ], TNR[ HumanFC: 0.964 ], roc[ HumanFC: 0.961 ], accuracy[ HumanFC: 0.930 ]
12/18 02:05:27 AM | TRAINING: Epoch: 9, Batch: 100/1743, Loss: 0.573, perc_uncertainty: 0.045, nOnes_target: 18117, nOnes_pred: 16383, TPR[ HumanFC: 0.772 ], TNR[ HumanFC: 0.957 ], roc[ HumanFC: 0.954 ], accuracy[ HumanFC: 0.918 ]
12/18 02:06:09 AM | TRAINING: Epoch: 9, Batch: 150/1743, Loss: 0.597, perc_uncertainty: 0.044, nOnes_target: 21332, nOnes_pred: 16927, TPR[ HumanFC: 0.721 ], TNR[ HumanFC: 0.971 ], roc[ HumanFC: 0.952 ], accuracy[ HumanFC: 0.910 ]
12/18 02:06:51 AM | TRAINING: Epoch: 9, Batch: 200/1743, Loss: 0.568, perc_uncertainty: 0.039, nOnes_target: 18916, nOnes_pred: 16847, TPR[ HumanFC: 0.781 ], TNR[ HumanFC: 0.962 ], roc[ HumanFC: 0.959 ], accuracy[ HumanFC: 0.930 ]
12/18 02:07:34 AM | TRAINING: Epoch: 9, Batch: 250/1743, Loss: 0.570, perc_uncertainty: 0.040, nOnes_target: 17380, nOnes_pred: 15985, TPR[ HumanFC: 0.778 ], TNR[ HumanFC: 0.956 ], roc[ HumanFC: 0.955 ], accuracy[ HumanFC: 0.926 ]
12/18 02:08:16 AM | TRAINING: Epoch: 9, Batch: 300/1743, Loss: 0.573, perc_uncertainty: 0.046, nOnes_target: 18030, nOnes_pred: 15879, TPR[ HumanFC: 0.758 ], TNR[ HumanFC: 0.960 ], roc[ HumanFC: 0.956 ], accuracy[ HumanFC: 0.914 ]
12/18 02:08:58 AM | TRAINING: Epoch: 9, Batch: 350/1743, Loss: 0.555, perc_uncertainty: 0.039, nOnes_target: 19065, nOnes_pred: 16684, TPR[ HumanFC: 0.787 ], TNR[ HumanFC: 0.969 ], roc[ HumanFC: 0.966 ], accuracy[ HumanFC: 0.934 ]
12/18 02:09:38 AM | TRAINING: Epoch: 9, Batch: 400/1743, Loss: 0.573, perc_uncertainty: 0.045, nOnes_target: 19786, nOnes_pred: 17300, TPR[ HumanFC: 0.775 ], TNR[ HumanFC: 0.963 ], roc[ HumanFC: 0.959 ], accuracy[ HumanFC: 0.922 ]
12/18 02:10:14 AM | TRAINING: Epoch: 9, Batch: 450/1743, Loss: 0.557, perc_uncertainty: 0.043, nOnes_target: 18766, nOnes_pred: 16906, TPR[ HumanFC: 0.796 ], TNR[ HumanFC: 0.964 ], roc[ HumanFC: 0.965 ], accuracy[ HumanFC: 0.930 ]
12/18 02:10:50 AM | TRAINING: Epoch: 9, Batch: 500/1743, Loss: 0.561, perc_uncertainty: 0.043, nOnes_target: 17529, nOnes_pred: 16051, TPR[ HumanFC: 0.785 ], TNR[ HumanFC: 0.959 ], roc[ HumanFC: 0.959 ], accuracy[ HumanFC: 0.930 ]
12/18 02:11:29 AM | TRAINING: Epoch: 9, Batch: 550/1743, Loss: 0.573, perc_uncertainty: 0.044, nOnes_target: 18078, nOnes_pred: 16296, TPR[ HumanFC: 0.771 ], TNR[ HumanFC: 0.958 ], roc[ HumanFC: 0.955 ], accuracy[ HumanFC: 0.918 ]
12/18 02:12:11 AM | TRAINING: Epoch: 9, Batch: 600/1743, Loss: 0.557, perc_uncertainty: 0.043, nOnes_target: 18418, nOnes_pred: 16420, TPR[ HumanFC: 0.786 ], TNR[ HumanFC: 0.965 ], roc[ HumanFC: 0.959 ], accuracy[ HumanFC: 0.930 ]
12/18 02:12:54 AM | TRAINING: Epoch: 9, Batch: 650/1743, Loss: 0.568, perc_uncertainty: 0.042, nOnes_target: 17957, nOnes_pred: 16110, TPR[ HumanFC: 0.778 ], TNR[ HumanFC: 0.962 ], roc[ HumanFC: 0.953 ], accuracy[ HumanFC: 0.930 ]
12/18 02:13:36 AM | TRAINING: Epoch: 9, Batch: 700/1743, Loss: 0.564, perc_uncertainty: 0.041, nOnes_target: 20013, nOnes_pred: 16798, TPR[ HumanFC: 0.765 ], TNR[ HumanFC: 0.972 ], roc[ HumanFC: 0.963 ], accuracy[ HumanFC: 0.928 ]
12/18 02:14:19 AM | TRAINING: Epoch: 9, Batch: 750/1743, Loss: 0.564, perc_uncertainty: 0.043, nOnes_target: 17983, nOnes_pred: 16292, TPR[ HumanFC: 0.782 ], TNR[ HumanFC: 0.960 ], roc[ HumanFC: 0.961 ], accuracy[ HumanFC: 0.926 ]
12/18 02:15:01 AM | TRAINING: Epoch: 9, Batch: 800/1743, Loss: 0.575, perc_uncertainty: 0.045, nOnes_target: 20841, nOnes_pred: 16834, TPR[ HumanFC: 0.744 ], TNR[ HumanFC: 0.975 ], roc[ HumanFC: 0.963 ], accuracy[ HumanFC: 0.922 ]
12/18 02:15:43 AM | TRAINING: Epoch: 9, Batch: 850/1743, Loss: 0.572, perc_uncertainty: 0.047, nOnes_target: 17534, nOnes_pred: 16371, TPR[ HumanFC: 0.783 ], TNR[ HumanFC: 0.953 ], roc[ HumanFC: 0.952 ], accuracy[ HumanFC: 0.914 ]
12/18 02:16:26 AM | TRAINING: Epoch: 9, Batch: 900/1743, Loss: 0.580, perc_uncertainty: 0.047, nOnes_target: 17385, nOnes_pred: 16363, TPR[ HumanFC: 0.773 ], TNR[ HumanFC: 0.948 ], roc[ HumanFC: 0.951 ], accuracy[ HumanFC: 0.910 ]
12/18 02:17:08 AM | TRAINING: Epoch: 9, Batch: 950/1743, Loss: 0.568, perc_uncertainty: 0.050, nOnes_target: 16644, nOnes_pred: 15114, TPR[ HumanFC: 0.763 ], TNR[ HumanFC: 0.958 ], roc[ HumanFC: 0.954 ], accuracy[ HumanFC: 0.922 ]
12/18 02:17:50 AM | TRAINING: Epoch: 9, Batch: 1000/1743, Loss: 0.578, perc_uncertainty: 0.046, nOnes_target: 16079, nOnes_pred: 15236, TPR[ HumanFC: 0.765 ], TNR[ HumanFC: 0.949 ], roc[ HumanFC: 0.950 ], accuracy[ HumanFC: 0.922 ]
12/18 02:18:33 AM | TRAINING: Epoch: 9, Batch: 1050/1743, Loss: 0.577, perc_uncertainty: 0.046, nOnes_target: 18607, nOnes_pred: 16172, TPR[ HumanFC: 0.754 ], TNR[ HumanFC: 0.961 ], roc[ HumanFC: 0.951 ], accuracy[ HumanFC: 0.918 ]
12/18 02:19:15 AM | TRAINING: Epoch: 9, Batch: 1100/1743, Loss: 0.569, perc_uncertainty: 0.046, nOnes_target: 17690, nOnes_pred: 15881, TPR[ HumanFC: 0.767 ], TNR[ HumanFC: 0.959 ], roc[ HumanFC: 0.954 ], accuracy[ HumanFC: 0.922 ]
12/18 02:19:57 AM | TRAINING: Epoch: 9, Batch: 1150/1743, Loss: 0.562, perc_uncertainty: 0.045, nOnes_target: 16683, nOnes_pred: 15676, TPR[ HumanFC: 0.792 ], TNR[ HumanFC: 0.957 ], roc[ HumanFC: 0.961 ], accuracy[ HumanFC: 0.930 ]
12/18 02:20:39 AM | TRAINING: Epoch: 9, Batch: 1200/1743, Loss: 0.570, perc_uncertainty: 0.046, nOnes_target: 18465, nOnes_pred: 16650, TPR[ HumanFC: 0.775 ], TNR[ HumanFC: 0.958 ], roc[ HumanFC: 0.959 ], accuracy[ HumanFC: 0.922 ]
12/18 02:21:22 AM | TRAINING: Epoch: 9, Batch: 1250/1743, Loss: 0.570, perc_uncertainty: 0.047, nOnes_target: 18861, nOnes_pred: 16248, TPR[ HumanFC: 0.761 ], TNR[ HumanFC: 0.966 ], roc[ HumanFC: 0.952 ], accuracy[ HumanFC: 0.926 ]
12/18 02:22:04 AM | TRAINING: Epoch: 9, Batch: 1300/1743, Loss: 0.567, perc_uncertainty: 0.046, nOnes_target: 19085, nOnes_pred: 16853, TPR[ HumanFC: 0.775 ], TNR[ HumanFC: 0.962 ], roc[ HumanFC: 0.959 ], accuracy[ HumanFC: 0.922 ]
12/18 02:22:46 AM | TRAINING: Epoch: 9, Batch: 1350/1743, Loss: 0.572, perc_uncertainty: 0.044, nOnes_target: 19243, nOnes_pred: 16997, TPR[ HumanFC: 0.773 ], TNR[ HumanFC: 0.961 ], roc[ HumanFC: 0.955 ], accuracy[ HumanFC: 0.922 ]
12/18 02:23:29 AM | TRAINING: Epoch: 9, Batch: 1400/1743, Loss: 0.569, perc_uncertainty: 0.046, nOnes_target: 19436, nOnes_pred: 16772, TPR[ HumanFC: 0.769 ], TNR[ HumanFC: 0.966 ], roc[ HumanFC: 0.961 ], accuracy[ HumanFC: 0.922 ]
12/18 02:24:11 AM | TRAINING: Epoch: 9, Batch: 1450/1743, Loss: 0.569, perc_uncertainty: 0.041, nOnes_target: 19273, nOnes_pred: 16736, TPR[ HumanFC: 0.771 ], TNR[ HumanFC: 0.966 ], roc[ HumanFC: 0.959 ], accuracy[ HumanFC: 0.926 ]
12/18 02:24:53 AM | TRAINING: Epoch: 9, Batch: 1500/1743, Loss: 0.563, perc_uncertainty: 0.041, nOnes_target: 19451, nOnes_pred: 16527, TPR[ HumanFC: 0.766 ], TNR[ HumanFC: 0.970 ], roc[ HumanFC: 0.963 ], accuracy[ HumanFC: 0.930 ]
12/18 02:25:35 AM | TRAINING: Epoch: 9, Batch: 1550/1743, Loss: 0.558, perc_uncertainty: 0.043, nOnes_target: 18828, nOnes_pred: 16246, TPR[ HumanFC: 0.776 ], TNR[ HumanFC: 0.970 ], roc[ HumanFC: 0.961 ], accuracy[ HumanFC: 0.930 ]
12/18 02:26:18 AM | TRAINING: Epoch: 9, Batch: 1600/1743, Loss: 0.550, perc_uncertainty: 0.039, nOnes_target: 19167, nOnes_pred: 16755, TPR[ HumanFC: 0.792 ], TNR[ HumanFC: 0.971 ], roc[ HumanFC: 0.966 ], accuracy[ HumanFC: 0.934 ]
12/18 02:27:00 AM | TRAINING: Epoch: 9, Batch: 1650/1743, Loss: 0.563, perc_uncertainty: 0.042, nOnes_target: 21309, nOnes_pred: 17553, TPR[ HumanFC: 0.767 ], TNR[ HumanFC: 0.977 ], roc[ HumanFC: 0.969 ], accuracy[ HumanFC: 0.928 ]
12/18 02:27:42 AM | TRAINING: Epoch: 9, Batch: 1700/1743, Loss: 0.569, perc_uncertainty: 0.045, nOnes_target: 17567, nOnes_pred: 16186, TPR[ HumanFC: 0.782 ], TNR[ HumanFC: 0.956 ], roc[ HumanFC: 0.952 ], accuracy[ HumanFC: 0.922 ]
12/18 02:28:18 AM | TRAINING: Epoch: 9, Batch: 1743/1743, Loss: 0.590, perc_uncertainty: 0.048, nOnes_target: 7693, nOnes_pred: 8119, TPR[ HumanFC: 0.776 ], TNR[ HumanFC: 0.932 ], roc[ HumanFC: 0.946 ], accuracy[ HumanFC: 0.905 ]
12/18 02:28:19 AM | VALIDATION: Epoch: 9, Batch: 0/170, Loss: 0.494, perc_uncertainty: 0.075, nOnes_target: 20287, nOnes_pred: 23183, TPR[ HumanFC: 0.678 ], TNR[ HumanFC: 0.823 ], roc[ HumanFC: 0.819 ], accuracy[ HumanFC: 0.766 ]
12/18 02:28:49 AM | VALIDATION: Epoch: 9, Batch: 50/170, Loss: 0.417, perc_uncertainty: 0.066, nOnes_target: 12684, nOnes_pred: 13610, TPR[ HumanFC: 0.536 ], TNR[ HumanFC: 0.888 ], roc[ HumanFC: 0.743 ], accuracy[ HumanFC: 0.824 ]
12/18 02:29:18 AM | VALIDATION: Epoch: 9, Batch: 100/170, Loss: 0.529, perc_uncertainty: 0.075, nOnes_target: 24010, nOnes_pred: 25528, TPR[ HumanFC: 0.679 ], TNR[ HumanFC: 0.814 ], roc[ HumanFC: 0.794 ], accuracy[ HumanFC: 0.758 ]
12/18 02:29:47 AM | VALIDATION: Epoch: 9, Batch: 150/170, Loss: 0.356, perc_uncertainty: 0.043, nOnes_target: 24015, nOnes_pred: 15800, TPR[ HumanFC: 0.608 ], TNR[ HumanFC: 0.976 ], roc[ HumanFC: 0.914 ], accuracy[ HumanFC: 0.865 ]
12/18 02:29:58 AM | VALIDATION: Epoch: 9, Batch: 170/170, Loss: 0.418, perc_uncertainty: 0.044, nOnes_target: 18710, nOnes_pred: 14829, TPR[ HumanFC: 0.736 ], TNR[ HumanFC: 0.940 ], roc[ HumanFC: 0.933 ], accuracy[ HumanFC: 0.841 ]
12/18 02:30:00 AM | TRAINING: Epoch: 10, Batch: 0/1743, Loss: 0.565, perc_uncertainty: 0.042, nOnes_target: 16786, nOnes_pred: 15940, TPR[ HumanFC: 0.793 ], TNR[ HumanFC: 0.954 ], roc[ HumanFC: 0.954 ], accuracy[ HumanFC: 0.922 ]
12/18 02:30:43 AM | TRAINING: Epoch: 10, Batch: 50/1743, Loss: 0.567, perc_uncertainty: 0.042, nOnes_target: 17639, nOnes_pred: 16334, TPR[ HumanFC: 0.784 ], TNR[ HumanFC: 0.955 ], roc[ HumanFC: 0.957 ], accuracy[ HumanFC: 0.922 ]
12/18 02:31:24 AM | TRAINING: Epoch: 10, Batch: 100/1743, Loss: 0.579, perc_uncertainty: 0.049, nOnes_target: 17570, nOnes_pred: 16083, TPR[ HumanFC: 0.759 ], TNR[ HumanFC: 0.951 ], roc[ HumanFC: 0.952 ], accuracy[ HumanFC: 0.914 ]
12/18 02:32:06 AM | TRAINING: Epoch: 10, Batch: 150/1743, Loss: 0.577, perc_uncertainty: 0.043, nOnes_target: 20646, nOnes_pred: 16880, TPR[ HumanFC: 0.749 ], TNR[ HumanFC: 0.973 ], roc[ HumanFC: 0.959 ], accuracy[ HumanFC: 0.918 ]
12/18 02:32:49 AM | TRAINING: Epoch: 10, Batch: 200/1743, Loss: 0.554, perc_uncertainty: 0.038, nOnes_target: 18754, nOnes_pred: 16464, TPR[ HumanFC: 0.784 ], TNR[ HumanFC: 0.968 ], roc[ HumanFC: 0.965 ], accuracy[ HumanFC: 0.934 ]
12/18 02:33:31 AM | TRAINING: Epoch: 10, Batch: 250/1743, Loss: 0.567, perc_uncertainty: 0.044, nOnes_target: 18555, nOnes_pred: 16187, TPR[ HumanFC: 0.768 ], TNR[ HumanFC: 0.965 ], roc[ HumanFC: 0.957 ], accuracy[ HumanFC: 0.924 ]
12/18 02:34:13 AM | TRAINING: Epoch: 10, Batch: 300/1743, Loss: 0.564, perc_uncertainty: 0.044, nOnes_target: 17796, nOnes_pred: 16427, TPR[ HumanFC: 0.786 ], TNR[ HumanFC: 0.956 ], roc[ HumanFC: 0.960 ], accuracy[ HumanFC: 0.926 ]
12/18 02:34:55 AM | TRAINING: Epoch: 10, Batch: 350/1743, Loss: 0.566, perc_uncertainty: 0.043, nOnes_target: 20468, nOnes_pred: 17009, TPR[ HumanFC: 0.759 ], TNR[ HumanFC: 0.972 ], roc[ HumanFC: 0.961 ], accuracy[ HumanFC: 0.918 ]
12/18 02:35:34 AM | TRAINING: Epoch: 10, Batch: 400/1743, Loss: 0.575, perc_uncertainty: 0.050, nOnes_target: 16872, nOnes_pred: 15995, TPR[ HumanFC: 0.776 ], TNR[ HumanFC: 0.949 ], roc[ HumanFC: 0.952 ], accuracy[ HumanFC: 0.914 ]
12/18 02:36:10 AM | TRAINING: Epoch: 10, Batch: 450/1743, Loss: 0.578, perc_uncertainty: 0.048, nOnes_target: 18916, nOnes_pred: 16779, TPR[ HumanFC: 0.765 ], TNR[ HumanFC: 0.958 ], roc[ HumanFC: 0.953 ], accuracy[ HumanFC: 0.910 ]
12/18 02:36:46 AM | TRAINING: Epoch: 10, Batch: 500/1743, Loss: 0.568, perc_uncertainty: 0.047, nOnes_target: 18901, nOnes_pred: 16925, TPR[ HumanFC: 0.781 ], TNR[ HumanFC: 0.960 ], roc[ HumanFC: 0.958 ], accuracy[ HumanFC: 0.922 ]
12/18 02:37:24 AM | TRAINING: Epoch: 10, Batch: 550/1743, Loss: 0.574, perc_uncertainty: 0.045, nOnes_target: 20496, nOnes_pred: 16941, TPR[ HumanFC: 0.752 ], TNR[ HumanFC: 0.971 ], roc[ HumanFC: 0.960 ], accuracy[ HumanFC: 0.918 ]
12/18 02:38:07 AM | TRAINING: Epoch: 10, Batch: 600/1743, Loss: 0.558, perc_uncertainty: 0.041, nOnes_target: 18274, nOnes_pred: 16344, TPR[ HumanFC: 0.788 ], TNR[ HumanFC: 0.965 ], roc[ HumanFC: 0.963 ], accuracy[ HumanFC: 0.934 ]
12/18 02:38:49 AM | TRAINING: Epoch: 10, Batch: 650/1743, Loss: 0.571, perc_uncertainty: 0.042, nOnes_target: 19668, nOnes_pred: 16993, TPR[ HumanFC: 0.766 ], TNR[ HumanFC: 0.964 ], roc[ HumanFC: 0.957 ], accuracy[ HumanFC: 0.918 ]
12/18 02:39:31 AM | TRAINING: Epoch: 10, Batch: 700/1743, Loss: 0.559, perc_uncertainty: 0.037, nOnes_target: 18869, nOnes_pred: 16216, TPR[ HumanFC: 0.773 ], TNR[ HumanFC: 0.970 ], roc[ HumanFC: 0.962 ], accuracy[ HumanFC: 0.938 ]
12/18 02:40:13 AM | TRAINING: Epoch: 10, Batch: 750/1743, Loss: 0.587, perc_uncertainty: 0.050, nOnes_target: 18456, nOnes_pred: 16618, TPR[ HumanFC: 0.757 ], TNR[ HumanFC: 0.952 ], roc[ HumanFC: 0.948 ], accuracy[ HumanFC: 0.910 ]
12/18 02:40:55 AM | TRAINING: Epoch: 10, Batch: 800/1743, Loss: 0.574, perc_uncertainty: 0.042, nOnes_target: 20767, nOnes_pred: 17231, TPR[ HumanFC: 0.757 ], TNR[ HumanFC: 0.972 ], roc[ HumanFC: 0.959 ], accuracy[ HumanFC: 0.922 ]
12/18 02:41:37 AM | TRAINING: Epoch: 10, Batch: 850/1743, Loss: 0.568, perc_uncertainty: 0.044, nOnes_target: 18979, nOnes_pred: 16345, TPR[ HumanFC: 0.765 ], TNR[ HumanFC: 0.967 ], roc[ HumanFC: 0.957 ], accuracy[ HumanFC: 0.922 ]
12/18 02:42:19 AM | TRAINING: Epoch: 10, Batch: 900/1743, Loss: 0.587, perc_uncertainty: 0.047, nOnes_target: 19884, nOnes_pred: 17105, TPR[ HumanFC: 0.751 ], TNR[ HumanFC: 0.960 ], roc[ HumanFC: 0.950 ], accuracy[ HumanFC: 0.914 ]
12/18 02:43:01 AM | TRAINING: Epoch: 10, Batch: 950/1743, Loss: 0.563, perc_uncertainty: 0.040, nOnes_target: 18817, nOnes_pred: 17008, TPR[ HumanFC: 0.791 ], TNR[ HumanFC: 0.961 ], roc[ HumanFC: 0.959 ], accuracy[ HumanFC: 0.926 ]
12/18 02:43:44 AM | TRAINING: Epoch: 10, Batch: 1000/1743, Loss: 0.573, perc_uncertainty: 0.044, nOnes_target: 19994, nOnes_pred: 16647, TPR[ HumanFC: 0.754 ], TNR[ HumanFC: 0.971 ], roc[ HumanFC: 0.958 ], accuracy[ HumanFC: 0.918 ]
12/18 02:44:26 AM | TRAINING: Epoch: 10, Batch: 1050/1743, Loss: 0.552, perc_uncertainty: 0.044, nOnes_target: 18898, nOnes_pred: 15830, TPR[ HumanFC: 0.766 ], TNR[ HumanFC: 0.975 ], roc[ HumanFC: 0.969 ], accuracy[ HumanFC: 0.934 ]
12/18 02:45:08 AM | TRAINING: Epoch: 10, Batch: 1100/1743, Loss: 0.568, perc_uncertainty: 0.043, nOnes_target: 17564, nOnes_pred: 15774, TPR[ HumanFC: 0.771 ], TNR[ HumanFC: 0.960 ], roc[ HumanFC: 0.954 ], accuracy[ HumanFC: 0.924 ]
12/18 02:45:50 AM | TRAINING: Epoch: 10, Batch: 1150/1743, Loss: 0.575, perc_uncertainty: 0.046, nOnes_target: 18154, nOnes_pred: 16005, TPR[ HumanFC: 0.758 ], TNR[ HumanFC: 0.959 ], roc[ HumanFC: 0.954 ], accuracy[ HumanFC: 0.922 ]
12/18 02:46:32 AM | TRAINING: Epoch: 10, Batch: 1200/1743, Loss: 0.565, perc_uncertainty: 0.046, nOnes_target: 18184, nOnes_pred: 16123, TPR[ HumanFC: 0.772 ], TNR[ HumanFC: 0.962 ], roc[ HumanFC: 0.961 ], accuracy[ HumanFC: 0.922 ]
12/18 02:47:15 AM | TRAINING: Epoch: 10, Batch: 1250/1743, Loss: 0.570, perc_uncertainty: 0.046, nOnes_target: 19700, nOnes_pred: 16549, TPR[ HumanFC: 0.756 ], TNR[ HumanFC: 0.969 ], roc[ HumanFC: 0.959 ], accuracy[ HumanFC: 0.922 ]
12/18 02:47:57 AM | TRAINING: Epoch: 10, Batch: 1300/1743, Loss: 0.554, perc_uncertainty: 0.041, nOnes_target: 18410, nOnes_pred: 15830, TPR[ HumanFC: 0.772 ], TNR[ HumanFC: 0.971 ], roc[ HumanFC: 0.966 ], accuracy[ HumanFC: 0.930 ]
12/18 02:48:39 AM | TRAINING: Epoch: 10, Batch: 1350/1743, Loss: 0.574, perc_uncertainty: 0.045, nOnes_target: 20986, nOnes_pred: 17805, TPR[ HumanFC: 0.767 ], TNR[ HumanFC: 0.968 ], roc[ HumanFC: 0.961 ], accuracy[ HumanFC: 0.918 ]
12/18 02:49:21 AM | TRAINING: Epoch: 10, Batch: 1400/1743, Loss: 0.584, perc_uncertainty: 0.047, nOnes_target: 20148, nOnes_pred: 17237, TPR[ HumanFC: 0.758 ], TNR[ HumanFC: 0.963 ], roc[ HumanFC: 0.954 ], accuracy[ HumanFC: 0.914 ]
12/18 02:50:03 AM | TRAINING: Epoch: 10, Batch: 1450/1743, Loss: 0.568, perc_uncertainty: 0.047, nOnes_target: 19004, nOnes_pred: 16755, TPR[ HumanFC: 0.772 ], TNR[ HumanFC: 0.962 ], roc[ HumanFC: 0.961 ], accuracy[ HumanFC: 0.918 ]
12/18 02:50:45 AM | TRAINING: Epoch: 10, Batch: 1500/1743, Loss: 0.570, perc_uncertainty: 0.045, nOnes_target: 16783, nOnes_pred: 16278, TPR[ HumanFC: 0.792 ], TNR[ HumanFC: 0.948 ], roc[ HumanFC: 0.953 ], accuracy[ HumanFC: 0.922 ]
12/18 02:51:27 AM | TRAINING: Epoch: 10, Batch: 1550/1743, Loss: 0.576, perc_uncertainty: 0.046, nOnes_target: 15350, nOnes_pred: 15217, TPR[ HumanFC: 0.783 ], TNR[ HumanFC: 0.945 ], roc[ HumanFC: 0.951 ], accuracy[ HumanFC: 0.918 ]
12/18 02:52:09 AM | TRAINING: Epoch: 10, Batch: 1600/1743, Loss: 0.566, perc_uncertainty: 0.042, nOnes_target: 18028, nOnes_pred: 15764, TPR[ HumanFC: 0.763 ], TNR[ HumanFC: 0.964 ], roc[ HumanFC: 0.956 ], accuracy[ HumanFC: 0.926 ]
12/18 02:52:52 AM | TRAINING: Epoch: 10, Batch: 1650/1743, Loss: 0.558, perc_uncertainty: 0.044, nOnes_target: 18620, nOnes_pred: 16430, TPR[ HumanFC: 0.784 ], TNR[ HumanFC: 0.967 ], roc[ HumanFC: 0.964 ], accuracy[ HumanFC: 0.930 ]
12/18 02:53:34 AM | TRAINING: Epoch: 10, Batch: 1700/1743, Loss: 0.567, perc_uncertainty: 0.045, nOnes_target: 20235, nOnes_pred: 16903, TPR[ HumanFC: 0.760 ], TNR[ HumanFC: 0.971 ], roc[ HumanFC: 0.963 ], accuracy[ HumanFC: 0.916 ]
12/18 02:54:10 AM | TRAINING: Epoch: 10, Batch: 1743/1743, Loss: 0.572, perc_uncertainty: 0.045, nOnes_target: 11806, nOnes_pred: 9372, TPR[ HumanFC: 0.748 ], TNR[ HumanFC: 0.981 ], roc[ HumanFC: 0.967 ], accuracy[ HumanFC: 0.920 ]
12/18 02:54:11 AM | VALIDATION: Epoch: 10, Batch: 0/170, Loss: 0.484, perc_uncertainty: 0.073, nOnes_target: 20287, nOnes_pred: 21846, TPR[ HumanFC: 0.654 ], TNR[ HumanFC: 0.840 ], roc[ HumanFC: 0.818 ], accuracy[ HumanFC: 0.770 ]
12/18 02:54:40 AM | VALIDATION: Epoch: 10, Batch: 50/170, Loss: 0.409, perc_uncertainty: 0.062, nOnes_target: 12684, nOnes_pred: 12898, TPR[ HumanFC: 0.514 ], TNR[ HumanFC: 0.895 ], roc[ HumanFC: 0.741 ], accuracy[ HumanFC: 0.824 ]
12/18 02:55:09 AM | VALIDATION: Epoch: 10, Batch: 100/170, Loss: 0.527, perc_uncertainty: 0.073, nOnes_target: 24010, nOnes_pred: 24282, TPR[ HumanFC: 0.655 ], TNR[ HumanFC: 0.828 ], roc[ HumanFC: 0.791 ], accuracy[ HumanFC: 0.762 ]
12/18 02:55:39 AM | VALIDATION: Epoch: 10, Batch: 150/170, Loss: 0.367, perc_uncertainty: 0.042, nOnes_target: 24015, nOnes_pred: 15268, TPR[ HumanFC: 0.589 ], TNR[ HumanFC: 0.977 ], roc[ HumanFC: 0.910 ], accuracy[ HumanFC: 0.859 ]
12/18 02:55:50 AM | VALIDATION: Epoch: 10, Batch: 170/170, Loss: 0.427, perc_uncertainty: 0.043, nOnes_target: 18710, nOnes_pred: 14487, TPR[ HumanFC: 0.724 ], TNR[ HumanFC: 0.946 ], roc[ HumanFC: 0.933 ], accuracy[ HumanFC: 0.841 ]
