01/19 11:41:38 PM | TRAINING: Epoch: 1, Batch: 0/316, Loss: 0.707, perc_uncertainty: 0.991, nOnes_target: 15711, nOnes_pred: 17377, TPR[ CAGE: 0.496 ], TNR[ CAGE: 0.498 ], roc[ CAGE: 0.498 ], accuracy[ CAGE: 0.496 ]
01/19 11:41:45 PM | TRAINING: Epoch: 1, Batch: 10/316, Loss: 0.696, perc_uncertainty: 0.990, nOnes_target: 16336, nOnes_pred: 17385, TPR[ CAGE: 0.523 ], TNR[ CAGE: 0.522 ], roc[ CAGE: 0.536 ], accuracy[ CAGE: 0.523 ]
01/19 11:41:51 PM | TRAINING: Epoch: 1, Batch: 20/316, Loss: 0.680, perc_uncertainty: 0.983, nOnes_target: 16718, nOnes_pred: 17343, TPR[ CAGE: 0.560 ], TNR[ CAGE: 0.559 ], roc[ CAGE: 0.609 ], accuracy[ CAGE: 0.570 ]
01/19 11:41:59 PM | TRAINING: Epoch: 1, Batch: 30/316, Loss: 0.667, perc_uncertainty: 0.982, nOnes_target: 17039, nOnes_pred: 17238, TPR[ CAGE: 0.595 ], TNR[ CAGE: 0.601 ], roc[ CAGE: 0.658 ], accuracy[ CAGE: 0.617 ]
01/19 11:42:06 PM | TRAINING: Epoch: 1, Batch: 40/316, Loss: 0.672, perc_uncertainty: 0.978, nOnes_target: 15855, nOnes_pred: 17155, TPR[ CAGE: 0.584 ], TNR[ CAGE: 0.584 ], roc[ CAGE: 0.638 ], accuracy[ CAGE: 0.598 ]
01/19 11:42:14 PM | TRAINING: Epoch: 1, Batch: 50/316, Loss: 0.662, perc_uncertainty: 0.977, nOnes_target: 18054, nOnes_pred: 16803, TPR[ CAGE: 0.596 ], TNR[ CAGE: 0.639 ], roc[ CAGE: 0.672 ], accuracy[ CAGE: 0.637 ]
01/19 11:42:21 PM | TRAINING: Epoch: 1, Batch: 60/316, Loss: 0.651, perc_uncertainty: 0.971, nOnes_target: 15724, nOnes_pred: 16123, TPR[ CAGE: 0.613 ], TNR[ CAGE: 0.661 ], roc[ CAGE: 0.709 ], accuracy[ CAGE: 0.660 ]
01/19 11:42:28 PM | TRAINING: Epoch: 1, Batch: 70/316, Loss: 0.660, perc_uncertainty: 0.969, nOnes_target: 15653, nOnes_pred: 15889, TPR[ CAGE: 0.594 ], TNR[ CAGE: 0.656 ], roc[ CAGE: 0.671 ], accuracy[ CAGE: 0.637 ]
01/19 11:42:34 PM | TRAINING: Epoch: 1, Batch: 80/316, Loss: 0.637, perc_uncertainty: 0.968, nOnes_target: 15751, nOnes_pred: 15279, TPR[ CAGE: 0.635 ], TNR[ CAGE: 0.723 ], roc[ CAGE: 0.735 ], accuracy[ CAGE: 0.697 ]
01/19 11:42:41 PM | TRAINING: Epoch: 1, Batch: 90/316, Loss: 0.643, perc_uncertainty: 0.960, nOnes_target: 16686, nOnes_pred: 14419, TPR[ CAGE: 0.582 ], TNR[ CAGE: 0.740 ], roc[ CAGE: 0.709 ], accuracy[ CAGE: 0.676 ]
01/19 11:42:48 PM | TRAINING: Epoch: 1, Batch: 100/316, Loss: 0.626, perc_uncertainty: 0.953, nOnes_target: 16486, nOnes_pred: 14941, TPR[ CAGE: 0.646 ], TNR[ CAGE: 0.766 ], roc[ CAGE: 0.756 ], accuracy[ CAGE: 0.715 ]
01/19 11:42:55 PM | TRAINING: Epoch: 1, Batch: 110/316, Loss: 0.614, perc_uncertainty: 0.945, nOnes_target: 16449, nOnes_pred: 14722, TPR[ CAGE: 0.647 ], TNR[ CAGE: 0.778 ], roc[ CAGE: 0.771 ], accuracy[ CAGE: 0.719 ]
01/19 11:43:01 PM | TRAINING: Epoch: 1, Batch: 120/316, Loss: 0.617, perc_uncertainty: 0.933, nOnes_target: 17278, nOnes_pred: 14385, TPR[ CAGE: 0.626 ], TNR[ CAGE: 0.796 ], roc[ CAGE: 0.753 ], accuracy[ CAGE: 0.711 ]
01/19 11:43:08 PM | TRAINING: Epoch: 1, Batch: 130/316, Loss: 0.613, perc_uncertainty: 0.920, nOnes_target: 16453, nOnes_pred: 14380, TPR[ CAGE: 0.625 ], TNR[ CAGE: 0.777 ], roc[ CAGE: 0.753 ], accuracy[ CAGE: 0.707 ]
01/19 11:43:15 PM | TRAINING: Epoch: 1, Batch: 140/316, Loss: 0.626, perc_uncertainty: 0.904, nOnes_target: 17602, nOnes_pred: 15109, TPR[ CAGE: 0.613 ], TNR[ CAGE: 0.750 ], roc[ CAGE: 0.727 ], accuracy[ CAGE: 0.680 ]
01/19 11:43:22 PM | TRAINING: Epoch: 1, Batch: 150/316, Loss: 0.626, perc_uncertainty: 0.891, nOnes_target: 16325, nOnes_pred: 14946, TPR[ CAGE: 0.614 ], TNR[ CAGE: 0.734 ], roc[ CAGE: 0.718 ], accuracy[ CAGE: 0.676 ]
01/19 11:43:28 PM | TRAINING: Epoch: 1, Batch: 160/316, Loss: 0.620, perc_uncertainty: 0.875, nOnes_target: 17800, nOnes_pred: 15214, TPR[ CAGE: 0.613 ], TNR[ CAGE: 0.747 ], roc[ CAGE: 0.728 ], accuracy[ CAGE: 0.680 ]
01/19 11:43:35 PM | TRAINING: Epoch: 1, Batch: 170/316, Loss: 0.632, perc_uncertainty: 0.858, nOnes_target: 17965, nOnes_pred: 15130, TPR[ CAGE: 0.589 ], TNR[ CAGE: 0.730 ], roc[ CAGE: 0.702 ], accuracy[ CAGE: 0.656 ]
01/19 11:43:42 PM | TRAINING: Epoch: 1, Batch: 180/316, Loss: 0.605, perc_uncertainty: 0.844, nOnes_target: 15425, nOnes_pred: 14749, TPR[ CAGE: 0.639 ], TNR[ CAGE: 0.748 ], roc[ CAGE: 0.761 ], accuracy[ CAGE: 0.699 ]
01/19 11:43:49 PM | TRAINING: Epoch: 1, Batch: 190/316, Loss: 0.600, perc_uncertainty: 0.829, nOnes_target: 17014, nOnes_pred: 15122, TPR[ CAGE: 0.639 ], TNR[ CAGE: 0.761 ], roc[ CAGE: 0.758 ], accuracy[ CAGE: 0.705 ]
01/19 11:43:55 PM | TRAINING: Epoch: 1, Batch: 200/316, Loss: 0.594, perc_uncertainty: 0.812, nOnes_target: 15195, nOnes_pred: 14846, TPR[ CAGE: 0.667 ], TNR[ CAGE: 0.760 ], roc[ CAGE: 0.773 ], accuracy[ CAGE: 0.719 ]
01/19 11:44:01 PM | TRAINING: Epoch: 1, Batch: 210/316, Loss: 0.604, perc_uncertainty: 0.784, nOnes_target: 18002, nOnes_pred: 15552, TPR[ CAGE: 0.630 ], TNR[ CAGE: 0.750 ], roc[ CAGE: 0.748 ], accuracy[ CAGE: 0.695 ]
01/19 11:44:07 PM | TRAINING: Epoch: 1, Batch: 220/316, Loss: 0.586, perc_uncertainty: 0.766, nOnes_target: 16403, nOnes_pred: 15544, TPR[ CAGE: 0.680 ], TNR[ CAGE: 0.762 ], roc[ CAGE: 0.781 ], accuracy[ CAGE: 0.727 ]
01/19 11:44:14 PM | TRAINING: Epoch: 1, Batch: 230/316, Loss: 0.599, perc_uncertainty: 0.744, nOnes_target: 17095, nOnes_pred: 15429, TPR[ CAGE: 0.638 ], TNR[ CAGE: 0.744 ], roc[ CAGE: 0.757 ], accuracy[ CAGE: 0.695 ]
01/19 11:44:21 PM | TRAINING: Epoch: 1, Batch: 240/316, Loss: 0.586, perc_uncertainty: 0.725, nOnes_target: 17044, nOnes_pred: 14875, TPR[ CAGE: 0.651 ], TNR[ CAGE: 0.787 ], roc[ CAGE: 0.769 ], accuracy[ CAGE: 0.719 ]
01/19 11:44:28 PM | TRAINING: Epoch: 1, Batch: 250/316, Loss: 0.599, perc_uncertainty: 0.721, nOnes_target: 16090, nOnes_pred: 14940, TPR[ CAGE: 0.633 ], TNR[ CAGE: 0.746 ], roc[ CAGE: 0.758 ], accuracy[ CAGE: 0.699 ]
01/19 11:44:35 PM | TRAINING: Epoch: 1, Batch: 260/316, Loss: 0.593, perc_uncertainty: 0.703, nOnes_target: 16949, nOnes_pred: 15169, TPR[ CAGE: 0.640 ], TNR[ CAGE: 0.758 ], roc[ CAGE: 0.762 ], accuracy[ CAGE: 0.699 ]
01/19 11:44:42 PM | TRAINING: Epoch: 1, Batch: 270/316, Loss: 0.583, perc_uncertainty: 0.658, nOnes_target: 16055, nOnes_pred: 15938, TPR[ CAGE: 0.677 ], TNR[ CAGE: 0.730 ], roc[ CAGE: 0.781 ], accuracy[ CAGE: 0.707 ]
01/19 11:44:49 PM | TRAINING: Epoch: 1, Batch: 280/316, Loss: 0.575, perc_uncertainty: 0.675, nOnes_target: 15476, nOnes_pred: 14479, TPR[ CAGE: 0.665 ], TNR[ CAGE: 0.784 ], roc[ CAGE: 0.782 ], accuracy[ CAGE: 0.736 ]
01/19 11:44:56 PM | TRAINING: Epoch: 1, Batch: 290/316, Loss: 0.567, perc_uncertainty: 0.675, nOnes_target: 15996, nOnes_pred: 14132, TPR[ CAGE: 0.653 ], TNR[ CAGE: 0.805 ], roc[ CAGE: 0.786 ], accuracy[ CAGE: 0.734 ]
01/19 11:45:02 PM | TRAINING: Epoch: 1, Batch: 300/316, Loss: 0.607, perc_uncertainty: 0.610, nOnes_target: 17311, nOnes_pred: 16330, TPR[ CAGE: 0.647 ], TNR[ CAGE: 0.707 ], roc[ CAGE: 0.740 ], accuracy[ CAGE: 0.682 ]
01/19 11:45:10 PM | TRAINING: Epoch: 1, Batch: 310/316, Loss: 0.589, perc_uncertainty: 0.622, nOnes_target: 16788, nOnes_pred: 15163, TPR[ CAGE: 0.647 ], TNR[ CAGE: 0.761 ], roc[ CAGE: 0.763 ], accuracy[ CAGE: 0.713 ]
01/19 11:45:14 PM | TRAINING: Epoch: 1, Batch: 316/316, Loss: 0.550, perc_uncertainty: 0.650, nOnes_target: 92, nOnes_pred: 136, TPR[ CAGE: 0.902 ], TNR[ CAGE: 0.832 ], roc[ CAGE: 1.000 ], accuracy[ CAGE: 1.000 ]
01/19 11:45:14 PM | VALIDATION: Epoch: 1, Batch: 0/20, Loss: 0.642, perc_uncertainty: 0.488, nOnes_target: 19131, nOnes_pred: 26553, TPR[ CAGE: 0.850 ], TNR[ CAGE: 0.344 ], roc[ CAGE: 0.732 ], accuracy[ CAGE: 0.637 ]
01/19 11:45:19 PM | VALIDATION: Epoch: 1, Batch: 10/20, Loss: 0.643, perc_uncertainty: 0.538, nOnes_target: 18906, nOnes_pred: 17853, TPR[ CAGE: 0.636 ], TNR[ CAGE: 0.633 ], roc[ CAGE: 0.694 ], accuracy[ CAGE: 0.633 ]
01/19 11:45:23 PM | VALIDATION: Epoch: 1, Batch: 20/20, Loss: 0.484, perc_uncertainty: 0.251, nOnes_target: 7420, nOnes_pred: 8100, TPR[ CAGE: 0.907 ], TNR[ CAGE: 0.422 ], roc[ CAGE: 0.785 ], accuracy[ CAGE: 0.806 ]
01/19 11:45:24 PM | TRAINING: Epoch: 2, Batch: 0/316, Loss: 0.568, perc_uncertainty: 0.587, nOnes_target: 16742, nOnes_pred: 15806, TPR[ CAGE: 0.685 ], TNR[ CAGE: 0.760 ], roc[ CAGE: 0.790 ], accuracy[ CAGE: 0.730 ]
01/19 11:45:32 PM | TRAINING: Epoch: 2, Batch: 10/316, Loss: 0.618, perc_uncertainty: 0.627, nOnes_target: 16224, nOnes_pred: 15573, TPR[ CAGE: 0.626 ], TNR[ CAGE: 0.709 ], roc[ CAGE: 0.719 ], accuracy[ CAGE: 0.676 ]
01/19 11:45:38 PM | TRAINING: Epoch: 2, Batch: 20/316, Loss: 0.582, perc_uncertainty: 0.533, nOnes_target: 16875, nOnes_pred: 15477, TPR[ CAGE: 0.659 ], TNR[ CAGE: 0.757 ], roc[ CAGE: 0.766 ], accuracy[ CAGE: 0.715 ]
01/19 11:45:45 PM | TRAINING: Epoch: 2, Batch: 30/316, Loss: 0.577, perc_uncertainty: 0.641, nOnes_target: 16998, nOnes_pred: 15580, TPR[ CAGE: 0.664 ], TNR[ CAGE: 0.759 ], roc[ CAGE: 0.782 ], accuracy[ CAGE: 0.715 ]
01/19 11:45:52 PM | TRAINING: Epoch: 2, Batch: 40/316, Loss: 0.601, perc_uncertainty: 0.538, nOnes_target: 16471, nOnes_pred: 14915, TPR[ CAGE: 0.623 ], TNR[ CAGE: 0.746 ], roc[ CAGE: 0.748 ], accuracy[ CAGE: 0.688 ]
01/19 11:45:59 PM | TRAINING: Epoch: 2, Batch: 50/316, Loss: 0.584, perc_uncertainty: 0.562, nOnes_target: 16907, nOnes_pred: 15539, TPR[ CAGE: 0.655 ], TNR[ CAGE: 0.751 ], roc[ CAGE: 0.772 ], accuracy[ CAGE: 0.705 ]
01/19 11:46:05 PM | TRAINING: Epoch: 2, Batch: 60/316, Loss: 0.579, perc_uncertainty: 0.560, nOnes_target: 16390, nOnes_pred: 14871, TPR[ CAGE: 0.648 ], TNR[ CAGE: 0.769 ], roc[ CAGE: 0.782 ], accuracy[ CAGE: 0.715 ]
01/19 11:46:12 PM | TRAINING: Epoch: 2, Batch: 70/316, Loss: 0.559, perc_uncertainty: 0.596, nOnes_target: 17173, nOnes_pred: 14923, TPR[ CAGE: 0.668 ], TNR[ CAGE: 0.804 ], roc[ CAGE: 0.797 ], accuracy[ CAGE: 0.738 ]
01/19 11:46:19 PM | TRAINING: Epoch: 2, Batch: 80/316, Loss: 0.571, perc_uncertainty: 0.574, nOnes_target: 17354, nOnes_pred: 14517, TPR[ CAGE: 0.640 ], TNR[ CAGE: 0.805 ], roc[ CAGE: 0.774 ], accuracy[ CAGE: 0.727 ]
01/19 11:46:27 PM | TRAINING: Epoch: 2, Batch: 90/316, Loss: 0.547, perc_uncertainty: 0.548, nOnes_target: 15079, nOnes_pred: 14663, TPR[ CAGE: 0.691 ], TNR[ CAGE: 0.785 ], roc[ CAGE: 0.815 ], accuracy[ CAGE: 0.746 ]
01/19 11:46:35 PM | TRAINING: Epoch: 2, Batch: 100/316, Loss: 0.611, perc_uncertainty: 0.531, nOnes_target: 16800, nOnes_pred: 15674, TPR[ CAGE: 0.631 ], TNR[ CAGE: 0.719 ], roc[ CAGE: 0.732 ], accuracy[ CAGE: 0.680 ]
01/19 11:46:41 PM | TRAINING: Epoch: 2, Batch: 110/316, Loss: 0.566, perc_uncertainty: 0.508, nOnes_target: 17661, nOnes_pred: 16304, TPR[ CAGE: 0.696 ], TNR[ CAGE: 0.767 ], roc[ CAGE: 0.788 ], accuracy[ CAGE: 0.730 ]
01/19 11:46:48 PM | TRAINING: Epoch: 2, Batch: 120/316, Loss: 0.559, perc_uncertainty: 0.531, nOnes_target: 16343, nOnes_pred: 15344, TPR[ CAGE: 0.674 ], TNR[ CAGE: 0.765 ], roc[ CAGE: 0.803 ], accuracy[ CAGE: 0.723 ]
01/19 11:46:55 PM | TRAINING: Epoch: 2, Batch: 130/316, Loss: 0.585, perc_uncertainty: 0.508, nOnes_target: 16354, nOnes_pred: 14476, TPR[ CAGE: 0.629 ], TNR[ CAGE: 0.773 ], roc[ CAGE: 0.757 ], accuracy[ CAGE: 0.711 ]
01/19 11:47:03 PM | TRAINING: Epoch: 2, Batch: 140/316, Loss: 0.577, perc_uncertainty: 0.479, nOnes_target: 17134, nOnes_pred: 15198, TPR[ CAGE: 0.648 ], TNR[ CAGE: 0.768 ], roc[ CAGE: 0.780 ], accuracy[ CAGE: 0.711 ]
01/19 11:47:09 PM | TRAINING: Epoch: 2, Batch: 150/316, Loss: 0.570, perc_uncertainty: 0.534, nOnes_target: 16189, nOnes_pred: 13781, TPR[ CAGE: 0.610 ], TNR[ CAGE: 0.791 ], roc[ CAGE: 0.780 ], accuracy[ CAGE: 0.711 ]
01/19 11:47:16 PM | TRAINING: Epoch: 2, Batch: 160/316, Loss: 0.599, perc_uncertainty: 0.504, nOnes_target: 15932, nOnes_pred: 14456, TPR[ CAGE: 0.613 ], TNR[ CAGE: 0.751 ], roc[ CAGE: 0.744 ], accuracy[ CAGE: 0.688 ]
01/19 11:47:22 PM | TRAINING: Epoch: 2, Batch: 170/316, Loss: 0.589, perc_uncertainty: 0.500, nOnes_target: 16081, nOnes_pred: 14441, TPR[ CAGE: 0.614 ], TNR[ CAGE: 0.756 ], roc[ CAGE: 0.760 ], accuracy[ CAGE: 0.688 ]
01/19 11:47:29 PM | TRAINING: Epoch: 2, Batch: 180/316, Loss: 0.586, perc_uncertainty: 0.515, nOnes_target: 16021, nOnes_pred: 14129, TPR[ CAGE: 0.616 ], TNR[ CAGE: 0.773 ], roc[ CAGE: 0.760 ], accuracy[ CAGE: 0.703 ]
01/19 11:47:35 PM | TRAINING: Epoch: 2, Batch: 190/316, Loss: 0.565, perc_uncertainty: 0.488, nOnes_target: 16583, nOnes_pred: 15259, TPR[ CAGE: 0.673 ], TNR[ CAGE: 0.775 ], roc[ CAGE: 0.777 ], accuracy[ CAGE: 0.730 ]
01/19 11:47:41 PM | TRAINING: Epoch: 2, Batch: 200/316, Loss: 0.588, perc_uncertainty: 0.507, nOnes_target: 16814, nOnes_pred: 16302, TPR[ CAGE: 0.669 ], TNR[ CAGE: 0.720 ], roc[ CAGE: 0.763 ], accuracy[ CAGE: 0.695 ]
01/19 11:47:49 PM | TRAINING: Epoch: 2, Batch: 210/316, Loss: 0.568, perc_uncertainty: 0.495, nOnes_target: 17125, nOnes_pred: 15696, TPR[ CAGE: 0.670 ], TNR[ CAGE: 0.762 ], roc[ CAGE: 0.777 ], accuracy[ CAGE: 0.715 ]
01/19 11:47:56 PM | TRAINING: Epoch: 2, Batch: 220/316, Loss: 0.559, perc_uncertainty: 0.482, nOnes_target: 16195, nOnes_pred: 14769, TPR[ CAGE: 0.661 ], TNR[ CAGE: 0.782 ], roc[ CAGE: 0.783 ], accuracy[ CAGE: 0.727 ]
01/19 11:48:02 PM | TRAINING: Epoch: 2, Batch: 230/316, Loss: 0.574, perc_uncertainty: 0.461, nOnes_target: 15341, nOnes_pred: 15789, TPR[ CAGE: 0.684 ], TNR[ CAGE: 0.728 ], roc[ CAGE: 0.775 ], accuracy[ CAGE: 0.711 ]
01/19 11:48:08 PM | TRAINING: Epoch: 2, Batch: 240/316, Loss: 0.581, perc_uncertainty: 0.434, nOnes_target: 17732, nOnes_pred: 15940, TPR[ CAGE: 0.662 ], TNR[ CAGE: 0.754 ], roc[ CAGE: 0.767 ], accuracy[ CAGE: 0.707 ]
01/19 11:48:15 PM | TRAINING: Epoch: 2, Batch: 250/316, Loss: 0.586, perc_uncertainty: 0.507, nOnes_target: 16545, nOnes_pred: 15594, TPR[ CAGE: 0.655 ], TNR[ CAGE: 0.740 ], roc[ CAGE: 0.764 ], accuracy[ CAGE: 0.699 ]
01/19 11:48:21 PM | TRAINING: Epoch: 2, Batch: 260/316, Loss: 0.578, perc_uncertainty: 0.468, nOnes_target: 17373, nOnes_pred: 15130, TPR[ CAGE: 0.646 ], TNR[ CAGE: 0.776 ], roc[ CAGE: 0.758 ], accuracy[ CAGE: 0.715 ]
01/19 11:48:28 PM | TRAINING: Epoch: 2, Batch: 270/316, Loss: 0.576, perc_uncertainty: 0.465, nOnes_target: 15221, nOnes_pred: 14599, TPR[ CAGE: 0.648 ], TNR[ CAGE: 0.758 ], roc[ CAGE: 0.772 ], accuracy[ CAGE: 0.711 ]
01/19 11:48:35 PM | TRAINING: Epoch: 2, Batch: 280/316, Loss: 0.560, perc_uncertainty: 0.415, nOnes_target: 16983, nOnes_pred: 14841, TPR[ CAGE: 0.657 ], TNR[ CAGE: 0.793 ], roc[ CAGE: 0.789 ], accuracy[ CAGE: 0.730 ]
01/19 11:48:41 PM | TRAINING: Epoch: 2, Batch: 290/316, Loss: 0.601, perc_uncertainty: 0.487, nOnes_target: 15911, nOnes_pred: 14730, TPR[ CAGE: 0.631 ], TNR[ CAGE: 0.752 ], roc[ CAGE: 0.745 ], accuracy[ CAGE: 0.695 ]
01/19 11:48:47 PM | TRAINING: Epoch: 2, Batch: 300/316, Loss: 0.559, perc_uncertainty: 0.478, nOnes_target: 16693, nOnes_pred: 13942, TPR[ CAGE: 0.630 ], TNR[ CAGE: 0.811 ], roc[ CAGE: 0.787 ], accuracy[ CAGE: 0.727 ]
01/19 11:48:54 PM | TRAINING: Epoch: 2, Batch: 310/316, Loss: 0.563, perc_uncertainty: 0.461, nOnes_target: 16816, nOnes_pred: 15850, TPR[ CAGE: 0.681 ], TNR[ CAGE: 0.756 ], roc[ CAGE: 0.785 ], accuracy[ CAGE: 0.723 ]
01/19 11:48:58 PM | TRAINING: Epoch: 2, Batch: 316/316, Loss: 0.587, perc_uncertainty: 0.422, nOnes_target: 81, nOnes_pred: 137, TPR[ CAGE: 0.827 ], TNR[ CAGE: 0.786 ], roc[ CAGE: 1.000 ], accuracy[ CAGE: 0.667 ]
01/19 11:48:59 PM | VALIDATION: Epoch: 2, Batch: 0/20, Loss: 0.646, perc_uncertainty: 0.466, nOnes_target: 19131, nOnes_pred: 26129, TPR[ CAGE: 0.847 ], TNR[ CAGE: 0.368 ], roc[ CAGE: 0.724 ], accuracy[ CAGE: 0.641 ]
01/19 11:49:03 PM | VALIDATION: Epoch: 2, Batch: 10/20, Loss: 0.647, perc_uncertainty: 0.464, nOnes_target: 18906, nOnes_pred: 20352, TPR[ CAGE: 0.696 ], TNR[ CAGE: 0.548 ], roc[ CAGE: 0.694 ], accuracy[ CAGE: 0.631 ]
01/19 11:49:07 PM | VALIDATION: Epoch: 2, Batch: 20/20, Loss: 0.473, perc_uncertainty: 0.251, nOnes_target: 7420, nOnes_pred: 8276, TPR[ CAGE: 0.915 ], TNR[ CAGE: 0.372 ], roc[ CAGE: 0.787 ], accuracy[ CAGE: 0.806 ]
01/19 11:49:08 PM | TRAINING: Epoch: 3, Batch: 0/316, Loss: 0.572, perc_uncertainty: 0.468, nOnes_target: 18438, nOnes_pred: 16225, TPR[ CAGE: 0.664 ], TNR[ CAGE: 0.757 ], roc[ CAGE: 0.786 ], accuracy[ CAGE: 0.707 ]
01/19 11:49:14 PM | TRAINING: Epoch: 3, Batch: 10/316, Loss: 0.569, perc_uncertainty: 0.442, nOnes_target: 17787, nOnes_pred: 15135, TPR[ CAGE: 0.634 ], TNR[ CAGE: 0.773 ], roc[ CAGE: 0.788 ], accuracy[ CAGE: 0.703 ]
01/19 11:49:21 PM | TRAINING: Epoch: 3, Batch: 20/316, Loss: 0.566, perc_uncertainty: 0.486, nOnes_target: 16889, nOnes_pred: 15092, TPR[ CAGE: 0.645 ], TNR[ CAGE: 0.766 ], roc[ CAGE: 0.786 ], accuracy[ CAGE: 0.707 ]
01/19 11:49:27 PM | TRAINING: Epoch: 3, Batch: 30/316, Loss: 0.538, perc_uncertainty: 0.541, nOnes_target: 16844, nOnes_pred: 15508, TPR[ CAGE: 0.695 ], TNR[ CAGE: 0.789 ], roc[ CAGE: 0.814 ], accuracy[ CAGE: 0.742 ]
01/19 11:49:34 PM | TRAINING: Epoch: 3, Batch: 40/316, Loss: 0.591, perc_uncertainty: 0.486, nOnes_target: 16629, nOnes_pred: 13713, TPR[ CAGE: 0.585 ], TNR[ CAGE: 0.781 ], roc[ CAGE: 0.749 ], accuracy[ CAGE: 0.693 ]
01/19 11:49:40 PM | TRAINING: Epoch: 3, Batch: 50/316, Loss: 0.542, perc_uncertainty: 0.398, nOnes_target: 17624, nOnes_pred: 15908, TPR[ CAGE: 0.697 ], TNR[ CAGE: 0.790 ], roc[ CAGE: 0.807 ], accuracy[ CAGE: 0.742 ]
01/19 11:49:46 PM | TRAINING: Epoch: 3, Batch: 60/316, Loss: 0.578, perc_uncertainty: 0.458, nOnes_target: 17244, nOnes_pred: 15753, TPR[ CAGE: 0.669 ], TNR[ CAGE: 0.760 ], roc[ CAGE: 0.770 ], accuracy[ CAGE: 0.715 ]
01/19 11:49:53 PM | TRAINING: Epoch: 3, Batch: 70/316, Loss: 0.581, perc_uncertainty: 0.441, nOnes_target: 15402, nOnes_pred: 14693, TPR[ CAGE: 0.640 ], TNR[ CAGE: 0.751 ], roc[ CAGE: 0.770 ], accuracy[ CAGE: 0.703 ]
01/19 11:49:59 PM | TRAINING: Epoch: 3, Batch: 80/316, Loss: 0.560, perc_uncertainty: 0.410, nOnes_target: 16238, nOnes_pred: 15222, TPR[ CAGE: 0.671 ], TNR[ CAGE: 0.767 ], roc[ CAGE: 0.791 ], accuracy[ CAGE: 0.723 ]
01/19 11:50:06 PM | TRAINING: Epoch: 3, Batch: 90/316, Loss: 0.556, perc_uncertainty: 0.511, nOnes_target: 16430, nOnes_pred: 15112, TPR[ CAGE: 0.649 ], TNR[ CAGE: 0.758 ], roc[ CAGE: 0.792 ], accuracy[ CAGE: 0.707 ]
01/19 11:50:12 PM | TRAINING: Epoch: 3, Batch: 100/316, Loss: 0.550, perc_uncertainty: 0.451, nOnes_target: 18069, nOnes_pred: 14841, TPR[ CAGE: 0.651 ], TNR[ CAGE: 0.816 ], roc[ CAGE: 0.798 ], accuracy[ CAGE: 0.730 ]
01/19 11:50:19 PM | TRAINING: Epoch: 3, Batch: 110/316, Loss: 0.558, perc_uncertainty: 0.503, nOnes_target: 16973, nOnes_pred: 15669, TPR[ CAGE: 0.686 ], TNR[ CAGE: 0.775 ], roc[ CAGE: 0.791 ], accuracy[ CAGE: 0.730 ]
01/19 11:50:26 PM | TRAINING: Epoch: 3, Batch: 120/316, Loss: 0.570, perc_uncertainty: 0.426, nOnes_target: 17863, nOnes_pred: 15587, TPR[ CAGE: 0.654 ], TNR[ CAGE: 0.769 ], roc[ CAGE: 0.779 ], accuracy[ CAGE: 0.711 ]
01/19 11:50:32 PM | TRAINING: Epoch: 3, Batch: 130/316, Loss: 0.542, perc_uncertainty: 0.462, nOnes_target: 17286, nOnes_pred: 15172, TPR[ CAGE: 0.688 ], TNR[ CAGE: 0.813 ], roc[ CAGE: 0.811 ], accuracy[ CAGE: 0.746 ]
01/19 11:50:38 PM | TRAINING: Epoch: 3, Batch: 140/316, Loss: 0.566, perc_uncertainty: 0.513, nOnes_target: 15936, nOnes_pred: 15255, TPR[ CAGE: 0.674 ], TNR[ CAGE: 0.761 ], roc[ CAGE: 0.785 ], accuracy[ CAGE: 0.723 ]
01/19 11:50:45 PM | TRAINING: Epoch: 3, Batch: 150/316, Loss: 0.567, perc_uncertainty: 0.369, nOnes_target: 16537, nOnes_pred: 14844, TPR[ CAGE: 0.655 ], TNR[ CAGE: 0.781 ], roc[ CAGE: 0.780 ], accuracy[ CAGE: 0.723 ]
01/19 11:50:51 PM | TRAINING: Epoch: 3, Batch: 160/316, Loss: 0.572, perc_uncertainty: 0.519, nOnes_target: 15333, nOnes_pred: 15215, TPR[ CAGE: 0.656 ], TNR[ CAGE: 0.736 ], roc[ CAGE: 0.762 ], accuracy[ CAGE: 0.699 ]
01/19 11:50:58 PM | TRAINING: Epoch: 3, Batch: 170/316, Loss: 0.541, perc_uncertainty: 0.489, nOnes_target: 16372, nOnes_pred: 14866, TPR[ CAGE: 0.673 ], TNR[ CAGE: 0.791 ], roc[ CAGE: 0.804 ], accuracy[ CAGE: 0.738 ]
01/19 11:51:04 PM | TRAINING: Epoch: 3, Batch: 180/316, Loss: 0.549, perc_uncertainty: 0.462, nOnes_target: 17137, nOnes_pred: 14455, TPR[ CAGE: 0.641 ], TNR[ CAGE: 0.804 ], roc[ CAGE: 0.796 ], accuracy[ CAGE: 0.727 ]
01/19 11:51:10 PM | TRAINING: Epoch: 3, Batch: 190/316, Loss: 0.547, perc_uncertainty: 0.410, nOnes_target: 17617, nOnes_pred: 15027, TPR[ CAGE: 0.654 ], TNR[ CAGE: 0.797 ], roc[ CAGE: 0.805 ], accuracy[ CAGE: 0.723 ]
01/19 11:51:15 PM | TRAINING: Epoch: 3, Batch: 200/316, Loss: 0.599, perc_uncertainty: 0.533, nOnes_target: 14586, nOnes_pred: 14678, TPR[ CAGE: 0.625 ], TNR[ CAGE: 0.725 ], roc[ CAGE: 0.740 ], accuracy[ CAGE: 0.680 ]
01/19 11:51:21 PM | TRAINING: Epoch: 3, Batch: 210/316, Loss: 0.558, perc_uncertainty: 0.475, nOnes_target: 15994, nOnes_pred: 14078, TPR[ CAGE: 0.638 ], TNR[ CAGE: 0.794 ], roc[ CAGE: 0.782 ], accuracy[ CAGE: 0.723 ]
01/19 11:51:28 PM | TRAINING: Epoch: 3, Batch: 220/316, Loss: 0.565, perc_uncertainty: 0.437, nOnes_target: 17037, nOnes_pred: 15213, TPR[ CAGE: 0.651 ], TNR[ CAGE: 0.768 ], roc[ CAGE: 0.791 ], accuracy[ CAGE: 0.713 ]
01/19 11:51:34 PM | TRAINING: Epoch: 3, Batch: 230/316, Loss: 0.585, perc_uncertainty: 0.454, nOnes_target: 17230, nOnes_pred: 15497, TPR[ CAGE: 0.630 ], TNR[ CAGE: 0.736 ], roc[ CAGE: 0.762 ], accuracy[ CAGE: 0.684 ]
01/19 11:51:41 PM | TRAINING: Epoch: 3, Batch: 240/316, Loss: 0.552, perc_uncertainty: 0.432, nOnes_target: 14454, nOnes_pred: 13787, TPR[ CAGE: 0.657 ], TNR[ CAGE: 0.789 ], roc[ CAGE: 0.786 ], accuracy[ CAGE: 0.738 ]
01/19 11:51:48 PM | TRAINING: Epoch: 3, Batch: 250/316, Loss: 0.569, perc_uncertainty: 0.416, nOnes_target: 16660, nOnes_pred: 14728, TPR[ CAGE: 0.638 ], TNR[ CAGE: 0.774 ], roc[ CAGE: 0.774 ], accuracy[ CAGE: 0.715 ]
01/19 11:51:54 PM | TRAINING: Epoch: 3, Batch: 260/316, Loss: 0.555, perc_uncertainty: 0.477, nOnes_target: 17066, nOnes_pred: 15020, TPR[ CAGE: 0.656 ], TNR[ CAGE: 0.785 ], roc[ CAGE: 0.801 ], accuracy[ CAGE: 0.730 ]
01/19 11:52:00 PM | TRAINING: Epoch: 3, Batch: 270/316, Loss: 0.539, perc_uncertainty: 0.452, nOnes_target: 16089, nOnes_pred: 15103, TPR[ CAGE: 0.688 ], TNR[ CAGE: 0.784 ], roc[ CAGE: 0.804 ], accuracy[ CAGE: 0.742 ]
01/19 11:52:07 PM | TRAINING: Epoch: 3, Batch: 280/316, Loss: 0.598, perc_uncertainty: 0.415, nOnes_target: 16964, nOnes_pred: 14972, TPR[ CAGE: 0.612 ], TNR[ CAGE: 0.743 ], roc[ CAGE: 0.741 ], accuracy[ CAGE: 0.688 ]
01/19 11:52:14 PM | TRAINING: Epoch: 3, Batch: 290/316, Loss: 0.561, perc_uncertainty: 0.518, nOnes_target: 17016, nOnes_pred: 14504, TPR[ CAGE: 0.635 ], TNR[ CAGE: 0.792 ], roc[ CAGE: 0.767 ], accuracy[ CAGE: 0.715 ]
01/19 11:52:20 PM | TRAINING: Epoch: 3, Batch: 300/316, Loss: 0.540, perc_uncertainty: 0.391, nOnes_target: 18433, nOnes_pred: 15579, TPR[ CAGE: 0.668 ], TNR[ CAGE: 0.800 ], roc[ CAGE: 0.818 ], accuracy[ CAGE: 0.730 ]
01/19 11:52:26 PM | TRAINING: Epoch: 3, Batch: 310/316, Loss: 0.587, perc_uncertainty: 0.444, nOnes_target: 14570, nOnes_pred: 15358, TPR[ CAGE: 0.671 ], TNR[ CAGE: 0.724 ], roc[ CAGE: 0.762 ], accuracy[ CAGE: 0.703 ]
01/19 11:52:30 PM | TRAINING: Epoch: 3, Batch: 316/316, Loss: 0.535, perc_uncertainty: 0.341, nOnes_target: 151, nOnes_pred: 139, TPR[ CAGE: 0.715 ], TNR[ CAGE: 0.879 ], roc[ CAGE: 1.000 ], accuracy[ CAGE: 1.000 ]
01/19 11:52:31 PM | VALIDATION: Epoch: 3, Batch: 0/20, Loss: 0.661, perc_uncertainty: 0.331, nOnes_target: 19131, nOnes_pred: 23112, TPR[ CAGE: 0.790 ], TNR[ CAGE: 0.490 ], roc[ CAGE: 0.735 ], accuracy[ CAGE: 0.660 ]
01/19 11:52:35 PM | VALIDATION: Epoch: 3, Batch: 10/20, Loss: 0.657, perc_uncertainty: 0.347, nOnes_target: 18906, nOnes_pred: 17830, TPR[ CAGE: 0.637 ], TNR[ CAGE: 0.636 ], roc[ CAGE: 0.703 ], accuracy[ CAGE: 0.635 ]
01/19 11:52:39 PM | VALIDATION: Epoch: 3, Batch: 20/20, Loss: 0.484, perc_uncertainty: 0.124, nOnes_target: 7420, nOnes_pred: 8008, TPR[ CAGE: 0.902 ], TNR[ CAGE: 0.445 ], roc[ CAGE: 0.800 ], accuracy[ CAGE: 0.806 ]
01/19 11:52:41 PM | TRAINING: Epoch: 4, Batch: 0/316, Loss: 0.511, perc_uncertainty: 0.419, nOnes_target: 17661, nOnes_pred: 15378, TPR[ CAGE: 0.695 ], TNR[ CAGE: 0.819 ], roc[ CAGE: 0.841 ], accuracy[ CAGE: 0.758 ]
01/19 11:52:48 PM | TRAINING: Epoch: 4, Batch: 10/316, Loss: 0.556, perc_uncertainty: 0.368, nOnes_target: 17416, nOnes_pred: 14962, TPR[ CAGE: 0.650 ], TNR[ CAGE: 0.791 ], roc[ CAGE: 0.791 ], accuracy[ CAGE: 0.723 ]
01/19 11:52:55 PM | TRAINING: Epoch: 4, Batch: 20/316, Loss: 0.540, perc_uncertainty: 0.420, nOnes_target: 18569, nOnes_pred: 15899, TPR[ CAGE: 0.674 ], TNR[ CAGE: 0.792 ], roc[ CAGE: 0.818 ], accuracy[ CAGE: 0.730 ]
01/19 11:53:01 PM | TRAINING: Epoch: 4, Batch: 30/316, Loss: 0.534, perc_uncertainty: 0.458, nOnes_target: 17184, nOnes_pred: 14586, TPR[ CAGE: 0.647 ], TNR[ CAGE: 0.804 ], roc[ CAGE: 0.818 ], accuracy[ CAGE: 0.723 ]
01/19 11:53:08 PM | TRAINING: Epoch: 4, Batch: 40/316, Loss: 0.552, perc_uncertainty: 0.426, nOnes_target: 16279, nOnes_pred: 15329, TPR[ CAGE: 0.678 ], TNR[ CAGE: 0.768 ], roc[ CAGE: 0.789 ], accuracy[ CAGE: 0.723 ]
01/19 11:53:15 PM | TRAINING: Epoch: 4, Batch: 50/316, Loss: 0.585, perc_uncertainty: 0.449, nOnes_target: 15739, nOnes_pred: 14766, TPR[ CAGE: 0.640 ], TNR[ CAGE: 0.754 ], roc[ CAGE: 0.763 ], accuracy[ CAGE: 0.703 ]
01/19 11:53:22 PM | TRAINING: Epoch: 4, Batch: 60/316, Loss: 0.553, perc_uncertainty: 0.451, nOnes_target: 15522, nOnes_pred: 15459, TPR[ CAGE: 0.698 ], TNR[ CAGE: 0.760 ], roc[ CAGE: 0.791 ], accuracy[ CAGE: 0.732 ]
01/19 11:53:29 PM | TRAINING: Epoch: 4, Batch: 70/316, Loss: 0.527, perc_uncertainty: 0.462, nOnes_target: 17587, nOnes_pred: 15267, TPR[ CAGE: 0.670 ], TNR[ CAGE: 0.797 ], roc[ CAGE: 0.819 ], accuracy[ CAGE: 0.730 ]
01/19 11:53:36 PM | TRAINING: Epoch: 4, Batch: 80/316, Loss: 0.550, perc_uncertainty: 0.478, nOnes_target: 17963, nOnes_pred: 15823, TPR[ CAGE: 0.681 ], TNR[ CAGE: 0.787 ], roc[ CAGE: 0.801 ], accuracy[ CAGE: 0.730 ]
01/19 11:53:43 PM | TRAINING: Epoch: 4, Batch: 90/316, Loss: 0.531, perc_uncertainty: 0.474, nOnes_target: 16987, nOnes_pred: 15583, TPR[ CAGE: 0.697 ], TNR[ CAGE: 0.790 ], roc[ CAGE: 0.817 ], accuracy[ CAGE: 0.750 ]
01/19 11:53:50 PM | TRAINING: Epoch: 4, Batch: 100/316, Loss: 0.534, perc_uncertainty: 0.468, nOnes_target: 16136, nOnes_pred: 14167, TPR[ CAGE: 0.677 ], TNR[ CAGE: 0.826 ], roc[ CAGE: 0.817 ], accuracy[ CAGE: 0.758 ]
01/19 11:53:56 PM | TRAINING: Epoch: 4, Batch: 110/316, Loss: 0.540, perc_uncertainty: 0.484, nOnes_target: 15407, nOnes_pred: 14812, TPR[ CAGE: 0.672 ], TNR[ CAGE: 0.770 ], roc[ CAGE: 0.804 ], accuracy[ CAGE: 0.730 ]
01/19 11:54:03 PM | TRAINING: Epoch: 4, Batch: 120/316, Loss: 0.541, perc_uncertainty: 0.431, nOnes_target: 17637, nOnes_pred: 15214, TPR[ CAGE: 0.665 ], TNR[ CAGE: 0.797 ], roc[ CAGE: 0.809 ], accuracy[ CAGE: 0.730 ]
01/19 11:54:10 PM | TRAINING: Epoch: 4, Batch: 130/316, Loss: 0.559, perc_uncertainty: 0.479, nOnes_target: 16049, nOnes_pred: 15086, TPR[ CAGE: 0.672 ], TNR[ CAGE: 0.771 ], roc[ CAGE: 0.785 ], accuracy[ CAGE: 0.727 ]
01/19 11:54:16 PM | TRAINING: Epoch: 4, Batch: 140/316, Loss: 0.585, perc_uncertainty: 0.447, nOnes_target: 16457, nOnes_pred: 15866, TPR[ CAGE: 0.665 ], TNR[ CAGE: 0.732 ], roc[ CAGE: 0.763 ], accuracy[ CAGE: 0.699 ]
01/19 11:54:22 PM | TRAINING: Epoch: 4, Batch: 150/316, Loss: 0.527, perc_uncertainty: 0.423, nOnes_target: 17144, nOnes_pred: 15354, TPR[ CAGE: 0.700 ], TNR[ CAGE: 0.811 ], roc[ CAGE: 0.821 ], accuracy[ CAGE: 0.754 ]
01/19 11:54:30 PM | TRAINING: Epoch: 4, Batch: 160/316, Loss: 0.571, perc_uncertainty: 0.472, nOnes_target: 15826, nOnes_pred: 14399, TPR[ CAGE: 0.619 ], TNR[ CAGE: 0.757 ], roc[ CAGE: 0.771 ], accuracy[ CAGE: 0.695 ]
01/19 11:54:37 PM | TRAINING: Epoch: 4, Batch: 170/316, Loss: 0.535, perc_uncertainty: 0.466, nOnes_target: 16241, nOnes_pred: 15040, TPR[ CAGE: 0.690 ], TNR[ CAGE: 0.793 ], roc[ CAGE: 0.805 ], accuracy[ CAGE: 0.744 ]
01/19 11:54:44 PM | TRAINING: Epoch: 4, Batch: 180/316, Loss: 0.555, perc_uncertainty: 0.420, nOnes_target: 18166, nOnes_pred: 15878, TPR[ CAGE: 0.666 ], TNR[ CAGE: 0.773 ], roc[ CAGE: 0.791 ], accuracy[ CAGE: 0.715 ]
01/19 11:54:50 PM | TRAINING: Epoch: 4, Batch: 190/316, Loss: 0.579, perc_uncertainty: 0.437, nOnes_target: 16978, nOnes_pred: 15052, TPR[ CAGE: 0.635 ], TNR[ CAGE: 0.761 ], roc[ CAGE: 0.763 ], accuracy[ CAGE: 0.695 ]
01/19 11:54:57 PM | TRAINING: Epoch: 4, Batch: 200/316, Loss: 0.563, perc_uncertainty: 0.467, nOnes_target: 15583, nOnes_pred: 14453, TPR[ CAGE: 0.640 ], TNR[ CAGE: 0.767 ], roc[ CAGE: 0.777 ], accuracy[ CAGE: 0.711 ]
01/19 11:55:03 PM | TRAINING: Epoch: 4, Batch: 210/316, Loss: 0.567, perc_uncertainty: 0.383, nOnes_target: 16582, nOnes_pred: 15335, TPR[ CAGE: 0.653 ], TNR[ CAGE: 0.753 ], roc[ CAGE: 0.780 ], accuracy[ CAGE: 0.707 ]
01/19 11:55:11 PM | TRAINING: Epoch: 4, Batch: 220/316, Loss: 0.551, perc_uncertainty: 0.387, nOnes_target: 16949, nOnes_pred: 14302, TPR[ CAGE: 0.637 ], TNR[ CAGE: 0.804 ], roc[ CAGE: 0.792 ], accuracy[ CAGE: 0.727 ]
01/19 11:55:18 PM | TRAINING: Epoch: 4, Batch: 230/316, Loss: 0.531, perc_uncertainty: 0.414, nOnes_target: 17162, nOnes_pred: 15263, TPR[ CAGE: 0.678 ], TNR[ CAGE: 0.795 ], roc[ CAGE: 0.806 ], accuracy[ CAGE: 0.736 ]
01/19 11:55:25 PM | TRAINING: Epoch: 4, Batch: 240/316, Loss: 0.527, perc_uncertainty: 0.440, nOnes_target: 16223, nOnes_pred: 15357, TPR[ CAGE: 0.704 ], TNR[ CAGE: 0.788 ], roc[ CAGE: 0.810 ], accuracy[ CAGE: 0.754 ]
01/19 11:55:31 PM | TRAINING: Epoch: 4, Batch: 250/316, Loss: 0.588, perc_uncertainty: 0.436, nOnes_target: 17357, nOnes_pred: 14746, TPR[ CAGE: 0.618 ], TNR[ CAGE: 0.770 ], roc[ CAGE: 0.754 ], accuracy[ CAGE: 0.701 ]
01/19 11:55:38 PM | TRAINING: Epoch: 4, Batch: 260/316, Loss: 0.551, perc_uncertainty: 0.442, nOnes_target: 17277, nOnes_pred: 15014, TPR[ CAGE: 0.662 ], TNR[ CAGE: 0.796 ], roc[ CAGE: 0.798 ], accuracy[ CAGE: 0.734 ]
01/19 11:55:44 PM | TRAINING: Epoch: 4, Batch: 270/316, Loss: 0.539, perc_uncertainty: 0.440, nOnes_target: 17558, nOnes_pred: 14946, TPR[ CAGE: 0.665 ], TNR[ CAGE: 0.810 ], roc[ CAGE: 0.807 ], accuracy[ CAGE: 0.738 ]
01/19 11:55:51 PM | TRAINING: Epoch: 4, Batch: 280/316, Loss: 0.573, perc_uncertainty: 0.434, nOnes_target: 15916, nOnes_pred: 15070, TPR[ CAGE: 0.642 ], TNR[ CAGE: 0.744 ], roc[ CAGE: 0.768 ], accuracy[ CAGE: 0.695 ]
01/19 11:55:57 PM | TRAINING: Epoch: 4, Batch: 290/316, Loss: 0.576, perc_uncertainty: 0.448, nOnes_target: 16255, nOnes_pred: 13992, TPR[ CAGE: 0.602 ], TNR[ CAGE: 0.773 ], roc[ CAGE: 0.762 ], accuracy[ CAGE: 0.695 ]
01/19 11:56:04 PM | TRAINING: Epoch: 4, Batch: 300/316, Loss: 0.575, perc_uncertainty: 0.462, nOnes_target: 17513, nOnes_pred: 15302, TPR[ CAGE: 0.640 ], TNR[ CAGE: 0.763 ], roc[ CAGE: 0.774 ], accuracy[ CAGE: 0.699 ]
01/19 11:56:10 PM | TRAINING: Epoch: 4, Batch: 310/316, Loss: 0.551, perc_uncertainty: 0.416, nOnes_target: 16731, nOnes_pred: 14825, TPR[ CAGE: 0.655 ], TNR[ CAGE: 0.786 ], roc[ CAGE: 0.794 ], accuracy[ CAGE: 0.727 ]
01/19 11:56:14 PM | TRAINING: Epoch: 4, Batch: 316/316, Loss: 0.786, perc_uncertainty: 0.225, nOnes_target: 316, nOnes_pred: 136, TPR[ CAGE: 0.367 ], TNR[ CAGE: 0.783 ], roc[ CAGE: 1.000 ], accuracy[ CAGE: 0.333 ]
01/19 11:56:14 PM | VALIDATION: Epoch: 4, Batch: 0/20, Loss: 0.665, perc_uncertainty: 0.397, nOnes_target: 19131, nOnes_pred: 13852, TPR[ CAGE: 0.548 ], TNR[ CAGE: 0.785 ], roc[ CAGE: 0.717 ], accuracy[ CAGE: 0.656 ]
01/19 11:56:19 PM | VALIDATION: Epoch: 4, Batch: 10/20, Loss: 0.741, perc_uncertainty: 0.352, nOnes_target: 18906, nOnes_pred: 10573, TPR[ CAGE: 0.416 ], TNR[ CAGE: 0.830 ], roc[ CAGE: 0.679 ], accuracy[ CAGE: 0.602 ]
01/19 11:56:23 PM | VALIDATION: Epoch: 4, Batch: 20/20, Loss: 0.567, perc_uncertainty: 0.390, nOnes_target: 7420, nOnes_pred: 6446, TPR[ CAGE: 0.773 ], TNR[ CAGE: 0.700 ], roc[ CAGE: 0.792 ], accuracy[ CAGE: 0.764 ]
01/19 11:56:25 PM | TRAINING: Epoch: 5, Batch: 0/316, Loss: 0.528, perc_uncertainty: 0.471, nOnes_target: 15292, nOnes_pred: 15359, TPR[ CAGE: 0.704 ], TNR[ CAGE: 0.764 ], roc[ CAGE: 0.814 ], accuracy[ CAGE: 0.738 ]
01/19 11:56:32 PM | TRAINING: Epoch: 5, Batch: 10/316, Loss: 0.585, perc_uncertainty: 0.319, nOnes_target: 16684, nOnes_pred: 14241, TPR[ CAGE: 0.611 ], TNR[ CAGE: 0.777 ], roc[ CAGE: 0.761 ], accuracy[ CAGE: 0.699 ]
01/19 11:56:40 PM | TRAINING: Epoch: 5, Batch: 20/316, Loss: 0.559, perc_uncertainty: 0.381, nOnes_target: 16926, nOnes_pred: 14996, TPR[ CAGE: 0.663 ], TNR[ CAGE: 0.789 ], roc[ CAGE: 0.789 ], accuracy[ CAGE: 0.732 ]
01/19 11:56:46 PM | TRAINING: Epoch: 5, Batch: 30/316, Loss: 0.569, perc_uncertainty: 0.465, nOnes_target: 17223, nOnes_pred: 14869, TPR[ CAGE: 0.625 ], TNR[ CAGE: 0.766 ], roc[ CAGE: 0.773 ], accuracy[ CAGE: 0.695 ]
01/19 11:56:53 PM | TRAINING: Epoch: 5, Batch: 40/316, Loss: 0.525, perc_uncertainty: 0.449, nOnes_target: 15240, nOnes_pred: 14126, TPR[ CAGE: 0.681 ], TNR[ CAGE: 0.808 ], roc[ CAGE: 0.819 ], accuracy[ CAGE: 0.754 ]
01/19 11:57:00 PM | TRAINING: Epoch: 5, Batch: 50/316, Loss: 0.541, perc_uncertainty: 0.410, nOnes_target: 16745, nOnes_pred: 14788, TPR[ CAGE: 0.662 ], TNR[ CAGE: 0.795 ], roc[ CAGE: 0.800 ], accuracy[ CAGE: 0.734 ]
01/19 11:57:07 PM | TRAINING: Epoch: 5, Batch: 60/316, Loss: 0.544, perc_uncertainty: 0.448, nOnes_target: 17563, nOnes_pred: 14430, TPR[ CAGE: 0.632 ], TNR[ CAGE: 0.807 ], roc[ CAGE: 0.802 ], accuracy[ CAGE: 0.723 ]
01/19 11:57:14 PM | TRAINING: Epoch: 5, Batch: 70/316, Loss: 0.518, perc_uncertainty: 0.471, nOnes_target: 16630, nOnes_pred: 14560, TPR[ CAGE: 0.685 ], TNR[ CAGE: 0.826 ], roc[ CAGE: 0.826 ], accuracy[ CAGE: 0.762 ]
01/19 11:57:21 PM | TRAINING: Epoch: 5, Batch: 80/316, Loss: 0.503, perc_uncertainty: 0.464, nOnes_target: 17505, nOnes_pred: 14712, TPR[ CAGE: 0.692 ], TNR[ CAGE: 0.850 ], roc[ CAGE: 0.848 ], accuracy[ CAGE: 0.773 ]
01/19 11:57:27 PM | TRAINING: Epoch: 5, Batch: 90/316, Loss: 0.540, perc_uncertainty: 0.449, nOnes_target: 16454, nOnes_pred: 15493, TPR[ CAGE: 0.685 ], TNR[ CAGE: 0.770 ], roc[ CAGE: 0.802 ], accuracy[ CAGE: 0.727 ]
01/19 11:57:34 PM | TRAINING: Epoch: 5, Batch: 100/316, Loss: 0.532, perc_uncertainty: 0.454, nOnes_target: 15301, nOnes_pred: 14753, TPR[ CAGE: 0.688 ], TNR[ CAGE: 0.784 ], roc[ CAGE: 0.811 ], accuracy[ CAGE: 0.742 ]
01/19 11:57:40 PM | TRAINING: Epoch: 5, Batch: 110/316, Loss: 0.544, perc_uncertainty: 0.442, nOnes_target: 17603, nOnes_pred: 15572, TPR[ CAGE: 0.677 ], TNR[ CAGE: 0.788 ], roc[ CAGE: 0.802 ], accuracy[ CAGE: 0.730 ]
01/19 11:57:47 PM | TRAINING: Epoch: 5, Batch: 120/316, Loss: 0.534, perc_uncertainty: 0.444, nOnes_target: 17346, nOnes_pred: 14971, TPR[ CAGE: 0.668 ], TNR[ CAGE: 0.806 ], roc[ CAGE: 0.815 ], accuracy[ CAGE: 0.742 ]
01/19 11:57:53 PM | TRAINING: Epoch: 5, Batch: 130/316, Loss: 0.538, perc_uncertainty: 0.453, nOnes_target: 16532, nOnes_pred: 15556, TPR[ CAGE: 0.689 ], TNR[ CAGE: 0.772 ], roc[ CAGE: 0.813 ], accuracy[ CAGE: 0.734 ]
01/19 11:58:00 PM | TRAINING: Epoch: 5, Batch: 140/316, Loss: 0.536, perc_uncertainty: 0.481, nOnes_target: 15606, nOnes_pred: 14574, TPR[ CAGE: 0.694 ], TNR[ CAGE: 0.805 ], roc[ CAGE: 0.807 ], accuracy[ CAGE: 0.758 ]
01/19 11:58:08 PM | TRAINING: Epoch: 5, Batch: 150/316, Loss: 0.509, perc_uncertainty: 0.438, nOnes_target: 16232, nOnes_pred: 15036, TPR[ CAGE: 0.720 ], TNR[ CAGE: 0.820 ], roc[ CAGE: 0.837 ], accuracy[ CAGE: 0.777 ]
01/19 11:58:13 PM | TRAINING: Epoch: 5, Batch: 160/316, Loss: 0.547, perc_uncertainty: 0.378, nOnes_target: 17202, nOnes_pred: 15156, TPR[ CAGE: 0.654 ], TNR[ CAGE: 0.778 ], roc[ CAGE: 0.794 ], accuracy[ CAGE: 0.717 ]
01/19 11:58:20 PM | TRAINING: Epoch: 5, Batch: 170/316, Loss: 0.507, perc_uncertainty: 0.421, nOnes_target: 16317, nOnes_pred: 14338, TPR[ CAGE: 0.679 ], TNR[ CAGE: 0.824 ], roc[ CAGE: 0.838 ], accuracy[ CAGE: 0.758 ]
01/19 11:58:26 PM | TRAINING: Epoch: 5, Batch: 180/316, Loss: 0.549, perc_uncertainty: 0.463, nOnes_target: 15507, nOnes_pred: 14492, TPR[ CAGE: 0.658 ], TNR[ CAGE: 0.778 ], roc[ CAGE: 0.792 ], accuracy[ CAGE: 0.723 ]
01/19 11:58:33 PM | TRAINING: Epoch: 5, Batch: 190/316, Loss: 0.534, perc_uncertainty: 0.417, nOnes_target: 17242, nOnes_pred: 14544, TPR[ CAGE: 0.654 ], TNR[ CAGE: 0.814 ], roc[ CAGE: 0.810 ], accuracy[ CAGE: 0.740 ]
01/19 11:58:39 PM | TRAINING: Epoch: 5, Batch: 200/316, Loss: 0.528, perc_uncertainty: 0.437, nOnes_target: 17607, nOnes_pred: 14455, TPR[ CAGE: 0.656 ], TNR[ CAGE: 0.831 ], roc[ CAGE: 0.812 ], accuracy[ CAGE: 0.746 ]
01/19 11:58:46 PM | TRAINING: Epoch: 5, Batch: 210/316, Loss: 0.516, perc_uncertainty: 0.456, nOnes_target: 17454, nOnes_pred: 15417, TPR[ CAGE: 0.699 ], TNR[ CAGE: 0.815 ], roc[ CAGE: 0.828 ], accuracy[ CAGE: 0.760 ]
01/19 11:58:54 PM | TRAINING: Epoch: 5, Batch: 220/316, Loss: 0.535, perc_uncertainty: 0.479, nOnes_target: 16575, nOnes_pred: 15333, TPR[ CAGE: 0.694 ], TNR[ CAGE: 0.790 ], roc[ CAGE: 0.811 ], accuracy[ CAGE: 0.746 ]
01/19 11:59:00 PM | TRAINING: Epoch: 5, Batch: 230/316, Loss: 0.533, perc_uncertainty: 0.392, nOnes_target: 16460, nOnes_pred: 15248, TPR[ CAGE: 0.696 ], TNR[ CAGE: 0.794 ], roc[ CAGE: 0.808 ], accuracy[ CAGE: 0.750 ]
01/19 11:59:06 PM | TRAINING: Epoch: 5, Batch: 240/316, Loss: 0.510, perc_uncertainty: 0.391, nOnes_target: 17202, nOnes_pred: 14864, TPR[ CAGE: 0.687 ], TNR[ CAGE: 0.827 ], roc[ CAGE: 0.837 ], accuracy[ CAGE: 0.758 ]
01/19 11:59:12 PM | TRAINING: Epoch: 5, Batch: 250/316, Loss: 0.514, perc_uncertainty: 0.438, nOnes_target: 16454, nOnes_pred: 14913, TPR[ CAGE: 0.690 ], TNR[ CAGE: 0.807 ], roc[ CAGE: 0.824 ], accuracy[ CAGE: 0.754 ]
01/19 11:59:19 PM | TRAINING: Epoch: 5, Batch: 260/316, Loss: 0.567, perc_uncertainty: 0.462, nOnes_target: 15775, nOnes_pred: 14541, TPR[ CAGE: 0.636 ], TNR[ CAGE: 0.764 ], roc[ CAGE: 0.779 ], accuracy[ CAGE: 0.707 ]
01/19 11:59:25 PM | TRAINING: Epoch: 5, Batch: 270/316, Loss: 0.502, perc_uncertainty: 0.494, nOnes_target: 16438, nOnes_pred: 15038, TPR[ CAGE: 0.700 ], TNR[ CAGE: 0.808 ], roc[ CAGE: 0.838 ], accuracy[ CAGE: 0.758 ]
01/19 11:59:31 PM | TRAINING: Epoch: 5, Batch: 280/316, Loss: 0.533, perc_uncertainty: 0.497, nOnes_target: 16799, nOnes_pred: 15090, TPR[ CAGE: 0.679 ], TNR[ CAGE: 0.795 ], roc[ CAGE: 0.815 ], accuracy[ CAGE: 0.738 ]
01/19 11:59:38 PM | TRAINING: Epoch: 5, Batch: 290/316, Loss: 0.552, perc_uncertainty: 0.441, nOnes_target: 15828, nOnes_pred: 15699, TPR[ CAGE: 0.690 ], TNR[ CAGE: 0.748 ], roc[ CAGE: 0.786 ], accuracy[ CAGE: 0.723 ]
01/19 11:59:45 PM | TRAINING: Epoch: 5, Batch: 300/316, Loss: 0.525, perc_uncertainty: 0.461, nOnes_target: 16320, nOnes_pred: 15253, TPR[ CAGE: 0.688 ], TNR[ CAGE: 0.782 ], roc[ CAGE: 0.817 ], accuracy[ CAGE: 0.738 ]
01/19 11:59:52 PM | TRAINING: Epoch: 5, Batch: 310/316, Loss: 0.506, perc_uncertainty: 0.393, nOnes_target: 16657, nOnes_pred: 15574, TPR[ CAGE: 0.739 ], TNR[ CAGE: 0.820 ], roc[ CAGE: 0.837 ], accuracy[ CAGE: 0.781 ]
01/19 11:59:55 PM | TRAINING: Epoch: 5, Batch: 316/316, Loss: 0.463, perc_uncertainty: 0.164, nOnes_target: 231, nOnes_pred: 136, TPR[ CAGE: 0.571 ], TNR[ CAGE: 0.977 ], roc[ CAGE: 1.000 ], accuracy[ CAGE: 0.667 ]
01/19 11:59:56 PM | VALIDATION: Epoch: 5, Batch: 0/20, Loss: 0.617, perc_uncertainty: 0.281, nOnes_target: 19131, nOnes_pred: 16639, TPR[ CAGE: 0.645 ], TNR[ CAGE: 0.726 ], roc[ CAGE: 0.754 ], accuracy[ CAGE: 0.680 ]
01/20 12:00:00 AM | VALIDATION: Epoch: 5, Batch: 10/20, Loss: 0.676, perc_uncertainty: 0.330, nOnes_target: 18906, nOnes_pred: 10796, TPR[ CAGE: 0.446 ], TNR[ CAGE: 0.851 ], roc[ CAGE: 0.716 ], accuracy[ CAGE: 0.646 ]
01/20 12:00:04 AM | VALIDATION: Epoch: 5, Batch: 20/20, Loss: 0.523, perc_uncertainty: 0.309, nOnes_target: 7420, nOnes_pred: 6778, TPR[ CAGE: 0.807 ], TNR[ CAGE: 0.668 ], roc[ CAGE: 0.782 ], accuracy[ CAGE: 0.778 ]
01/20 12:00:06 AM | TRAINING: Epoch: 6, Batch: 0/316, Loss: 0.506, perc_uncertainty: 0.420, nOnes_target: 15990, nOnes_pred: 15714, TPR[ CAGE: 0.738 ], TNR[ CAGE: 0.792 ], roc[ CAGE: 0.836 ], accuracy[ CAGE: 0.770 ]
01/20 12:00:13 AM | TRAINING: Epoch: 6, Batch: 10/316, Loss: 0.531, perc_uncertainty: 0.415, nOnes_target: 16620, nOnes_pred: 14194, TPR[ CAGE: 0.650 ], TNR[ CAGE: 0.813 ], roc[ CAGE: 0.815 ], accuracy[ CAGE: 0.732 ]
01/20 12:00:19 AM | TRAINING: Epoch: 6, Batch: 20/316, Loss: 0.502, perc_uncertainty: 0.403, nOnes_target: 17985, nOnes_pred: 14981, TPR[ CAGE: 0.689 ], TNR[ CAGE: 0.846 ], roc[ CAGE: 0.847 ], accuracy[ CAGE: 0.766 ]
01/20 12:00:25 AM | TRAINING: Epoch: 6, Batch: 30/316, Loss: 0.505, perc_uncertainty: 0.408, nOnes_target: 17611, nOnes_pred: 15453, TPR[ CAGE: 0.697 ], TNR[ CAGE: 0.815 ], roc[ CAGE: 0.840 ], accuracy[ CAGE: 0.754 ]
01/20 12:00:32 AM | TRAINING: Epoch: 6, Batch: 40/316, Loss: 0.511, perc_uncertainty: 0.472, nOnes_target: 15490, nOnes_pred: 14353, TPR[ CAGE: 0.681 ], TNR[ CAGE: 0.803 ], roc[ CAGE: 0.826 ], accuracy[ CAGE: 0.750 ]
01/20 12:00:38 AM | TRAINING: Epoch: 6, Batch: 50/316, Loss: 0.507, perc_uncertainty: 0.477, nOnes_target: 15971, nOnes_pred: 14943, TPR[ CAGE: 0.706 ], TNR[ CAGE: 0.806 ], roc[ CAGE: 0.837 ], accuracy[ CAGE: 0.760 ]
01/20 12:00:45 AM | TRAINING: Epoch: 6, Batch: 60/316, Loss: 0.505, perc_uncertainty: 0.433, nOnes_target: 16505, nOnes_pred: 15059, TPR[ CAGE: 0.707 ], TNR[ CAGE: 0.815 ], roc[ CAGE: 0.835 ], accuracy[ CAGE: 0.766 ]
01/20 12:00:51 AM | TRAINING: Epoch: 6, Batch: 70/316, Loss: 0.513, perc_uncertainty: 0.489, nOnes_target: 14876, nOnes_pred: 14860, TPR[ CAGE: 0.713 ], TNR[ CAGE: 0.787 ], roc[ CAGE: 0.827 ], accuracy[ CAGE: 0.758 ]
01/20 12:00:58 AM | TRAINING: Epoch: 6, Batch: 80/316, Loss: 0.508, perc_uncertainty: 0.433, nOnes_target: 16224, nOnes_pred: 14413, TPR[ CAGE: 0.690 ], TNR[ CAGE: 0.826 ], roc[ CAGE: 0.830 ], accuracy[ CAGE: 0.762 ]
01/20 12:01:05 AM | TRAINING: Epoch: 6, Batch: 90/316, Loss: 0.524, perc_uncertainty: 0.464, nOnes_target: 16984, nOnes_pred: 15888, TPR[ CAGE: 0.700 ], TNR[ CAGE: 0.776 ], roc[ CAGE: 0.823 ], accuracy[ CAGE: 0.738 ]
01/20 12:01:12 AM | TRAINING: Epoch: 6, Batch: 100/316, Loss: 0.486, perc_uncertainty: 0.433, nOnes_target: 17100, nOnes_pred: 15628, TPR[ CAGE: 0.734 ], TNR[ CAGE: 0.826 ], roc[ CAGE: 0.858 ], accuracy[ CAGE: 0.781 ]
01/20 12:01:18 AM | TRAINING: Epoch: 6, Batch: 110/316, Loss: 0.512, perc_uncertainty: 0.444, nOnes_target: 17607, nOnes_pred: 15925, TPR[ CAGE: 0.709 ], TNR[ CAGE: 0.800 ], roc[ CAGE: 0.835 ], accuracy[ CAGE: 0.754 ]
01/20 12:01:25 AM | TRAINING: Epoch: 6, Batch: 120/316, Loss: 0.518, perc_uncertainty: 0.427, nOnes_target: 15805, nOnes_pred: 14848, TPR[ CAGE: 0.684 ], TNR[ CAGE: 0.788 ], roc[ CAGE: 0.823 ], accuracy[ CAGE: 0.742 ]
01/20 12:01:32 AM | TRAINING: Epoch: 6, Batch: 130/316, Loss: 0.504, perc_uncertainty: 0.444, nOnes_target: 15732, nOnes_pred: 14740, TPR[ CAGE: 0.701 ], TNR[ CAGE: 0.806 ], roc[ CAGE: 0.829 ], accuracy[ CAGE: 0.762 ]
01/20 12:01:39 AM | TRAINING: Epoch: 6, Batch: 140/316, Loss: 0.504, perc_uncertainty: 0.417, nOnes_target: 16282, nOnes_pred: 15066, TPR[ CAGE: 0.713 ], TNR[ CAGE: 0.813 ], roc[ CAGE: 0.835 ], accuracy[ CAGE: 0.766 ]
01/20 12:01:46 AM | TRAINING: Epoch: 6, Batch: 150/316, Loss: 0.491, perc_uncertainty: 0.428, nOnes_target: 15358, nOnes_pred: 15215, TPR[ CAGE: 0.737 ], TNR[ CAGE: 0.800 ], roc[ CAGE: 0.850 ], accuracy[ CAGE: 0.773 ]
01/20 12:01:52 AM | TRAINING: Epoch: 6, Batch: 160/316, Loss: 0.513, perc_uncertainty: 0.404, nOnes_target: 19006, nOnes_pred: 16934, TPR[ CAGE: 0.721 ], TNR[ CAGE: 0.796 ], roc[ CAGE: 0.839 ], accuracy[ CAGE: 0.758 ]
01/20 12:01:58 AM | TRAINING: Epoch: 6, Batch: 170/316, Loss: 0.500, perc_uncertainty: 0.366, nOnes_target: 16395, nOnes_pred: 15441, TPR[ CAGE: 0.713 ], TNR[ CAGE: 0.796 ], roc[ CAGE: 0.835 ], accuracy[ CAGE: 0.758 ]
01/20 12:02:04 AM | TRAINING: Epoch: 6, Batch: 180/316, Loss: 0.529, perc_uncertainty: 0.384, nOnes_target: 16434, nOnes_pred: 15100, TPR[ CAGE: 0.677 ], TNR[ CAGE: 0.783 ], roc[ CAGE: 0.813 ], accuracy[ CAGE: 0.734 ]
01/20 12:02:10 AM | TRAINING: Epoch: 6, Batch: 190/316, Loss: 0.501, perc_uncertainty: 0.434, nOnes_target: 16784, nOnes_pred: 15184, TPR[ CAGE: 0.708 ], TNR[ CAGE: 0.817 ], roc[ CAGE: 0.842 ], accuracy[ CAGE: 0.764 ]
01/20 12:02:17 AM | TRAINING: Epoch: 6, Batch: 200/316, Loss: 0.510, perc_uncertainty: 0.448, nOnes_target: 17118, nOnes_pred: 16253, TPR[ CAGE: 0.718 ], TNR[ CAGE: 0.776 ], roc[ CAGE: 0.832 ], accuracy[ CAGE: 0.746 ]
01/20 12:02:24 AM | TRAINING: Epoch: 6, Batch: 210/316, Loss: 0.536, perc_uncertainty: 0.456, nOnes_target: 15885, nOnes_pred: 14576, TPR[ CAGE: 0.663 ], TNR[ CAGE: 0.786 ], roc[ CAGE: 0.804 ], accuracy[ CAGE: 0.727 ]
01/20 12:02:31 AM | TRAINING: Epoch: 6, Batch: 220/316, Loss: 0.507, perc_uncertainty: 0.403, nOnes_target: 16895, nOnes_pred: 16245, TPR[ CAGE: 0.732 ], TNR[ CAGE: 0.784 ], roc[ CAGE: 0.834 ], accuracy[ CAGE: 0.762 ]
01/20 12:02:38 AM | TRAINING: Epoch: 6, Batch: 230/316, Loss: 0.494, perc_uncertainty: 0.434, nOnes_target: 16829, nOnes_pred: 15278, TPR[ CAGE: 0.722 ], TNR[ CAGE: 0.826 ], roc[ CAGE: 0.856 ], accuracy[ CAGE: 0.777 ]
01/20 12:02:45 AM | TRAINING: Epoch: 6, Batch: 240/316, Loss: 0.509, perc_uncertainty: 0.419, nOnes_target: 16599, nOnes_pred: 15257, TPR[ CAGE: 0.698 ], TNR[ CAGE: 0.799 ], roc[ CAGE: 0.829 ], accuracy[ CAGE: 0.754 ]
01/20 12:02:52 AM | TRAINING: Epoch: 6, Batch: 250/316, Loss: 0.492, perc_uncertainty: 0.409, nOnes_target: 17571, nOnes_pred: 15493, TPR[ CAGE: 0.711 ], TNR[ CAGE: 0.826 ], roc[ CAGE: 0.851 ], accuracy[ CAGE: 0.766 ]
01/20 12:02:59 AM | TRAINING: Epoch: 6, Batch: 260/316, Loss: 0.522, perc_uncertainty: 0.415, nOnes_target: 16783, nOnes_pred: 15565, TPR[ CAGE: 0.700 ], TNR[ CAGE: 0.788 ], roc[ CAGE: 0.823 ], accuracy[ CAGE: 0.746 ]
01/20 12:03:05 AM | TRAINING: Epoch: 6, Batch: 270/316, Loss: 0.508, perc_uncertainty: 0.420, nOnes_target: 16848, nOnes_pred: 15728, TPR[ CAGE: 0.714 ], TNR[ CAGE: 0.794 ], roc[ CAGE: 0.835 ], accuracy[ CAGE: 0.754 ]
01/20 12:03:12 AM | TRAINING: Epoch: 6, Batch: 280/316, Loss: 0.494, perc_uncertainty: 0.420, nOnes_target: 15950, nOnes_pred: 15122, TPR[ CAGE: 0.717 ], TNR[ CAGE: 0.804 ], roc[ CAGE: 0.845 ], accuracy[ CAGE: 0.766 ]
01/20 12:03:18 AM | TRAINING: Epoch: 6, Batch: 290/316, Loss: 0.521, perc_uncertainty: 0.377, nOnes_target: 16139, nOnes_pred: 15339, TPR[ CAGE: 0.691 ], TNR[ CAGE: 0.775 ], roc[ CAGE: 0.815 ], accuracy[ CAGE: 0.734 ]
01/20 12:03:25 AM | TRAINING: Epoch: 6, Batch: 300/316, Loss: 0.508, perc_uncertainty: 0.422, nOnes_target: 15090, nOnes_pred: 15119, TPR[ CAGE: 0.725 ], TNR[ CAGE: 0.788 ], roc[ CAGE: 0.833 ], accuracy[ CAGE: 0.762 ]
01/20 12:03:31 AM | TRAINING: Epoch: 6, Batch: 310/316, Loss: 0.488, perc_uncertainty: 0.362, nOnes_target: 15636, nOnes_pred: 15289, TPR[ CAGE: 0.748 ], TNR[ CAGE: 0.813 ], roc[ CAGE: 0.851 ], accuracy[ CAGE: 0.785 ]
01/20 12:03:34 AM | TRAINING: Epoch: 6, Batch: 316/316, Loss: 0.279, perc_uncertainty: 0.154, nOnes_target: 149, nOnes_pred: 136, TPR[ CAGE: 0.906 ], TNR[ CAGE: 0.996 ], roc[ CAGE: 1.000 ], accuracy[ CAGE: 1.000 ]
01/20 12:03:35 AM | VALIDATION: Epoch: 6, Batch: 0/20, Loss: 0.636, perc_uncertainty: 0.333, nOnes_target: 19131, nOnes_pred: 16449, TPR[ CAGE: 0.636 ], TNR[ CAGE: 0.726 ], roc[ CAGE: 0.737 ], accuracy[ CAGE: 0.672 ]
01/20 12:03:39 AM | VALIDATION: Epoch: 6, Batch: 10/20, Loss: 0.678, perc_uncertainty: 0.362, nOnes_target: 18906, nOnes_pred: 12270, TPR[ CAGE: 0.490 ], TNR[ CAGE: 0.811 ], roc[ CAGE: 0.699 ], accuracy[ CAGE: 0.666 ]
01/20 12:03:43 AM | VALIDATION: Epoch: 6, Batch: 20/20, Loss: 0.561, perc_uncertainty: 0.302, nOnes_target: 7420, nOnes_pred: 6680, TPR[ CAGE: 0.776 ], TNR[ CAGE: 0.613 ], roc[ CAGE: 0.739 ], accuracy[ CAGE: 0.736 ]
01/20 12:03:45 AM | TRAINING: Epoch: 7, Batch: 0/316, Loss: 0.481, perc_uncertainty: 0.425, nOnes_target: 15767, nOnes_pred: 16397, TPR[ CAGE: 0.786 ], TNR[ CAGE: 0.789 ], roc[ CAGE: 0.861 ], accuracy[ CAGE: 0.793 ]
01/20 12:03:51 AM | TRAINING: Epoch: 7, Batch: 10/316, Loss: 0.504, perc_uncertainty: 0.380, nOnes_target: 15458, nOnes_pred: 15310, TPR[ CAGE: 0.732 ], TNR[ CAGE: 0.793 ], roc[ CAGE: 0.836 ], accuracy[ CAGE: 0.766 ]
01/20 12:03:59 AM | TRAINING: Epoch: 7, Batch: 20/316, Loss: 0.506, perc_uncertainty: 0.398, nOnes_target: 18753, nOnes_pred: 15556, TPR[ CAGE: 0.679 ], TNR[ CAGE: 0.824 ], roc[ CAGE: 0.843 ], accuracy[ CAGE: 0.744 ]
01/20 12:04:05 AM | TRAINING: Epoch: 7, Batch: 30/316, Loss: 0.484, perc_uncertainty: 0.429, nOnes_target: 15638, nOnes_pred: 15408, TPR[ CAGE: 0.742 ], TNR[ CAGE: 0.802 ], roc[ CAGE: 0.856 ], accuracy[ CAGE: 0.775 ]
01/20 12:04:12 AM | TRAINING: Epoch: 7, Batch: 40/316, Loss: 0.498, perc_uncertainty: 0.400, nOnes_target: 16451, nOnes_pred: 15536, TPR[ CAGE: 0.720 ], TNR[ CAGE: 0.799 ], roc[ CAGE: 0.845 ], accuracy[ CAGE: 0.766 ]
01/20 12:04:18 AM | TRAINING: Epoch: 7, Batch: 50/316, Loss: 0.485, perc_uncertainty: 0.458, nOnes_target: 15784, nOnes_pred: 15600, TPR[ CAGE: 0.754 ], TNR[ CAGE: 0.805 ], roc[ CAGE: 0.859 ], accuracy[ CAGE: 0.785 ]
01/20 12:04:26 AM | TRAINING: Epoch: 7, Batch: 60/316, Loss: 0.483, perc_uncertainty: 0.393, nOnes_target: 17210, nOnes_pred: 14687, TPR[ CAGE: 0.695 ], TNR[ CAGE: 0.845 ], roc[ CAGE: 0.859 ], accuracy[ CAGE: 0.773 ]
01/20 12:04:32 AM | TRAINING: Epoch: 7, Batch: 70/316, Loss: 0.478, perc_uncertainty: 0.400, nOnes_target: 16812, nOnes_pred: 15402, TPR[ CAGE: 0.730 ], TNR[ CAGE: 0.826 ], roc[ CAGE: 0.864 ], accuracy[ CAGE: 0.781 ]
01/20 12:04:39 AM | TRAINING: Epoch: 7, Batch: 80/316, Loss: 0.500, perc_uncertainty: 0.417, nOnes_target: 15269, nOnes_pred: 15020, TPR[ CAGE: 0.710 ], TNR[ CAGE: 0.787 ], roc[ CAGE: 0.839 ], accuracy[ CAGE: 0.762 ]
01/20 12:04:45 AM | TRAINING: Epoch: 7, Batch: 90/316, Loss: 0.507, perc_uncertainty: 0.441, nOnes_target: 15646, nOnes_pred: 15534, TPR[ CAGE: 0.712 ], TNR[ CAGE: 0.771 ], roc[ CAGE: 0.832 ], accuracy[ CAGE: 0.746 ]
01/20 12:04:51 AM | TRAINING: Epoch: 7, Batch: 100/316, Loss: 0.501, perc_uncertainty: 0.438, nOnes_target: 17479, nOnes_pred: 15982, TPR[ CAGE: 0.710 ], TNR[ CAGE: 0.794 ], roc[ CAGE: 0.844 ], accuracy[ CAGE: 0.754 ]
01/20 12:04:57 AM | TRAINING: Epoch: 7, Batch: 110/316, Loss: 0.498, perc_uncertainty: 0.434, nOnes_target: 16800, nOnes_pred: 15373, TPR[ CAGE: 0.713 ], TNR[ CAGE: 0.812 ], roc[ CAGE: 0.845 ], accuracy[ CAGE: 0.762 ]
01/20 12:05:04 AM | TRAINING: Epoch: 7, Batch: 120/316, Loss: 0.464, perc_uncertainty: 0.397, nOnes_target: 16948, nOnes_pred: 15697, TPR[ CAGE: 0.754 ], TNR[ CAGE: 0.836 ], roc[ CAGE: 0.879 ], accuracy[ CAGE: 0.793 ]
01/20 12:05:10 AM | TRAINING: Epoch: 7, Batch: 130/316, Loss: 0.511, perc_uncertainty: 0.428, nOnes_target: 16833, nOnes_pred: 15898, TPR[ CAGE: 0.706 ], TNR[ CAGE: 0.777 ], roc[ CAGE: 0.830 ], accuracy[ CAGE: 0.738 ]
01/20 12:05:17 AM | TRAINING: Epoch: 7, Batch: 140/316, Loss: 0.471, perc_uncertainty: 0.369, nOnes_target: 16086, nOnes_pred: 15054, TPR[ CAGE: 0.737 ], TNR[ CAGE: 0.830 ], roc[ CAGE: 0.868 ], accuracy[ CAGE: 0.785 ]
01/20 12:05:23 AM | TRAINING: Epoch: 7, Batch: 150/316, Loss: 0.482, perc_uncertainty: 0.383, nOnes_target: 15776, nOnes_pred: 15554, TPR[ CAGE: 0.732 ], TNR[ CAGE: 0.790 ], roc[ CAGE: 0.859 ], accuracy[ CAGE: 0.762 ]
01/20 12:05:29 AM | TRAINING: Epoch: 7, Batch: 160/316, Loss: 0.469, perc_uncertainty: 0.370, nOnes_target: 17104, nOnes_pred: 16185, TPR[ CAGE: 0.753 ], TNR[ CAGE: 0.813 ], roc[ CAGE: 0.870 ], accuracy[ CAGE: 0.785 ]
01/20 12:05:35 AM | TRAINING: Epoch: 7, Batch: 170/316, Loss: 0.497, perc_uncertainty: 0.447, nOnes_target: 16683, nOnes_pred: 15276, TPR[ CAGE: 0.707 ], TNR[ CAGE: 0.808 ], roc[ CAGE: 0.843 ], accuracy[ CAGE: 0.758 ]
01/20 12:05:42 AM | TRAINING: Epoch: 7, Batch: 180/316, Loss: 0.475, perc_uncertainty: 0.410, nOnes_target: 15133, nOnes_pred: 15515, TPR[ CAGE: 0.765 ], TNR[ CAGE: 0.800 ], roc[ CAGE: 0.863 ], accuracy[ CAGE: 0.781 ]
01/20 12:05:48 AM | TRAINING: Epoch: 7, Batch: 190/316, Loss: 0.483, perc_uncertainty: 0.419, nOnes_target: 15680, nOnes_pred: 15424, TPR[ CAGE: 0.745 ], TNR[ CAGE: 0.805 ], roc[ CAGE: 0.856 ], accuracy[ CAGE: 0.779 ]
01/20 12:05:56 AM | TRAINING: Epoch: 7, Batch: 200/316, Loss: 0.475, perc_uncertainty: 0.324, nOnes_target: 16705, nOnes_pred: 15942, TPR[ CAGE: 0.755 ], TNR[ CAGE: 0.816 ], roc[ CAGE: 0.865 ], accuracy[ CAGE: 0.785 ]
01/20 12:06:02 AM | TRAINING: Epoch: 7, Batch: 210/316, Loss: 0.452, perc_uncertainty: 0.359, nOnes_target: 17063, nOnes_pred: 14896, TPR[ CAGE: 0.736 ], TNR[ CAGE: 0.868 ], roc[ CAGE: 0.882 ], accuracy[ CAGE: 0.805 ]
01/20 12:06:09 AM | TRAINING: Epoch: 7, Batch: 220/316, Loss: 0.490, perc_uncertainty: 0.398, nOnes_target: 16224, nOnes_pred: 16113, TPR[ CAGE: 0.754 ], TNR[ CAGE: 0.791 ], roc[ CAGE: 0.847 ], accuracy[ CAGE: 0.773 ]
01/20 12:06:15 AM | TRAINING: Epoch: 7, Batch: 230/316, Loss: 0.469, perc_uncertainty: 0.352, nOnes_target: 16339, nOnes_pred: 15211, TPR[ CAGE: 0.741 ], TNR[ CAGE: 0.832 ], roc[ CAGE: 0.867 ], accuracy[ CAGE: 0.789 ]
01/20 12:06:22 AM | TRAINING: Epoch: 7, Batch: 240/316, Loss: 0.498, perc_uncertainty: 0.379, nOnes_target: 16396, nOnes_pred: 15005, TPR[ CAGE: 0.712 ], TNR[ CAGE: 0.819 ], roc[ CAGE: 0.839 ], accuracy[ CAGE: 0.768 ]
01/20 12:06:29 AM | TRAINING: Epoch: 7, Batch: 250/316, Loss: 0.485, perc_uncertainty: 0.395, nOnes_target: 16841, nOnes_pred: 15799, TPR[ CAGE: 0.732 ], TNR[ CAGE: 0.807 ], roc[ CAGE: 0.856 ], accuracy[ CAGE: 0.770 ]
01/20 12:06:36 AM | TRAINING: Epoch: 7, Batch: 260/316, Loss: 0.461, perc_uncertainty: 0.407, nOnes_target: 15703, nOnes_pred: 14857, TPR[ CAGE: 0.738 ], TNR[ CAGE: 0.829 ], roc[ CAGE: 0.873 ], accuracy[ CAGE: 0.785 ]
01/20 12:06:43 AM | TRAINING: Epoch: 7, Batch: 270/316, Loss: 0.497, perc_uncertainty: 0.385, nOnes_target: 16369, nOnes_pred: 16417, TPR[ CAGE: 0.761 ], TNR[ CAGE: 0.785 ], roc[ CAGE: 0.845 ], accuracy[ CAGE: 0.773 ]
01/20 12:06:50 AM | TRAINING: Epoch: 7, Batch: 280/316, Loss: 0.505, perc_uncertainty: 0.385, nOnes_target: 17587, nOnes_pred: 15855, TPR[ CAGE: 0.714 ], TNR[ CAGE: 0.809 ], roc[ CAGE: 0.839 ], accuracy[ CAGE: 0.758 ]
01/20 12:06:56 AM | TRAINING: Epoch: 7, Batch: 290/316, Loss: 0.493, perc_uncertainty: 0.386, nOnes_target: 17932, nOnes_pred: 16350, TPR[ CAGE: 0.729 ], TNR[ CAGE: 0.806 ], roc[ CAGE: 0.851 ], accuracy[ CAGE: 0.770 ]
01/20 12:07:02 AM | TRAINING: Epoch: 7, Batch: 300/316, Loss: 0.476, perc_uncertainty: 0.368, nOnes_target: 16712, nOnes_pred: 15589, TPR[ CAGE: 0.726 ], TNR[ CAGE: 0.809 ], roc[ CAGE: 0.860 ], accuracy[ CAGE: 0.773 ]
01/20 12:07:09 AM | TRAINING: Epoch: 7, Batch: 310/316, Loss: 0.463, perc_uncertainty: 0.358, nOnes_target: 16238, nOnes_pred: 16124, TPR[ CAGE: 0.765 ], TNR[ CAGE: 0.801 ], roc[ CAGE: 0.874 ], accuracy[ CAGE: 0.789 ]
01/20 12:07:12 AM | TRAINING: Epoch: 7, Batch: 316/316, Loss: 0.477, perc_uncertainty: 0.336, nOnes_target: 271, nOnes_pred: 169, TPR[ CAGE: 0.605 ], TNR[ CAGE: 0.964 ], roc[ CAGE: 1.000 ], accuracy[ CAGE: 0.667 ]
01/20 12:07:13 AM | VALIDATION: Epoch: 7, Batch: 0/20, Loss: 0.626, perc_uncertainty: 0.315, nOnes_target: 19131, nOnes_pred: 17711, TPR[ CAGE: 0.681 ], TNR[ CAGE: 0.702 ], roc[ CAGE: 0.744 ], accuracy[ CAGE: 0.691 ]
01/20 12:07:18 AM | VALIDATION: Epoch: 7, Batch: 10/20, Loss: 0.673, perc_uncertainty: 0.345, nOnes_target: 18906, nOnes_pred: 12856, TPR[ CAGE: 0.505 ], TNR[ CAGE: 0.792 ], roc[ CAGE: 0.713 ], accuracy[ CAGE: 0.654 ]
01/20 12:07:21 AM | VALIDATION: Epoch: 7, Batch: 20/20, Loss: 0.520, perc_uncertainty: 0.276, nOnes_target: 7420, nOnes_pred: 7115, TPR[ CAGE: 0.834 ], TNR[ CAGE: 0.610 ], roc[ CAGE: 0.776 ], accuracy[ CAGE: 0.778 ]
01/20 12:07:23 AM | TRAINING: Epoch: 8, Batch: 0/316, Loss: 0.477, perc_uncertainty: 0.387, nOnes_target: 16416, nOnes_pred: 16699, TPR[ CAGE: 0.774 ], TNR[ CAGE: 0.783 ], roc[ CAGE: 0.861 ], accuracy[ CAGE: 0.777 ]
01/20 12:07:30 AM | TRAINING: Epoch: 8, Batch: 10/316, Loss: 0.453, perc_uncertainty: 0.340, nOnes_target: 17436, nOnes_pred: 15751, TPR[ CAGE: 0.756 ], TNR[ CAGE: 0.853 ], roc[ CAGE: 0.884 ], accuracy[ CAGE: 0.805 ]
01/20 12:07:36 AM | TRAINING: Epoch: 8, Batch: 20/316, Loss: 0.488, perc_uncertainty: 0.392, nOnes_target: 16431, nOnes_pred: 16096, TPR[ CAGE: 0.740 ], TNR[ CAGE: 0.786 ], roc[ CAGE: 0.849 ], accuracy[ CAGE: 0.762 ]
01/20 12:07:42 AM | TRAINING: Epoch: 8, Batch: 30/316, Loss: 0.458, perc_uncertainty: 0.380, nOnes_target: 17741, nOnes_pred: 15955, TPR[ CAGE: 0.748 ], TNR[ CAGE: 0.843 ], roc[ CAGE: 0.877 ], accuracy[ CAGE: 0.793 ]
01/20 12:07:49 AM | TRAINING: Epoch: 8, Batch: 40/316, Loss: 0.475, perc_uncertainty: 0.381, nOnes_target: 17907, nOnes_pred: 15802, TPR[ CAGE: 0.729 ], TNR[ CAGE: 0.838 ], roc[ CAGE: 0.870 ], accuracy[ CAGE: 0.785 ]
01/20 12:07:56 AM | TRAINING: Epoch: 8, Batch: 50/316, Loss: 0.475, perc_uncertainty: 0.386, nOnes_target: 16809, nOnes_pred: 15344, TPR[ CAGE: 0.733 ], TNR[ CAGE: 0.832 ], roc[ CAGE: 0.864 ], accuracy[ CAGE: 0.785 ]
01/20 12:08:03 AM | TRAINING: Epoch: 8, Batch: 60/316, Loss: 0.457, perc_uncertainty: 0.368, nOnes_target: 16628, nOnes_pred: 15330, TPR[ CAGE: 0.741 ], TNR[ CAGE: 0.835 ], roc[ CAGE: 0.880 ], accuracy[ CAGE: 0.795 ]
01/20 12:08:09 AM | TRAINING: Epoch: 8, Batch: 70/316, Loss: 0.471, perc_uncertainty: 0.416, nOnes_target: 15119, nOnes_pred: 15818, TPR[ CAGE: 0.783 ], TNR[ CAGE: 0.798 ], roc[ CAGE: 0.867 ], accuracy[ CAGE: 0.789 ]
01/20 12:08:16 AM | TRAINING: Epoch: 8, Batch: 80/316, Loss: 0.470, perc_uncertainty: 0.394, nOnes_target: 16683, nOnes_pred: 16020, TPR[ CAGE: 0.763 ], TNR[ CAGE: 0.818 ], roc[ CAGE: 0.864 ], accuracy[ CAGE: 0.793 ]
01/20 12:08:22 AM | TRAINING: Epoch: 8, Batch: 90/316, Loss: 0.473, perc_uncertainty: 0.366, nOnes_target: 17156, nOnes_pred: 16303, TPR[ CAGE: 0.758 ], TNR[ CAGE: 0.813 ], roc[ CAGE: 0.866 ], accuracy[ CAGE: 0.785 ]
01/20 12:08:29 AM | TRAINING: Epoch: 8, Batch: 100/316, Loss: 0.473, perc_uncertainty: 0.371, nOnes_target: 18480, nOnes_pred: 16243, TPR[ CAGE: 0.740 ], TNR[ CAGE: 0.843 ], roc[ CAGE: 0.869 ], accuracy[ CAGE: 0.789 ]
01/20 12:08:36 AM | TRAINING: Epoch: 8, Batch: 110/316, Loss: 0.473, perc_uncertainty: 0.383, nOnes_target: 16203, nOnes_pred: 15942, TPR[ CAGE: 0.756 ], TNR[ CAGE: 0.802 ], roc[ CAGE: 0.867 ], accuracy[ CAGE: 0.781 ]
01/20 12:08:42 AM | TRAINING: Epoch: 8, Batch: 120/316, Loss: 0.486, perc_uncertainty: 0.342, nOnes_target: 16072, nOnes_pred: 16364, TPR[ CAGE: 0.763 ], TNR[ CAGE: 0.781 ], roc[ CAGE: 0.855 ], accuracy[ CAGE: 0.773 ]
01/20 12:08:48 AM | TRAINING: Epoch: 8, Batch: 130/316, Loss: 0.470, perc_uncertainty: 0.377, nOnes_target: 16638, nOnes_pred: 15889, TPR[ CAGE: 0.754 ], TNR[ CAGE: 0.816 ], roc[ CAGE: 0.866 ], accuracy[ CAGE: 0.789 ]
01/20 12:08:55 AM | TRAINING: Epoch: 8, Batch: 140/316, Loss: 0.464, perc_uncertainty: 0.358, nOnes_target: 15867, nOnes_pred: 15070, TPR[ CAGE: 0.734 ], TNR[ CAGE: 0.819 ], roc[ CAGE: 0.873 ], accuracy[ CAGE: 0.779 ]
01/20 12:09:03 AM | TRAINING: Epoch: 8, Batch: 150/316, Loss: 0.462, perc_uncertainty: 0.382, nOnes_target: 15361, nOnes_pred: 14843, TPR[ CAGE: 0.746 ], TNR[ CAGE: 0.826 ], roc[ CAGE: 0.873 ], accuracy[ CAGE: 0.789 ]
01/20 12:09:09 AM | TRAINING: Epoch: 8, Batch: 160/316, Loss: 0.468, perc_uncertainty: 0.352, nOnes_target: 17779, nOnes_pred: 15998, TPR[ CAGE: 0.738 ], TNR[ CAGE: 0.831 ], roc[ CAGE: 0.874 ], accuracy[ CAGE: 0.785 ]
01/20 12:09:15 AM | TRAINING: Epoch: 8, Batch: 170/316, Loss: 0.471, perc_uncertainty: 0.359, nOnes_target: 16650, nOnes_pred: 15681, TPR[ CAGE: 0.746 ], TNR[ CAGE: 0.821 ], roc[ CAGE: 0.869 ], accuracy[ CAGE: 0.789 ]
01/20 12:09:22 AM | TRAINING: Epoch: 8, Batch: 180/316, Loss: 0.455, perc_uncertainty: 0.362, nOnes_target: 17799, nOnes_pred: 15334, TPR[ CAGE: 0.724 ], TNR[ CAGE: 0.856 ], roc[ CAGE: 0.884 ], accuracy[ CAGE: 0.789 ]
01/20 12:09:29 AM | TRAINING: Epoch: 8, Batch: 190/316, Loss: 0.480, perc_uncertainty: 0.403, nOnes_target: 16391, nOnes_pred: 16193, TPR[ CAGE: 0.758 ], TNR[ CAGE: 0.796 ], roc[ CAGE: 0.858 ], accuracy[ CAGE: 0.777 ]
01/20 12:09:36 AM | TRAINING: Epoch: 8, Batch: 200/316, Loss: 0.452, perc_uncertainty: 0.341, nOnes_target: 16959, nOnes_pred: 15627, TPR[ CAGE: 0.756 ], TNR[ CAGE: 0.843 ], roc[ CAGE: 0.883 ], accuracy[ CAGE: 0.801 ]
01/20 12:09:42 AM | TRAINING: Epoch: 8, Batch: 210/316, Loss: 0.471, perc_uncertainty: 0.372, nOnes_target: 15728, nOnes_pred: 15513, TPR[ CAGE: 0.758 ], TNR[ CAGE: 0.811 ], roc[ CAGE: 0.864 ], accuracy[ CAGE: 0.787 ]
01/20 12:09:49 AM | TRAINING: Epoch: 8, Batch: 220/316, Loss: 0.438, perc_uncertainty: 0.317, nOnes_target: 17560, nOnes_pred: 15777, TPR[ CAGE: 0.764 ], TNR[ CAGE: 0.864 ], roc[ CAGE: 0.891 ], accuracy[ CAGE: 0.816 ]
01/20 12:09:55 AM | TRAINING: Epoch: 8, Batch: 230/316, Loss: 0.459, perc_uncertainty: 0.376, nOnes_target: 14809, nOnes_pred: 14652, TPR[ CAGE: 0.754 ], TNR[ CAGE: 0.825 ], roc[ CAGE: 0.873 ], accuracy[ CAGE: 0.797 ]
01/20 12:10:02 AM | TRAINING: Epoch: 8, Batch: 240/316, Loss: 0.471, perc_uncertainty: 0.352, nOnes_target: 16962, nOnes_pred: 15796, TPR[ CAGE: 0.748 ], TNR[ CAGE: 0.826 ], roc[ CAGE: 0.866 ], accuracy[ CAGE: 0.785 ]
01/20 12:10:09 AM | TRAINING: Epoch: 8, Batch: 250/316, Loss: 0.480, perc_uncertainty: 0.358, nOnes_target: 16369, nOnes_pred: 15649, TPR[ CAGE: 0.732 ], TNR[ CAGE: 0.801 ], roc[ CAGE: 0.859 ], accuracy[ CAGE: 0.770 ]
01/20 12:10:15 AM | TRAINING: Epoch: 8, Batch: 260/316, Loss: 0.469, perc_uncertainty: 0.383, nOnes_target: 18162, nOnes_pred: 15605, TPR[ CAGE: 0.721 ], TNR[ CAGE: 0.849 ], roc[ CAGE: 0.865 ], accuracy[ CAGE: 0.781 ]
01/20 12:10:22 AM | TRAINING: Epoch: 8, Batch: 270/316, Loss: 0.482, perc_uncertainty: 0.413, nOnes_target: 15987, nOnes_pred: 16187, TPR[ CAGE: 0.764 ], TNR[ CAGE: 0.789 ], roc[ CAGE: 0.857 ], accuracy[ CAGE: 0.777 ]
01/20 12:10:28 AM | TRAINING: Epoch: 8, Batch: 280/316, Loss: 0.468, perc_uncertainty: 0.404, nOnes_target: 15971, nOnes_pred: 14805, TPR[ CAGE: 0.739 ], TNR[ CAGE: 0.841 ], roc[ CAGE: 0.870 ], accuracy[ CAGE: 0.799 ]
01/20 12:10:35 AM | TRAINING: Epoch: 8, Batch: 290/316, Loss: 0.451, perc_uncertainty: 0.365, nOnes_target: 16828, nOnes_pred: 15310, TPR[ CAGE: 0.754 ], TNR[ CAGE: 0.854 ], roc[ CAGE: 0.881 ], accuracy[ CAGE: 0.805 ]
01/20 12:10:41 AM | TRAINING: Epoch: 8, Batch: 300/316, Loss: 0.456, perc_uncertainty: 0.358, nOnes_target: 16343, nOnes_pred: 15757, TPR[ CAGE: 0.763 ], TNR[ CAGE: 0.822 ], roc[ CAGE: 0.881 ], accuracy[ CAGE: 0.797 ]
01/20 12:10:49 AM | TRAINING: Epoch: 8, Batch: 310/316, Loss: 0.463, perc_uncertainty: 0.352, nOnes_target: 16257, nOnes_pred: 15590, TPR[ CAGE: 0.751 ], TNR[ CAGE: 0.818 ], roc[ CAGE: 0.874 ], accuracy[ CAGE: 0.785 ]
01/20 12:10:52 AM | TRAINING: Epoch: 8, Batch: 316/316, Loss: 0.615, perc_uncertainty: 0.348, nOnes_target: 230, nOnes_pred: 239, TPR[ CAGE: 0.735 ], TNR[ CAGE: 0.607 ], roc[ CAGE: 1.000 ], accuracy[ CAGE: 0.667 ]
01/20 12:10:53 AM | VALIDATION: Epoch: 8, Batch: 0/20, Loss: 0.648, perc_uncertainty: 0.262, nOnes_target: 19131, nOnes_pred: 18946, TPR[ CAGE: 0.718 ], TNR[ CAGE: 0.668 ], roc[ CAGE: 0.744 ], accuracy[ CAGE: 0.699 ]
01/20 12:10:58 AM | VALIDATION: Epoch: 8, Batch: 10/20, Loss: 0.688, perc_uncertainty: 0.287, nOnes_target: 18906, nOnes_pred: 13853, TPR[ CAGE: 0.535 ], TNR[ CAGE: 0.766 ], roc[ CAGE: 0.714 ], accuracy[ CAGE: 0.652 ]
01/20 12:11:01 AM | VALIDATION: Epoch: 8, Batch: 20/20, Loss: 0.511, perc_uncertainty: 0.190, nOnes_target: 7420, nOnes_pred: 7504, TPR[ CAGE: 0.861 ], TNR[ CAGE: 0.531 ], roc[ CAGE: 0.777 ], accuracy[ CAGE: 0.785 ]
01/20 12:11:03 AM | TRAINING: Epoch: 9, Batch: 0/316, Loss: 0.466, perc_uncertainty: 0.384, nOnes_target: 16669, nOnes_pred: 15196, TPR[ CAGE: 0.741 ], TNR[ CAGE: 0.843 ], roc[ CAGE: 0.873 ], accuracy[ CAGE: 0.797 ]
01/20 12:11:10 AM | TRAINING: Epoch: 9, Batch: 10/316, Loss: 0.471, perc_uncertainty: 0.358, nOnes_target: 16669, nOnes_pred: 15825, TPR[ CAGE: 0.749 ], TNR[ CAGE: 0.816 ], roc[ CAGE: 0.867 ], accuracy[ CAGE: 0.785 ]
01/20 12:11:18 AM | TRAINING: Epoch: 9, Batch: 20/316, Loss: 0.454, perc_uncertainty: 0.375, nOnes_target: 16542, nOnes_pred: 15521, TPR[ CAGE: 0.756 ], TNR[ CAGE: 0.835 ], roc[ CAGE: 0.881 ], accuracy[ CAGE: 0.797 ]
01/20 12:11:24 AM | TRAINING: Epoch: 9, Batch: 30/316, Loss: 0.468, perc_uncertainty: 0.386, nOnes_target: 16164, nOnes_pred: 15448, TPR[ CAGE: 0.738 ], TNR[ CAGE: 0.811 ], roc[ CAGE: 0.859 ], accuracy[ CAGE: 0.777 ]
01/20 12:11:31 AM | TRAINING: Epoch: 9, Batch: 40/316, Loss: 0.461, perc_uncertainty: 0.389, nOnes_target: 16455, nOnes_pred: 15503, TPR[ CAGE: 0.753 ], TNR[ CAGE: 0.830 ], roc[ CAGE: 0.875 ], accuracy[ CAGE: 0.797 ]
01/20 12:11:38 AM | TRAINING: Epoch: 9, Batch: 50/316, Loss: 0.452, perc_uncertainty: 0.399, nOnes_target: 16433, nOnes_pred: 15519, TPR[ CAGE: 0.757 ], TNR[ CAGE: 0.833 ], roc[ CAGE: 0.883 ], accuracy[ CAGE: 0.799 ]
01/20 12:11:45 AM | TRAINING: Epoch: 9, Batch: 60/316, Loss: 0.441, perc_uncertainty: 0.352, nOnes_target: 16686, nOnes_pred: 15192, TPR[ CAGE: 0.759 ], TNR[ CAGE: 0.861 ], roc[ CAGE: 0.890 ], accuracy[ CAGE: 0.812 ]
01/20 12:11:51 AM | TRAINING: Epoch: 9, Batch: 70/316, Loss: 0.469, perc_uncertainty: 0.382, nOnes_target: 16436, nOnes_pred: 16067, TPR[ CAGE: 0.758 ], TNR[ CAGE: 0.803 ], roc[ CAGE: 0.872 ], accuracy[ CAGE: 0.781 ]
01/20 12:11:59 AM | TRAINING: Epoch: 9, Batch: 80/316, Loss: 0.470, perc_uncertainty: 0.398, nOnes_target: 16683, nOnes_pred: 15684, TPR[ CAGE: 0.745 ], TNR[ CAGE: 0.820 ], roc[ CAGE: 0.868 ], accuracy[ CAGE: 0.785 ]
01/20 12:12:06 AM | TRAINING: Epoch: 9, Batch: 90/316, Loss: 0.466, perc_uncertainty: 0.412, nOnes_target: 16199, nOnes_pred: 15889, TPR[ CAGE: 0.768 ], TNR[ CAGE: 0.814 ], roc[ CAGE: 0.874 ], accuracy[ CAGE: 0.793 ]
01/20 12:12:12 AM | TRAINING: Epoch: 9, Batch: 100/316, Loss: 0.469, perc_uncertainty: 0.334, nOnes_target: 17657, nOnes_pred: 15727, TPR[ CAGE: 0.735 ], TNR[ CAGE: 0.839 ], roc[ CAGE: 0.871 ], accuracy[ CAGE: 0.785 ]
01/20 12:12:20 AM | TRAINING: Epoch: 9, Batch: 110/316, Loss: 0.486, perc_uncertainty: 0.391, nOnes_target: 16303, nOnes_pred: 16236, TPR[ CAGE: 0.748 ], TNR[ CAGE: 0.782 ], roc[ CAGE: 0.852 ], accuracy[ CAGE: 0.770 ]
01/20 12:12:26 AM | TRAINING: Epoch: 9, Batch: 120/316, Loss: 0.466, perc_uncertainty: 0.356, nOnes_target: 15557, nOnes_pred: 15399, TPR[ CAGE: 0.755 ], TNR[ CAGE: 0.811 ], roc[ CAGE: 0.867 ], accuracy[ CAGE: 0.785 ]
01/20 12:12:33 AM | TRAINING: Epoch: 9, Batch: 130/316, Loss: 0.460, perc_uncertainty: 0.338, nOnes_target: 17006, nOnes_pred: 15992, TPR[ CAGE: 0.764 ], TNR[ CAGE: 0.832 ], roc[ CAGE: 0.873 ], accuracy[ CAGE: 0.797 ]
01/20 12:12:40 AM | TRAINING: Epoch: 9, Batch: 140/316, Loss: 0.467, perc_uncertainty: 0.347, nOnes_target: 15720, nOnes_pred: 15550, TPR[ CAGE: 0.768 ], TNR[ CAGE: 0.818 ], roc[ CAGE: 0.869 ], accuracy[ CAGE: 0.795 ]
01/20 12:12:46 AM | TRAINING: Epoch: 9, Batch: 150/316, Loss: 0.454, perc_uncertainty: 0.361, nOnes_target: 16995, nOnes_pred: 15923, TPR[ CAGE: 0.769 ], TNR[ CAGE: 0.840 ], roc[ CAGE: 0.884 ], accuracy[ CAGE: 0.805 ]
01/20 12:12:53 AM | TRAINING: Epoch: 9, Batch: 160/316, Loss: 0.452, perc_uncertainty: 0.337, nOnes_target: 16753, nOnes_pred: 15771, TPR[ CAGE: 0.762 ], TNR[ CAGE: 0.833 ], roc[ CAGE: 0.880 ], accuracy[ CAGE: 0.797 ]
01/20 12:12:59 AM | TRAINING: Epoch: 9, Batch: 170/316, Loss: 0.487, perc_uncertainty: 0.421, nOnes_target: 14272, nOnes_pred: 14779, TPR[ CAGE: 0.737 ], TNR[ CAGE: 0.793 ], roc[ CAGE: 0.849 ], accuracy[ CAGE: 0.770 ]
01/20 12:13:06 AM | TRAINING: Epoch: 9, Batch: 180/316, Loss: 0.459, perc_uncertainty: 0.397, nOnes_target: 16404, nOnes_pred: 16069, TPR[ CAGE: 0.763 ], TNR[ CAGE: 0.807 ], roc[ CAGE: 0.873 ], accuracy[ CAGE: 0.783 ]
01/20 12:13:12 AM | TRAINING: Epoch: 9, Batch: 190/316, Loss: 0.461, perc_uncertainty: 0.353, nOnes_target: 16701, nOnes_pred: 16046, TPR[ CAGE: 0.765 ], TNR[ CAGE: 0.819 ], roc[ CAGE: 0.876 ], accuracy[ CAGE: 0.797 ]
01/20 12:13:20 AM | TRAINING: Epoch: 9, Batch: 200/316, Loss: 0.473, perc_uncertainty: 0.328, nOnes_target: 15687, nOnes_pred: 15022, TPR[ CAGE: 0.734 ], TNR[ CAGE: 0.817 ], roc[ CAGE: 0.863 ], accuracy[ CAGE: 0.781 ]
01/20 12:13:26 AM | TRAINING: Epoch: 9, Batch: 210/316, Loss: 0.476, perc_uncertainty: 0.379, nOnes_target: 16702, nOnes_pred: 15324, TPR[ CAGE: 0.723 ], TNR[ CAGE: 0.821 ], roc[ CAGE: 0.864 ], accuracy[ CAGE: 0.773 ]
01/20 12:13:33 AM | TRAINING: Epoch: 9, Batch: 220/316, Loss: 0.471, perc_uncertainty: 0.358, nOnes_target: 16974, nOnes_pred: 15753, TPR[ CAGE: 0.750 ], TNR[ CAGE: 0.831 ], roc[ CAGE: 0.862 ], accuracy[ CAGE: 0.793 ]
01/20 12:13:39 AM | TRAINING: Epoch: 9, Batch: 230/316, Loss: 0.450, perc_uncertainty: 0.329, nOnes_target: 15973, nOnes_pred: 15694, TPR[ CAGE: 0.779 ], TNR[ CAGE: 0.828 ], roc[ CAGE: 0.884 ], accuracy[ CAGE: 0.809 ]
01/20 12:13:46 AM | TRAINING: Epoch: 9, Batch: 240/316, Loss: 0.460, perc_uncertainty: 0.373, nOnes_target: 16640, nOnes_pred: 15953, TPR[ CAGE: 0.758 ], TNR[ CAGE: 0.817 ], roc[ CAGE: 0.871 ], accuracy[ CAGE: 0.789 ]
01/20 12:13:54 AM | TRAINING: Epoch: 9, Batch: 250/316, Loss: 0.460, perc_uncertainty: 0.359, nOnes_target: 16731, nOnes_pred: 15967, TPR[ CAGE: 0.766 ], TNR[ CAGE: 0.826 ], roc[ CAGE: 0.877 ], accuracy[ CAGE: 0.801 ]
01/20 12:14:00 AM | TRAINING: Epoch: 9, Batch: 260/316, Loss: 0.497, perc_uncertainty: 0.399, nOnes_target: 16363, nOnes_pred: 15513, TPR[ CAGE: 0.728 ], TNR[ CAGE: 0.805 ], roc[ CAGE: 0.844 ], accuracy[ CAGE: 0.766 ]
01/20 12:14:07 AM | TRAINING: Epoch: 9, Batch: 270/316, Loss: 0.440, perc_uncertainty: 0.338, nOnes_target: 16087, nOnes_pred: 15365, TPR[ CAGE: 0.778 ], TNR[ CAGE: 0.847 ], roc[ CAGE: 0.890 ], accuracy[ CAGE: 0.820 ]
01/20 12:14:13 AM | TRAINING: Epoch: 9, Batch: 280/316, Loss: 0.477, perc_uncertainty: 0.355, nOnes_target: 17617, nOnes_pred: 15820, TPR[ CAGE: 0.725 ], TNR[ CAGE: 0.823 ], roc[ CAGE: 0.861 ], accuracy[ CAGE: 0.777 ]
01/20 12:14:20 AM | TRAINING: Epoch: 9, Batch: 290/316, Loss: 0.487, perc_uncertainty: 0.380, nOnes_target: 17174, nOnes_pred: 15841, TPR[ CAGE: 0.726 ], TNR[ CAGE: 0.809 ], roc[ CAGE: 0.850 ], accuracy[ CAGE: 0.766 ]
01/20 12:14:27 AM | TRAINING: Epoch: 9, Batch: 300/316, Loss: 0.462, perc_uncertainty: 0.378, nOnes_target: 16477, nOnes_pred: 15661, TPR[ CAGE: 0.760 ], TNR[ CAGE: 0.829 ], roc[ CAGE: 0.873 ], accuracy[ CAGE: 0.797 ]
01/20 12:14:33 AM | TRAINING: Epoch: 9, Batch: 310/316, Loss: 0.456, perc_uncertainty: 0.387, nOnes_target: 16495, nOnes_pred: 15785, TPR[ CAGE: 0.764 ], TNR[ CAGE: 0.826 ], roc[ CAGE: 0.874 ], accuracy[ CAGE: 0.793 ]
01/20 12:14:36 AM | TRAINING: Epoch: 9, Batch: 316/316, Loss: 0.537, perc_uncertainty: 0.154, nOnes_target: 113, nOnes_pred: 136, TPR[ CAGE: 0.779 ], TNR[ CAGE: 0.837 ], roc[ CAGE: 1.000 ], accuracy[ CAGE: 1.000 ]
01/20 12:14:37 AM | VALIDATION: Epoch: 9, Batch: 0/20, Loss: 0.634, perc_uncertainty: 0.313, nOnes_target: 19131, nOnes_pred: 21958, TPR[ CAGE: 0.785 ], TNR[ CAGE: 0.558 ], roc[ CAGE: 0.741 ], accuracy[ CAGE: 0.688 ]
01/20 12:14:42 AM | VALIDATION: Epoch: 9, Batch: 10/20, Loss: 0.649, perc_uncertainty: 0.382, nOnes_target: 18906, nOnes_pred: 16403, TPR[ CAGE: 0.613 ], TNR[ CAGE: 0.697 ], roc[ CAGE: 0.708 ], accuracy[ CAGE: 0.648 ]
01/20 12:14:46 AM | VALIDATION: Epoch: 9, Batch: 20/20, Loss: 0.484, perc_uncertainty: 0.185, nOnes_target: 7420, nOnes_pred: 7965, TPR[ CAGE: 0.903 ], TNR[ CAGE: 0.468 ], roc[ CAGE: 0.775 ], accuracy[ CAGE: 0.806 ]
01/20 12:14:47 AM | TRAINING: Epoch: 10, Batch: 0/316, Loss: 0.442, perc_uncertainty: 0.312, nOnes_target: 15838, nOnes_pred: 15815, TPR[ CAGE: 0.790 ], TNR[ CAGE: 0.826 ], roc[ CAGE: 0.892 ], accuracy[ CAGE: 0.816 ]
01/20 12:14:54 AM | TRAINING: Epoch: 10, Batch: 10/316, Loss: 0.448, perc_uncertainty: 0.338, nOnes_target: 16655, nOnes_pred: 15909, TPR[ CAGE: 0.775 ], TNR[ CAGE: 0.835 ], roc[ CAGE: 0.882 ], accuracy[ CAGE: 0.807 ]
01/20 12:14:59 AM | TRAINING: Epoch: 10, Batch: 20/316, Loss: 0.477, perc_uncertainty: 0.389, nOnes_target: 15787, nOnes_pred: 15653, TPR[ CAGE: 0.749 ], TNR[ CAGE: 0.799 ], roc[ CAGE: 0.861 ], accuracy[ CAGE: 0.773 ]
01/20 12:15:06 AM | TRAINING: Epoch: 10, Batch: 30/316, Loss: 0.452, perc_uncertainty: 0.345, nOnes_target: 16993, nOnes_pred: 15994, TPR[ CAGE: 0.769 ], TNR[ CAGE: 0.835 ], roc[ CAGE: 0.883 ], accuracy[ CAGE: 0.803 ]
01/20 12:15:13 AM | TRAINING: Epoch: 10, Batch: 40/316, Loss: 0.457, perc_uncertainty: 0.406, nOnes_target: 16060, nOnes_pred: 15369, TPR[ CAGE: 0.753 ], TNR[ CAGE: 0.825 ], roc[ CAGE: 0.874 ], accuracy[ CAGE: 0.789 ]
01/20 12:15:20 AM | TRAINING: Epoch: 10, Batch: 50/316, Loss: 0.483, perc_uncertainty: 0.414, nOnes_target: 16655, nOnes_pred: 15770, TPR[ CAGE: 0.730 ], TNR[ CAGE: 0.801 ], roc[ CAGE: 0.852 ], accuracy[ CAGE: 0.766 ]
01/20 12:15:26 AM | TRAINING: Epoch: 10, Batch: 60/316, Loss: 0.478, perc_uncertainty: 0.375, nOnes_target: 16058, nOnes_pred: 15414, TPR[ CAGE: 0.751 ], TNR[ CAGE: 0.821 ], roc[ CAGE: 0.859 ], accuracy[ CAGE: 0.789 ]
01/20 12:15:34 AM | TRAINING: Epoch: 10, Batch: 70/316, Loss: 0.462, perc_uncertainty: 0.346, nOnes_target: 15695, nOnes_pred: 15047, TPR[ CAGE: 0.755 ], TNR[ CAGE: 0.833 ], roc[ CAGE: 0.873 ], accuracy[ CAGE: 0.799 ]
01/20 12:15:41 AM | TRAINING: Epoch: 10, Batch: 80/316, Loss: 0.446, perc_uncertainty: 0.345, nOnes_target: 16977, nOnes_pred: 15513, TPR[ CAGE: 0.760 ], TNR[ CAGE: 0.854 ], roc[ CAGE: 0.887 ], accuracy[ CAGE: 0.809 ]
01/20 12:15:47 AM | TRAINING: Epoch: 10, Batch: 90/316, Loss: 0.468, perc_uncertainty: 0.353, nOnes_target: 17185, nOnes_pred: 15519, TPR[ CAGE: 0.736 ], TNR[ CAGE: 0.837 ], roc[ CAGE: 0.870 ], accuracy[ CAGE: 0.785 ]
01/20 12:15:54 AM | TRAINING: Epoch: 10, Batch: 100/316, Loss: 0.457, perc_uncertainty: 0.358, nOnes_target: 16898, nOnes_pred: 15756, TPR[ CAGE: 0.756 ], TNR[ CAGE: 0.834 ], roc[ CAGE: 0.879 ], accuracy[ CAGE: 0.797 ]
01/20 12:16:01 AM | TRAINING: Epoch: 10, Batch: 110/316, Loss: 0.470, perc_uncertainty: 0.395, nOnes_target: 16895, nOnes_pred: 15970, TPR[ CAGE: 0.748 ], TNR[ CAGE: 0.814 ], roc[ CAGE: 0.869 ], accuracy[ CAGE: 0.781 ]
01/20 12:16:07 AM | TRAINING: Epoch: 10, Batch: 120/316, Loss: 0.463, perc_uncertainty: 0.363, nOnes_target: 16669, nOnes_pred: 16160, TPR[ CAGE: 0.764 ], TNR[ CAGE: 0.811 ], roc[ CAGE: 0.876 ], accuracy[ CAGE: 0.789 ]
01/20 12:16:14 AM | TRAINING: Epoch: 10, Batch: 130/316, Loss: 0.473, perc_uncertainty: 0.374, nOnes_target: 15415, nOnes_pred: 16307, TPR[ CAGE: 0.784 ], TNR[ CAGE: 0.782 ], roc[ CAGE: 0.869 ], accuracy[ CAGE: 0.787 ]
01/20 12:16:20 AM | TRAINING: Epoch: 10, Batch: 140/316, Loss: 0.472, perc_uncertainty: 0.361, nOnes_target: 16122, nOnes_pred: 15770, TPR[ CAGE: 0.753 ], TNR[ CAGE: 0.806 ], roc[ CAGE: 0.869 ], accuracy[ CAGE: 0.785 ]
01/20 12:16:27 AM | TRAINING: Epoch: 10, Batch: 150/316, Loss: 0.450, perc_uncertainty: 0.365, nOnes_target: 17538, nOnes_pred: 15581, TPR[ CAGE: 0.733 ], TNR[ CAGE: 0.842 ], roc[ CAGE: 0.889 ], accuracy[ CAGE: 0.789 ]
01/20 12:16:33 AM | TRAINING: Epoch: 10, Batch: 160/316, Loss: 0.473, perc_uncertainty: 0.359, nOnes_target: 17094, nOnes_pred: 15917, TPR[ CAGE: 0.733 ], TNR[ CAGE: 0.809 ], roc[ CAGE: 0.866 ], accuracy[ CAGE: 0.773 ]
01/20 12:16:39 AM | TRAINING: Epoch: 10, Batch: 170/316, Loss: 0.448, perc_uncertainty: 0.370, nOnes_target: 15826, nOnes_pred: 15122, TPR[ CAGE: 0.769 ], TNR[ CAGE: 0.844 ], roc[ CAGE: 0.886 ], accuracy[ CAGE: 0.811 ]
01/20 12:16:45 AM | TRAINING: Epoch: 10, Batch: 180/316, Loss: 0.475, perc_uncertainty: 0.385, nOnes_target: 17609, nOnes_pred: 16145, TPR[ CAGE: 0.748 ], TNR[ CAGE: 0.828 ], roc[ CAGE: 0.867 ], accuracy[ CAGE: 0.785 ]
01/20 12:16:51 AM | TRAINING: Epoch: 10, Batch: 190/316, Loss: 0.464, perc_uncertainty: 0.393, nOnes_target: 16001, nOnes_pred: 15233, TPR[ CAGE: 0.746 ], TNR[ CAGE: 0.825 ], roc[ CAGE: 0.871 ], accuracy[ CAGE: 0.791 ]
01/20 12:16:57 AM | TRAINING: Epoch: 10, Batch: 200/316, Loss: 0.453, perc_uncertainty: 0.366, nOnes_target: 16879, nOnes_pred: 16402, TPR[ CAGE: 0.778 ], TNR[ CAGE: 0.817 ], roc[ CAGE: 0.882 ], accuracy[ CAGE: 0.801 ]
01/20 12:17:03 AM | TRAINING: Epoch: 10, Batch: 210/316, Loss: 0.472, perc_uncertainty: 0.343, nOnes_target: 17316, nOnes_pred: 15610, TPR[ CAGE: 0.729 ], TNR[ CAGE: 0.830 ], roc[ CAGE: 0.869 ], accuracy[ CAGE: 0.781 ]
01/20 12:17:09 AM | TRAINING: Epoch: 10, Batch: 220/316, Loss: 0.457, perc_uncertainty: 0.343, nOnes_target: 16219, nOnes_pred: 15725, TPR[ CAGE: 0.769 ], TNR[ CAGE: 0.825 ], roc[ CAGE: 0.877 ], accuracy[ CAGE: 0.801 ]
01/20 12:17:15 AM | TRAINING: Epoch: 10, Batch: 230/316, Loss: 0.457, perc_uncertainty: 0.348, nOnes_target: 16037, nOnes_pred: 15837, TPR[ CAGE: 0.768 ], TNR[ CAGE: 0.813 ], roc[ CAGE: 0.879 ], accuracy[ CAGE: 0.793 ]
01/20 12:17:21 AM | TRAINING: Epoch: 10, Batch: 240/316, Loss: 0.457, perc_uncertainty: 0.368, nOnes_target: 17208, nOnes_pred: 15730, TPR[ CAGE: 0.750 ], TNR[ CAGE: 0.839 ], roc[ CAGE: 0.877 ], accuracy[ CAGE: 0.797 ]
01/20 12:17:27 AM | TRAINING: Epoch: 10, Batch: 250/316, Loss: 0.476, perc_uncertainty: 0.384, nOnes_target: 14833, nOnes_pred: 15345, TPR[ CAGE: 0.761 ], TNR[ CAGE: 0.797 ], roc[ CAGE: 0.856 ], accuracy[ CAGE: 0.779 ]
01/20 12:17:33 AM | TRAINING: Epoch: 10, Batch: 260/316, Loss: 0.456, perc_uncertainty: 0.353, nOnes_target: 14803, nOnes_pred: 14619, TPR[ CAGE: 0.764 ], TNR[ CAGE: 0.835 ], roc[ CAGE: 0.880 ], accuracy[ CAGE: 0.809 ]
01/20 12:17:39 AM | TRAINING: Epoch: 10, Batch: 270/316, Loss: 0.476, perc_uncertainty: 0.369, nOnes_target: 15772, nOnes_pred: 15210, TPR[ CAGE: 0.742 ], TNR[ CAGE: 0.816 ], roc[ CAGE: 0.862 ], accuracy[ CAGE: 0.785 ]
01/20 12:17:45 AM | TRAINING: Epoch: 10, Batch: 280/316, Loss: 0.501, perc_uncertainty: 0.386, nOnes_target: 16150, nOnes_pred: 14989, TPR[ CAGE: 0.701 ], TNR[ CAGE: 0.803 ], roc[ CAGE: 0.834 ], accuracy[ CAGE: 0.758 ]
01/20 12:17:51 AM | TRAINING: Epoch: 10, Batch: 290/316, Loss: 0.464, perc_uncertainty: 0.359, nOnes_target: 17888, nOnes_pred: 16064, TPR[ CAGE: 0.743 ], TNR[ CAGE: 0.836 ], roc[ CAGE: 0.875 ], accuracy[ CAGE: 0.789 ]
01/20 12:17:56 AM | TRAINING: Epoch: 10, Batch: 300/316, Loss: 0.449, perc_uncertainty: 0.364, nOnes_target: 16395, nOnes_pred: 15744, TPR[ CAGE: 0.773 ], TNR[ CAGE: 0.833 ], roc[ CAGE: 0.880 ], accuracy[ CAGE: 0.805 ]
01/20 12:18:00 AM | TRAINING: Epoch: 10, Batch: 310/316, Loss: 0.468, perc_uncertainty: 0.391, nOnes_target: 16325, nOnes_pred: 15802, TPR[ CAGE: 0.752 ], TNR[ CAGE: 0.809 ], roc[ CAGE: 0.866 ], accuracy[ CAGE: 0.781 ]
01/20 12:18:02 AM | TRAINING: Epoch: 10, Batch: 316/316, Loss: 0.396, perc_uncertainty: 0.333, nOnes_target: 265, nOnes_pred: 268, TPR[ CAGE: 0.921 ], TNR[ CAGE: 0.832 ], roc[ CAGE: 1.000 ], accuracy[ CAGE: 1.000 ]
01/20 12:18:03 AM | VALIDATION: Epoch: 10, Batch: 0/20, Loss: 0.632, perc_uncertainty: 0.296, nOnes_target: 19131, nOnes_pred: 20642, TPR[ CAGE: 0.755 ], TNR[ CAGE: 0.605 ], roc[ CAGE: 0.744 ], accuracy[ CAGE: 0.688 ]
01/20 12:18:06 AM | VALIDATION: Epoch: 10, Batch: 10/20, Loss: 0.660, perc_uncertainty: 0.357, nOnes_target: 18906, nOnes_pred: 15133, TPR[ CAGE: 0.575 ], TNR[ CAGE: 0.733 ], roc[ CAGE: 0.710 ], accuracy[ CAGE: 0.646 ]
01/20 12:18:08 AM | VALIDATION: Epoch: 10, Batch: 20/20, Loss: 0.494, perc_uncertainty: 0.196, nOnes_target: 7420, nOnes_pred: 7769, TPR[ CAGE: 0.885 ], TNR[ CAGE: 0.494 ], roc[ CAGE: 0.774 ], accuracy[ CAGE: 0.806 ]
